This file contains any messages produced by compilers while
running configure, to aid debugging if configure makes a mistake.

It was created by tk configure 8.5, which was
generated by GNU Autoconf 2.68.  Invocation command line was

  $ ./configure --enable-gcc --disable-shared --disable-xft --disable-xss --prefix=/home/lapmore/Programs/ns-allinone-2.35

## --------- ##
## Platform. ##
## --------- ##

hostname = ThinkPad
uname -m = x86_64
uname -r = 3.5.0-26-generic
uname -s = Linux
uname -v = #42~precise1-Ubuntu SMP Mon Mar 11 22:17:58 UTC 2013

/usr/bin/uname -p = unknown
/bin/uname -X     = unknown

/bin/arch              = unknown
/usr/bin/arch -k       = unknown
/usr/convex/getsysinfo = unknown
/usr/bin/hostinfo      = unknown
/bin/machine           = unknown
/usr/bin/oslevel       = unknown
/bin/universe          = unknown

PATH: /home/lapmore/Programs/ns-allinone-2.35/bin
PATH: /usr/local/jdk1.7.0_17/bin
PATH: /home/lapmore/Programs/android/android-sdk-linux/tools
PATH: /home/lapmore/Programs/ns-allinone-2.35/bin
PATH: /home/lapmore/Programs/android/android-sdk-linux/platform-tools
PATH: /usr/lib/lightdm/lightdm
PATH: /usr/local/sbin
PATH: /usr/local/bin
PATH: /usr/sbin
PATH: /usr/bin
PATH: /sbin
PATH: /bin
PATH: /usr/games


## ----------- ##
## Core tests. ##
## ----------- ##

configure:2288: checking for Tcl configuration
configure:2388: result: found /home/lapmore/Programs/ns-allinone-2.35/tcl8.5.10/unix/tclConfig.sh
configure:2394: checking for existence of /home/lapmore/Programs/ns-allinone-2.35/tcl8.5.10/unix/tclConfig.sh
configure:2398: result: loading
configure:2464: checking for tclsh
configure:2488: result: /home/lapmore/Programs/ns-allinone-2.35/bin/tclsh8.5
configure:2499: checking for tclsh in Tcl build directory
configure:2502: result: /home/lapmore/Programs/ns-allinone-2.35/tcl8.5.10/unix/tclsh
configure:2532: checking whether to use symlinks for manpages
configure:2541: result: no
configure:2544: checking whether to compress the manpages
configure:2557: result: no
configure:2571: checking whether to add a package name suffix for the manpages
configure:2584: result: no
configure:2648: checking for gcc
configure:2664: found /usr/bin/gcc
configure:2675: result: gcc
configure:2904: checking for C compiler version
configure:2913: gcc --version >&5
gcc (Ubuntu/Linaro 4.6.3-1ubuntu5) 4.6.3
Copyright (C) 2011 Free Software Foundation, Inc.
This is free software; see the source for copying conditions.  There is NO
warranty; not even for MERCHANTABILITY or FITNESS FOR A PARTICULAR PURPOSE.

configure:2924: $? = 0
configure:2913: gcc -v >&5
Using built-in specs.
COLLECT_GCC=gcc
COLLECT_LTO_WRAPPER=/usr/lib/gcc/x86_64-linux-gnu/4.6/lto-wrapper
Target: x86_64-linux-gnu
Configured with: ../src/configure -v --with-pkgversion='Ubuntu/Linaro 4.6.3-1ubuntu5' --with-bugurl=file:///usr/share/doc/gcc-4.6/README.Bugs --enable-languages=c,c++,fortran,objc,obj-c++ --prefix=/usr --program-suffix=-4.6 --enable-shared --enable-linker-build-id --with-system-zlib --libexecdir=/usr/lib --without-included-gettext --enable-threads=posix --with-gxx-include-dir=/usr/include/c++/4.6 --libdir=/usr/lib --enable-nls --with-sysroot=/ --enable-clocale=gnu --enable-libstdcxx-debug --enable-libstdcxx-time=yes --enable-gnu-unique-object --enable-plugin --enable-objc-gc --disable-werror --with-arch-32=i686 --with-tune=generic --enable-checking=release --build=x86_64-linux-gnu --host=x86_64-linux-gnu --target=x86_64-linux-gnu
Thread model: posix
gcc version 4.6.3 (Ubuntu/Linaro 4.6.3-1ubuntu5) 
configure:2924: $? = 0
configure:2913: gcc -V >&5
gcc: error: unrecognized option '-V'
gcc: fatal error: no input files
compilation terminated.
configure:2924: $? = 4
configure:2913: gcc -qversion >&5
gcc: error: unrecognized option '-qversion'
gcc: fatal error: no input files
compilation terminated.
configure:2924: $? = 4
configure:2944: checking whether the C compiler works
configure:2966: gcc    conftest.c  >&5
configure:2970: $? = 0
configure:3018: result: yes
configure:3021: checking for C compiler default output file name
configure:3023: result: a.out
configure:3029: checking for suffix of executables
configure:3036: gcc -o conftest    conftest.c  >&5
configure:3040: $? = 0
configure:3062: result: 
configure:3084: checking whether we are cross compiling
configure:3092: gcc -o conftest    conftest.c  >&5
configure:3096: $? = 0
configure:3103: ./conftest
configure:3107: $? = 0
configure:3122: result: no
configure:3127: checking for suffix of object files
configure:3149: gcc -c   conftest.c >&5
configure:3153: $? = 0
configure:3174: result: o
configure:3178: checking whether we are using the GNU C compiler
configure:3197: gcc -c   conftest.c >&5
configure:3197: $? = 0
configure:3206: result: yes
configure:3215: checking whether gcc accepts -g
configure:3235: gcc -c -g  conftest.c >&5
configure:3235: $? = 0
configure:3276: result: yes
configure:3293: checking for gcc option to accept ISO C89
configure:3357: gcc  -c   conftest.c >&5
configure:3357: $? = 0
configure:3370: result: none needed
configure:3399: checking how to run the C preprocessor
configure:3430: gcc -E  conftest.c
configure:3430: $? = 0
configure:3444: gcc -E  conftest.c
conftest.c:9:28: fatal error: ac_nonexistent.h: No such file or directory
compilation terminated.
configure:3444: $? = 1
configure: failed program was:
| /* confdefs.h */
| #define PACKAGE_NAME "tk"
| #define PACKAGE_TARNAME "tk"
| #define PACKAGE_VERSION "8.5"
| #define PACKAGE_STRING "tk 8.5"
| #define PACKAGE_BUGREPORT ""
| #define PACKAGE_URL ""
| /* end confdefs.h.  */
| #include <ac_nonexistent.h>
configure:3469: result: gcc -E
configure:3489: gcc -E  conftest.c
configure:3489: $? = 0
configure:3503: gcc -E  conftest.c
conftest.c:9:28: fatal error: ac_nonexistent.h: No such file or directory
compilation terminated.
configure:3503: $? = 1
configure: failed program was:
| /* confdefs.h */
| #define PACKAGE_NAME "tk"
| #define PACKAGE_TARNAME "tk"
| #define PACKAGE_VERSION "8.5"
| #define PACKAGE_STRING "tk 8.5"
| #define PACKAGE_BUGREPORT ""
| #define PACKAGE_URL ""
| /* end confdefs.h.  */
| #include <ac_nonexistent.h>
configure:3532: checking for grep that handles long lines and -e
configure:3590: result: /bin/grep
configure:3595: checking for egrep
configure:3657: result: /bin/grep -E
configure:3662: checking for ANSI C header files
configure:3682: gcc -c   conftest.c >&5
configure:3682: $? = 0
configure:3755: gcc -o conftest    conftest.c  >&5
configure:3755: $? = 0
configure:3755: ./conftest
configure:3755: $? = 0
configure:3766: result: yes
configure:3779: checking for sys/types.h
configure:3779: gcc -c   conftest.c >&5
configure:3779: $? = 0
configure:3779: result: yes
configure:3779: checking for sys/stat.h
configure:3779: gcc -c   conftest.c >&5
configure:3779: $? = 0
configure:3779: result: yes
configure:3779: checking for stdlib.h
configure:3779: gcc -c   conftest.c >&5
configure:3779: $? = 0
configure:3779: result: yes
configure:3779: checking for string.h
configure:3779: gcc -c   conftest.c >&5
configure:3779: $? = 0
configure:3779: result: yes
configure:3779: checking for memory.h
configure:3779: gcc -c   conftest.c >&5
configure:3779: $? = 0
configure:3779: result: yes
configure:3779: checking for strings.h
configure:3779: gcc -c   conftest.c >&5
configure:3779: $? = 0
configure:3779: result: yes
configure:3779: checking for inttypes.h
configure:3779: gcc -c   conftest.c >&5
configure:3779: $? = 0
configure:3779: result: yes
configure:3779: checking for stdint.h
configure:3779: gcc -c   conftest.c >&5
configure:3779: $? = 0
configure:3779: result: yes
configure:3779: checking for unistd.h
configure:3779: gcc -c   conftest.c >&5
configure:3779: $? = 0
configure:3779: result: yes
configure:3791: checking limits.h usability
configure:3791: gcc -c   conftest.c >&5
configure:3791: $? = 0
configure:3791: result: yes
configure:3791: checking limits.h presence
configure:3791: gcc -E  conftest.c
configure:3791: $? = 0
configure:3791: result: yes
configure:3791: checking for limits.h
configure:3791: result: yes
configure:3809: checking for stdlib.h
configure:3809: result: yes
configure:3868: checking if the compiler understands -pipe
configure:3886: gcc -c  -pipe  conftest.c >&5
configure:3886: $? = 0
configure:3894: result: yes
configure:4289: checking for building with threads
configure:4303: result: no (default)
configure:4314: checking how to build libraries
configure:4336: result: static
configure:4394: checking for ranlib
configure:4410: found /usr/bin/ranlib
configure:4421: result: ranlib
configure:4447: checking if 64bit support is requested
configure:4456: result: no
configure:4461: checking if 64bit Sparc VIS support is requested
configure:4470: result: no
configure:4480: checking if compiler supports visibility "hidden"
configure:4500: gcc -o conftest  -pipe -Werror   conftest.c  >&5
configure:4500: $? = 0
configure:4509: result: yes
configure:4521: checking if rpath support is requested
configure:4530: result: yes
configure:4537: checking system version
configure:4565: result: Linux-3.5.0-26-generic
configure:4573: checking for dlopen in -ldl
configure:4598: gcc -o conftest  -pipe   conftest.c -ldl   >&5
configure:4598: $? = 0
configure:4607: result: yes
configure:4689: checking for ar
configure:4705: found /usr/bin/ar
configure:4716: result: ar
configure:6411: checking for build with symbols
configure:6425: result: no
configure:6469: checking for required early compiler flags
configure:6487: gcc -c  -pipe  conftest.c >&5
configure:6487: $? = 0
configure:6534: gcc -c  -pipe  conftest.c >&5
conftest.c: In function 'main':
conftest.c:29:15: error: storage size of 'buf' isn't known
configure:6534: $? = 1
configure: failed program was:
| /* confdefs.h */
| #define PACKAGE_NAME "tk"
| #define PACKAGE_TARNAME "tk"
| #define PACKAGE_VERSION "8.5"
| #define PACKAGE_STRING "tk 8.5"
| #define PACKAGE_BUGREPORT ""
| #define PACKAGE_URL ""
| #define STDC_HEADERS 1
| #define HAVE_SYS_TYPES_H 1
| #define HAVE_SYS_STAT_H 1
| #define HAVE_STDLIB_H 1
| #define HAVE_STRING_H 1
| #define HAVE_MEMORY_H 1
| #define HAVE_STRINGS_H 1
| #define HAVE_INTTYPES_H 1
| #define HAVE_STDINT_H 1
| #define HAVE_UNISTD_H 1
| #define HAVE_LIMITS_H 1
| #define STATIC_BUILD 1
| #define MODULE_SCOPE extern __attribute__((__visibility__("hidden")))
| #define TCL_SHLIB_EXT ".so"
| #define TCL_CFG_OPTIMIZED 1
| #define TCL_CFG_DEBUG 1
| /* end confdefs.h.  */
| #include <sys/stat.h>
| int
| main ()
| {
| struct stat64 buf; int i = stat64("/", &buf);
|   ;
|   return 0;
| }
configure:6549: gcc -c  -pipe  conftest.c >&5
configure:6549: $? = 0
configure:6581: gcc -c  -pipe  conftest.c >&5
conftest.c: In function 'main':
conftest.c:30:19: error: 'open64' undeclared (first use in this function)
conftest.c:30:19: note: each undeclared identifier is reported only once for each function it appears in
configure:6581: $? = 1
configure: failed program was:
| /* confdefs.h */
| #define PACKAGE_NAME "tk"
| #define PACKAGE_TARNAME "tk"
| #define PACKAGE_VERSION "8.5"
| #define PACKAGE_STRING "tk 8.5"
| #define PACKAGE_BUGREPORT ""
| #define PACKAGE_URL ""
| #define STDC_HEADERS 1
| #define HAVE_SYS_TYPES_H 1
| #define HAVE_SYS_STAT_H 1
| #define HAVE_STDLIB_H 1
| #define HAVE_STRING_H 1
| #define HAVE_MEMORY_H 1
| #define HAVE_STRINGS_H 1
| #define HAVE_INTTYPES_H 1
| #define HAVE_STDINT_H 1
| #define HAVE_UNISTD_H 1
| #define HAVE_LIMITS_H 1
| #define STATIC_BUILD 1
| #define MODULE_SCOPE extern __attribute__((__visibility__("hidden")))
| #define TCL_SHLIB_EXT ".so"
| #define TCL_CFG_OPTIMIZED 1
| #define TCL_CFG_DEBUG 1
| #define _LARGEFILE64_SOURCE 1
| /* end confdefs.h.  */
| #include <sys/stat.h>
| int
| main ()
| {
| char *p = (char *)open64;
|   ;
|   return 0;
| }
configure:6596: gcc -c  -pipe  conftest.c >&5
conftest.c: In function 'main':
conftest.c:31:19: error: 'open64' undeclared (first use in this function)
conftest.c:31:19: note: each undeclared identifier is reported only once for each function it appears in
configure:6596: $? = 1
configure: failed program was:
| /* confdefs.h */
| #define PACKAGE_NAME "tk"
| #define PACKAGE_TARNAME "tk"
| #define PACKAGE_VERSION "8.5"
| #define PACKAGE_STRING "tk 8.5"
| #define PACKAGE_BUGREPORT ""
| #define PACKAGE_URL ""
| #define STDC_HEADERS 1
| #define HAVE_SYS_TYPES_H 1
| #define HAVE_SYS_STAT_H 1
| #define HAVE_STDLIB_H 1
| #define HAVE_STRING_H 1
| #define HAVE_MEMORY_H 1
| #define HAVE_STRINGS_H 1
| #define HAVE_INTTYPES_H 1
| #define HAVE_STDINT_H 1
| #define HAVE_UNISTD_H 1
| #define HAVE_LIMITS_H 1
| #define STATIC_BUILD 1
| #define MODULE_SCOPE extern __attribute__((__visibility__("hidden")))
| #define TCL_SHLIB_EXT ".so"
| #define TCL_CFG_OPTIMIZED 1
| #define TCL_CFG_DEBUG 1
| #define _LARGEFILE64_SOURCE 1
| /* end confdefs.h.  */
| #define _LARGEFILE_SOURCE64 1
| #include <sys/stat.h>
| int
| main ()
| {
| char *p = (char *)open64;
|   ;
|   return 0;
| }
configure:6617: result:  _LARGEFILE64_SOURCE
configure:6623: checking for 64-bit integer type
configure:6642: gcc -c  -pipe  conftest.c >&5
conftest.c: In function 'main':
conftest.c:30:1: error: unknown type name '__int64'
conftest.c:30:18: error: '__int64' undeclared (first use in this function)
conftest.c:30:18: note: each undeclared identifier is reported only once for each function it appears in
conftest.c:30:27: error: expected ',' or ';' before numeric constant
configure:6642: $? = 1
configure: failed program was:
| /* confdefs.h */
| #define PACKAGE_NAME "tk"
| #define PACKAGE_TARNAME "tk"
| #define PACKAGE_VERSION "8.5"
| #define PACKAGE_STRING "tk 8.5"
| #define PACKAGE_BUGREPORT ""
| #define PACKAGE_URL ""
| #define STDC_HEADERS 1
| #define HAVE_SYS_TYPES_H 1
| #define HAVE_SYS_STAT_H 1
| #define HAVE_STDLIB_H 1
| #define HAVE_STRING_H 1
| #define HAVE_MEMORY_H 1
| #define HAVE_STRINGS_H 1
| #define HAVE_INTTYPES_H 1
| #define HAVE_STDINT_H 1
| #define HAVE_UNISTD_H 1
| #define HAVE_LIMITS_H 1
| #define STATIC_BUILD 1
| #define MODULE_SCOPE extern __attribute__((__visibility__("hidden")))
| #define TCL_SHLIB_EXT ".so"
| #define TCL_CFG_OPTIMIZED 1
| #define TCL_CFG_DEBUG 1
| #define _LARGEFILE64_SOURCE 1
| /* end confdefs.h.  */
| 
| int
| main ()
| {
| __int64 value = (__int64) 0;
|   ;
|   return 0;
| }
configure:6664: gcc -c  -pipe  conftest.c >&5
conftest.c: In function 'main':
conftest.c:31:21: error: duplicate case value
conftest.c:31:13: error: previously used here
configure:6664: $? = 1
configure: failed program was:
| /* confdefs.h */
| #define PACKAGE_NAME "tk"
| #define PACKAGE_TARNAME "tk"
| #define PACKAGE_VERSION "8.5"
| #define PACKAGE_STRING "tk 8.5"
| #define PACKAGE_BUGREPORT ""
| #define PACKAGE_URL ""
| #define STDC_HEADERS 1
| #define HAVE_SYS_TYPES_H 1
| #define HAVE_SYS_STAT_H 1
| #define HAVE_STDLIB_H 1
| #define HAVE_STRING_H 1
| #define HAVE_MEMORY_H 1
| #define HAVE_STRINGS_H 1
| #define HAVE_INTTYPES_H 1
| #define HAVE_STDINT_H 1
| #define HAVE_UNISTD_H 1
| #define HAVE_LIMITS_H 1
| #define STATIC_BUILD 1
| #define MODULE_SCOPE extern __attribute__((__visibility__("hidden")))
| #define TCL_SHLIB_EXT ".so"
| #define TCL_CFG_OPTIMIZED 1
| #define TCL_CFG_DEBUG 1
| #define _LARGEFILE64_SOURCE 1
| /* end confdefs.h.  */
| 
| int
| main ()
| {
| switch (0) {
|             case 1: case (sizeof(long long)==sizeof(long)): ;
|         }
|   ;
|   return 0;
| }
configure:6674: result: using long
configure:6809: checking whether byte ordering is bigendian
configure:6824: gcc -c  -pipe  conftest.c >&5
conftest.c:28:9: error: unknown type name 'not'
conftest.c:28:15: error: expected '=', ',', ';', 'asm' or '__attribute__' before 'universal'
conftest.c:28:15: error: unknown type name 'universal'
configure:6824: $? = 1
configure: failed program was:
| /* confdefs.h */
| #define PACKAGE_NAME "tk"
| #define PACKAGE_TARNAME "tk"
| #define PACKAGE_VERSION "8.5"
| #define PACKAGE_STRING "tk 8.5"
| #define PACKAGE_BUGREPORT ""
| #define PACKAGE_URL ""
| #define STDC_HEADERS 1
| #define HAVE_SYS_TYPES_H 1
| #define HAVE_SYS_STAT_H 1
| #define HAVE_STDLIB_H 1
| #define HAVE_STRING_H 1
| #define HAVE_MEMORY_H 1
| #define HAVE_STRINGS_H 1
| #define HAVE_INTTYPES_H 1
| #define HAVE_STDINT_H 1
| #define HAVE_UNISTD_H 1
| #define HAVE_LIMITS_H 1
| #define STATIC_BUILD 1
| #define MODULE_SCOPE extern __attribute__((__visibility__("hidden")))
| #define TCL_SHLIB_EXT ".so"
| #define TCL_CFG_OPTIMIZED 1
| #define TCL_CFG_DEBUG 1
| #define _LARGEFILE64_SOURCE 1
| #define TCL_WIDE_INT_IS_LONG 1
| /* end confdefs.h.  */
| #ifndef __APPLE_CC__
| 	       not a universal capable compiler
| 	     #endif
| 	     typedef int dummy;
| 
configure:6869: gcc -c  -pipe  conftest.c >&5
configure:6869: $? = 0
configure:6887: gcc -c  -pipe  conftest.c >&5
conftest.c: In function 'main':
conftest.c:34:4: error: unknown type name 'not'
conftest.c:34:12: error: expected '=', ',', ';', 'asm' or '__attribute__' before 'endian'
configure:6887: $? = 1
configure: failed program was:
| /* confdefs.h */
| #define PACKAGE_NAME "tk"
| #define PACKAGE_TARNAME "tk"
| #define PACKAGE_VERSION "8.5"
| #define PACKAGE_STRING "tk 8.5"
| #define PACKAGE_BUGREPORT ""
| #define PACKAGE_URL ""
| #define STDC_HEADERS 1
| #define HAVE_SYS_TYPES_H 1
| #define HAVE_SYS_STAT_H 1
| #define HAVE_STDLIB_H 1
| #define HAVE_STRING_H 1
| #define HAVE_MEMORY_H 1
| #define HAVE_STRINGS_H 1
| #define HAVE_INTTYPES_H 1
| #define HAVE_STDINT_H 1
| #define HAVE_UNISTD_H 1
| #define HAVE_LIMITS_H 1
| #define STATIC_BUILD 1
| #define MODULE_SCOPE extern __attribute__((__visibility__("hidden")))
| #define TCL_SHLIB_EXT ".so"
| #define TCL_CFG_OPTIMIZED 1
| #define TCL_CFG_DEBUG 1
| #define _LARGEFILE64_SOURCE 1
| #define TCL_WIDE_INT_IS_LONG 1
| /* end confdefs.h.  */
| #include <sys/types.h>
| 		#include <sys/param.h>
| 
| int
| main ()
| {
| #if BYTE_ORDER != BIG_ENDIAN
| 		 not big endian
| 		#endif
| 
|   ;
|   return 0;
| }
configure:7015: result: no
configure:7064: checking for fd_set in sys/types
configure:7081: gcc -c  -pipe  conftest.c >&5
configure:7081: $? = 0
configure:7088: result: yes
configure:7133: checking sys/time.h usability
configure:7133: gcc -c  -pipe  conftest.c >&5
configure:7133: $? = 0
configure:7133: result: yes
configure:7133: checking sys/time.h presence
configure:7133: gcc -E  conftest.c
configure:7133: $? = 0
configure:7133: result: yes
configure:7133: checking for sys/time.h
configure:7133: result: yes
configure:7143: checking whether time.h and sys/time.h may both be included
configure:7163: gcc -c  -pipe  conftest.c >&5
configure:7163: $? = 0
configure:7170: result: yes
configure:7187: checking for strtod
configure:7187: gcc -o conftest  -pipe   -Wl,--export-dynamic  conftest.c  >&5
configure:7187: $? = 0
configure:7187: result: yes
configure:7195: checking for Solaris2.4/Tru64 strtod bugs
configure:7227: gcc -o conftest  -pipe   -Wl,--export-dynamic  conftest.c  >&5
conftest.c: In function 'main':
conftest.c:37:4: warning: incompatible implicit declaration of built-in function 'exit' [enabled by default]
conftest.c:41:4: warning: incompatible implicit declaration of built-in function 'exit' [enabled by default]
conftest.c:45:4: warning: incompatible implicit declaration of built-in function 'exit' [enabled by default]
conftest.c:47:7: warning: incompatible implicit declaration of built-in function 'exit' [enabled by default]
configure:7227: $? = 0
configure:7227: ./conftest
configure:7227: $? = 0
configure:7237: result: ok
configure:7259: checking for mode_t
configure:7259: gcc -c  -pipe  conftest.c >&5
configure:7259: $? = 0
configure:7259: gcc -c  -pipe  conftest.c >&5
conftest.c: In function 'main':
conftest.c:65:21: error: expected expression before ')' token
configure:7259: $? = 1
configure: failed program was:
| /* confdefs.h */
| #define PACKAGE_NAME "tk"
| #define PACKAGE_TARNAME "tk"
| #define PACKAGE_VERSION "8.5"
| #define PACKAGE_STRING "tk 8.5"
| #define PACKAGE_BUGREPORT ""
| #define PACKAGE_URL ""
| #define STDC_HEADERS 1
| #define HAVE_SYS_TYPES_H 1
| #define HAVE_SYS_STAT_H 1
| #define HAVE_STDLIB_H 1
| #define HAVE_STRING_H 1
| #define HAVE_MEMORY_H 1
| #define HAVE_STRINGS_H 1
| #define HAVE_INTTYPES_H 1
| #define HAVE_STDINT_H 1
| #define HAVE_UNISTD_H 1
| #define HAVE_LIMITS_H 1
| #define STATIC_BUILD 1
| #define MODULE_SCOPE extern __attribute__((__visibility__("hidden")))
| #define TCL_SHLIB_EXT ".so"
| #define TCL_CFG_OPTIMIZED 1
| #define TCL_CFG_DEBUG 1
| #define _LARGEFILE64_SOURCE 1
| #define TCL_WIDE_INT_IS_LONG 1
| #define HAVE_SYS_TIME_H 1
| #define TIME_WITH_SYS_TIME 1
| /* end confdefs.h.  */
| #include <stdio.h>
| #ifdef HAVE_SYS_TYPES_H
| # include <sys/types.h>
| #endif
| #ifdef HAVE_SYS_STAT_H
| # include <sys/stat.h>
| #endif
| #ifdef STDC_HEADERS
| # include <stdlib.h>
| # include <stddef.h>
| #else
| # ifdef HAVE_STDLIB_H
| #  include <stdlib.h>
| # endif
| #endif
| #ifdef HAVE_STRING_H
| # if !defined STDC_HEADERS && defined HAVE_MEMORY_H
| #  include <memory.h>
| # endif
| # include <string.h>
| #endif
| #ifdef HAVE_STRINGS_H
| # include <strings.h>
| #endif
| #ifdef HAVE_INTTYPES_H
| # include <inttypes.h>
| #endif
| #ifdef HAVE_STDINT_H
| # include <stdint.h>
| #endif
| #ifdef HAVE_UNISTD_H
| # include <unistd.h>
| #endif
| int
| main ()
| {
| if (sizeof ((mode_t)))
| 	    return 0;
|   ;
|   return 0;
| }
configure:7259: result: yes
configure:7270: checking for pid_t
configure:7270: gcc -c  -pipe  conftest.c >&5
configure:7270: $? = 0
configure:7270: gcc -c  -pipe  conftest.c >&5
conftest.c: In function 'main':
conftest.c:65:20: error: expected expression before ')' token
configure:7270: $? = 1
configure: failed program was:
| /* confdefs.h */
| #define PACKAGE_NAME "tk"
| #define PACKAGE_TARNAME "tk"
| #define PACKAGE_VERSION "8.5"
| #define PACKAGE_STRING "tk 8.5"
| #define PACKAGE_BUGREPORT ""
| #define PACKAGE_URL ""
| #define STDC_HEADERS 1
| #define HAVE_SYS_TYPES_H 1
| #define HAVE_SYS_STAT_H 1
| #define HAVE_STDLIB_H 1
| #define HAVE_STRING_H 1
| #define HAVE_MEMORY_H 1
| #define HAVE_STRINGS_H 1
| #define HAVE_INTTYPES_H 1
| #define HAVE_STDINT_H 1
| #define HAVE_UNISTD_H 1
| #define HAVE_LIMITS_H 1
| #define STATIC_BUILD 1
| #define MODULE_SCOPE extern __attribute__((__visibility__("hidden")))
| #define TCL_SHLIB_EXT ".so"
| #define TCL_CFG_OPTIMIZED 1
| #define TCL_CFG_DEBUG 1
| #define _LARGEFILE64_SOURCE 1
| #define TCL_WIDE_INT_IS_LONG 1
| #define HAVE_SYS_TIME_H 1
| #define TIME_WITH_SYS_TIME 1
| /* end confdefs.h.  */
| #include <stdio.h>
| #ifdef HAVE_SYS_TYPES_H
| # include <sys/types.h>
| #endif
| #ifdef HAVE_SYS_STAT_H
| # include <sys/stat.h>
| #endif
| #ifdef STDC_HEADERS
| # include <stdlib.h>
| # include <stddef.h>
| #else
| # ifdef HAVE_STDLIB_H
| #  include <stdlib.h>
| # endif
| #endif
| #ifdef HAVE_STRING_H
| # if !defined STDC_HEADERS && defined HAVE_MEMORY_H
| #  include <memory.h>
| # endif
| # include <string.h>
| #endif
| #ifdef HAVE_STRINGS_H
| # include <strings.h>
| #endif
| #ifdef HAVE_INTTYPES_H
| # include <inttypes.h>
| #endif
| #ifdef HAVE_STDINT_H
| # include <stdint.h>
| #endif
| #ifdef HAVE_UNISTD_H
| # include <unistd.h>
| #endif
| int
| main ()
| {
| if (sizeof ((pid_t)))
| 	    return 0;
|   ;
|   return 0;
| }
configure:7270: result: yes
configure:7281: checking for size_t
configure:7281: gcc -c  -pipe  conftest.c >&5
configure:7281: $? = 0
configure:7281: gcc -c  -pipe  conftest.c >&5
conftest.c: In function 'main':
conftest.c:65:21: error: expected expression before ')' token
configure:7281: $? = 1
configure: failed program was:
| /* confdefs.h */
| #define PACKAGE_NAME "tk"
| #define PACKAGE_TARNAME "tk"
| #define PACKAGE_VERSION "8.5"
| #define PACKAGE_STRING "tk 8.5"
| #define PACKAGE_BUGREPORT ""
| #define PACKAGE_URL ""
| #define STDC_HEADERS 1
| #define HAVE_SYS_TYPES_H 1
| #define HAVE_SYS_STAT_H 1
| #define HAVE_STDLIB_H 1
| #define HAVE_STRING_H 1
| #define HAVE_MEMORY_H 1
| #define HAVE_STRINGS_H 1
| #define HAVE_INTTYPES_H 1
| #define HAVE_STDINT_H 1
| #define HAVE_UNISTD_H 1
| #define HAVE_LIMITS_H 1
| #define STATIC_BUILD 1
| #define MODULE_SCOPE extern __attribute__((__visibility__("hidden")))
| #define TCL_SHLIB_EXT ".so"
| #define TCL_CFG_OPTIMIZED 1
| #define TCL_CFG_DEBUG 1
| #define _LARGEFILE64_SOURCE 1
| #define TCL_WIDE_INT_IS_LONG 1
| #define HAVE_SYS_TIME_H 1
| #define TIME_WITH_SYS_TIME 1
| /* end confdefs.h.  */
| #include <stdio.h>
| #ifdef HAVE_SYS_TYPES_H
| # include <sys/types.h>
| #endif
| #ifdef HAVE_SYS_STAT_H
| # include <sys/stat.h>
| #endif
| #ifdef STDC_HEADERS
| # include <stdlib.h>
| # include <stddef.h>
| #else
| # ifdef HAVE_STDLIB_H
| #  include <stdlib.h>
| # endif
| #endif
| #ifdef HAVE_STRING_H
| # if !defined STDC_HEADERS && defined HAVE_MEMORY_H
| #  include <memory.h>
| # endif
| # include <string.h>
| #endif
| #ifdef HAVE_STRINGS_H
| # include <strings.h>
| #endif
| #ifdef HAVE_INTTYPES_H
| # include <inttypes.h>
| #endif
| #ifdef HAVE_STDINT_H
| # include <stdint.h>
| #endif
| #ifdef HAVE_UNISTD_H
| # include <unistd.h>
| #endif
| int
| main ()
| {
| if (sizeof ((size_t)))
| 	    return 0;
|   ;
|   return 0;
| }
configure:7281: result: yes
configure:7292: checking for uid_t in sys/types.h
configure:7311: result: yes
configure:7323: checking for intptr_t
configure:7323: gcc -c  -pipe  conftest.c >&5
configure:7323: $? = 0
configure:7323: gcc -c  -pipe  conftest.c >&5
conftest.c: In function 'main':
conftest.c:65:23: error: expected expression before ')' token
configure:7323: $? = 1
configure: failed program was:
| /* confdefs.h */
| #define PACKAGE_NAME "tk"
| #define PACKAGE_TARNAME "tk"
| #define PACKAGE_VERSION "8.5"
| #define PACKAGE_STRING "tk 8.5"
| #define PACKAGE_BUGREPORT ""
| #define PACKAGE_URL ""
| #define STDC_HEADERS 1
| #define HAVE_SYS_TYPES_H 1
| #define HAVE_SYS_STAT_H 1
| #define HAVE_STDLIB_H 1
| #define HAVE_STRING_H 1
| #define HAVE_MEMORY_H 1
| #define HAVE_STRINGS_H 1
| #define HAVE_INTTYPES_H 1
| #define HAVE_STDINT_H 1
| #define HAVE_UNISTD_H 1
| #define HAVE_LIMITS_H 1
| #define STATIC_BUILD 1
| #define MODULE_SCOPE extern __attribute__((__visibility__("hidden")))
| #define TCL_SHLIB_EXT ".so"
| #define TCL_CFG_OPTIMIZED 1
| #define TCL_CFG_DEBUG 1
| #define _LARGEFILE64_SOURCE 1
| #define TCL_WIDE_INT_IS_LONG 1
| #define HAVE_SYS_TIME_H 1
| #define TIME_WITH_SYS_TIME 1
| /* end confdefs.h.  */
| #include <stdio.h>
| #ifdef HAVE_SYS_TYPES_H
| # include <sys/types.h>
| #endif
| #ifdef HAVE_SYS_STAT_H
| # include <sys/stat.h>
| #endif
| #ifdef STDC_HEADERS
| # include <stdlib.h>
| # include <stddef.h>
| #else
| # ifdef HAVE_STDLIB_H
| #  include <stdlib.h>
| # endif
| #endif
| #ifdef HAVE_STRING_H
| # if !defined STDC_HEADERS && defined HAVE_MEMORY_H
| #  include <memory.h>
| # endif
| # include <string.h>
| #endif
| #ifdef HAVE_STRINGS_H
| # include <strings.h>
| #endif
| #ifdef HAVE_INTTYPES_H
| # include <inttypes.h>
| #endif
| #ifdef HAVE_STDINT_H
| # include <stdint.h>
| #endif
| #ifdef HAVE_UNISTD_H
| # include <unistd.h>
| #endif
| int
| main ()
| {
| if (sizeof ((intptr_t)))
| 	    return 0;
|   ;
|   return 0;
| }
configure:7323: result: yes
configure:7373: checking for uintptr_t
configure:7373: gcc -c  -pipe  conftest.c >&5
configure:7373: $? = 0
configure:7373: gcc -c  -pipe  conftest.c >&5
conftest.c: In function 'main':
conftest.c:66:24: error: expected expression before ')' token
configure:7373: $? = 1
configure: failed program was:
| /* confdefs.h */
| #define PACKAGE_NAME "tk"
| #define PACKAGE_TARNAME "tk"
| #define PACKAGE_VERSION "8.5"
| #define PACKAGE_STRING "tk 8.5"
| #define PACKAGE_BUGREPORT ""
| #define PACKAGE_URL ""
| #define STDC_HEADERS 1
| #define HAVE_SYS_TYPES_H 1
| #define HAVE_SYS_STAT_H 1
| #define HAVE_STDLIB_H 1
| #define HAVE_STRING_H 1
| #define HAVE_MEMORY_H 1
| #define HAVE_STRINGS_H 1
| #define HAVE_INTTYPES_H 1
| #define HAVE_STDINT_H 1
| #define HAVE_UNISTD_H 1
| #define HAVE_LIMITS_H 1
| #define STATIC_BUILD 1
| #define MODULE_SCOPE extern __attribute__((__visibility__("hidden")))
| #define TCL_SHLIB_EXT ".so"
| #define TCL_CFG_OPTIMIZED 1
| #define TCL_CFG_DEBUG 1
| #define _LARGEFILE64_SOURCE 1
| #define TCL_WIDE_INT_IS_LONG 1
| #define HAVE_SYS_TIME_H 1
| #define TIME_WITH_SYS_TIME 1
| #define HAVE_INTPTR_T 1
| /* end confdefs.h.  */
| #include <stdio.h>
| #ifdef HAVE_SYS_TYPES_H
| # include <sys/types.h>
| #endif
| #ifdef HAVE_SYS_STAT_H
| # include <sys/stat.h>
| #endif
| #ifdef STDC_HEADERS
| # include <stdlib.h>
| # include <stddef.h>
| #else
| # ifdef HAVE_STDLIB_H
| #  include <stdlib.h>
| # endif
| #endif
| #ifdef HAVE_STRING_H
| # if !defined STDC_HEADERS && defined HAVE_MEMORY_H
| #  include <memory.h>
| # endif
| # include <string.h>
| #endif
| #ifdef HAVE_STRINGS_H
| # include <strings.h>
| #endif
| #ifdef HAVE_INTTYPES_H
| # include <inttypes.h>
| #endif
| #ifdef HAVE_STDINT_H
| # include <stdint.h>
| #endif
| #ifdef HAVE_UNISTD_H
| # include <unistd.h>
| #endif
| int
| main ()
| {
| if (sizeof ((uintptr_t)))
| 	    return 0;
|   ;
|   return 0;
| }
configure:7373: result: yes
configure:7429: checking pw_gecos in struct pwd
configure:7446: gcc -c  -pipe  conftest.c >&5
configure:7446: $? = 0
configure:7453: result: yes
configure:7702: checking for X
configure:7810: gcc -E  conftest.c
configure:7810: $? = 0
configure:7841: gcc -o conftest  -pipe   -Wl,--export-dynamic  conftest.c -lX11  >&5
configure:7841: $? = 0
configure:7891: result: libraries , headers 
configure:7902: gcc -E  conftest.c
conftest.c:32:28: fatal error: X11/XIntrinsic.h: No such file or directory
compilation terminated.
configure:7902: $? = 1
configure: failed program was:
| /* confdefs.h */
| #define PACKAGE_NAME "tk"
| #define PACKAGE_TARNAME "tk"
| #define PACKAGE_VERSION "8.5"
| #define PACKAGE_STRING "tk 8.5"
| #define PACKAGE_BUGREPORT ""
| #define PACKAGE_URL ""
| #define STDC_HEADERS 1
| #define HAVE_SYS_TYPES_H 1
| #define HAVE_SYS_STAT_H 1
| #define HAVE_STDLIB_H 1
| #define HAVE_STRING_H 1
| #define HAVE_MEMORY_H 1
| #define HAVE_STRINGS_H 1
| #define HAVE_INTTYPES_H 1
| #define HAVE_STDINT_H 1
| #define HAVE_UNISTD_H 1
| #define HAVE_LIMITS_H 1
| #define STATIC_BUILD 1
| #define MODULE_SCOPE extern __attribute__((__visibility__("hidden")))
| #define TCL_SHLIB_EXT ".so"
| #define TCL_CFG_OPTIMIZED 1
| #define TCL_CFG_DEBUG 1
| #define _LARGEFILE64_SOURCE 1
| #define TCL_WIDE_INT_IS_LONG 1
| #define HAVE_SYS_TIME_H 1
| #define TIME_WITH_SYS_TIME 1
| #define HAVE_INTPTR_T 1
| #define HAVE_UINTPTR_T 1
| #define HAVE_PW_GECOS 1
| /* end confdefs.h.  */
| #include <X11/XIntrinsic.h>
configure:7915: checking for X11 header files
configure:7922: gcc -E  conftest.c
configure:7922: $? = 0
configure:8063: checking for main in -lXbsd
configure:8082: gcc -o conftest  -pipe   -Wl,--export-dynamic  conftest.c -lXbsd   >&5
/usr/bin/ld: cannot find -lXbsd
collect2: ld returned 1 exit status
configure:8082: $? = 1
configure: failed program was:
| /* confdefs.h */
| #define PACKAGE_NAME "tk"
| #define PACKAGE_TARNAME "tk"
| #define PACKAGE_VERSION "8.5"
| #define PACKAGE_STRING "tk 8.5"
| #define PACKAGE_BUGREPORT ""
| #define PACKAGE_URL ""
| #define STDC_HEADERS 1
| #define HAVE_SYS_TYPES_H 1
| #define HAVE_SYS_STAT_H 1
| #define HAVE_STDLIB_H 1
| #define HAVE_STRING_H 1
| #define HAVE_MEMORY_H 1
| #define HAVE_STRINGS_H 1
| #define HAVE_INTTYPES_H 1
| #define HAVE_STDINT_H 1
| #define HAVE_UNISTD_H 1
| #define HAVE_LIMITS_H 1
| #define STATIC_BUILD 1
| #define MODULE_SCOPE extern __attribute__((__visibility__("hidden")))
| #define TCL_SHLIB_EXT ".so"
| #define TCL_CFG_OPTIMIZED 1
| #define TCL_CFG_DEBUG 1
| #define _LARGEFILE64_SOURCE 1
| #define TCL_WIDE_INT_IS_LONG 1
| #define HAVE_SYS_TIME_H 1
| #define TIME_WITH_SYS_TIME 1
| #define HAVE_INTPTR_T 1
| #define HAVE_UINTPTR_T 1
| #define HAVE_PW_GECOS 1
| /* end confdefs.h.  */
| 
| 
| int
| main ()
| {
| return main ();
|   ;
|   return 0;
| }
configure:8091: result: no
configure:8162: checking whether to try to use XScreenSaver
configure:8172: result: no
configure:8304: checking whether to use xft
configure:8316: result: no
configure:8435: checking whether char is unsigned
configure:8453: gcc -c  -pipe  conftest.c >&5
configure:8453: $? = 0
configure:8460: result: no
configure:8854: creating ./config.status

## ---------------------- ##
## Running config.status. ##
## ---------------------- ##

This file was extended by tk config.status 8.5, which was
generated by GNU Autoconf 2.68.  Invocation command line was

  CONFIG_FILES    = 
  CONFIG_HEADERS  = 
  CONFIG_LINKS    = 
  CONFIG_COMMANDS = 
  $ ./config.status 

on ThinkPad

config.status:838: creating Makefile
config.status:838: creating tkConfig.sh
configure:9895: WARNING: unrecognized options: --enable-gcc

## ---------------- ##
## Cache variables. ##
## ---------------- ##

ac_cv_c_bigendian=no
ac_cv_c_char_unsigned=no
ac_cv_c_compiler_gnu=yes
ac_cv_c_tclconfig=/home/lapmore/Programs/ns-allinone-2.35/tcl8.5.10/unix
ac_cv_env_CC_set=
ac_cv_env_CC_value=
ac_cv_env_CFLAGS_set=
ac_cv_env_CFLAGS_value=
ac_cv_env_CPPFLAGS_set=
ac_cv_env_CPPFLAGS_value=
ac_cv_env_CPP_set=
ac_cv_env_CPP_value=
ac_cv_env_LDFLAGS_set=
ac_cv_env_LDFLAGS_value=
ac_cv_env_LIBS_set=
ac_cv_env_LIBS_value=
ac_cv_env_XMKMF_set=
ac_cv_env_XMKMF_value=
ac_cv_env_build_alias_set=
ac_cv_env_build_alias_value=
ac_cv_env_host_alias_set=
ac_cv_env_host_alias_value=
ac_cv_env_target_alias_set=
ac_cv_env_target_alias_value=
ac_cv_func_strtod=yes
ac_cv_have_x='have_x=yes	ac_x_includes='\'''\''	ac_x_libraries='\'''\'''
ac_cv_header_inttypes_h=yes
ac_cv_header_limits_h=yes
ac_cv_header_memory_h=yes
ac_cv_header_stdc=yes
ac_cv_header_stdint_h=yes
ac_cv_header_stdlib_h=yes
ac_cv_header_string_h=yes
ac_cv_header_strings_h=yes
ac_cv_header_sys_stat_h=yes
ac_cv_header_sys_time_h=yes
ac_cv_header_sys_types_h=yes
ac_cv_header_time=yes
ac_cv_header_unistd_h=yes
ac_cv_lib_Xbsd_main=no
ac_cv_lib_dl_dlopen=yes
ac_cv_objext=o
ac_cv_path_EGREP='/bin/grep -E'
ac_cv_path_GREP=/bin/grep
ac_cv_path_tclsh=/home/lapmore/Programs/ns-allinone-2.35/bin/tclsh8.5
ac_cv_prog_CPP='gcc -E'
ac_cv_prog_ac_ct_AR=ar
ac_cv_prog_ac_ct_CC=gcc
ac_cv_prog_ac_ct_RANLIB=ranlib
ac_cv_prog_cc_c89=
ac_cv_prog_cc_g=yes
ac_cv_type_intptr_t=yes
ac_cv_type_mode_t=yes
ac_cv_type_pid_t=yes
ac_cv_type_size_t=yes
ac_cv_type_uid_t=yes
ac_cv_type_uintptr_t=yes
tcl_cv_cc_pipe=yes
tcl_cv_cc_visibility_hidden=yes
tcl_cv_flag__isoc99_source=no
tcl_cv_flag__largefile64_source=yes
tcl_cv_flag__largefile_source64=no
tcl_cv_pwd_pw_gecos=yes
tcl_cv_strtod_buggy=ok
tcl_cv_sys_version=Linux-3.5.0-26-generic
tcl_cv_type_64bit=none
tcl_cv_type_fd_set=yes

## ----------------- ##
## Output variables. ##
## ----------------- ##

APP_RSRC_FILE=''
AR='ar'
BUILD_TCLSH='/home/lapmore/Programs/ns-allinone-2.35/tcl8.5.10/unix/tclsh'
CC='gcc'
CC_SEARCH_FLAGS='-Wl,-rpath,${LIB_RUNTIME_DIR}'
CFBUNDLELOCALIZATIONS=''
CFLAGS=' -pipe '
CFLAGS_DEBUG='-g'
CFLAGS_DEFAULT='$(CFLAGS_OPTIMIZE)'
CFLAGS_OPTIMIZE='-O2'
CFLAGS_WARNING='-Wall'
CPP='gcc -E'
CPPFLAGS=''
DEFS='-DPACKAGE_NAME=\"tk\" -DPACKAGE_TARNAME=\"tk\" -DPACKAGE_VERSION=\"8.5\" -DPACKAGE_STRING=\"tk\ 8.5\" -DPACKAGE_BUGREPORT=\"\" -DPACKAGE_URL=\"\" -DSTDC_HEADERS=1 -DHAVE_SYS_TYPES_H=1 -DHAVE_SYS_STAT_H=1 -DHAVE_STDLIB_H=1 -DHAVE_STRING_H=1 -DHAVE_MEMORY_H=1 -DHAVE_STRINGS_H=1 -DHAVE_INTTYPES_H=1 -DHAVE_STDINT_H=1 -DHAVE_UNISTD_H=1 -DHAVE_LIMITS_H=1 -DSTATIC_BUILD=1 -DMODULE_SCOPE=extern\ __attribute__\(\(__visibility__\(\"hidden\"\)\)\) -DTCL_SHLIB_EXT=\".so\" -DTCL_CFG_OPTIMIZED=1 -DTCL_CFG_DEBUG=1 -D_LARGEFILE64_SOURCE=1 -DTCL_WIDE_INT_IS_LONG=1 -DHAVE_SYS_TIME_H=1 -DTIME_WITH_SYS_TIME=1 -DHAVE_INTPTR_T=1 -DHAVE_UINTPTR_T=1 -DHAVE_PW_GECOS=1'
DL_LIBS='-ldl'
DL_OBJS='tclLoadDl.o'
ECHO_C=''
ECHO_N='-n'
ECHO_T=''
EGREP='/bin/grep -E'
EXEEXT=''
EXTRA_APP_CC_SWITCHES=''
EXTRA_BUILD_HTML=''
EXTRA_CC_SWITCHES=''
EXTRA_INSTALL=''
EXTRA_INSTALL_BINARIES=''
EXTRA_WISH_LIBS=''
GREP='/bin/grep'
HTML_DIR='$(DISTDIR)/html'
INSTALL_LIB='$(INSTALL_LIBRARY) $(LIB_FILE) "$(LIB_INSTALL_DIR)"/$(LIB_FILE) ; (cd "$(LIB_INSTALL_DIR)" ; $(RANLIB) $(LIB_FILE))'
INSTALL_STUB_LIB='$(INSTALL_LIBRARY) $(STUB_LIB_FILE) "$(LIB_INSTALL_DIR)"/$(STUB_LIB_FILE) ; (cd "$(LIB_INSTALL_DIR)" ; $(RANLIB) $(STUB_LIB_FILE))'
LDAIX_SRC=''
LDFLAGS=' -Wl,--export-dynamic '
LDFLAGS_DEBUG=''
LDFLAGS_DEFAULT='$(LDFLAGS_OPTIMIZE)'
LDFLAGS_OPTIMIZE=''
LD_LIBRARY_PATH_VAR='LD_LIBRARY_PATH'
LD_SEARCH_FLAGS='-Wl,-rpath,${LIB_RUNTIME_DIR}'
LIBOBJS=''
LIBS=''
LIB_RSRC_FILE=''
LOCALES='cs da de el en en_gb eo es fr hu it nl pl pt ru sv'
LTLIBOBJS=''
MAKE_LIB='${STLIB_LD} $@ ${OBJS} ; ${RANLIB} $@'
MAKE_STUB_LIB='${STLIB_LD} $@ ${STUB_LIB_OBJS} ; ${RANLIB} $@'
MAN_FLAGS=''
OBJEXT='o'
PACKAGE_BUGREPORT=''
PACKAGE_NAME='tk'
PACKAGE_STRING='tk 8.5'
PACKAGE_TARNAME='tk'
PACKAGE_URL=''
PACKAGE_VERSION='8.5'
PATH_SEPARATOR=':'
PLAT_OBJS=''
PLAT_SRCS=''
PRIVATE_INCLUDE_DIR='$(includedir)'
RANLIB='ranlib'
REZ=''
REZ_FLAGS=''
SHELL='/bin/bash'
SHLIB_CFLAGS='-fPIC'
SHLIB_LD='${CC} -shared ${CFLAGS} ${LDFLAGS}'
SHLIB_LD_LIBS='${LIBS}'
SHLIB_SUFFIX='.so'
STLIB_LD='${AR} cr'
TCLSH_PROG='/home/lapmore/Programs/ns-allinone-2.35/bin/tclsh8.5'
TCL_BIN_DIR='/home/lapmore/Programs/ns-allinone-2.35/tcl8.5.10/unix'
TCL_LIBS='-ldl  -lieee -lm'
TCL_LIB_FILE='libtcl8.5.a'
TCL_LIB_FLAG='-ltcl8.5'
TCL_LIB_SPEC='-L/home/lapmore/Programs/ns-allinone-2.35/tcl8.5.10/unix -ltcl8.5'
TCL_PATCH_LEVEL='.10'
TCL_SHLIB_LD_EXTRAS=''
TCL_SRC_DIR='/home/lapmore/Programs/ns-allinone-2.35/tcl8.5.10'
TCL_STUB_FLAGS=''
TCL_STUB_LIB_FILE='libtclstub8.5.a'
TCL_STUB_LIB_FLAG='-ltclstub8.5'
TCL_STUB_LIB_SPEC='-L/home/lapmore/Programs/ns-allinone-2.35/tcl8.5.10/unix -ltclstub8.5'
TCL_THREADS='0'
TCL_VERSION='8.5'
TK_BUILD_LIB_SPEC='-L/home/lapmore/Programs/ns-allinone-2.35/tk8.5.10/unix -ltk8.5'
TK_BUILD_STUB_LIB_PATH='/home/lapmore/Programs/ns-allinone-2.35/tk8.5.10/unix/libtkstub8.5.a'
TK_BUILD_STUB_LIB_SPEC='-L/home/lapmore/Programs/ns-allinone-2.35/tk8.5.10/unix -ltkstub8.5'
TK_INCLUDE_SPEC='-I/home/lapmore/Programs/ns-allinone-2.35/include'
TK_LIBRARY='$(prefix)/lib/tk$(VERSION)'
TK_LIB_FILE='libtk8.5.a'
TK_LIB_FLAG='-ltk8.5'
TK_LIB_SPEC='-L/home/lapmore/Programs/ns-allinone-2.35/lib -ltk8.5'
TK_MAJOR_VERSION='8'
TK_MINOR_VERSION='5'
TK_PATCH_LEVEL='.10'
TK_PKG_DIR='tk$(VERSION)'
TK_RSRC_FILE='tk$(VERSION).rsrc'
TK_SHARED_BUILD='0'
TK_SHLIB_LD_EXTRAS=''
TK_SRC_DIR='/home/lapmore/Programs/ns-allinone-2.35/tk8.5.10'
TK_STUB_LIB_FILE='libtkstub8.5.a'
TK_STUB_LIB_FLAG='-ltkstub8.5'
TK_STUB_LIB_PATH='/home/lapmore/Programs/ns-allinone-2.35/lib/libtkstub8.5.a'
TK_STUB_LIB_SPEC='-L/home/lapmore/Programs/ns-allinone-2.35/lib -ltkstub8.5'
TK_VERSION='8.5'
TK_WINDOWINGSYSTEM='X11'
TK_YEAR=''
UNIX_FONT_OBJS='tkUnixFont.o'
WISH_RSRC_FILE='wish$(VERSION).rsrc'
XFT_CFLAGS=''
XFT_LIBS=''
XINCLUDES=''
XLIBSW='-lX11'
XMKMF=''
ac_ct_CC='gcc'
bindir='${exec_prefix}/bin'
build_alias=''
datadir='${datarootdir}'
datarootdir='${prefix}/share'
docdir='${datarootdir}/doc/${PACKAGE_TARNAME}'
dvidir='${docdir}'
exec_prefix='/home/lapmore/Programs/ns-allinone-2.35'
host_alias=''
htmldir='${docdir}'
includedir='${prefix}/include'
infodir='${datarootdir}/info'
libdir='/home/lapmore/Programs/ns-allinone-2.35/lib'
libexecdir='${exec_prefix}/libexec'
localedir='${datarootdir}/locale'
localstatedir='${prefix}/var'
mandir='${datarootdir}/man'
oldincludedir='/usr/include'
pdfdir='${docdir}'
prefix='/home/lapmore/Programs/ns-allinone-2.35'
program_transform_name='s,x,x,'
psdir='${docdir}'
sbindir='${exec_prefix}/sbin'
sharedstatedir='${prefix}/com'
sysconfdir='${prefix}/etc'
target_alias=''

## ----------- ##
## confdefs.h. ##
## ----------- ##

/* confdefs.h */
#define PACKAGE_NAME "tk"
#define PACKAGE_TARNAME "tk"
#define PACKAGE_VERSION "8.5"
#define PACKAGE_STRING "tk 8.5"
#define PACKAGE_BUGREPORT ""
#define PACKAGE_URL ""
#define STDC_HEADERS 1
#define HAVE_SYS_TYPES_H 1
#define HAVE_SYS_STAT_H 1
#define HAVE_STDLIB_H 1
#define HAVE_STRING_H 1
#define HAVE_MEMORY_H 1
#define HAVE_STRINGS_H 1
#define HAVE_INTTYPES_H 1
#define HAVE_STDINT_H 1
#define HAVE_UNISTD_H 1
#define HAVE_LIMITS_H 1
#define STATIC_BUILD 1
#define MODULE_SCOPE extern __attribute__((__visibility__("hidden")))
#define TCL_SHLIB_EXT ".so"
#define TCL_CFG_OPTIMIZED 1
#define TCL_CFG_DEBUG 1
#define _LARGEFILE64_SOURCE 1
#define TCL_WIDE_INT_IS_LONG 1
#define HAVE_SYS_TIME_H 1
#define TIME_WITH_SYS_TIME 1
#define HAVE_INTPTR_T 1
#define HAVE_UINTPTR_T 1
#define HAVE_PW_GECOS 1

configure: exit 0
