1 50 50 1 -4.650 
 TxSucc     1     0     0  TxFail     0     0     0  RXSucc  2964 163452 83337 80115     0  RXFail   935   762   173     0  RXFailNoise   935   762   173     0  SYN     0     0     0     0  TXA     0     0     0     0  IdleSlost  1546819  1268134 
-4.650 -4.650  0.000   TxSucc     1     0     0  TxFail     0     0     0  RXSucc     1  2857     1  2856     0  RXFail    10     0    10     0  RXFailNoise    10     0    10     0  SYN     0     0     0     0  TXA     0     0     0     0  IdleSlost        0        0 
1 50 50 2  1.340 
 TxSucc     2     0     0  TxFail     0     0     0  RXSucc   909 165596 83258 82338     0  RXFail   846   840     6     0  RXFailNoise   846   840     6     0  SYN     0     0     0     0  TXA     0     0     0     0  IdleSlost  1546819  1287492 
 1.340  1.340  0.000   TxSucc     2     0     0  TxFail     0     0     0  RXSucc     2   811     2   809     0  RXFail     1     0     1     0  RXFailNoise     1     0     1     0  SYN     0     0     0     0  TXA     0     0     0     0  IdleSlost        0        0 
1 50 50 3  1.340 
 TxSucc     2     0     0  TxFail     0     0     0  RXSucc   123 166381 83256 83125     0  RXFail   847   842     5     0  RXFailNoise   847   842     5     0  SYN     0     0     0     0  TXA     0     0     0     0  IdleSlost  1546819  1294310 
 1.340  1.340  0.000   TxSucc     2     0     0  TxFail     0     0     0  RXSucc     2    26     2    24     0  RXFail     0     0     0     0  RXFailNoise     0     0     0     0  SYN     0     0     0     0  TXA     0     0     0     0  IdleSlost        0        0 
1 50 50 4  1.370 
 TxSucc     2     0     0  TxFail     0     0     0  RXSucc   125 166287 83271 83016     0  RXFail   939   827   112     0  RXFailNoise   939   827   112     0  SYN     0     0     0     0  TXA     0     0     0     0  IdleSlost  1546819  1293366 
 1.370  1.370  0.000   TxSucc     2     0     0  TxFail     0     0     0  RXSucc     2    28     2    26     0  RXFail     0     0     0     0  RXFailNoise     0     0     0     0  SYN     0     0     0     0  TXA     0     0     0     0  IdleSlost        0        0 
1 50 50 5  4.380 
 TxSucc     2     0     0  TxFail     0     0     0  RXSucc  1151 165329 83254 82075     0  RXFail   871   844    27     0  RXFailNoise   871   844    27     0  SYN     0     0     0     0  TXA     0     0     0     0  IdleSlost  1546819  1285116 
 4.380  4.380  0.000   TxSucc     2     0     0  TxFail     0     0     0  RXSucc     2  1054     2  1052     0  RXFail     0     0     0     0  RXFailNoise     0     0     0     0  SYN     0     0     0     0  TXA     0     0     0     0  IdleSlost        0        0 
1 50 50 6  2.797 
 TxSucc     2     0     0  TxFail     0     0     0  RXSucc   802 165754 83311 82443     0  RXFail   795   787     8     0  RXFailNoise   795   787     8     0  SYN     0     0     0     0  TXA     0     0     0     0  IdleSlost  1546819  1288465 
 2.797  2.797  0.000   TxSucc     2     0     0  TxFail     0     0     0  RXSucc     2   705     2   703     0  RXFail     0     0     0     0  RXFailNoise     0     0     0     0  SYN     0     0     0     0  TXA     0     0     0     0  IdleSlost        0        0 
1 50 50 7  0.630 
 TxSucc     2     0     0  TxFail     0     0     0  RXSucc  1519 165012 83284 81728     0  RXFail   820   814     6     0  RXFailNoise   820   814     6     0  SYN     0     0     0     0  TXA     0     0     0     0  IdleSlost  1546819  1282229 
 0.630  0.630  0.000   TxSucc     2     0     0  TxFail     0     0     0  RXSucc     2  1422     2  1420     0  RXFail     0     0     0     0  RXFailNoise     0     0     0     0  SYN     0     0     0     0  TXA     0     0     0     0  IdleSlost        0        0 
1 50 50 8  0.518 
 TxSucc     2     0     0  TxFail     0     0     0  RXSucc  1810 164699 83260 81439     0  RXFail   842   838     4     0  RXFailNoise   842   838     4     0  SYN     0     0     0     0  TXA     0     0     0     0  IdleSlost  1546819  1279676 
 0.518  0.518  0.000   TxSucc     2     0     0  TxFail     0     0     0  RXSucc     2  1711     2  1709     0  RXFail     2     0     2     0  RXFailNoise     2     0     2     0  SYN     0     0     0     0  TXA     0     0     0     0  IdleSlost        0        0 
1 50 50 9  0.407 
 TxSucc     2     0     0  TxFail     0     0     0  RXSucc   978 165536 83266 82270     0  RXFail   836   832     4     0  RXFailNoise   836   832     4     0  SYN     0     0     0     0  TXA     0     0     0     0  IdleSlost  1546819  1287051 
 0.407  0.407  0.000   TxSucc     2     0     0  TxFail     0     0     0  RXSucc     2   882     2   880     0  RXFail     0     0     0     0  RXFailNoise     0     0     0     0  SYN     0     0     0     0  TXA     0     0     0     0  IdleSlost        0        0 
1 50 50 10  0.298 
 TxSucc     2     0     0  TxFail     0     0     0  RXSucc  2206 164249 83207 81042     0  RXFail   896   891     5     0  RXFailNoise   896   891     5     0  SYN     0     0     0     0  TXA     0     0     0     0  IdleSlost  1546819  1276241 
 0.298  0.298  0.000   TxSucc     2     0     0  TxFail     0     0     0  RXSucc     2  2106     2  2104     0  RXFail     3     0     3     0  RXFailNoise     3     0     3     0  SYN     0     0     0     0  TXA     0     0     0     0  IdleSlost        0        0 
1 50 50 11  0.190 
 TxSucc     2     0     0  TxFail     0     0     0  RXSucc  1674 164857 83282 81575     0  RXFail   820   816     4     0  RXFailNoise   820   816     4     0  SYN     0     0     0     0  TXA     0     0     0     0  IdleSlost  1546819  1280915 
 0.190  0.190  0.000   TxSucc     2     0     0  TxFail     0     0     0  RXSucc     2  1577     2  1575     0  RXFail     0     0     0     0  RXFailNoise     0     0     0     0  SYN     0     0     0     0  TXA     0     0     0     0  IdleSlost        0        0 
1 50 50 12  0.084 
 TxSucc     2     0     0  TxFail     0     0     0  RXSucc  3114 163394 83258 80136     0  RXFail   842   840     2     0  RXFailNoise   842   840     2     0  SYN     0     0     0     0  TXA     0     0     0     0  IdleSlost  1546819  1213201 
 0.084  0.084  0.000   TxSucc     2     0     0  TxFail     0     0     0  RXSucc     2  3008     2  3006     0  RXFail    10     0    10     0  RXFailNoise    10     0    10     0  SYN     0     0     0     0  TXA     0     0     0     0  IdleSlost        0        0 
1 50 50 13 -0.022 
 TxSucc     2     0     0  TxFail     0     0     0  RXSucc  3838 162726 83316 79410     0  RXFail   787   782     5     0  RXFailNoise   787   782     5     0  SYN     0     0     0     0  TXA     0     0     0     0  IdleSlost  1546819  1262229 
-0.022 -0.022  0.000   TxSucc     2     0     0  TxFail     0     0     0  RXSucc     2  3732     2  3730     0  RXFail     9     0     9     0  RXFailNoise     9     0     9     0  SYN     0     0     0     0  TXA     0     0     0     0  IdleSlost        0        0 
1 50 50 14 -0.126 
 TxSucc     2     0     0  TxFail     0     0     0  RXSucc  2584 163916 83249 80667     0  RXFail   851   849     2     0  RXFailNoise   851   849     2     0  SYN     0     0     0     0  TXA     0     0     0     0  IdleSlost  1546819  1272702 
-0.126 -0.126  0.000   TxSucc     2     0     0  TxFail     0     0     0  RXSucc     2  2485     2  2483     0  RXFail     2     0     2     0  RXFailNoise     2     0     2     0  SYN     0     0     0     0  TXA     0     0     0     0  IdleSlost        0        0 
1 50 50 15 -0.229 
 TxSucc     2     0     0  TxFail     0     0     0  RXSucc   397 166124 83275 82849     0  RXFail   830   823     7     0  RXFailNoise   830   823     7     0  SYN     0     0     0     0  TXA     0     0     0     0  IdleSlost  1546819  1291833 
-0.229 -0.229  0.000   TxSucc     2     0     0  TxFail     0     0     0  RXSucc     2   299     2   297     0  RXFail     1     0     1     0  RXFailNoise     1     0     1     0  SYN     0     0     0     0  TXA     0     0     0     0  IdleSlost        0        0 
1 50 50 16 -0.330 
 TxSucc     2     0     0  TxFail     0     0     0  RXSucc  2334 164209 83294 80915     0  RXFail   808   804     4     0  RXFailNoise   808   804     4     0  SYN     0     0     0     0  TXA     0     0     0     0  IdleSlost  1546819  1222370 
-0.330 -0.330  0.000   TxSucc     2     0     0  TxFail     0     0     0  RXSucc     2  2226     2  2224     0  RXFail    11     0    11     0  RXFailNoise    11     0    11     0  SYN     0     0     0     0  TXA     0     0     0     0  IdleSlost        0        0 
1 50 50 17 -0.431 
 TxSucc     2     0     0  TxFail     0     0     0  RXSucc  3566 162943 83262 79681     0  RXFail   842   836     6     0  RXFailNoise   842   836     6     0  SYN     0     0     0     0  TXA     0     0     0     0  IdleSlost  1546819  1264500 
-0.431 -0.431  0.000   TxSucc     2     0     0  TxFail     0     0     0  RXSucc     2  3457     2  3455     0  RXFail    12     0    12     0  RXFailNoise    12     0    12     0  SYN     0     0     0     0  TXA     0     0     0     0  IdleSlost        0        0 
1 50 50 18 -0.530 
 TxSucc     2     0     0  TxFail     0     0     0  RXSucc   217 166308 83278 83030     0  RXFail   825   820     5     0  RXFailNoise   825   820     5     0  SYN     0     0     0     0  TXA     0     0     0     0  IdleSlost  1546819  1293467 
-0.530 -0.530  0.000   TxSucc     2     0     0  TxFail     0     0     0  RXSucc     2   121     2   119     0  RXFail     0     0     0     0  RXFailNoise     0     0     0     0  SYN     0     0     0     0  TXA     0     0     0     0  IdleSlost        0        0 
1 50 50 19 -0.628 
 TxSucc     2     0     0  TxFail     0     0     0  RXSucc  1338 165076 83166 81910     0  RXFail   937   932     5     0  RXFailNoise   937   932     5     0  SYN     0     0     0     0  TXA     0     0     0     0  IdleSlost  1546819  1283694 
-0.628 -0.628  0.000   TxSucc     2     0     0  TxFail     0     0     0  RXSucc     2  1237     2  1235     0  RXFail     4     0     4     0  RXFailNoise     4     0     4     0  SYN     0     0     0     0  TXA     0     0     0     0  IdleSlost        0        0 
1 50 50 20 -0.725 
 TxSucc     2     0     0  TxFail     0     0     0  RXSucc   510 165954 83217 82737     0  RXFail   887   881     6     0  RXFailNoise   887   881     6     0  SYN     0     0     0     0  TXA     0     0     0     0  IdleSlost  1546819  1239547 
-0.725 -0.725  0.000   TxSucc     2     0     0  TxFail     0     0     0  RXSucc     2   413     2   411     0  RXFail     0     0     0     0  RXFailNoise     0     0     0     0  SYN     0     0     0     0  TXA     0     0     0     0  IdleSlost        0        0 
1 50 50 21 -0.821 
 TxSucc     2     0     0  TxFail     0     0     0  RXSucc  2899 163543 83199 80344     0  RXFail   908   899     9     0  RXFailNoise   908   899     9     0  SYN     0     0     0     0  TXA     0     0     0     0  IdleSlost  1546819  1269844 
-0.821 -0.821  0.000   TxSucc     2     0     0  TxFail     0     0     0  RXSucc     2  2792     2  2790     0  RXFail    11     0    11     0  RXFailNoise    11     0    11     0  SYN     0     0     0     0  TXA     0     0     0     0  IdleSlost        0        0 
1 50 50 22 -0.916 
 TxSucc     2     0     0  TxFail     0     0     0  RXSucc   873 165596 83224 82372     0  RXFail   881   874     7     0  RXFailNoise   881   874     7     0  SYN     0     0     0     0  TXA     0     0     0     0  IdleSlost  1546819  1287921 
-0.916 -0.916  0.000   TxSucc     2     0     0  TxFail     0     0     0  RXSucc     2   773     2   771     0  RXFail     4     0     4     0  RXFailNoise     4     0     4     0  SYN     0     0     0     0  TXA     0     0     0     0  IdleSlost        0        0 
1 50 50 23 -1.010 
 TxSucc     2     0     0  TxFail     0     0     0  RXSucc   556 165969 83276 82693     0  RXFail   826   822     4     0  RXFailNoise   826   822     4     0  SYN     0     0     0     0  TXA     0     0     0     0  IdleSlost  1546819  1290438 
-1.010 -1.010  0.000   TxSucc     2     0     0  TxFail     0     0     0  RXSucc     2   459     2   457     0  RXFail     0     0     0     0  RXFailNoise     0     0     0     0  SYN     0     0     0     0  TXA     0     0     0     0  IdleSlost        0        0 
1 50 50 24 -1.103 
 TxSucc     2     0     0  TxFail     0     0     0  RXSucc  1493 165032 83276 81756     0  RXFail   825   822     3     0  RXFailNoise   825   822     3     0  SYN     0     0     0     0  TXA     0     0     0     0  IdleSlost  1546819  1281977 
-1.103 -1.103  0.000   TxSucc     2     0     0  TxFail     0     0     0  RXSucc     2  1388     2  1386     0  RXFail     9     0     9     0  RXFailNoise     9     0     9     0  SYN     0     0     0     0  TXA     0     0     0     0  IdleSlost        0        0 
1 50 50 25 -1.195 
 TxSucc     2     0     0  TxFail     0     0     0  RXSucc   366 166180 83297 82883     0  RXFail   805   801     4     0  RXFailNoise   805   801     4     0  SYN     0     0     0     0  TXA     0     0     0     0  IdleSlost  1546819  1292119 
-1.195 -1.195  0.000   TxSucc     2     0     0  TxFail     0     0     0  RXSucc     2   267     2   265     0  RXFail     2     0     2     0  RXFailNoise     2     0     2     0  SYN     0     0     0     0  TXA     0     0     0     0  IdleSlost        0        0 
1 50 50 26 -1.286 
 TxSucc     2     0     0  TxFail     0     0     0  RXSucc   340 166138 83233 82905     0  RXFail   873   865     8     0  RXFailNoise   873   865     8     0  SYN     0     0     0     0  TXA     0     0     0     0  IdleSlost  1546819  1240615 
-1.286 -1.286  0.000   TxSucc     2     0     0  TxFail     0     0     0  RXSucc     2   242     2   240     0  RXFail     1     0     1     0  RXFailNoise     1     0     1     0  SYN     0     0     0     0  TXA     0     0     0     0  IdleSlost        0        0 
1 50 50 27 -1.376 
 TxSucc     2     0     0  TxFail     0     0     0  RXSucc  1093 165407 83251 82156     0  RXFail   851   847     4     0  RXFailNoise   851   847     4     0  SYN     0     0     0     0  TXA     0     0     0     0  IdleSlost  1546819  1285912 
-1.376 -1.376  0.000   TxSucc     2     0     0  TxFail     0     0     0  RXSucc     2   991     2   989     0  RXFail     5     0     5     0  RXFailNoise     5     0     5     0  SYN     0     0     0     0  TXA     0     0     0     0  IdleSlost        0        0 
1 50 50 28 -1.465 
 TxSucc     2     0     0  TxFail     0     0     0  RXSucc   522 166030 83307 82723     0  RXFail   797   791     6     0  RXFailNoise   797   791     6     0  SYN     0     0     0     0  TXA     0     0     0     0  IdleSlost  1546819  1290749 
-1.465 -1.465  0.000   TxSucc     2     0     0  TxFail     0     0     0  RXSucc     2   425     2   423     0  RXFail     2     0     2     0  RXFailNoise     2     0     2     0  SYN     0     0     0     0  TXA     0     0     0     0  IdleSlost        0        0 
1 50 50 29 -1.553 
 TxSucc     2     0     0  TxFail     0     0     0  RXSucc  6166 160299 83219 77080     0  RXFail   885   879     6     0  RXFailNoise   885   879     6     0  SYN     0     0     0     0  TXA     0     0     0     0  IdleSlost  1546819  1241365 
-1.553 -1.553  0.000   TxSucc     2     0     0  TxFail     0     0     0  RXSucc     2  6021     2  6019     0  RXFail    49     0    49     0  RXFailNoise    49     0    49     0  SYN     0     0     0     0  TXA     0     0     0     0  IdleSlost        0        0 
1 50 50 30 -1.640 
 TxSucc     2     0     0  TxFail     0     0     0  RXSucc   427 166093 83269 82824     0  RXFail   830   829     1     0  RXFailNoise   830   829     1     0  SYN     0     0     0     0  TXA     0     0     0     0  IdleSlost  1546819  1291635 
-1.640 -1.640  0.000   TxSucc     2     0     0  TxFail     0     0     0  RXSucc     2   331     2   329     0  RXFail     0     0     0     0  RXFailNoise     0     0     0     0  SYN     0     0     0     0  TXA     0     0     0     0  IdleSlost        0        0 
1 50 50 31 -1.727 
 TxSucc     2     0     0  TxFail     0     0     0  RXSucc  4456 162032 83241 78791     0  RXFail   860   857     3     0  RXFailNoise   860   857     3     0  SYN     0     0     0     0  TXA     0     0     0     0  IdleSlost  1546819  1256402 
-1.727 -1.727  0.000   TxSucc     2     0     0  TxFail     0     0     0  RXSucc     2  4327     2  4325     0  RXFail    35     0    35     0  RXFailNoise    35     0    35     0  SYN     0     0     0     0  TXA     0     0     0     0  IdleSlost        0        0 
1 50 50 32 -1.812 
 TxSucc     2     0     0  TxFail     0     0     0  RXSucc  2147 164332 83235 81097     0  RXFail   867   863     4     0  RXFailNoise   867   863     4     0  SYN     0     0     0     0  TXA     0     0     0     0  IdleSlost  1546819  1276357 
-1.812 -1.812  0.000   TxSucc     2     0     0  TxFail     0     0     0  RXSucc     2  2035     2  2033     0  RXFail    20     0    20     0  RXFailNoise    20     0    20     0  SYN     0     0     0     0  TXA     0     0     0     0  IdleSlost        0        0 
1 50 50 33 -1.897 
 TxSucc     2     1     0  TxFail     0     0     1  RXSucc  1052 165411 83216 82195     0  RXFail   887   881     6     0  RXFailNoise   887   881     6     0  SYN     0     0     0     0  TXA     0     0     0     0  IdleSlost  1546816  1285900 
-1.897 -1.897  0.000   TxSucc     2     1     0  TxFail     0     0     1  RXSucc     2   946     2   944     0  RXFail    10     1     9     0  RXFailNoise    10     1     9     0  SYN     0     0     0     0  TXA     0     0     0     0  IdleSlost        0        0 
1 50 50 34 -1.981 
 TxSucc     2     0     0  TxFail     0     0     0  RXSucc   371 166167 83292 82875     0  RXFail   813   806     7     0  RXFailNoise   813   806     7     0  SYN     0     0     0     0  TXA     0     0     0     0  IdleSlost  1546819  1292102 
-1.981 -1.981  0.000   TxSucc     2     0     0  TxFail     0     0     0  RXSucc     2   271     2   269     0  RXFail     3     0     3     0  RXFailNoise     3     0     3     0  SYN     0     0     0     0  TXA     0     0     0     0  IdleSlost        0        0 
1 50 50 35 -2.064 
 TxSucc     2     0     0  TxFail     0     0     0  RXSucc  4303 162197 83257 78940     0  RXFail   850   841     9     0  RXFailNoise   850   841     9     0  SYN     0     0     0     0  TXA     0     0     0     0  IdleSlost  1546819  1257601 
-2.064 -2.064  0.000   TxSucc     2     0     0  TxFail     0     0     0  RXSucc     2  4172     2  4170     0  RXFail    35     0    35     0  RXFailNoise    35     0    35     0  SYN     0     0     0     0  TXA     0     0     0     0  IdleSlost        0        0 
1 50 50 36 -2.146 
 TxSucc     2     0     0  TxFail     0     0     0  RXSucc   329 166133 83213 82920     0  RXFail   888   885     3     0  RXFailNoise   888   885     3     0  SYN     0     0     0     0  TXA     0     0     0     0  IdleSlost  1546819  1292482 
-2.146 -2.146  0.000   TxSucc     2     0     0  TxFail     0     0     0  RXSucc     2   232     2   230     0  RXFail     1     0     1     0  RXFailNoise     1     0     1     0  SYN     0     0     0     0  TXA     0     0     0     0  IdleSlost        0        0 
1 50 50 37 -2.228 
 TxSucc     2     0     0  TxFail     0     0     0  RXSucc  1764 164710 83235 81475     0  RXFail   876   863    13     0  RXFailNoise   876   863    13     0  SYN     0     0     0     0  TXA     0     0     0     0  IdleSlost  1546819  1227118 
-2.228 -2.228  0.000   TxSucc     2     0     0  TxFail     0     0     0  RXSucc     2  1648     2  1646     0  RXFail    20     0    20     0  RXFailNoise    20     0    20     0  SYN     0     0     0     0  TXA     0     0     0     0  IdleSlost        0        0 
1 50 50 38 -2.309 
 TxSucc     2     0     0  TxFail     0     0     0  RXSucc   497 165992 83248 82744     0  RXFail   861   850    11     0  RXFailNoise   861   850    11     0  SYN     0     0     0     0  TXA     0     0     0     0  IdleSlost  1546819  1290914 
-2.309 -2.309  0.000   TxSucc     2     0     0  TxFail     0     0     0  RXSucc     2   397     2   395     0  RXFail     4     0     4     0  RXFailNoise     4     0     4     0  SYN     0     0     0     0  TXA     0     0     0     0  IdleSlost        0        0 
1 50 50 39 -2.389 
 TxSucc     2     0     0  TxFail     0     0     0  RXSucc  1327 165148 83226 81922     0  RXFail   875   872     3     0  RXFailNoise   875   872     3     0  SYN     0     0     0     0  TXA     0     0     0     0  IdleSlost  1546819  1283739 
-2.389 -2.389  0.000   TxSucc     2     0     0  TxFail     0     0     0  RXSucc     2  1217     2  1215     0  RXFail    14     0    14     0  RXFailNoise    14     0    14     0  SYN     0     0     0     0  TXA     0     0     0     0  IdleSlost        0        0 
1 50 50 40 -2.468 
 TxSucc     2     0     0  TxFail     0     0     0  RXSucc  1995 164530 83280 81250     0  RXFail   825   818     7     0  RXFailNoise   825   818     7     0  SYN     0     0     0     0  TXA     0     0     0     0  IdleSlost  1546819  1278099 
-2.468 -2.468  0.000   TxSucc     2     0     0  TxFail     0     0     0  RXSucc     2  1876     2  1874     0  RXFail    23     0    23     0  RXFailNoise    23     0    23     0  SYN     0     0     0     0  TXA     0     0     0     0  IdleSlost        0        0 
1 50 50 41 -2.547 
 TxSucc     2     0     0  TxFail     0     0     0  RXSucc  2706 163718 83182 80536     0  RXFail   927   916    11     0  RXFailNoise   927   916    11     0  SYN     0     0     0     0  TXA     0     0     0     0  IdleSlost  1546819  1271834 
-2.547 -2.547  0.000   TxSucc     2     0     0  TxFail     0     0     0  RXSucc     2  2582     2  2580     0  RXFail    27     0    27     0  RXFailNoise    27     0    27     0  SYN     0     0     0     0  TXA     0     0     0     0  IdleSlost        0        0 
1 50 50 42 -2.625 
 TxSucc     2     0     0  TxFail     0     0     0  RXSucc  2328 164203 83286 80917     0  RXFail   819   812     7     0  RXFailNoise   819   812     7     0  SYN     0     0     0     0  TXA     0     0     0     0  IdleSlost  1546819  1275252 
-2.625 -2.625  0.000   TxSucc     2     0     0  TxFail     0     0     0  RXSucc     2  2212     2  2210     0  RXFail    20     0    20     0  RXFailNoise    20     0    20     0  SYN     0     0     0     0  TXA     0     0     0     0  IdleSlost        0        0 
1 50 50 43 -2.702 
 TxSucc     2     0     0  TxFail     0     0     0  RXSucc  1454 165025 83234 81791     0  RXFail   871   864     7     0  RXFailNoise   871   864     7     0  SYN     0     0     0     0  TXA     0     0     0     0  IdleSlost  1546819  1283059 
-2.702 -2.702  0.000   TxSucc     2     0     0  TxFail     0     0     0  RXSucc     2  1351     2  1349     0  RXFail     7     0     7     0  RXFailNoise     7     0     7     0  SYN     0     0     0     0  TXA     0     0     0     0  IdleSlost        0        0 
1 50 50 44 -2.778 
 TxSucc     2     0     0  TxFail     0     0     0  RXSucc   365 166151 83275 82876     0  RXFail   834   823    11     0  RXFailNoise   834   823    11     0  SYN     0     0     0     0  TXA     0     0     0     0  IdleSlost  1546819  1291975 
-2.778 -2.778  0.000   TxSucc     2     0     0  TxFail     0     0     0  RXSucc     2   267     2   265     0  RXFail     2     0     2     0  RXFailNoise     2     0     2     0  SYN     0     0     0     0  TXA     0     0     0     0  IdleSlost        0        0 
1 50 50 45 -2.854 
 TxSucc     2     1     0  TxFail     0     0     1  RXSucc   474 165993 83224 82769     0  RXFail   882   873     9     0  RXFailNoise   882   873     9     0  SYN     0     0     0     0  TXA     0     0     0     0  IdleSlost  1546816  1291294 
-2.854 -2.854  0.000   TxSucc     2     1     0  TxFail     0     0     1  RXSucc     2   374     2   372     0  RXFail     5     1     4     0  RXFailNoise     5     1     4     0  SYN     0     0     0     0  TXA     0     0     0     0  IdleSlost        0        0 
1 50 50 46 -2.929 
 TxSucc     2     0     0  TxFail     0     0     0  RXSucc   965 165552 83271 82281     0  RXFail   834   827     7     0  RXFailNoise   834   827     7     0  SYN     0     0     0     0  TXA     0     0     0     0  IdleSlost  1546819  1286830 
-2.929 -2.929  0.000   TxSucc     2     0     0  TxFail     0     0     0  RXSucc     2   862     2   860     0  RXFail     6     0     6     0  RXFailNoise     6     0     6     0  SYN     0     0     0     0  TXA     0     0     0     0  IdleSlost        0        0 
1 50 50 47 -3.004 
 TxSucc     2     0     0  TxFail     0     0     0  RXSucc  2761 163739 83263 80476     0  RXFail   850   835    15     0  RXFailNoise   850   835    15     0  SYN     0     0     0     0  TXA     0     0     0     0  IdleSlost  1546819  1271294 
-3.004 -3.004  0.000   TxSucc     2     0     0  TxFail     0     0     0  RXSucc     2  2629     2  2627     0  RXFail    36     0    36     0  RXFailNoise    36     0    36     0  SYN     0     0     0     0  TXA     0     0     0     0  IdleSlost        0        0 
1 50 50 48 -3.078 
 TxSucc     2     0     0  TxFail     0     0     0  RXSucc  1615 164872 83251 81621     0  RXFail   863   847    16     0  RXFailNoise   863   847    16     0  SYN     0     0     0     0  TXA     0     0     0     0  IdleSlost  1546819  1281059 
-3.078 -3.078  0.000   TxSucc     2     0     0  TxFail     0     0     0  RXSucc     2  1497     2  1495     0  RXFail    22     0    22     0  RXFailNoise    22     0    22     0  SYN     0     0     0     0  TXA     0     0     0     0  IdleSlost        0        0 
1 50 50 49 -3.151 
 TxSucc     2     0     0  TxFail     0     0     0  RXSucc  8825 157635 83233 74402     0  RXFail   890   865    25     0  RXFailNoise   890   865    25     0  SYN     0     0     0     0  TXA     0     0     0     0  IdleSlost  1546819  1219121 
-3.151 -3.151  0.000   TxSucc     2     0     0  TxFail     0     0     0  RXSucc     2  8650     2  8648     0  RXFail    79     0    79     0  RXFailNoise    79     0    79     0  SYN     0     0     0     0  TXA     0     0     0     0  IdleSlost        0        0 
1 50 50 50 -3.224 
 TxSucc     2     0     0  TxFail     0     0     0  RXSucc  1345 165131 83234 81897     0  RXFail   875   864    11     0  RXFailNoise   875   864    11     0  SYN     0     0     0     0  TXA     0     0     0     0  IdleSlost  1546819  1283643 
-3.224 -3.224  0.000   TxSucc     2     0     0  TxFail     0     0     0  RXSucc     2  1231     2  1229     0  RXFail    17     0    17     0  RXFailNoise    17     0    17     0  SYN     0     0     0     0  TXA     0     0     0     0  IdleSlost        0        0 
