1.09154550 1 0 1
1.12204450 1 0 2
1.12919633 1 0 3
1.13674650 1 0 4
1.19326150 1 0 5
1.20098283 1 0 6
1.21030517 1 0 7
33.93167042 1 0 6
33.98134710 1 0 7
34.01097093 1 0 6
34.11813415 1 0 7
34.31436295 1 0 6
34.37362489 1 0 7
34.41010478 1 0 6
34.45649899 1 0 7
34.58105591 1 0 6
34.70111082 1 0 7
34.79136719 1 0 6
34.85446986 1 0 7
34.94219249 1 0 6
35.00906507 1 0 7
35.02781704 1 0 6
35.11424800 1 0 7
35.14403442 1 0 6
35.19061771 1 0 7
35.21444322 1 0 6
35.29807682 1 0 7
35.32912807 1 0 6
35.39580647 1 0 7
35.41482679 1 0 6
35.53499684 1 0 7
35.57208810 1 0 6
35.64004474 1 0 7
35.67266269 1 0 6
35.77048887 1 0 7
35.81529317 1 0 6
35.90809921 1 0 7
35.92955526 1 0 6
36.07220222 1 0 7
36.11765047 1 0 6
36.45170834 1 0 7
36.51522032 1 0 6
36.65780094 1 0 7
36.68652830 1 0 6
37.66444516 1 0 7
37.69768536 1 0 6
38.15219913 1 0 7
38.17574124 1 0 6
39.03413392 1 0 5
39.45272277 1 0 6
39.56123403 1 0 5
39.84644768 1 0 6
39.87597989 1 0 5
40.21080693 1 0 6
40.32861308 1 0 5
40.66046907 1 0 6
40.70679353 1 0 5
40.85738759 1 0 6
40.88938528 1 0 5
41.15650995 1 0 6
41.19366772 1 0 5
41.52677175 1 0 6
41.55388941 1 0 5
41.84728806 1 0 6
41.87363137 1 0 5
42.30125947 1 0 6
42.34130450 1 0 5
42.54735051 1 0 6
42.58361313 1 0 5
42.73246004 1 0 6
42.75737073 1 0 5
43.08909416 1 0 6
43.12465935 1 0 5
43.30559927 1 0 6
43.33301973 1 0 5
43.49818410 1 0 6
43.52665414 1 0 5
43.93991747 1 0 6
43.96607349 1 0 5
44.11271424 1 0 6
44.13325058 1 0 5
45.03151091 1 0 6
45.06937102 1 0 5
45.48267957 1 0 6
45.51252966 1 0 5
45.92353589 1 0 6
45.96588694 1 0 5
46.13642786 1 0 6
46.17074566 1 0 5
46.32738612 1 0 6
46.35707140 1 0 5
46.57401083 1 0 6
46.60692480 1 0 5
46.85343678 1 0 6
46.89116496 1 0 5
47.24874176 1 0 6
47.28209337 1 0 5
47.79311163 1 0 6
47.82058073 1 0 5
48.16418291 1 0 6
48.19491861 1 0 5
48.39874472 1 0 6
48.43056848 1 0 5
48.69501351 1 0 6
48.73670555 1 0 5
48.92964638 1 0 6
48.96411070 1 0 5
49.32703757 1 0 6
49.36339210 1 0 5
49.62557825 1 0 6
49.65509986 1 0 5
49.93563453 1 0 6
49.96288323 1 0 5
50.40363989 1 0 6
50.43242999 1 0 5
50.56647437 1 0 6
50.60339322 1 0 5
50.76981264 1 0 6
50.78791027 1 0 5
50.98388585 1 0 6
51.00486373 1 0 5
51.41441969 1 0 6
51.43599595 1 0 5
52.28844783 1 0 6
52.31110878 1 0 5
52.48495055 1 0 6
52.52818050 1 0 5
52.91936940 1 0 6
52.94765547 1 0 5
53.09061692 1 0 6
53.15593641 1 0 5
53.33107371 1 0 6
53.35491286 1 0 5
53.63220907 1 0 6
53.66505934 1 0 5
53.96771565 1 0 6
53.99060779 1 0 5
54.29583454 1 0 6
54.33192786 1 0 5
54.78264726 1 0 6
54.80415717 1 0 5
55.18867570 1 0 6
55.21675065 1 0 5
55.41163586 1 0 6
55.43827451 1 0 5
55.53983037 1 0 6
55.58585750 1 0 5
55.70488477 1 0 6
55.73404050 1 0 5
55.83287154 1 0 6
55.86711139 1 0 5
55.98456960 1 0 6
56.01758062 1 0 5
56.17153026 1 0 6
56.20327492 1 0 5
56.36393050 1 0 6
56.38967500 1 0 5
56.63978910 1 0 6
56.67843508 1 0 5
56.79465795 1 0 6
56.82554299 1 0 5
56.93911300 1 0 6
56.95764153 1 0 5
57.03955256 1 0 6
57.06348813 1 0 5
57.19685306 1 0 6
57.23088042 1 0 5
57.44072961 1 0 6
57.45831435 1 0 5
57.52604618 1 0 4
57.59475481 1 0 5
57.76932834 1 0 6
57.79110626 1 0 5
57.94058715 1 0 6
57.96916808 1 0 5
58.32090491 1 0 6
58.34998015 1 0 5
58.59857122 1 0 6
58.62025712 1 0 5
58.72793402 1 0 6
58.74961840 1 0 5
58.91866604 1 0 6
58.93610665 1 0 5
59.01342442 1 0 6
59.03472322 1 0 5
59.19170289 1 0 6
59.22761680 1 0 5
59.37196753 1 0 6
59.39714341 1 0 5
59.47596701 1 0 6
59.49675311 1 0 5
59.56571225 1 0 6
59.59256701 1 0 5
59.69132925 1 0 6
59.71048169 1 0 5
59.81552410 1 0 6
59.84666459 1 0 5
59.93201751 1 0 6
59.96934228 1 0 5
60.02802459 1 0 6
60.03186259 1 0 5
60.27225839 1 0 6
60.29842015 1 0 5
60.45094253 1 0 6
60.47557232 1 0 5
60.60318259 1 0 6
60.63847579 1 0 5
60.75183265 1 0 6
60.78244363 1 0 5
60.98562709 1 0 6
61.01366404 1 0 5
61.16241738 1 0 6
61.17980700 1 0 5
61.27807805 1 0 6
61.31119037 1 0 5
61.58926985 1 0 6
61.61125970 1 0 5
61.77998549 1 0 6
61.84648530 1 0 5
61.99356034 1 0 6
62.02328973 1 0 5
62.20260403 1 0 6
62.24167450 1 0 5
62.40392408 1 0 6
62.42501378 1 0 5
62.56945595 1 0 6
62.60376580 1 0 5
62.73757173 1 0 6
62.76740808 1 0 5
63.01061031 1 0 6
63.03059768 1 0 5
63.37582921 1 0 6
63.39660718 1 0 5
63.59306627 1 0 6
63.63779361 1 0 5
63.86511761 1 0 6
63.90839685 1 0 5
67.94719637 1 0 4
68.17501751 1 0 5
68.38219278 1 0 4
69.08209974 1 0 5
69.23395215 1 0 4
69.38713604 1 0 5
69.47455066 1 0 4
69.77126459 1 0 5
69.80612899 1 0 4
70.03749292 1 0 5
70.15519204 1 0 4
70.44043276 1 0 5
70.48269473 1 0 4
70.76355439 1 0 5
70.84286489 1 0 4
71.07023480 1 0 5
71.12960408 1 0 4
71.29894782 1 0 5
71.32779526 1 0 4
71.80344564 1 0 5
71.83489968 1 0 4
72.13276916 1 0 5
72.17729949 1 0 4
72.68710696 1 0 5
72.75691275 1 0 4
73.23738314 1 0 5
73.25977409 1 0 4
73.71397312 1 0 5
73.75078020 1 0 4
74.21379265 1 0 5
74.24342057 1 0 4
74.55109047 1 0 5
74.58759935 1 0 4
74.92714964 1 0 5
74.96390159 1 0 4
75.30609689 1 0 5
75.34035370 1 0 4
75.50734019 1 0 5
75.52797197 1 0 4
75.66169267 1 0 5
75.69478339 1 0 4
76.01305347 1 0 5
76.05137136 1 0 4
76.25239440 1 0 5
76.27867036 1 0 4
76.44596983 1 0 5
76.47211494 1 0 4
76.82861664 1 0 5
76.84378474 1 0 4
76.99208796 1 0 5
77.02414617 1 0 4
77.21966488 1 0 5
77.25474421 1 0 4
77.41126859 1 0 5
77.45324833 1 0 4
77.61493106 1 0 5
77.63940886 1 0 4
78.01553494 1 0 5
78.04195719 1 0 4
78.30351267 1 0 5
78.32043702 1 0 4
78.82127822 1 0 5
78.85974695 1 0 4
78.97030297 1 0 5
79.01235356 1 0 4
79.12417434 1 0 5
79.15177264 1 0 4
79.30954387 1 0 5
79.33305387 1 0 4
79.53155476 1 0 5
79.56013935 1 0 4
79.73246296 1 0 5
79.75668247 1 0 4
80.44204851 1 0 5
80.48008474 1 0 4
80.92975070 1 0 5
80.96837292 1 0 4
81.14915862 1 0 5
81.18194108 1 0 4
81.54197593 1 0 5
81.57629652 1 0 4
81.74828216 1 0 5
81.78428693 1 0 4
82.34424124 1 0 5
82.37276455 1 0 4
82.55755217 1 0 5
82.58333872 1 0 4
82.88595784 1 0 5
82.91450763 1 0 4
83.13851766 1 0 5
83.17093202 1 0 4
83.33508065 1 0 5
83.37671482 1 0 4
83.51138987 1 0 5
83.54078696 1 0 4
83.67459365 1 0 5
83.70442349 1 0 4
83.92524960 1 0 5
83.95862473 1 0 4
84.17673114 1 0 5
84.19882416 1 0 4
84.35954397 1 0 5
84.38695497 1 0 4
84.51400436 1 0 5
84.54359181 1 0 4
84.65328330 1 0 5
84.67103955 1 0 4
84.82911011 1 0 5
84.84754684 1 0 4
85.00155065 1 0 5
85.03330195 1 0 4
85.29573602 1 0 5
85.32556688 1 0 4
85.42831300 1 0 5
85.44361295 1 0 4
85.83570119 1 0 5
85.86761017 1 0 4
85.94852180 1 0 5
85.97721712 1 0 4
86.24414575 1 0 5
86.26501622 1 0 4
86.39077680 1 0 5
86.41305780 1 0 4
86.71074654 1 0 5
86.73932974 1 0 4
86.85275629 1 0 5
86.89550140 1 0 4
87.04053615 1 0 5
87.07278835 1 0 4
87.23300491 1 0 5
87.27057235 1 0 4
87.46471571 1 0 5
87.49960464 1 0 4
87.83807288 1 0 5
87.86739856 1 0 4
88.05687477 1 0 5
88.07894446 1 0 4
88.44736987 1 0 5
88.48925228 1 0 4
88.97241399 1 0 5
89.01129792 1 0 4
89.28748614 1 0 5
89.32801490 1 0 4
89.53450800 1 0 5
89.57843431 1 0 4
90.27277450 1 0 5
90.31038663 1 0 4
91.43512093 1 0 5
91.46652258 1 0 4
92.00003152 1 0 5
92.04283074 1 0 4
93.50506584 1 0 5
93.53575724 1 0 4
94.52837464 1 0 3
94.93210967 1 0 4
95.42890154 1 0 3
95.62436839 1 0 4
96.81252506 1 0 3
96.99790078 1 0 4
97.18865377 1 0 3
97.45801008 1 0 4
97.49694919 1 0 3
97.80595609 1 0 4
98.30426796 1 0 3
98.51377757 1 0 4
98.63753329 1 0 3
98.94824272 1 0 4
99.04857907 1 0 3
99.33483244 1 0 4
99.44021652 1 0 3
99.79524904 1 0 4
99.95716175 1 0 3
100.33780442 1 0 4
100.42557002 1 0 3
100.66396871 1 0 4
100.72940135 1 0 3
100.87292909 1 0 4
100.91564444 1 0 3
101.22627240 1 0 4
101.27202219 1 0 3
101.80733258 1 0 4
101.90151026 1 0 3
102.18721143 1 0 4
102.28198932 1 0 3
102.44605727 1 0 4
102.46957324 1 0 3
102.74195700 1 0 4
102.80034415 1 0 3
103.06568725 1 0 4
103.12117960 1 0 3
103.38470317 1 0 4
103.48410840 1 0 3
103.99223215 1 0 4
104.05430674 1 0 3
104.71028632 1 0 4
104.75162459 1 0 3
105.01347603 1 0 4
105.08215679 1 0 3
105.59666043 1 0 4
105.63640516 1 0 3
105.86305698 1 0 4
105.92128064 1 0 3
106.14614087 1 0 4
106.20754445 1 0 3
106.43327640 1 0 4
106.47949465 1 0 3
106.91811694 1 0 4
107.01867161 1 0 3
107.24126957 1 0 4
107.30333214 1 0 3
107.58419905 1 0 4
107.70506097 1 0 3
108.03991754 1 0 4
108.11020963 1 0 3
108.45079445 1 0 4
108.49132779 1 0 3
108.75407533 1 0 4
108.81455487 1 0 3
109.00882536 1 0 4
109.06808108 1 0 3
109.31479102 1 0 4
109.33507788 1 0 3
109.72744221 1 0 4
109.76981143 1 0 3
109.97544713 1 0 4
110.00655373 1 0 3
110.91400833 1 0 4
110.96031224 1 0 3
111.32888110 1 0 4
111.37085068 1 0 3
111.61134245 1 0 4
111.68386167 1 0 3
112.04044485 1 0 4
112.08567892 1 0 3
112.43541956 1 0 4
112.55799776 1 0 3
113.09224681 1 0 4
113.15138212 1 0 3
113.40984657 1 0 4
113.64980568 1 0 3
113.98923274 1 0 4
114.16257011 1 0 3
114.54375284 1 0 4
114.72006326 1 0 3
114.94015681 1 0 4
115.02888877 1 0 3
115.26847289 1 0 4
115.38605700 1 0 3
115.75858625 1 0 4
115.85022023 1 0 3
116.07908077 1 0 4
116.10506818 1 0 3
116.28960553 1 0 4
116.32160181 1 0 3
116.49664939 1 0 4
116.53384570 1 0 3
116.77527646 1 0 4
116.81621782 1 0 3
117.20598682 1 0 4
117.26668077 1 0 3
117.55224031 1 0 4
117.64462253 1 0 3
118.24303688 1 0 4
118.34195519 1 0 3
118.87690303 1 0 4
118.90639418 1 0 3
119.14328713 1 0 4
119.37966810 1 0 3
119.88642980 1 0 4
119.91594733 1 0 3
120.11037612 1 0 4
120.20270791 1 0 3
120.63023601 1 0 4
120.70785532 1 0 3
121.17894668 1 0 4
121.22795246 1 0 3
121.64821327 1 0 4
121.74388167 1 0 3
122.17905460 1 0 4
122.20448431 1 0 3
122.38766677 1 0 4
122.42315270 1 0 3
123.27652381 1 0 4
123.35149657 1 0 3
123.70731110 1 0 4
123.73732066 1 0 3
124.09924055 1 0 4
124.15267216 1 0 3
124.62455059 1 0 4
124.84028955 1 0 3
125.37764812 1 0 4
125.42027848 1 0 3
125.66412057 1 0 4
125.69960378 1 0 3
125.84415739 1 0 4
125.86424415 1 0 3
126.37945596 1 0 4
126.46766499 1 0 3
126.75691819 1 0 4
126.83322697 1 0 3
127.07524791 1 0 4
127.23421386 1 0 3
127.56876332 1 0 4
127.62929718 1 0 3
127.86354155 1 0 4
127.94412912 1 0 3
128.16757285 1 0 4
128.20587536 1 0 3
128.59300903 1 0 4
128.79612227 1 0 3
129.02473561 1 0 4
129.05944911 1 0 3
129.55764466 1 0 4
129.60133059 1 0 3
129.89305866 1 0 4
129.91738285 1 0 3
130.07552985 1 0 4
130.20433384 1 0 3
130.39042398 1 0 4
130.50710643 1 0 3
130.66160854 1 0 4
130.68785753 1 0 3
131.01899923 1 0 4
131.06812913 1 0 3
131.55340074 1 0 4
131.63967824 1 0 3
131.86381097 1 0 4
131.91761111 1 0 3
132.41510400 1 0 4
132.49148544 1 0 3
133.12817758 1 0 4
133.19908722 1 0 3
133.63845964 1 0 4
133.71235385 1 0 3
134.45783189 1 0 4
134.49991199 1 0 3
134.79104477 1 0 4
134.81830014 1 0 3
135.04512884 1 0 4
135.18339531 1 0 3
135.50985098 1 0 4
135.54021794 1 0 3
135.75170705 1 0 4
135.82903124 1 0 3
136.08689955 1 0 4
136.16436587 1 0 3
136.38791966 1 0 4
136.45577087 1 0 3
136.69575747 1 0 4
136.75595010 1 0 3
136.94032972 1 0 4
136.97463378 1 0 3
137.24022259 1 0 4
137.25613905 1 0 3
137.48923622 1 0 4
137.60456162 1 0 3
137.96341032 1 0 4
137.99733737 1 0 3
138.15705435 1 0 4
138.33776045 1 0 3
138.55489778 1 0 4
138.59175652 1 0 3
139.22694036 1 0 4
139.26377193 1 0 3
139.71024934 1 0 4
139.87621878 1 0 3
140.22582696 1 0 4
140.26212794 1 0 3
140.47888388 1 0 4
140.50173780 1 0 3
140.90344371 1 0 4
140.96617984 1 0 3
141.11449792 1 0 4
141.16124579 1 0 3
141.31359995 1 0 4
141.34877127 1 0 3
141.53330765 1 0 4
141.61909465 1 0 3
142.30247232 1 0 4
142.38447924 1 0 3
142.61224137 1 0 4
142.66210295 1 0 3
142.86074004 1 0 4
142.89572616 1 0 3
143.09144740 1 0 4
143.12247726 1 0 3
143.29844085 1 0 4
143.36949530 1 0 3
143.76903458 1 0 4
143.82886236 1 0 3
144.12166934 1 0 4
144.16170386 1 0 3
144.70099825 1 0 4
144.73174687 1 0 3
144.95169744 1 0 4
144.98223803 1 0 3
145.28765969 1 0 4
145.31230582 1 0 3
145.60231451 1 0 4
145.62728448 1 0 3
145.81562438 1 0 4
145.96282708 1 0 3
146.57475857 1 0 4
146.67924220 1 0 3
146.82200785 1 0 4
146.91096987 1 0 3
147.22847905 1 0 4
147.34962535 1 0 3
147.66736036 1 0 4
147.73900626 1 0 3
148.06959398 1 0 4
148.09979224 1 0 3
148.57623331 1 0 4
148.62333882 1 0 3
148.82802700 1 0 4
148.90440347 1 0 3
149.21754884 1 0 4
149.29236634 1 0 3
149.55781795 1 0 4
149.58936695 1 0 3
149.83949457 1 0 4
149.88131915 1 0 3
150.49382999 1 0 4
150.57785682 1 0 3
150.82502320 1 0 4
150.95377825 1 0 3
151.14885183 1 0 4
151.19324698 1 0 3
151.40915701 1 0 4
151.48597330 1 0 3
151.64743859 1 0 4
151.68153438 1 0 3
151.88685576 1 0 4
151.92428086 1 0 3
152.11074535 1 0 4
152.24455493 1 0 3
152.57614239 1 0 4
152.60887694 1 0 3
152.78810403 1 0 4
152.81420877 1 0 3
153.03362531 1 0 4
153.12087479 1 0 3
153.68067517 1 0 4
153.71209304 1 0 3
154.02657809 1 0 4
154.08862414 1 0 3
154.42507205 1 0 4
154.48734702 1 0 3
155.10070712 1 0 4
155.17026089 1 0 3
155.55626776 1 0 4
155.62657658 1 0 3
156.15799762 1 0 4
156.19278344 1 0 3
156.44097651 1 0 4
156.52471449 1 0 3
156.99277807 1 0 4
157.02813168 1 0 3
157.28201879 1 0 4
157.32165927 1 0 3
157.48367540 1 0 4
157.52745995 1 0 3
157.75866686 1 0 4
157.81711351 1 0 3
158.09110027 1 0 4
158.34660022 1 0 3
158.90478850 1 0 4
158.93780403 1 0 3
159.20096840 1 0 4
159.29824132 1 0 3
159.77356980 1 0 4
159.80030229 1 0 3
160.23724135 1 0 4
160.39617395 1 0 3
160.71633917 1 0 4
160.86896168 1 0 3
161.10471928 1 0 4
161.20258895 1 0 3
161.43467509 1 0 4
161.51961943 1 0 3
162.03315528 1 0 4
162.10559852 1 0 3
162.57547596 1 0 4
162.63006692 1 0 3
162.89408680 1 0 4
162.94953923 1 0 3
163.14787116 1 0 4
163.18028332 1 0 3
163.77446248 1 0 4
163.80975553 1 0 3
164.36561219 1 0 4
164.39665220 1 0 3
164.59914814 1 0 4
164.68593250 1 0 3
165.06809472 1 0 4
165.22548001 1 0 3
165.38583439 1 0 4
165.42751001 1 0 3
165.86020836 1 0 4
165.99931262 1 0 3
166.17019827 1 0 4
166.21808778 1 0 3
166.53515591 1 0 4
166.59058603 1 0 3
166.81773873 1 0 4
167.09095780 1 0 3
167.28862097 1 0 4
167.46395302 1 0 3
168.64746884 1 0 4
168.71755235 1 0 3
168.88544671 1 0 4
168.95577537 1 0 3
169.11509698 1 0 4
169.18970184 1 0 3
169.49329585 1 0 4
169.56043787 1 0 3
169.82800186 1 0 4
169.88680020 1 0 3
170.20382112 1 0 4
170.33797246 1 0 3
170.69906664 1 0 4
170.81951005 1 0 3
170.98179483 1 0 4
171.01247329 1 0 3
171.29673213 1 0 4
171.37956122 1 0 3
171.59495950 1 0 4
171.65074586 1 0 3
171.92220083 1 0 4
171.97566510 1 0 3
172.20955267 1 0 4
172.37177169 1 0 3
173.57170270 1 0 4
173.81082039 1 0 3
174.52704224 1 0 4
174.71023330 1 0 3
174.95410930 1 0 4
175.14440939 1 0 3
175.63602214 1 0 4
175.71568308 1 0 3
175.81431698 1 0 4
175.96141275 1 0 3
176.24190083 1 0 4
176.34066482 1 0 3
176.50442395 1 0 4
176.57206438 1 0 3
176.75292797 1 0 4
176.81001523 1 0 3
177.38469056 1 0 4
177.47972881 1 0 3
178.87606203 1 0 4
178.97828691 1 0 3
179.27745663 1 0 4
179.32695342 1 0 3
179.71268661 1 0 4
179.74755235 1 0 3
179.98983808 1 0 4
180.04677878 1 0 3
180.64745098 1 0 4
180.74446649 1 0 3
180.90116894 1 0 4
180.96966009 1 0 3
181.27789159 1 0 4
181.33010659 1 0 3
181.51424760 1 0 4
181.55421458 1 0 3
181.75785485 1 0 4
181.84161208 1 0 3
182.05458183 1 0 4
182.08686110 1 0 3
183.61173083 1 0 4
183.69655036 1 0 3
183.90120123 1 0 4
183.95059079 1 0 3
184.24394549 1 0 4
184.39431114 1 0 3
184.56805278 1 0 4
184.73587163 1 0 3
184.98824928 1 0 4
185.01958325 1 0 3
185.36471168 1 0 4
185.45355509 1 0 3
185.73853230 1 0 4
185.81009811 1 0 3
186.15273297 1 0 4
186.23153223 1 0 3
186.41760610 1 0 4
186.47215684 1 0 3
186.67340715 1 0 4
186.71205244 1 0 3
186.92815448 1 0 4
186.97970761 1 0 3
188.62014718 1 0 4
188.65890428 1 0 3
188.88742120 1 0 4
188.92224269 1 0 3
189.17663147 1 0 4
189.21070189 1 0 3
189.37238512 1 0 4
189.42972203 1 0 3
189.58873829 1 0 4
189.64008649 1 0 3
189.81336491 1 0 4
189.84186627 1 0 3
190.03057346 1 0 4
190.07695201 1 0 3
190.35104595 1 0 4
190.47105637 1 0 3
190.67377946 1 0 4
190.73580430 1 0 3
190.93658921 1 0 4
190.96359127 1 0 3
191.13324089 1 0 4
191.23908328 1 0 3
191.38245135 1 0 4
191.41744460 1 0 3
193.33436073 1 0 4
193.44080582 1 0 3
194.39167187 1 0 4
194.50874436 1 0 3
194.79694434 1 0 4
194.83783367 1 0 3
195.13764567 1 0 4
195.20699912 1 0 3
195.72161684 1 0 4
195.79299252 1 0 3
196.30355501 1 0 4
196.49995551 1 0 3
196.83432164 1 0 4
196.88635302 1 0 3
197.13992272 1 0 4
197.18552270 1 0 3
197.52219387 1 0 4
197.59486640 1 0 3
198.85717729 1 0 4
198.91666466 1 0 3
199.06412504 1 0 4
199.10585339 1 0 3
199.70306652 1 0 4
199.79475051 1 0 3
200.01815493 1 0 4
200.04862025 1 0 3
200.19013669 1 0 4
200.25129399 1 0 3
200.46297736 1 0 4
200.49430062 1 0 3
200.89885204 1 0 4
200.92199398 1 0 3
201.24263649 1 0 4
201.33162561 1 0 3
201.56644413 1 0 4
201.61706632 1 0 3
201.84973869 1 0 4
201.87815476 1 0 3
202.25323489 1 0 4
202.32400162 1 0 3
203.65003803 1 0 4
203.69838111 1 0 3
204.02908861 1 0 4
204.17904093 1 0 3
204.42336575 1 0 4
204.57734529 1 0 3
205.09843323 1 0 4
205.12872915 1 0 3
205.41561757 1 0 4
205.45543993 1 0 3
205.66411396 1 0 4
205.79925927 1 0 3
206.03542774 1 0 4
206.09305011 1 0 3
206.47467234 1 0 4
206.57852982 1 0 3
206.75143351 1 0 4
206.91551022 1 0 3
207.06284838 1 0 4
207.19987263 1 0 3
207.70576514 1 0 4
207.82167406 1 0 3
208.16742022 1 0 4
208.35700313 1 0 3
208.72929407 1 0 4
208.77957198 1 0 3
209.46654235 1 0 4
209.55780873 1 0 3
209.78432308 1 0 4
209.82504105 1 0 3
210.00468580 1 0 4
210.13333910 1 0 3
210.40798972 1 0 4
210.53101485 1 0 3
210.89530322 1 0 4
210.94673288 1 0 3
211.15035843 1 0 4
211.18892544 1 0 3
211.34699650 1 0 4
211.38812584 1 0 3
211.69852936 1 0 4
211.72877736 1 0 3
212.22527867 1 0 4
212.25656040 1 0 3
212.41292997 1 0 4
212.54215060 1 0 3
213.76668228 1 0 4
213.81175404 1 0 3
214.02730499 1 0 4
214.06869008 1 0 3
214.25308795 1 0 4
214.32689968 1 0 3
214.60837342 1 0 4
214.65023500 1 0 3
215.11832343 1 0 4
215.15530671 1 0 3
215.42783799 1 0 4
215.46856169 1 0 3
215.69449276 1 0 4
215.80561877 1 0 3
216.04126928 1 0 4
216.07156701 1 0 3
216.52223043 1 0 4
216.56681613 1 0 3
216.77766506 1 0 4
216.83334667 1 0 3
217.04084872 1 0 4
217.07381287 1 0 3
217.38191932 1 0 4
217.48626872 1 0 3
218.44807540 1 0 4
218.48270332 1 0 3
218.83988775 1 0 4
218.92637234 1 0 3
219.14420509 1 0 4
219.19581197 1 0 3
219.37723964 1 0 4
219.40457374 1 0 3
219.59583375 1 0 4
219.63431525 1 0 3
219.80258015 1 0 4
219.90017291 1 0 3
220.15954611 1 0 4
220.26714835 1 0 3
220.77411353 1 0 4
220.97889910 1 0 3
221.48436741 1 0 4
221.58886688 1 0 3
221.80534862 1 0 4
221.86184357 1 0 3
222.21825329 1 0 4
222.24937408 1 0 3
223.77026105 1 0 4
223.82162490 1 0 3
224.43171341 1 0 4
224.48608145 1 0 3
224.70809591 1 0 4
224.78016761 1 0 3
224.89735985 1 0 4
224.96864308 1 0 3
225.37573771 1 0 4
225.41909503 1 0 3
225.68066842 1 0 4
225.72460608 1 0 3
225.87732285 1 0 4
225.90224349 1 0 3
226.26448782 1 0 4
226.30561244 1 0 3
226.60008505 1 0 4
226.70053164 1 0 3
226.94475330 1 0 4
226.96800046 1 0 3
228.64792499 1 0 4
228.67597609 1 0 3
228.88296032 1 0 4
229.02112251 1 0 3
229.45282739 1 0 4
229.52761370 1 0 3
229.96011977 1 0 4
230.00320229 1 0 3
230.27265222 1 0 4
230.31536642 1 0 3
230.76542043 1 0 4
230.96272313 1 0 3
231.15532362 1 0 4
231.23234955 1 0 3
231.61293863 1 0 4
231.69814845 1 0 3
232.25508376 1 0 4
232.28939295 1 0 3
233.65551343 1 0 4
233.72576867 1 0 3
233.85921922 1 0 4
233.91243025 1 0 3
234.09650263 1 0 4
234.13562303 1 0 3
234.48197853 1 0 4
234.50351118 1 0 3
234.68565557 1 0 4
234.74662028 1 0 3
235.23484971 1 0 4
235.26387848 1 0 3
235.66687720 1 0 4
235.71121804 1 0 3
235.88395695 1 0 4
235.91504375 1 0 3
236.30142074 1 0 4
236.36433776 1 0 3
238.59245942 1 0 4
238.62717485 1 0 3
238.87655137 1 0 4
238.94645115 1 0 3
239.20789146 1 0 4
239.26915158 1 0 3
239.45920427 1 0 4
239.50438819 1 0 3
239.64831988 1 0 4
239.75768837 1 0 3
239.96281548 1 0 4
239.98404307 1 0 3
240.28212160 1 0 4
240.33660758 1 0 3
240.56357784 1 0 4
240.59819455 1 0 3
240.78330954 1 0 4
240.82387096 1 0 3
240.96691743 1 0 4
240.98266916 1 0 3
241.15395982 1 0 4
241.22327104 1 0 3
241.37237688 1 0 4
241.42319063 1 0 3
241.69604019 1 0 4
241.74479360 1 0 3
241.95909748 1 0 4
242.01859790 1 0 3
242.17442996 1 0 4
242.24704614 1 0 3
242.41688108 1 0 4
242.51366983 1 0 3
242.70381950 1 0 4
242.77324948 1 0 3
243.01578381 1 0 4
243.05354581 1 0 3
243.26203752 1 0 4
243.34010756 1 0 3
243.83583005 1 0 4
243.86637260 1 0 3
244.02807982 1 0 4
244.05951098 1 0 3
244.40522822 1 0 4
244.43480073 1 0 3
244.68952719 1 0 4
244.82946407 1 0 3
245.00141508 1 0 4
245.03690059 1 0 3
245.25973880 1 0 4
245.39618067 1 0 3
245.69369802 1 0 4
245.73431445 1 0 3
245.97502711 1 0 4
246.02429828 1 0 3
246.12600315 1 0 4
246.17466302 1 0 3
246.50422690 1 0 4
246.57754200 1 0 3
247.09668180 1 0 4
247.13365880 1 0 3
247.64326170 1 0 4
247.83751568 1 0 3
248.04036275 1 0 4
248.19900732 1 0 3
248.76030916 1 0 4
248.85756649 1 0 3
249.15345155 1 0 4
249.23564098 1 0 3
249.93873348 1 0 4
250.02350584 1 0 3
250.22099844 1 0 4
250.26401906 1 0 3
250.51315842 1 0 4
250.55114490 1 0 3
250.75807656 1 0 4
250.78272644 1 0 3
251.10945507 1 0 4
251.13083328 1 0 3
251.29079733 1 0 4
251.32851176 1 0 3
251.62814812 1 0 4
251.67701886 1 0 3
251.94851174 1 0 4
251.99215531 1 0 3
252.54932830 1 0 4
252.62814757 1 0 3
253.02754918 1 0 4
253.05248099 1 0 3
253.36705387 1 0 4
253.41339782 1 0 3
253.87901477 1 0 4
253.93280447 1 0 3
254.22104005 1 0 4
254.27656184 1 0 3
254.45442529 1 0 4
254.48902484 1 0 3
254.71924840 1 0 4
254.74635147 1 0 3
255.23202441 1 0 4
255.29939734 1 0 3
255.67792768 1 0 4
255.75945431 1 0 3
256.13472373 1 0 4
256.19220264 1 0 3
256.73858738 1 0 4
256.78214976 1 0 3
256.98319243 1 0 4
257.01407069 1 0 3
257.67966126 1 0 4
257.77115590 1 0 3
258.01715864 1 0 4
258.05032383 1 0 3
258.34079772 1 0 4
258.43278701 1 0 3
259.07567894 1 0 4
259.18642981 1 0 3
259.39283951 1 0 4
259.42816061 1 0 3
259.84211755 1 0 4
259.87732317 1 0 3
260.14816070 1 0 4
260.20475263 1 0 3
260.57241486 1 0 4
260.65098424 1 0 3
260.89076567 1 0 4
260.92926997 1 0 3
261.15056959 1 0 4
261.25086381 1 0 3
261.94333719 1 0 4
261.98247213 1 0 3
262.50341264 1 0 4
262.54289957 1 0 3
262.79594629 1 0 4
262.83211537 1 0 3
263.15817300 1 0 4
263.20932339 1 0 3
263.36485676 1 0 4
263.40095753 1 0 3
263.59868614 1 0 4
263.63021745 1 0 3
263.87140047 1 0 4
263.91166848 1 0 3
264.79260045 1 0 4
264.81865206 1 0 3
265.14953918 1 0 4
265.19151109 1 0 3
265.45051595 1 0 4
265.58214272 1 0 3
265.86164808 1 0 4
265.88845445 1 0 3
266.38777434 1 0 4
266.41806827 1 0 3
266.87516660 1 0 4
266.94086238 1 0 3
267.45024889 1 0 4
267.48814302 1 0 3
267.99820690 1 0 4
268.08069358 1 0 3
268.28464471 1 0 4
268.32264193 1 0 3
268.50039310 1 0 4
268.55043322 1 0 3
268.76802664 1 0 4
268.82013552 1 0 3
269.02804156 1 0 4
269.11715807 1 0 3
269.57013623 1 0 4
269.77734034 1 0 3
269.97626283 1 0 4
270.02123023 1 0 3
270.28314012 1 0 4
270.32318304 1 0 3
270.46141866 1 0 4
270.49106586 1 0 3
270.78630283 1 0 4
270.84096949 1 0 3
271.11745390 1 0 4
271.17590530 1 0 3
271.35946204 1 0 4
271.43532010 1 0 3
271.84360918 1 0 4
271.88206828 1 0 3
272.12416693 1 0 4
272.28591208 1 0 3
272.51207770 1 0 4
272.59433641 1 0 3
273.17180797 1 0 4
273.27722008 1 0 3
273.48694085 1 0 4
273.59421585 1 0 3
273.79947446 1 0 4
273.84631070 1 0 3
274.03128064 1 0 4
274.12994289 1 0 3
274.60500433 1 0 4
274.70558973 1 0 3
275.16233350 1 0 4
275.23472471 1 0 3
275.52220581 1 0 4
275.58188908 1 0 3
275.77697396 1 0 4
275.92894559 1 0 3
276.40703028 1 0 4
276.48067470 1 0 3
276.74345678 1 0 4
276.77720550 1 0 3
277.17623802 1 0 4
277.21945042 1 0 3
277.43977666 1 0 4
277.47810209 1 0 3
277.66428291 1 0 4
277.74969344 1 0 3
277.89517953 1 0 4
277.97647726 1 0 3
278.28238681 1 0 4
278.31363293 1 0 3
278.62022810 1 0 4
278.65812984 1 0 3
278.87347662 1 0 4
278.92481795 1 0 3
279.21368540 1 0 4
279.25685538 1 0 3
279.65699349 1 0 4
279.70591045 1 0 3
279.92907664 1 0 4
279.97130746 1 0 3
280.17099799 1 0 4
280.25243122 1 0 3
280.45460247 1 0 4
280.49029899 1 0 3
280.79650524 1 0 4
280.84303934 1 0 3
281.57731037 1 0 4
281.61443995 1 0 3
282.01182089 1 0 4
282.05475510 1 0 3
282.27710348 1 0 4
282.34332105 1 0 3
282.86146965 1 0 4
282.91461973 1 0 3
283.63556171 1 0 4
283.72712633 1 0 3
283.92476846 1 0 4
284.00025731 1 0 3
284.23634005 1 0 4
284.36377448 1 0 3
284.58823531 1 0 4
284.62641648 1 0 3
284.79542281 1 0 4
284.84631098 1 0 3
285.05141545 1 0 4
285.14124483 1 0 3
285.36616220 1 0 4
285.52879438 1 0 3
285.87460669 1 0 4
285.91395660 1 0 3
286.16875794 1 0 4
286.20836660 1 0 3
286.44773543 1 0 4
286.58234427 1 0 3
286.87498199 1 0 4
286.90654704 1 0 3
287.21203923 1 0 4
287.25143544 1 0 3
287.58822835 1 0 4
287.63499830 1 0 3
288.13138223 1 0 4
288.24087149 1 0 3
288.50244890 1 0 4
288.59362071 1 0 3
288.77079622 1 0 4
288.88099949 1 0 3
289.04278604 1 0 4
289.12232615 1 0 3
289.28547414 1 0 4
289.34644361 1 0 3
289.52219120 1 0 4
289.61900902 1 0 3
289.93476188 1 0 4
289.95938254 1 0 3
290.27323376 1 0 4
290.32369436 1 0 3
290.61651939 1 0 4
290.86630120 1 0 3
291.05739160 1 0 4
291.11779110 1 0 3
291.34053421 1 0 4
291.38525265 1 0 3
291.61359873 1 0 4
291.69370081 1 0 3
291.93615215 1 0 4
291.97350293 1 0 3
292.24440544 1 0 4
292.27341994 1 0 3
292.49686407 1 0 4
292.57443054 1 0 3
292.90706817 1 0 4
292.95441773 1 0 3
293.17607162 1 0 4
293.23518596 1 0 3
293.44536843 1 0 4
293.59542486 1 0 3
293.90557443 1 0 4
294.00059041 1 0 3
294.37135280 1 0 4
294.41185385 1 0 3
294.65592138 1 0 4
294.70447082 1 0 3
294.92109221 1 0 4
295.07420009 1 0 3
295.43372998 1 0 4
295.47934734 1 0 3
295.83721873 1 0 4
295.99576148 1 0 3
296.40667125 1 0 4
296.49687988 1 0 3
296.77919385 1 0 4
296.82373420 1 0 3
297.09510114 1 0 4
297.23254006 1 0 3
297.64229203 1 0 4
297.67928446 1 0 3
297.82537676 1 0 4
297.85637662 1 0 3
298.18632094 1 0 4
298.28063689 1 0 3
298.87218421 1 0 4
299.01155428 1 0 3
299.15444658 1 0 4
299.25739488 1 0 3
299.48951619 1 0 4
299.52665308 1 0 3
299.95331667 1 0 4
300.09809851 1 0 3
300.37719592 1 0 4
300.43219102 1 0 3
300.74671401 1 0 4
300.78501114 1 0 3
300.98572584 1 0 4
301.06246483 1 0 3
301.26843523 1 0 4
301.30327609 1 0 3
301.55885334 1 0 4
301.79272376 1 0 3
302.42445052 1 0 4
302.46016743 1 0 3
302.62373576 1 0 4
302.66131586 1 0 3
303.04961899 1 0 4
303.11144934 1 0 3
303.59193975 1 0 4
303.69173875 1 0 3
304.38311198 1 0 4
304.50872798 1 0 3
304.72081864 1 0 4
304.75171779 1 0 3
304.93021708 1 0 4
305.00126203 1 0 3
305.30167122 1 0 4
305.34336891 1 0 3
305.69353325 1 0 4
305.73227065 1 0 3
305.91191800 1 0 4
306.02365129 1 0 3
306.29568122 1 0 4
306.32543939 1 0 3
306.62988474 1 0 4
306.67466586 1 0 3
307.36296115 1 0 4
307.43015442 1 0 3
307.76160732 1 0 4
307.80196708 1 0 3
308.03524874 1 0 4
308.06710664 1 0 3
308.29510622 1 0 4
308.36970245 1 0 3
308.59975793 1 0 4
308.70222736 1 0 3
308.94350656 1 0 4
308.97497137 1 0 3
309.22383918 1 0 4
309.26196455 1 0 3
309.54921720 1 0 4
309.60277810 1 0 3
309.88823025 1 0 4
309.93855675 1 0 3
310.18943380 1 0 4
310.25498334 1 0 3
310.45416476 1 0 4
310.57937959 1 0 3
310.91130435 1 0 4
310.94778173 1 0 3
311.26781009 1 0 4
311.32508229 1 0 3
312.16018001 1 0 4
312.20020415 1 0 3
312.35175803 1 0 4
312.39785059 1 0 3
312.83624265 1 0 4
312.87295135 1 0 3
313.39193209 1 0 4
313.44508600 1 0 3
313.52720953 1 0 2
313.74822542 1 0 3
313.98449424 1 0 4
314.02091156 1 0 3
314.20024818 1 0 4
314.24621304 1 0 3
314.45816048 1 0 4
314.48420996 1 0 3
315.04069981 1 0 4
315.10922295 1 0 3
315.45737546 1 0 4
315.53498666 1 0 3
316.01560710 1 0 4
316.04464532 1 0 3
316.21060553 1 0 4
316.23619506 1 0 3
316.49685420 1 0 4
316.67436337 1 0 3
316.87423607 1 0 4
316.91446847 1 0 3
317.06658457 1 0 4
317.25709049 1 0 3
317.49979361 1 0 4
317.53017070 1 0 3
317.76459497 1 0 4
317.80383561 1 0 3
318.28260412 1 0 4
318.33314494 1 0 3
318.57657905 1 0 4
318.62229775 1 0 3
318.95643072 1 0 4
319.00421616 1 0 3
319.48527194 1 0 4
319.56566960 1 0 3
319.74847466 1 0 4
319.79390146 1 0 3
319.98454009 1 0 4
320.02964467 1 0 3
320.39489481 1 0 4
320.44282729 1 0 3
320.69682902 1 0 4
320.72535875 1 0 3
321.10632215 1 0 4
321.13817153 1 0 3
321.42764313 1 0 4
321.56583897 1 0 3
321.77435597 1 0 4
321.81280985 1 0 3
322.19917761 1 0 4
322.22715610 1 0 3
322.56782626 1 0 4
322.68155544 1 0 3
322.92170834 1 0 4
322.96643018 1 0 3
323.21172469 1 0 4
323.40233399 1 0 3
323.60794392 1 0 4
323.69184759 1 0 3
324.01283347 1 0 4
324.07600577 1 0 3
324.35455989 1 0 4
324.41868817 1 0 3
324.59905977 1 0 4
324.65025787 1 0 3
324.81416205 1 0 4
324.92919154 1 0 3
325.26041905 1 0 4
325.37376826 1 0 3
325.87294937 1 0 4
325.90763548 1 0 3
326.08692105 1 0 4
326.13467232 1 0 3
326.64789232 1 0 4
326.70688501 1 0 3
327.16803370 1 0 4
327.22496180 1 0 3
327.36610330 1 0 4
327.40725548 1 0 3
328.70339639 1 0 4
328.73254999 1 0 3
329.34725464 1 0 4
329.47347241 1 0 3
329.94376266 1 0 4
330.02913285 1 0 3
330.53928561 1 0 4
330.58507799 1 0 3
330.84674711 1 0 4
330.94715020 1 0 3
331.09699497 1 0 4
331.13153749 1 0 3
331.37465465 1 0 4
331.42241450 1 0 3
331.64235090 1 0 4
331.67043004 1 0 3
332.09752774 1 0 4
332.19242237 1 0 3
332.41941091 1 0 4
332.46919134 1 0 3
332.92637798 1 0 4
333.04562730 1 0 3
333.30539404 1 0 4
333.42962486 1 0 3
333.73506820 1 0 4
333.82979593 1 0 3
334.21190155 1 0 4
334.30419513 1 0 3
334.46578729 1 0 4
334.61076168 1 0 3
334.87076540 1 0 4
334.93697039 1 0 3
335.29613563 1 0 4
335.34645595 1 0 3
335.79212751 1 0 4
335.85138205 1 0 3
336.07817847 1 0 4
336.20377232 1 0 3
336.47509546 1 0 4
336.57529525 1 0 3
336.74301584 1 0 4
336.77568583 1 0 3
336.98011766 1 0 4
337.01018058 1 0 3
337.18979956 1 0 4
337.24716611 1 0 3
337.38796384 1 0 4
337.50046333 1 0 3
337.86454090 1 0 4
337.89575263 1 0 3
338.08260644 1 0 4
338.17420829 1 0 3
338.33118570 1 0 4
338.44181676 1 0 3
338.82117190 1 0 4
338.93477972 1 0 3
339.21785315 1 0 4
339.26047034 1 0 3
339.63375333 1 0 4
339.72840198 1 0 3
340.13071096 1 0 4
340.19668258 1 0 3
340.40418623 1 0 4
340.43283921 1 0 3
340.60101822 1 0 4
340.69856161 1 0 3
341.08204179 1 0 4
341.12742908 1 0 3
341.42438164 1 0 4
341.55189416 1 0 3
341.84611336 1 0 4
341.98453334 1 0 3
342.15624425 1 0 4
342.20359497 1 0 3
342.87471171 1 0 4
342.90631016 1 0 3
343.20608857 1 0 4
343.27877712 1 0 3
343.43378124 1 0 4
343.51332495 1 0 3
343.85784315 1 0 4
343.93362701 1 0 3
344.76223040 1 0 4
344.80320294 1 0 3
345.29968612 1 0 4
345.33315535 1 0 3
345.68131214 1 0 4
345.76359618 1 0 3
346.01196438 1 0 4
346.06153037 1 0 3
346.69598673 1 0 4
346.74085678 1 0 3
346.97979034 1 0 4
347.01631040 1 0 3
347.23804153 1 0 4
347.28822435 1 0 3
347.48715247 1 0 4
347.53758398 1 0 3
347.86776540 1 0 4
347.97326109 1 0 3
348.19710537 1 0 4
348.30106899 1 0 3
348.52378335 1 0 4
348.61465697 1 0 3
349.12399811 1 0 4
349.18054305 1 0 3
349.43801114 1 0 4
349.57035246 1 0 3
349.94865064 1 0 4
350.04987159 1 0 3
350.29218694 1 0 4
350.41350532 1 0 3
350.74067638 1 0 4
350.77259615 1 0 3
351.38836705 1 0 4
351.43307865 1 0 3
351.64335925 1 0 4
351.73756529 1 0 3
351.94233363 1 0 4
351.97369701 1 0 3
352.41132764 1 0 4
352.44484619 1 0 3
352.79142876 1 0 4
352.84104987 1 0 3
353.02364803 1 0 4
353.12654164 1 0 3
353.35428637 1 0 4
353.39651529 1 0 3
353.64846244 1 0 4
353.74921993 1 0 3
354.08282985 1 0 4
354.22949808 1 0 3
354.57666621 1 0 4
354.64348809 1 0 3
355.12662775 1 0 4
355.19168530 1 0 3
355.37043726 1 0 4
355.66667808 1 0 3
356.11339116 1 0 4
356.17785514 1 0 3
356.54132187 1 0 4
356.63779264 1 0 3
357.25663531 1 0 4
357.29319633 1 0 3
357.62273722 1 0 4
357.65730054 1 0 3
358.12506988 1 0 4
358.27703120 1 0 3
358.55932107 1 0 4
358.60319591 1 0 3
358.90143922 1 0 4
358.97275200 1 0 3
359.20720902 1 0 4
359.27697011 1 0 3
359.47140925 1 0 4
359.54026563 1 0 3
359.88843865 1 0 4
359.94331581 1 0 3
360.23351066 1 0 4
360.31998851 1 0 3
361.03843042 1 0 4
361.19779307 1 0 3
361.78415815 1 0 4
361.87393237 1 0 3
362.47455538 1 0 4
362.65998128 1 0 3
362.98445752 1 0 4
363.09955945 1 0 3
363.26111007 1 0 4
363.28063022 1 0 3
363.44741837 1 0 4
363.47442531 1 0 3
363.80792913 1 0 4
363.86548117 1 0 3
364.03748879 1 0 4
364.13131433 1 0 3
364.61069603 1 0 4
364.78129349 1 0 3
365.04409133 1 0 4
365.08447713 1 0 3
365.27453237 1 0 4
365.33358537 1 0 3
365.81973149 1 0 4
365.86922713 1 0 3
366.05480196 1 0 4
366.10481000 1 0 3
366.47698028 1 0 4
366.58466924 1 0 3
366.85311034 1 0 4
366.99102391 1 0 3
367.16875177 1 0 4
367.19728454 1 0 3
367.45370622 1 0 4
367.55812267 1 0 3
367.96749174 1 0 4
368.03997398 1 0 3
368.37827606 1 0 4
368.41195721 1 0 3
369.08006887 1 0 4
369.21094036 1 0 3
369.81615051 1 0 4
369.88136829 1 0 3
370.30956944 1 0 4
370.39047471 1 0 3
370.66334171 1 0 4
370.75144457 1 0 3
370.96117820 1 0 4
371.00457927 1 0 3
371.10921911 1 0 4
371.14578497 1 0 3
371.61097576 1 0 4
371.69790948 1 0 3
371.85161559 1 0 4
371.94586950 1 0 3
372.22353094 1 0 4
372.27127284 1 0 3
372.46938421 1 0 4
372.81486701 1 0 3
372.97543945 1 0 4
373.02662172 1 0 3
373.31389098 1 0 4
373.43865576 1 0 3
373.73748485 1 0 4
373.78844766 1 0 3
373.91294161 1 0 4
374.03597262 1 0 3
374.17775572 1 0 4
374.21419611 1 0 3
374.43939032 1 0 4
374.48485922 1 0 3
374.61907972 1 0 4
374.67078932 1 0 3
374.83699662 1 0 4
374.92662737 1 0 3
375.29857103 1 0 4
375.38020084 1 0 3
375.71579463 1 0 4
375.90437686 1 0 3
376.17439604 1 0 4
376.20565685 1 0 3
376.60920053 1 0 4
376.79527787 1 0 3
377.06638258 1 0 4
377.10249196 1 0 3
377.31875850 1 0 4
377.38193084 1 0 3
377.88396020 1 0 4
377.95278440 1 0 3
378.50520321 1 0 4
378.52995406 1 0 3
378.89665540 1 0 4
378.99751260 1 0 3
379.42998702 1 0 4
379.59457460 1 0 3
379.73071111 1 0 4
379.80013091 1 0 3
379.93642926 1 0 4
379.96909889 1 0 3
380.46313839 1 0 4
380.48724015 1 0 3
380.73267029 1 0 4
380.83098774 1 0 3
381.10277102 1 0 4
381.13378077 1 0 3
381.38649396 1 0 4
381.59397590 1 0 3
381.87555047 1 0 4
381.91535910 1 0 3
382.13245959 1 0 4
382.30906051 1 0 3
382.56264943 1 0 4
382.59316998 1 0 3
383.25822621 1 0 4
383.30472769 1 0 3
383.71617336 1 0 4
383.86943925 1 0 3
384.18433676 1 0 4
384.30560231 1 0 3
384.51114012 1 0 4
384.57849525 1 0 3
384.78559388 1 0 4
384.82189985 1 0 3
385.16029274 1 0 4
385.20858591 1 0 3
385.75477673 1 0 4
385.78081228 1 0 3
385.98509489 1 0 4
386.04629994 1 0 3
386.38735165 1 0 4
386.41061227 1 0 3
386.91724675 1 0 4
386.98637144 1 0 3
387.26714264 1 0 4
387.32568715 1 0 3
387.88002641 1 0 4
388.07778679 1 0 3
388.36063709 1 0 4
388.50157995 1 0 3
388.90242052 1 0 4
389.10327533 1 0 3
389.67429228 1 0 4
389.77005319 1 0 3
390.07557855 1 0 4
390.13492492 1 0 3
390.37869031 1 0 4
390.47667303 1 0 3
391.05352254 1 0 4
391.06483361 1 0 3
391.55971378 1 0 4
391.62468330 1 0 3
391.84857269 1 0 4
391.87919971 1 0 3
392.12477485 1 0 4
392.33282758 1 0 3
392.92086711 1 0 4
393.00446289 1 0 3
393.28484182 1 0 4
393.33889854 1 0 3
393.68625448 1 0 4
393.71225039 1 0 3
393.87363603 1 0 4
393.91881629 1 0 3
394.09117921 1 0 4
394.14028020 1 0 3
394.33828948 1 0 4
394.38568494 1 0 3
394.62509835 1 0 4
394.82025229 1 0 3
395.19365616 1 0 4
395.23879270 1 0 3
395.51440305 1 0 4
395.56174640 1 0 3
395.87667399 1 0 4
395.91984766 1 0 3
396.09434782 1 0 4
396.15130025 1 0 3
397.43067637 1 0 4
397.49251620 1 0 3
397.99247754 1 0 4
398.03053688 1 0 3
398.24819173 1 0 4
398.28649434 1 0 3
398.47346233 1 0 4
398.51015460 1 0 3
398.88773959 1 0 4
398.99975356 1 0 3
399.32464703 1 0 4
399.36575347 1 0 3
399.76181171 1 0 4
399.78863574 1 0 3
400.13441478 1 0 4
400.19871802 1 0 3
400.71610125 1 0 4
400.75689733 1 0 3
401.07074515 1 0 4
401.13673559 1 0 3
401.43258328 1 0 4
401.50339891 1 0 3
402.09447560 1 0 4
402.21673690 1 0 3
402.43722901 1 0 4
402.46444131 1 0 3
402.77451647 1 0 4
402.81235784 1 0 3
403.05318589 1 0 4
403.10589972 1 0 3
403.61218728 1 0 4
403.65522261 1 0 3
404.30035942 1 0 4
404.36558057 1 0 3
404.59636288 1 0 4
404.63186000 1 0 3
404.79397607 1 0 4
404.84170429 1 0 3
405.02555250 1 0 4
405.08548256 1 0 3
405.20120236 1 0 4
405.24073422 1 0 3
405.48563229 1 0 4
405.51313553 1 0 3
405.81627661 1 0 4
405.93921536 1 0 3
406.39829941 1 0 4
406.43256396 1 0 3
406.77942448 1 0 4
406.80262112 1 0 3
407.03904560 1 0 4
407.22839652 1 0 3
407.48116604 1 0 4
407.51932369 1 0 3
407.69024675 1 0 4
407.74345229 1 0 3
407.88759442 1 0 4
407.98548046 1 0 3
408.27355659 1 0 4
408.32561605 1 0 3
408.48385370 1 0 4
408.51626660 1 0 3
408.75936790 1 0 4
408.85772772 1 0 3
409.04679317 1 0 4
409.08078144 1 0 3
409.23617130 1 0 4
409.33811283 1 0 3
409.56374604 1 0 4
409.61323830 1 0 3
410.02812085 1 0 4
410.10950118 1 0 3
410.46481863 1 0 4
410.53630054 1 0 3
410.74974205 1 0 4
410.83561279 1 0 3
411.10860861 1 0 4
411.14347756 1 0 3
411.40758567 1 0 4
411.45364061 1 0 3
411.61946499 1 0 4
411.71300612 1 0 3
411.94374209 1 0 4
411.97165873 1 0 3
412.37570440 1 0 4
412.40578965 1 0 3
413.33426506 1 0 4
413.38195136 1 0 3
413.76636839 1 0 4
414.02734611 1 0 3
414.24165214 1 0 4
414.43780065 1 0 3
414.81985444 1 0 4
414.87497443 1 0 3
415.17938339 1 0 4
415.24513076 1 0 3
415.42439353 1 0 4
415.50535948 1 0 3
415.64334690 1 0 4
415.68602378 1 0 3
416.08346118 1 0 4
416.17818373 1 0 3
416.39783082 1 0 4
416.49489318 1 0 3
416.89852509 1 0 4
416.94738333 1 0 3
417.10542821 1 0 4
417.14405245 1 0 3
418.79833209 1 0 4
418.88007075 1 0 3
419.12377307 1 0 4
419.17586796 1 0 3
419.39842428 1 0 4
419.50057802 1 0 3
420.58564714 1 0 4
420.62947438 1 0 3
420.83340294 1 0 4
420.87492131 1 0 3
421.18076954 1 0 4
421.23941105 1 0 3
421.42430135 1 0 4
421.58141204 1 0 3
421.87889162 1 0 4
421.93239665 1 0 3
422.12461138 1 0 4
423.34392801 1 0 3
423.92731592 1 0 4
423.95344114 1 0 3
424.26522158 1 0 4
424.35702908 1 0 3
424.58176557 1 0 4
424.64718463 1 0 3
424.87682072 1 0 4
424.94852893 1 0 3
425.22386099 1 0 4
425.28398743 1 0 3
425.72046186 1 0 4
425.86220599 1 0 3
426.59815676 1 0 4
426.81926507 1 0 3
427.13373542 1 0 4
427.26289692 1 0 3
427.62960114 1 0 4
427.66782006 1 0 3
427.79203884 1 0 4
428.07276303 1 0 3
428.45061745 1 0 4
428.49412607 1 0 3
428.65251549 1 0 4
428.70618014 1 0 3
428.99603921 1 0 4
429.07364613 1 0 3
429.33256423 1 0 4
429.44724198 1 0 3
429.63723717 1 0 4
429.68850580 1 0 3
429.86983557 1 0 4
429.96833366 1 0 3
430.10302667 1 0 4
430.14025966 1 0 3
430.35291530 1 0 4
430.38783093 1 0 3
430.62581601 1 0 4
430.65342111 1 0 3
430.91528326 1 0 4
431.04317366 1 0 3
431.28290307 1 0 4
431.30970198 1 0 3
431.56344986 1 0 4
431.62174687 1 0 3
432.00112860 1 0 4
433.34653325 1 0 3
433.71906570 1 0 4
433.91712496 1 0 3
434.54660483 1 0 4
434.64574114 1 0 3
434.91865709 1 0 4
434.94953845 1 0 3
435.11660699 1 0 4
435.15677958 1 0 3
435.44875083 1 0 4
435.48004166 1 0 3
435.70575564 1 0 4
435.74987958 1 0 3
436.13831366 1 0 4
436.25712105 1 0 3
436.49504197 1 0 4
436.68339337 1 0 3
436.89733078 1 0 4
436.93924552 1 0 3
437.24055740 1 0 4
437.40464015 1 0 3
437.76959697 1 0 4
437.80106596 1 0 3
437.96628824 1 0 4
437.99879189 1 0 3
438.13456546 1 0 4
438.33826005 1 0 3
438.90178342 1 0 4
438.96041866 1 0 3
439.45379142 1 0 4
439.57641310 1 0 3
439.84033993 1 0 4
439.94202207 1 0 3
440.22908551 1 0 4
440.27136538 1 0 3
440.58560346 1 0 4
440.61629565 1 0 3
441.08708748 1 0 4
441.13227443 1 0 3
441.45737525 1 0 4
441.51009849 1 0 3
441.95676869 1 0 4
441.99871211 1 0 3
442.33830085 1 0 4
442.47538110 1 0 3
442.63091268 1 0 4
442.71157769 1 0 3
442.94734352 1 0 4
442.99451298 1 0 3
443.22704250 1 0 4
443.26222426 1 0 3
443.60536084 1 0 4
443.69316392 1 0 3
444.06610406 1 0 4
444.13379549 1 0 3
444.31055089 1 0 4
444.33983484 1 0 3
444.90963881 1 0 4
444.95616950 1 0 3
445.31029359 1 0 4
445.34272069 1 0 3
445.67130153 1 0 4
445.70183391 1 0 3
446.18417535 1 0 4
446.22298687 1 0 3
446.47738467 1 0 4
446.53167836 1 0 3
446.72596027 1 0 4
446.80483132 1 0 3
447.07117445 1 0 4
447.15256716 1 0 3
447.57290178 1 0 4
447.68170311 1 0 3
447.79271196 1 0 4
447.85537538 1 0 3
448.08511679 1 0 4
448.18041154 1 0 3
448.43979154 1 0 4
448.48711872 1 0 3
448.99891862 1 0 4
449.03585408 1 0 3
449.21968846 1 0 4
449.31496998 1 0 3
449.59355554 1 0 4
449.71013532 1 0 3
450.02390126 1 0 4
450.08039142 1 0 3
450.28253371 1 0 4
450.37080737 1 0 3
450.92202104 1 0 4
451.05597126 1 0 3
451.29997159 1 0 4
451.36330823 1 0 3
451.56769527 1 0 4
451.60424417 1 0 3
451.86188777 1 0 4
451.91423795 1 0 3
452.10412911 1 0 4
452.14630454 1 0 3
452.36966408 1 0 4
452.40797728 1 0 3
452.65607645 1 0 4
452.70164961 1 0 3
453.10015065 1 0 4
453.14668057 1 0 3
453.39776308 1 0 4
453.48063023 1 0 3
454.15438746 1 0 4
454.24227280 1 0 3
454.44913677 1 0 4
454.49366054 1 0 3
454.67153480 1 0 4
454.71907478 1 0 3
455.02818865 1 0 4
455.06297492 1 0 3
455.34725881 1 0 4
455.44643768 1 0 3
455.72736604 1 0 4
455.76548959 1 0 3
456.17405541 1 0 4
456.20415630 1 0 3
456.35691869 1 0 4
456.39155448 1 0 3
456.61082701 1 0 4
456.67840468 1 0 3
456.81512315 1 0 4
456.83327082 1 0 3
456.95212479 1 0 4
456.98684934 1 0 3
457.23453467 1 0 4
457.28473049 1 0 3
457.53411424 1 0 4
457.68471987 1 0 3
457.88871480 1 0 4
457.92971933 1 0 3
458.11969418 1 0 4
458.15766758 1 0 3
458.37142009 1 0 4
458.41957027 1 0 3
458.71026863 1 0 4
458.76766453 1 0 3
459.18361321 1 0 4
459.23072183 1 0 3
459.55133879 1 0 4
459.64590251 1 0 3
459.84308102 1 0 4
459.87841368 1 0 3
460.47077557 1 0 4
460.51720295 1 0 3
460.98154337 1 0 4
461.20745047 1 0 3
461.55119716 1 0 4
461.58420313 1 0 3
462.16051925 1 0 4
462.42486191 1 0 3
462.93188202 1 0 4
463.00299143 1 0 3
463.24283111 1 0 4
463.32010118 1 0 3
463.90933247 1 0 4
463.95461973 1 0 3
464.22343734 1 0 4
464.33549876 1 0 3
464.70645928 1 0 4
464.79949089 1 0 3
465.13527841 1 0 4
465.26718966 1 0 3
465.91575822 1 0 4
465.94876941 1 0 3
466.31135837 1 0 4
466.37363660 1 0 3
466.69266572 1 0 4
466.72674545 1 0 3
467.13070660 1 0 4
467.17889694 1 0 3
467.36904009 1 0 4
467.54580523 1 0 3
468.09740906 1 0 4
468.26433322 1 0 3
468.52893459 1 0 4
468.74826859 1 0 3
469.25370108 1 0 4
469.30139051 1 0 3
469.49224259 1 0 4
469.59672833 1 0 3
470.16995347 1 0 4
470.23628163 1 0 3
470.35642426 1 0 4
470.42185182 1 0 3
470.81675592 1 0 4
470.86236877 1 0 3
471.02679862 1 0 4
471.20221155 1 0 3
471.49959706 1 0 4
471.62126366 1 0 3
471.89360860 1 0 4
471.96948524 1 0 3
472.60601384 1 0 4
472.72499660 1 0 3
473.13438909 1 0 4
473.17207071 1 0 3
473.45710018 1 0 4
473.59459193 1 0 3
473.87037731 1 0 4
473.96080656 1 0 3
474.16734860 1 0 4
474.37733088 1 0 3
474.63421936 1 0 4
474.68069522 1 0 3
474.89099594 1 0 4
474.92133270 1 0 3
475.09829758 1 0 4
475.18473857 1 0 3
475.54448784 1 0 4
475.56867871 1 0 3
475.92965050 1 0 4
475.98938666 1 0 3
477.14603990 1 0 4
477.21875233 1 0 3
477.62542284 1 0 4
477.68037040 1 0 3
478.03672585 1 0 4
478.08268698 1 0 3
478.45405843 1 0 4
478.52787598 1 0 3
478.64298115 1 0 4
478.74537975 1 0 3
479.00521886 1 0 4
479.06006033 1 0 3
479.27481821 1 0 4
479.31108944 1 0 3
479.48845199 1 0 4
479.52161898 1 0 3
479.71080170 1 0 4
479.80630032 1 0 3
480.04729718 1 0 4
480.21326003 1 0 3
480.60178114 1 0 4
480.65468404 1 0 3
480.82117941 1 0 4
480.94207714 1 0 3
481.12332113 1 0 4
481.18034616 1 0 3
481.57333984 1 0 4
481.62987834 1 0 3
482.20292829 1 0 4
482.24722241 1 0 3
482.45405991 1 0 4
482.48938250 1 0 3
482.79967933 1 0 4
482.84512507 1 0 3
483.16072788 1 0 4
483.20222001 1 0 3
483.36293737 1 0 4
483.42530438 1 0 3
483.94583507 1 0 4
483.99279796 1 0 3
484.38289168 1 0 4
484.44482817 1 0 3
484.98688577 1 0 4
485.09238211 1 0 3
485.40849471 1 0 4
485.43930012 1 0 3
485.91669625 1 0 4
485.93746678 1 0 3
486.10062457 1 0 4
486.20584031 1 0 3
486.42838548 1 0 4
486.54237086 1 0 3
486.93160532 1 0 4
486.97948718 1 0 3
487.23611583 1 0 4
487.30692209 1 0 3
487.53856052 1 0 4
487.60062961 1 0 3
487.75438885 1 0 4
487.78671815 1 0 3
488.03356202 1 0 4
488.06553234 1 0 3
488.75483956 1 0 4
488.82904339 1 0 3
489.33461341 1 0 4
489.36747077 1 0 3
489.66636926 1 0 4
489.72195936 1 0 3
489.97500916 1 0 4
490.03924366 1 0 3
490.38602970 1 0 4
490.50288667 1 0 3
490.86270295 1 0 4
490.89228375 1 0 3
491.21701390 1 0 4
491.25855228 1 0 3
491.47886347 1 0 4
491.54595554 1 0 3
491.86820648 1 0 4
491.89295650 1 0 3
492.45542930 1 0 4
492.50566581 1 0 3
492.91666817 1 0 4
493.08826487 1 0 3
493.57147182 1 0 4
493.60184448 1 0 3
493.77291624 1 0 4
493.83025899 1 0 3
494.34954287 1 0 4
494.59818217 1 0 3
494.95616681 1 0 4
495.04088427 1 0 3
495.22985342 1 0 4
495.26235407 1 0 3
495.75944990 1 0 4
495.79765615 1 0 3
495.97354461 1 0 4
496.02244307 1 0 3
496.16531431 1 0 4
496.19768298 1 0 3
496.42668521 1 0 4
496.44996032 1 0 3
496.66531699 1 0 4
496.71493340 1 0 3
497.08862983 1 0 4
497.17158398 1 0 3
497.43149702 1 0 4
497.44989145 1 0 3
497.85960045 1 0 4
497.91876562 1 0 3
498.15120740 1 0 4
498.30360607 1 0 3
498.48318964 1 0 4
498.81974853 1 0 3
499.33613717 1 0 4
499.37837039 1 0 3
499.95564078 1 0 4
500.04194061 1 0 3
500.26751803 1 0 4
500.29569058 1 0 3
500.67125867 1 0 4
500.81221041 1 0 3
501.08758795 1 0 4
501.14188258 1 0 3
501.43145566 1 0 4
501.55200092 1 0 3
501.73837987 1 0 4
501.85016908 1 0 3
502.08907513 1 0 4
502.82663005 1 0 3
503.23980176 1 0 4
503.60877535 1 0 3
503.88320220 1 0 4
505.43598584 1 0 3
505.61316482 1 0 4
506.39786198 1 0 5
506.42028275 1 0 4
508.60907309 1 0 5
508.64814743 1 0 4
508.90567741 1 0 5
508.94685782 1 0 4
509.27180290 1 0 5
509.33877160 1 0 4
509.65936272 1 0 5
509.69529093 1 0 4
510.42876672 1 0 5
510.47233460 1 0 4
511.27784051 1 0 5
511.31402520 1 0 4
511.49938435 1 0 5
511.57318710 1 0 4
511.88699212 1 0 5
511.90704018 1 0 4
512.39584756 1 0 5
512.43484251 1 0 4
512.75297986 1 0 5
512.79561892 1 0 4
512.97200693 1 0 5
513.01544180 1 0 4
513.05638479 1 0 3
513.27276522 1 0 4
513.41260384 1 0 5
513.43463108 1 0 4
513.54840220 1 0 5
513.58073822 1 0 4
513.77141626 1 0 5
513.80618496 1 0 4
513.89717510 1 0 5
513.92680042 1 0 4
514.02191342 1 0 5
514.05071261 1 0 4
514.14984508 1 0 5
514.17211198 1 0 4
514.28660406 1 0 5
514.32446161 1 0 4
514.41798316 1 0 5
514.45143442 1 0 4
514.55923915 1 0 5
514.58972751 1 0 4
514.93924396 1 0 5
514.96374846 1 0 4
515.13664783 1 0 5
515.15763995 1 0 4
515.27638653 1 0 5
515.29391570 1 0 4
515.57130892 1 0 5
515.61428188 1 0 4
515.74200272 1 0 5
515.76548401 1 0 4
515.84697631 1 0 5
515.87511220 1 0 4
515.96314670 1 0 5
516.00256354 1 0 4
516.06084073 1 0 5
516.09514567 1 0 4
516.22756343 1 0 5
516.25280237 1 0 4
516.31042410 1 0 5
516.34310912 1 0 4
516.41625651 1 0 5
516.44580346 1 0 4
516.49978544 1 0 5
516.54164517 1 0 4
516.62200841 1 0 5
516.64408367 1 0 4
516.80133177 1 0 5
516.82713812 1 0 4
516.86808462 1 0 3
516.89770886 1 0 4
516.98290905 1 0 5
517.01765688 1 0 4
517.08346660 1 0 5
517.10220041 1 0 4
517.19175160 1 0 5
517.21629585 1 0 4
517.29734981 1 0 5
517.32453024 1 0 4
517.40413113 1 0 5
517.43558730 1 0 4
517.51570640 1 0 5
517.53523862 1 0 4
517.65323487 1 0 5
517.67732674 1 0 4
517.75567735 1 0 5
517.78643894 1 0 4
517.85847288 1 0 5
517.88450626 1 0 4
517.96099442 1 0 5
517.98533169 1 0 4
518.08876734 1 0 5
518.12466025 1 0 4
518.25937666 1 0 5
518.28381558 1 0 4
518.42543269 1 0 5
518.44754513 1 0 4
518.60084218 1 0 5
518.61840377 1 0 4
518.72344887 1 0 5
518.75792955 1 0 4
518.90699199 1 0 5
518.93805327 1 0 4
519.07365825 1 0 5
519.10031122 1 0 4
519.38312690 1 0 5
519.40740744 1 0 4
519.62460916 1 0 5
519.65523176 1 0 4
519.79824113 1 0 5
519.83396261 1 0 4
520.01929532 1 0 5
520.06774621 1 0 4
520.28454278 1 0 5
520.32260220 1 0 4
520.50536535 1 0 5
520.53659760 1 0 4
520.72902302 1 0 5
520.75365201 1 0 4
521.10559612 1 0 5
521.16922060 1 0 4
521.50287317 1 0 5
521.54229249 1 0 4
521.71842605 1 0 5
521.75572820 1 0 4
522.15646199 1 0 5
522.18778126 1 0 4
522.39694318 1 0 5
522.42031600 1 0 4
522.62160567 1 0 5
522.64110595 1 0 4
522.79361594 1 0 5
522.86280210 1 0 4
522.99831034 1 0 5
523.06120837 1 0 4
523.33412178 1 0 5
523.37385643 1 0 4
523.57595317 1 0 5
523.61895239 1 0 4
523.91831508 1 0 5
523.96294795 1 0 4
524.24178472 1 0 5
524.27408908 1 0 4
524.45578658 1 0 5
524.48512792 1 0 4
524.67989842 1 0 5
524.70717687 1 0 4
524.91678798 1 0 5
524.94205124 1 0 4
525.14343944 1 0 5
525.18000637 1 0 4
525.35608658 1 0 5
525.38781131 1 0 4
525.66843229 1 0 5
525.69912358 1 0 4
525.95673199 1 0 5
525.99550059 1 0 4
526.28710144 1 0 5
526.36757022 1 0 4
526.63209618 1 0 5
526.66892613 1 0 4
527.20586979 1 0 5
527.22713508 1 0 4
527.47528975 1 0 5
527.51509189 1 0 4
527.81300203 1 0 5
527.89868302 1 0 4
528.34437742 1 0 5
528.39007318 1 0 4
528.61517006 1 0 5
528.66214495 1 0 4
528.86510036 1 0 5
528.90431812 1 0 4
529.31656572 1 0 5
529.35147264 1 0 4
529.75405582 1 0 5
529.79375405 1 0 4
530.04072395 1 0 5
530.09748645 1 0 4
530.30086820 1 0 5
530.35882118 1 0 4
530.54472610 1 0 5
530.57848854 1 0 4
530.87595822 1 0 5
530.92302796 1 0 4
531.12772413 1 0 5
531.30196275 1 0 4
531.55018431 1 0 5
531.78986551 1 0 4
531.95266552 1 0 5
533.69562950 1 0 6
533.72991158 1 0 5
535.72856436 1 0 6
535.78095309 1 0 5
536.10374777 1 0 6
536.14580473 1 0 5
536.64200485 1 0 6
536.68404027 1 0 5
537.73745695 1 0 6
537.76961910 1 0 5
537.91862109 1 0 6
537.96291277 1 0 5
538.08714199 1 0 6
538.11309735 1 0 5
538.41850111 1 0 6
538.44324938 1 0 5
538.78583034 1 0 6
538.82146115 1 0 5
539.36581993 1 0 6
539.39616998 1 0 5
539.53476812 1 0 6
539.58509861 1 0 5
539.75472417 1 0 6
539.78054571 1 0 5
540.07357101 1 0 6
540.09430285 1 0 5
540.25143110 1 0 6
540.27856590 1 0 5
540.36505881 1 0 6
540.39580059 1 0 5
540.48692209 1 0 6
540.52157445 1 0 5
540.63337148 1 0 6
540.65884917 1 0 5
540.77466660 1 0 6
540.81518580 1 0 5
540.90856143 1 0 6
540.93620168 1 0 5
541.15755812 1 0 6
541.17982067 1 0 5
541.28866688 1 0 6
541.32520724 1 0 5
541.41165457 1 0 6
541.43698810 1 0 5
541.58365843 1 0 6
541.64071483 1 0 5
541.75893651 1 0 6
541.78285218 1 0 5
541.90392738 1 0 6
541.92752683 1 0 5
541.98484702 1 0 4
542.05611114 1 0 5
542.17422346 1 0 6
542.20389805 1 0 5
542.46093190 1 0 6
542.49392218 1 0 5
542.64106884 1 0 6
542.66520551 1 0 5
542.89422974 1 0 6
542.91848367 1 0 5
543.06580581 1 0 6
543.09821749 1 0 5
543.43252776 1 0 6
543.46951800 1 0 5
543.60574811 1 0 6
543.63355256 1 0 5
543.77115110 1 0 6
543.80088042 1 0 5
543.88897114 1 0 6
543.91876085 1 0 5
544.17738921 1 0 6
544.19729611 1 0 5
544.28246148 1 0 6
544.30235434 1 0 5
544.42357144 1 0 6
544.45163458 1 0 5
544.55119393 1 0 6
544.57057631 1 0 5
544.73287791 1 0 6
544.74498570 1 0 5
544.92578979 1 0 6
544.95795017 1 0 5
545.12353359 1 0 6
545.13941563 1 0 5
545.25820314 1 0 6
545.28749450 1 0 5
545.45727548 1 0 6
545.48277563 1 0 5
545.64564637 1 0 6
545.67690675 1 0 5
545.80105496 1 0 6
545.83181506 1 0 5
545.96477365 1 0 6
545.99869955 1 0 5
546.15717061 1 0 6
546.17905706 1 0 5
546.58832353 1 0 6
546.62862716 1 0 5
547.15680021 1 0 6
547.18914682 1 0 5
547.35883576 1 0 6
547.39130225 1 0 5
547.54689806 1 0 6
547.57846116 1 0 5
547.71682079 1 0 6
547.75047086 1 0 5
547.88319823 1 0 6
547.90349603 1 0 5
548.02267369 1 0 6
548.08426414 1 0 5
548.41221739 1 0 6
548.44377932 1 0 5
548.55629858 1 0 6
548.59285373 1 0 5
548.78142060 1 0 6
548.81173501 1 0 5
549.16393528 1 0 6
549.19465917 1 0 5
549.80259219 1 0 6
549.82941361 1 0 5
549.97384828 1 0 6
549.98940458 1 0 5
550.21138865 1 0 6
550.24387025 1 0 5
550.61533619 1 0 6
550.65326991 1 0 5
550.87978155 1 0 6
550.90497324 1 0 5
551.19636165 1 0 6
551.23230665 1 0 5
551.39325738 1 0 6
551.41158807 1 0 5
551.55209340 1 0 6
551.59207017 1 0 5
551.72768821 1 0 6
551.75674152 1 0 5
552.06416917 1 0 6
552.12283322 1 0 5
552.39056802 1 0 6
552.41973563 1 0 5
552.99707863 1 0 6
553.01883030 1 0 5
553.38312916 1 0 6
553.42410588 1 0 5
553.70554529 1 0 6
553.74009006 1 0 5
554.03783746 1 0 6
554.06471892 1 0 5
554.33948418 1 0 6
554.37119342 1 0 5
554.95969769 1 0 6
554.99654082 1 0 5
555.13353094 1 0 6
555.16321829 1 0 5
555.45318144 1 0 6
555.47898094 1 0 5
555.61106551 1 0 6
555.64446901 1 0 5
555.82055172 1 0 6
555.85675093 1 0 5
556.03169111 1 0 6
556.05472007 1 0 5
556.20807561 1 0 6
556.23804547 1 0 5
556.56302905 1 0 6
556.58440498 1 0 5
556.92634853 1 0 6
556.96047171 1 0 5
557.31358164 1 0 6
557.34042520 1 0 5
557.69141860 1 0 6
557.72441809 1 0 5
557.97274359 1 0 6
558.00815015 1 0 5
558.18823238 1 0 6
558.21627105 1 0 5
558.41568232 1 0 6
558.45050916 1 0 5
558.68354286 1 0 6
558.69786950 1 0 5
558.81595775 1 0 6
558.87665278 1 0 5
559.06235935 1 0 6
559.08201162 1 0 5
559.45572461 1 0 6
559.48783412 1 0 5
559.76257953 1 0 6
559.78311450 1 0 5
559.97996706 1 0 6
560.04128603 1 0 5
560.22030476 1 0 6
560.62389731 1 0 5
560.91115883 1 0 6
561.02662596 1 0 7
561.05886344 1 0 6
562.05901317 1 0 7
562.09550973 1 0 6
562.13307673 1 0 5
562.31938263 1 0 6
563.48005713 1 0 7
563.50690588 1 0 6
563.79725789 1 0 7
563.83972565 1 0 6
564.15489770 1 0 7
564.26668579 1 0 6
564.45148023 1 0 7
564.58084978 1 0 6
564.81351366 1 0 7
564.93120307 1 0 6
565.27543360 1 0 7
565.36874642 1 0 6
565.45004699 1 0 7
565.60061315 1 0 6
565.68063303 1 0 7
566.81858089 1 0 6
567.14434286 1 0 7
