1.07085225 0 1 1
1.09128242 0 1 2
1.10627842 0 1 3
1.11943975 0 1 4
1.12901225 0 1 5
1.13936058 0 1 6
1.19627142 0 1 7
29.44346509 0 1 6
29.50812968 0 1 7
30.68544416 0 1 6
30.79861041 0 1 7
30.81183026 0 1 6
30.91072180 0 1 7
30.99318825 0 1 6
31.05571116 0 1 7
31.17488100 0 1 6
31.61415511 0 1 7
31.65684061 0 1 6
31.86158889 0 1 7
31.87262796 0 1 6
31.97076960 0 1 7
31.99839526 0 1 6
33.07905762 0 1 7
33.09333327 0 1 6
33.37947427 0 1 7
33.39560806 0 1 6
34.90046192 0 1 5
34.96247573 0 1 6
35.16216591 0 1 5
35.36106571 0 1 6
35.49366178 0 1 5
35.61367207 0 1 6
35.63695724 0 1 5
35.70080551 0 1 6
35.73933490 0 1 5
35.82598454 0 1 6
35.84374450 0 1 5
36.05720959 0 1 6
36.14439280 0 1 5
36.30898909 0 1 6
36.32622684 0 1 5
36.45113822 0 1 6
36.46823671 0 1 5
36.63199664 0 1 6
36.68549017 0 1 5
37.25207911 0 1 6
37.28496191 0 1 5
37.53231682 0 1 6
37.55183986 0 1 5
37.70434411 0 1 6
37.78422394 0 1 5
38.24281023 0 1 6
38.26080607 0 1 5
38.46817335 0 1 6
38.48442818 0 1 5
38.67452894 0 1 6
38.69081523 0 1 5
38.80608804 0 1 6
38.82299368 0 1 5
38.97569506 0 1 6
38.99163570 0 1 5
39.20795219 0 1 6
39.22456389 0 1 5
39.37393058 0 1 6
39.39379794 0 1 5
39.58414237 0 1 6
39.64224475 0 1 5
39.94173071 0 1 6
39.95693527 0 1 5
40.08629179 0 1 6
40.10711222 0 1 5
40.23558551 0 1 6
40.25394662 0 1 5
40.45163942 0 1 6
40.46439889 0 1 5
40.80743352 0 1 6
40.82639354 0 1 5
41.10177745 0 1 6
41.12067473 0 1 5
41.66193605 0 1 6
41.68496875 0 1 5
41.86482902 0 1 6
41.88963589 0 1 5
42.24352659 0 1 6
42.26669197 0 1 5
42.66380679 0 1 6
42.68004220 0 1 5
42.84171329 0 1 6
42.85799622 0 1 5
43.43873878 0 1 6
43.45351395 0 1 5
43.63219435 0 1 6
43.64723802 0 1 5
43.75026033 0 1 6
43.76308215 0 1 5
43.87054950 0 1 6
43.88206057 0 1 5
44.05275077 0 1 6
44.06535835 0 1 5
44.38602673 0 1 6
44.40723246 0 1 5
44.93149979 0 1 6
44.95111697 0 1 5
45.15509978 0 1 6
45.17337734 0 1 5
45.33937506 0 1 6
45.36168295 0 1 5
45.48792821 0 1 6
45.69057638 0 1 5
45.82004163 0 1 6
45.83884138 0 1 5
46.03758830 0 1 6
46.05203896 0 1 5
46.21182753 0 1 6
46.22532634 0 1 5
46.35904169 0 1 6
46.43329655 0 1 5
46.60320969 0 1 6
46.62150408 0 1 5
46.93007876 0 1 6
46.97395524 0 1 5
47.12977909 0 1 6
47.14999711 0 1 5
47.39541154 0 1 6
47.41662770 0 1 5
47.57136137 0 1 6
47.59044148 0 1 5
47.74465414 0 1 6
47.76315250 0 1 5
48.04564776 0 1 6
48.06477688 0 1 5
48.33270722 0 1 6
48.35015242 0 1 5
48.55398830 0 1 6
48.57649596 0 1 5
48.83703082 0 1 6
48.85574369 0 1 5
49.08166027 0 1 6
49.09977146 0 1 5
49.27660590 0 1 6
49.29684804 0 1 5
49.56986030 0 1 6
49.58438682 0 1 5
49.85960670 0 1 6
49.87884539 0 1 5
50.27348413 0 1 6
50.28899693 0 1 5
50.72650874 0 1 6
50.74246296 0 1 5
50.91965337 0 1 6
50.93972500 0 1 5
51.20546472 0 1 6
51.22490925 0 1 5
51.36242457 0 1 6
51.38150451 0 1 5
51.67061703 0 1 6
51.69320721 0 1 5
51.85904129 0 1 6
51.88238598 0 1 5
52.04640264 0 1 6
52.06708742 0 1 5
52.37690319 0 1 6
52.39822227 0 1 5
52.62928855 0 1 6
52.64695185 0 1 5
53.09004274 0 1 6
53.10586761 0 1 5
53.27551194 0 1 6
53.29202626 0 1 5
53.56758128 0 1 6
53.58776797 0 1 5
53.89629507 0 1 6
53.91695471 0 1 5
54.21104485 0 1 6
54.23545870 0 1 5
54.79327295 0 1 6
54.81173475 0 1 5
55.05322764 0 1 6
55.07149476 0 1 5
55.53905648 0 1 6
55.55344288 0 1 5
55.72038005 0 1 6
55.73528169 0 1 5
56.10652145 0 1 6
56.11985561 0 1 5
56.46493492 0 1 6
56.48192133 0 1 5
57.05671444 0 1 6
57.07144944 0 1 5
57.31944437 0 1 6
57.33446992 0 1 5
57.59417262 0 1 6
57.61174646 0 1 5
57.99882647 0 1 6
58.04723703 0 1 5
58.45473498 0 1 6
58.47030084 0 1 5
58.48986203 0 1 4
58.60719317 0 1 5
60.01502901 0 1 6
60.02432439 0 1 5
60.20023999 0 1 4
60.27083621 0 1 5
60.41564306 0 1 4
60.50616716 0 1 5
60.81835745 0 1 4
60.93156367 0 1 5
61.12484013 0 1 4
61.22457401 0 1 5
61.32914576 0 1 4
61.45561271 0 1 5
61.66169523 0 1 4
61.77918469 0 1 5
61.79795289 0 1 4
61.95237634 0 1 5
62.09637177 0 1 4
62.37174957 0 1 5
62.56051232 0 1 4
62.76109450 0 1 5
62.81055549 0 1 4
62.93383981 0 1 5
62.97085621 0 1 4
63.12565006 0 1 5
63.14415360 0 1 4
63.51283125 0 1 5
63.54821003 0 1 4
63.78352654 0 1 5
63.80578662 0 1 4
64.27525379 0 1 5
64.29765390 0 1 4
64.67946898 0 1 5
64.70117951 0 1 4
64.89706818 0 1 5
64.92306275 0 1 4
65.13816039 0 1 5
65.16472173 0 1 4
65.50829094 0 1 5
65.53414655 0 1 4
65.73942678 0 1 5
65.76684466 0 1 4
65.96240980 0 1 5
65.98962627 0 1 4
66.27808224 0 1 5
66.30329015 0 1 4
66.48148129 0 1 5
66.50237938 0 1 4
66.69702585 0 1 5
66.71591189 0 1 4
66.88468395 0 1 5
66.90493266 0 1 4
67.05349922 0 1 5
67.07517373 0 1 4
67.22180843 0 1 5
67.24159678 0 1 4
67.45249799 0 1 5
67.47650863 0 1 4
67.61827427 0 1 5
67.63742910 0 1 4
67.78814111 0 1 5
67.80895188 0 1 4
68.02144709 0 1 5
68.04449098 0 1 4
68.22259121 0 1 5
68.24404869 0 1 4
68.54255663 0 1 5
68.55131481 0 1 4
68.88824021 0 1 5
68.90789571 0 1 4
69.38655381 0 1 5
69.40950758 0 1 4
69.61265642 0 1 5
69.63676845 0 1 4
69.81952787 0 1 5
69.88957764 0 1 4
70.06580172 0 1 5
70.08866412 0 1 4
70.37885256 0 1 5
70.40098312 0 1 4
70.68470943 0 1 5
70.70666899 0 1 4
70.95143997 0 1 5
70.97343657 0 1 4
71.12650632 0 1 5
71.14586123 0 1 4
71.31289584 0 1 5
71.33229597 0 1 4
71.66373897 0 1 5
71.68194715 0 1 4
72.04145979 0 1 5
72.06523087 0 1 4
72.48399675 0 1 5
72.51081046 0 1 4
72.68626205 0 1 5
72.70933717 0 1 4
72.99785432 0 1 5
73.01713226 0 1 4
73.17526334 0 1 5
73.19384299 0 1 4
73.48218149 0 1 5
73.50125715 0 1 4
73.65093655 0 1 5
73.66986762 0 1 4
73.95158977 0 1 5
73.97211771 0 1 4
74.14818733 0 1 5
74.16959072 0 1 4
74.47098603 0 1 5
74.49362733 0 1 4
74.94472868 0 1 5
74.97003884 0 1 4
75.70353748 0 1 5
75.72316156 0 1 4
75.87601112 0 1 5
75.89428510 0 1 4
76.14574250 0 1 5
76.15932149 0 1 4
76.27977729 0 1 5
76.33283169 0 1 4
76.45516181 0 1 5
76.47050169 0 1 4
76.93715219 0 1 5
76.95056503 0 1 4
77.45636227 0 1 5
77.47529845 0 1 4
77.73129660 0 1 5
77.75316283 0 1 4
77.97082832 0 1 5
77.99262238 0 1 4
78.27008224 0 1 5
78.28572357 0 1 4
78.56934595 0 1 5
78.58576068 0 1 4
79.04077606 0 1 5
79.05849024 0 1 4
79.20685550 0 1 5
79.21957155 0 1 4
79.46868396 0 1 5
79.48483590 0 1 4
79.67369825 0 1 5
79.69040895 0 1 4
79.98935356 0 1 5
80.00647045 0 1 4
80.36697997 0 1 5
80.38758067 0 1 4
80.75404867 0 1 5
80.77815873 0 1 4
80.96183460 0 1 5
80.98731105 0 1 4
81.27325386 0 1 5
81.29517825 0 1 4
81.63458934 0 1 5
81.65750190 0 1 4
81.95796350 0 1 5
81.98013799 0 1 4
82.15499532 0 1 5
82.17472333 0 1 4
82.49700429 0 1 5
82.51487747 0 1 4
83.18362389 0 1 5
83.20301279 0 1 4
84.97086301 0 1 3
85.22257283 0 1 4
85.24940362 0 1 3
85.35505269 0 1 4
85.50911251 0 1 3
85.61369403 0 1 4
86.38625919 0 1 3
86.49032307 0 1 4
86.76951526 0 1 3
86.87337261 0 1 4
86.98460689 0 1 3
87.09775631 0 1 4
87.39498012 0 1 3
87.52721628 0 1 4
87.68487799 0 1 3
87.81085154 0 1 4
88.40025983 0 1 3
88.52834342 0 1 4
88.54988660 0 1 3
88.71271082 0 1 4
88.90056904 0 1 3
89.05479951 0 1 4
89.11360083 0 1 3
89.26347872 0 1 4
89.35927195 0 1 3
89.71170685 0 1 4
89.73538958 0 1 3
89.92891644 0 1 4
89.97363436 0 1 3
90.13731748 0 1 4
90.17533013 0 1 3
90.84860431 0 1 4
90.88763491 0 1 3
91.58103964 0 1 4
91.63629700 0 1 3
91.88213684 0 1 4
91.91099193 0 1 3
92.37267860 0 1 4
92.40403077 0 1 3
92.68441908 0 1 4
92.70357828 0 1 3
92.85548295 0 1 4
92.87481638 0 1 3
93.03640464 0 1 4
93.05736211 0 1 3
93.31666143 0 1 4
93.33994440 0 1 3
93.52331336 0 1 4
93.55028580 0 1 3
93.73833766 0 1 4
93.76202640 0 1 3
93.97104640 0 1 4
93.99779838 0 1 3
94.32960570 0 1 4
94.35584875 0 1 3
94.85640190 0 1 4
94.87990942 0 1 3
95.06655388 0 1 4
95.09128521 0 1 3
95.26888357 0 1 4
95.29097817 0 1 3
95.50340673 0 1 4
95.52172796 0 1 3
95.64009082 0 1 4
95.65659574 0 1 3
95.79137511 0 1 4
95.81004233 0 1 3
95.92117984 0 1 4
95.93659151 0 1 3
96.07781374 0 1 4
96.09662889 0 1 3
96.20912922 0 1 4
96.22808505 0 1 3
96.36122941 0 1 4
96.38440712 0 1 3
96.57317427 0 1 4
96.59956941 0 1 3
96.79117891 0 1 4
96.81822103 0 1 3
97.01635047 0 1 4
97.03793350 0 1 3
97.30693227 0 1 4
97.33484659 0 1 3
97.52454797 0 1 4
97.55067898 0 1 3
97.88545480 0 1 4
97.90730084 0 1 3
98.09087308 0 1 4
98.11373287 0 1 3
98.34913062 0 1 4
98.37207336 0 1 3
98.56602688 0 1 4
98.58905938 0 1 3
98.89178668 0 1 4
98.91384171 0 1 3
99.20001071 0 1 4
99.22314004 0 1 3
99.41816940 0 1 4
99.44313085 0 1 3
99.79371735 0 1 4
99.81922061 0 1 3
100.07762764 0 1 4
100.09748819 0 1 3
100.28778217 0 1 4
100.30760318 0 1 3
100.54368153 0 1 4
100.56595397 0 1 3
100.72770768 0 1 4
100.78629186 0 1 3
101.00312584 0 1 4
101.02389990 0 1 3
101.52259567 0 1 4
101.54310610 0 1 3
101.83153589 0 1 4
101.85264570 0 1 3
102.14349316 0 1 4
102.16112886 0 1 3
102.33390646 0 1 4
102.35290028 0 1 3
102.59684287 0 1 4
102.62217657 0 1 3
102.88872315 0 1 4
102.91180529 0 1 3
103.11799626 0 1 4
103.14594144 0 1 3
103.49327585 0 1 4
103.51774307 0 1 3
103.69423124 0 1 4
103.71499848 0 1 3
103.89984273 0 1 4
103.92171650 0 1 3
104.20307110 0 1 4
104.23218925 0 1 3
104.40474653 0 1 4
104.42809031 0 1 3
104.62122058 0 1 4
104.64790648 0 1 3
104.92596920 0 1 4
104.95339127 0 1 3
105.35012584 0 1 4
105.37605378 0 1 3
105.75237256 0 1 4
105.77327791 0 1 3
106.09017446 0 1 4
106.11067421 0 1 3
106.49721805 0 1 4
106.52136448 0 1 3
106.70448807 0 1 4
106.72409496 0 1 3
106.93353555 0 1 4
106.95709678 0 1 3
107.18643635 0 1 4
107.20689148 0 1 3
107.39722870 0 1 4
107.41874971 0 1 3
107.58278879 0 1 4
107.60121873 0 1 3
108.12259239 0 1 4
108.14484805 0 1 3
108.32845963 0 1 4
108.34929020 0 1 3
108.61557193 0 1 4
108.63473148 0 1 3
108.81910770 0 1 4
108.84309778 0 1 3
109.19243216 0 1 4
109.21484638 0 1 3
109.43751233 0 1 4
109.46244775 0 1 3
109.81259606 0 1 4
109.83863336 0 1 3
110.14626973 0 1 4
110.17256690 0 1 3
110.37541725 0 1 4
110.40216683 0 1 3
110.62233121 0 1 4
110.64407985 0 1 3
110.82510673 0 1 4
110.84704835 0 1 3
111.17188629 0 1 4
111.18854153 0 1 3
111.44785388 0 1 4
111.47676799 0 1 3
111.68631934 0 1 4
111.70989660 0 1 3
111.87842787 0 1 4
111.89819887 0 1 3
112.06904826 0 1 4
112.09312092 0 1 3
112.43424228 0 1 4
112.45734864 0 1 3
112.84244366 0 1 4
112.86938854 0 1 3
113.29492176 0 1 4
113.32577523 0 1 3
113.56873396 0 1 4
113.59693445 0 1 3
113.90719838 0 1 4
113.93490245 0 1 3
114.24199312 0 1 4
114.26586818 0 1 3
114.46524931 0 1 4
114.48873707 0 1 3
114.71355371 0 1 4
114.74107269 0 1 3
114.93943850 0 1 4
114.96367718 0 1 3
115.44619176 0 1 4
115.48654217 0 1 3
115.66841441 0 1 4
115.69392100 0 1 3
115.94139227 0 1 4
115.95535230 0 1 3
116.08814128 0 1 4
116.10613351 0 1 3
116.40053376 0 1 4
116.42309114 0 1 3
116.64709037 0 1 4
116.67024855 0 1 3
116.82564806 0 1 4
116.91830915 0 1 3
117.12932213 0 1 4
117.15457262 0 1 3
117.45344022 0 1 4
117.48069684 0 1 3
117.76226046 0 1 4
117.78395189 0 1 3
118.04889402 0 1 4
118.08242754 0 1 3
118.53690363 0 1 4
118.56824390 0 1 3
118.92928220 0 1 4
118.98849253 0 1 3
119.17859057 0 1 4
119.20245829 0 1 3
119.52041916 0 1 4
119.54531326 0 1 3
119.81134149 0 1 4
119.83532289 0 1 3
120.03748407 0 1 4
120.06069514 0 1 3
120.36337798 0 1 4
120.38847733 0 1 3
120.58329889 0 1 4
120.60599471 0 1 3
120.95021651 0 1 4
120.96514152 0 1 3
121.30944036 0 1 4
121.32807682 0 1 3
121.56767888 0 1 4
121.58642465 0 1 3
121.75450158 0 1 4
121.83613482 0 1 3
122.22909428 0 1 4
122.24916361 0 1 3
122.44232957 0 1 4
122.46422841 0 1 3
122.79516636 0 1 4
122.81728966 0 1 3
123.01168612 0 1 4
123.03652314 0 1 3
123.48717244 0 1 4
123.50797960 0 1 3
123.72286281 0 1 4
123.74833965 0 1 3
124.09793838 0 1 4
124.11880831 0 1 3
124.39229689 0 1 4
124.41173237 0 1 3
124.54395045 0 1 4
124.56247960 0 1 3
124.71837743 0 1 4
124.74411693 0 1 3
125.07897716 0 1 4
125.10024733 0 1 3
125.40811247 0 1 4
125.43450202 0 1 3
125.69366297 0 1 4
125.71705268 0 1 3
125.86788631 0 1 4
125.88824575 0 1 3
126.22963726 0 1 4
126.25522406 0 1 3
126.61138068 0 1 4
126.63473572 0 1 3
126.85689819 0 1 4
126.88738959 0 1 3
127.11212956 0 1 4
127.13605763 0 1 3
127.48289318 0 1 4
127.50438447 0 1 3
127.73854087 0 1 4
127.75989755 0 1 3
128.05496550 0 1 4
128.08026073 0 1 3
128.32954381 0 1 4
128.35407595 0 1 3
128.68794415 0 1 4
128.71304691 0 1 3
128.95944483 0 1 4
128.98645869 0 1 3
129.28004546 0 1 4
129.30146916 0 1 3
129.48177772 0 1 4
129.50677843 0 1 3
129.79959045 0 1 4
129.81906184 0 1 3
130.08871211 0 1 4
130.11338284 0 1 3
130.49731791 0 1 4
130.51881422 0 1 3
130.68867353 0 1 4
130.71153243 0 1 3
131.11979941 0 1 4
131.14220292 0 1 3
131.27247165 0 1 4
131.29059527 0 1 3
131.44811909 0 1 4
131.46781459 0 1 3
131.62412440 0 1 4
131.64308757 0 1 3
131.80608304 0 1 4
131.82875699 0 1 3
132.17343781 0 1 4
132.19416325 0 1 3
132.56249941 0 1 4
132.59017861 0 1 3
132.79492618 0 1 4
132.81954163 0 1 3
133.03253904 0 1 4
133.05823370 0 1 3
133.30674564 0 1 4
133.32944055 0 1 3
133.51763288 0 1 4
133.54135999 0 1 3
133.83000740 0 1 4
133.85517342 0 1 3
134.03637971 0 1 4
134.05959094 0 1 3
134.36963456 0 1 4
134.39344134 0 1 3
134.69157151 0 1 4
134.71818853 0 1 3
134.94701321 0 1 4
134.97266211 0 1 3
135.26541248 0 1 4
135.29334370 0 1 3
135.64879136 0 1 4
135.67671911 0 1 3
135.96665525 0 1 4
135.98817949 0 1 3
136.33786046 0 1 4
136.35970177 0 1 3
136.57713899 0 1 4
136.59637131 0 1 3
136.97869887 0 1 4
137.00122779 0 1 3
137.13354965 0 1 4
137.15277108 0 1 3
137.41380150 0 1 4
137.43609662 0 1 3
137.59805307 0 1 4
137.62129331 0 1 3
137.78442555 0 1 4
137.81044917 0 1 3
137.97821864 0 1 4
137.99704803 0 1 3
138.16991201 0 1 4
138.19010203 0 1 3
138.40624541 0 1 4
138.43110095 0 1 3
138.67630866 0 1 4
138.70009435 0 1 3
138.89543772 0 1 4
138.91970673 0 1 3
139.11436132 0 1 4
139.13805542 0 1 3
139.58177947 0 1 4
139.60533045 0 1 3
139.80060063 0 1 4
139.82514599 0 1 3
140.15033589 0 1 4
140.17338920 0 1 3
140.41518243 0 1 4
140.43470525 0 1 3
140.72092332 0 1 4
140.74438499 0 1 3
140.94587355 0 1 4
140.96581850 0 1 3
141.16198979 0 1 4
141.20373222 0 1 3
141.39053995 0 1 4
141.40928269 0 1 3
141.59846943 0 1 4
141.62055598 0 1 3
142.03608664 0 1 4
142.06099368 0 1 3
142.23620092 0 1 4
142.25640011 0 1 3
142.46491330 0 1 4
142.48750585 0 1 3
142.67498075 0 1 4
142.72483475 0 1 3
142.91150482 0 1 4
142.95432653 0 1 3
143.24375984 0 1 4
143.26841989 0 1 3
143.52695782 0 1 4
143.55105803 0 1 3
143.95438752 0 1 4
143.97735031 0 1 3
144.17938505 0 1 4
144.23498812 0 1 3
144.54801580 0 1 4
144.56928172 0 1 3
144.88477813 0 1 4
144.91094824 0 1 3
145.14545690 0 1 4
145.17174511 0 1 3
145.40405320 0 1 4
145.42814429 0 1 3
145.61822699 0 1 4
145.64331022 0 1 3
145.83178876 0 1 4
145.85537951 0 1 3
146.32184507 0 1 4
146.34614386 0 1 3
146.58887303 0 1 4
146.61338134 0 1 3
146.82141752 0 1 4
146.84512729 0 1 3
147.13579998 0 1 4
147.15866432 0 1 3
147.34668032 0 1 4
147.36990457 0 1 3
147.58117303 0 1 4
147.60745703 0 1 3
147.81229634 0 1 4
147.83393257 0 1 3
148.10361306 0 1 4
148.12630307 0 1 3
148.31643712 0 1 4
148.33839767 0 1 3
148.62208500 0 1 4
148.64449726 0 1 3
148.82713777 0 1 4
148.84816453 0 1 3
149.14543846 0 1 4
149.16714497 0 1 3
149.42000102 0 1 4
149.44295460 0 1 3
150.06132643 0 1 4
150.08509469 0 1 3
150.43343677 0 1 4
150.45768506 0 1 3
150.71347234 0 1 4
150.73432298 0 1 3
151.08233917 0 1 4
151.10394073 0 1 3
151.30187751 0 1 4
151.32195219 0 1 3
151.47984072 0 1 4
151.49940119 0 1 3
151.68385088 0 1 4
151.70672410 0 1 3
151.90409065 0 1 4
151.92993119 0 1 3
152.12852498 0 1 4
152.15181229 0 1 3
152.42177344 0 1 4
152.44495348 0 1 3
152.64542832 0 1 4
152.66839016 0 1 3
152.86292756 0 1 4
152.89050708 0 1 3
153.32115467 0 1 4
153.34734186 0 1 3
153.53645579 0 1 4
153.55720127 0 1 3
153.69246613 0 1 4
153.71563338 0 1 3
154.02598775 0 1 4
154.04588380 0 1 3
154.31965527 0 1 4
154.33875577 0 1 3
154.48529205 0 1 4
154.56603741 0 1 3
154.74844847 0 1 4
154.77600882 0 1 3
154.99054221 0 1 4
155.01550716 0 1 3
155.31694094 0 1 4
155.34383154 0 1 3
155.55436241 0 1 4
155.58066374 0 1 3
155.78571295 0 1 4
155.81248076 0 1 3
156.02096467 0 1 4
156.04863246 0 1 3
156.29599574 0 1 4
156.31983363 0 1 3
156.51812930 0 1 4
156.54392659 0 1 3
156.72901708 0 1 4
156.74916801 0 1 3
156.93067389 0 1 4
156.95146264 0 1 3
157.36432079 0 1 4
157.38540851 0 1 3
157.63819683 0 1 4
157.66058784 0 1 3
157.83480138 0 1 4
157.94850303 0 1 3
158.55073065 0 1 4
158.57361734 0 1 3
158.94637437 0 1 4
158.97788408 0 1 3
159.22038438 0 1 4
159.25158522 0 1 3
159.58746700 0 1 4
159.61817110 0 1 3
159.88844947 0 1 4
159.91204217 0 1 3
160.10596086 0 1 4
160.13083695 0 1 3
160.31754131 0 1 4
160.34156443 0 1 3
160.65979639 0 1 4
160.68346087 0 1 3
160.97119107 0 1 4
160.99114516 0 1 3
161.17921683 0 1 4
161.20177762 0 1 3
161.38156126 0 1 4
161.40630837 0 1 3
161.79688483 0 1 4
161.81872278 0 1 3
162.29406155 0 1 4
162.31818392 0 1 3
162.48034403 0 1 4
162.50378548 0 1 3
162.75588997 0 1 4
162.77462563 0 1 3
163.16446759 0 1 4
163.19123047 0 1 3
163.55643716 0 1 4
163.58564491 0 1 3
163.79212355 0 1 4
163.81662998 0 1 3
164.29039562 0 1 4
164.30988658 0 1 3
164.51556583 0 1 4
164.53823002 0 1 3
164.78871454 0 1 4
164.80937609 0 1 3
164.98207913 0 1 4
165.00048073 0 1 3
165.33305330 0 1 4
165.35182368 0 1 3
165.54182166 0 1 4
165.56333233 0 1 3
165.73055413 0 1 4
165.74991445 0 1 3
165.92060853 0 1 4
165.94210314 0 1 3
166.12120222 0 1 4
166.14439884 0 1 3
166.47620975 0 1 4
166.50121659 0 1 3
166.75085910 0 1 4
166.77320506 0 1 3
166.99408583 0 1 4
167.01808971 0 1 3
167.23586179 0 1 4
167.25844567 0 1 3
168.43693956 0 1 4
168.46381631 0 1 3
168.64513250 0 1 4
168.66890224 0 1 3
168.88415205 0 1 4
168.90419737 0 1 3
169.11438763 0 1 4
169.13449507 0 1 3
169.43622694 0 1 4
169.45808915 0 1 3
170.02924023 0 1 4
170.05445239 0 1 3
170.25718993 0 1 4
170.28354020 0 1 3
170.56173926 0 1 4
170.58376828 0 1 3
170.74028577 0 1 4
170.76178755 0 1 3
170.94742256 0 1 4
170.96258928 0 1 3
171.24406379 0 1 4
171.26567072 0 1 3
171.45965338 0 1 4
171.48347642 0 1 3
171.73706800 0 1 4
171.76263576 0 1 3
171.98196200 0 1 4
172.00697610 0 1 3
172.22972481 0 1 4
172.25629562 0 1 3
173.35087373 0 1 4
173.37583444 0 1 3
173.90127503 0 1 4
173.95062827 0 1 3
174.38019093 0 1 4
174.42981845 0 1 3
174.78895680 0 1 4
174.81394429 0 1 3
175.00320226 0 1 4
175.02825964 0 1 3
175.30561752 0 1 4
175.32881849 0 1 3
175.64777554 0 1 4
175.67088508 0 1 3
175.81332859 0 1 4
175.83188519 0 1 3
176.06480943 0 1 4
176.08325086 0 1 3
176.37548407 0 1 4
176.40854652 0 1 3
176.80214031 0 1 4
176.82408461 0 1 3
177.00577347 0 1 4
177.02869203 0 1 3
177.20944183 0 1 4
177.23593037 0 1 3
178.36825283 0 1 4
178.39005947 0 1 3
178.70407308 0 1 4
178.72361877 0 1 3
178.89076233 0 1 4
178.91118296 0 1 3
179.11394403 0 1 4
179.13355488 0 1 3
179.30695799 0 1 4
179.32591708 0 1 3
179.53435093 0 1 4
179.55984210 0 1 3
179.76789473 0 1 4
179.81118292 0 1 3
180.02623574 0 1 4
180.05059712 0 1 3
180.41987822 0 1 4
180.43975607 0 1 3
180.85271602 0 1 4
180.87450555 0 1 3
181.04105911 0 1 4
181.06223938 0 1 3
181.20480871 0 1 4
181.22498419 0 1 3
181.41274768 0 1 4
181.43617307 0 1 3
181.70004913 0 1 4
181.72271034 0 1 3
181.93529394 0 1 4
181.95714013 0 1 3
182.15123343 0 1 4
183.35742411 0 1 3
183.70083481 0 1 4
183.75228887 0 1 3
183.95461134 0 1 4
183.98045611 0 1 3
184.17737470 0 1 4
184.20208252 0 1 3
184.40907277 0 1 4
184.43316131 0 1 3
184.61611030 0 1 4
184.63809861 0 1 3
185.08890017 0 1 4
185.11294578 0 1 3
185.30515823 0 1 4
185.32643449 0 1 3
185.60050719 0 1 4
185.62613447 0 1 3
185.81207553 0 1 4
185.83502494 0 1 3
186.31515709 0 1 4
186.34040254 0 1 3
186.53090838 0 1 4
186.55088200 0 1 3
186.80531824 0 1 4
186.82564124 0 1 3
186.96798214 0 1 4
187.17866237 0 1 3
188.54414361 0 1 4
188.56429476 0 1 3
188.79497378 0 1 4
188.81480456 0 1 3
189.06689854 0 1 4
189.08808763 0 1 3
189.26391183 0 1 4
189.28494387 0 1 3
189.43599936 0 1 4
189.46833029 0 1 3
189.87346560 0 1 4
189.89752817 0 1 3
190.07501216 0 1 4
190.09899210 0 1 3
190.27991389 0 1 4
190.30222774 0 1 3
190.54077581 0 1 4
190.56413509 0 1 3
190.80666572 0 1 4
190.82421103 0 1 3
191.04722705 0 1 4
191.06634709 0 1 3
191.22158172 0 1 4
191.23991461 0 1 3
191.43575273 0 1 4
191.47794491 0 1 3
191.66734788 0 1 4
191.69041481 0 1 3
191.88209358 0 1 4
191.89174647 0 1 3
193.56084946 0 1 4
193.59337158 0 1 3
193.83277470 0 1 4
193.86723266 0 1 3
194.12146654 0 1 4
194.14683808 0 1 3
194.38961183 0 1 4
194.41275168 0 1 3
194.71506986 0 1 4
194.73874477 0 1 3
195.02115924 0 1 4
195.04212729 0 1 3
195.19495543 0 1 4
195.21684196 0 1 3
195.59471438 0 1 4
195.62197363 0 1 3
195.79849202 0 1 4
195.86462060 0 1 3
195.98324882 0 1 4
195.99755554 0 1 3
196.18777346 0 1 4
196.21007196 0 1 3
196.42604718 0 1 4
196.45832463 0 1 3
196.66930827 0 1 4
196.69688648 0 1 3
196.90781650 0 1 4
196.97393736 0 1 3
197.37802752 0 1 4
197.40516133 0 1 3
198.41835541 0 1 4
198.44520126 0 1 3
198.96929135 0 1 4
198.99431614 0 1 3
199.21738203 0 1 4
199.24245602 0 1 3
199.42146166 0 1 4
199.44309205 0 1 3
199.61615505 0 1 4
199.63958534 0 1 3
199.95520705 0 1 4
199.97619480 0 1 3
200.12522499 0 1 4
200.14334374 0 1 3
200.33347193 0 1 4
200.35289637 0 1 3
200.58086048 0 1 4
200.59596442 0 1 3
200.74482543 0 1 4
200.76703447 0 1 3
200.90559356 0 1 4
200.92444532 0 1 3
201.24172918 0 1 4
201.26464659 0 1 3
201.50654386 0 1 4
201.52877306 0 1 3
201.77058576 0 1 4
201.79386728 0 1 3
202.11012529 0 1 4
202.13779997 0 1 3
203.39246737 0 1 4
203.41363699 0 1 3
203.80372508 0 1 4
203.82895233 0 1 3
204.02738009 0 1 4
204.05198162 0 1 3
204.32873136 0 1 4
204.35279851 0 1 3
204.60425589 0 1 4
204.66052959 0 1 3
204.90936194 0 1 4
204.94006020 0 1 3
205.15462651 0 1 4
205.22584046 0 1 3
205.52932169 0 1 4
205.55102519 0 1 3
205.71918367 0 1 4
205.73952925 0 1 3
205.99133707 0 1 4
206.00677686 0 1 3
206.62508236 0 1 4
206.65015454 0 1 3
206.83581001 0 1 4
206.85669600 0 1 3
207.06225805 0 1 4
207.08530740 0 1 3
207.46879310 0 1 4
207.49431342 0 1 3
207.94657911 0 1 4
207.97106429 0 1 3
208.63683851 0 1 4
208.66314903 0 1 3
209.03164478 0 1 4
209.05881975 0 1 3
209.37489535 0 1 4
209.39846330 0 1 3
209.61790683 0 1 4
209.64208157 0 1 3
209.83667175 0 1 4
209.88852060 0 1 3
210.04822932 0 1 4
210.06926943 0 1 3
210.35248726 0 1 4
210.37949992 0 1 3
210.62988485 0 1 4
210.65105589 0 1 3
210.81833877 0 1 4
210.83371217 0 1 3
211.03486230 0 1 4
211.05329375 0 1 3
211.50483478 0 1 4
211.52984204 0 1 3
211.71271332 0 1 4
211.73410770 0 1 3
212.07426464 0 1 4
212.09998578 0 1 3
212.26889508 0 1 4
212.29104452 0 1 3
212.45593324 0 1 4
212.47588268 0 1 3
213.41144578 0 1 4
213.43726279 0 1 3
213.95290186 0 1 4
213.97660462 0 1 3
214.18445074 0 1 4
214.20622699 0 1 3
214.51289069 0 1 4
214.53693404 0 1 3
214.88692176 0 1 4
214.90528336 0 1 3
215.31455746 0 1 4
215.33170228 0 1 3
215.57917911 0 1 4
215.59737076 0 1 3
215.73672352 0 1 4
215.75331071 0 1 3
215.93144493 0 1 4
215.94349454 0 1 3
216.17993116 0 1 4
216.20201438 0 1 3
216.38764670 0 1 4
216.41335942 0 1 3
216.64414063 0 1 4
216.66886906 0 1 3
216.90107511 0 1 4
216.92693168 0 1 3
217.08323146 0 1 4
217.14117240 0 1 3
217.31004661 0 1 4
217.32984566 0 1 3
218.46303355 0 1 4
218.48649065 0 1 3
218.83862149 0 1 4
218.85924383 0 1 3
219.08491816 0 1 4
219.11056733 0 1 3
219.42544632 0 1 4
219.44519459 0 1 3
219.62951657 0 1 4
219.65548628 0 1 3
219.83272446 0 1 4
219.85340405 0 1 3
220.15895577 0 1 4
220.18112812 0 1 3
220.54206876 0 1 4
220.56205852 0 1 3
220.84756901 0 1 4
220.86817587 0 1 3
221.17775385 0 1 4
221.19644134 0 1 3
221.40670850 0 1 4
221.43229578 0 1 3
221.70475487 0 1 4
221.72549945 0 1 3
221.94842860 0 1 4
221.96936467 0 1 3
222.15434044 0 1 4
222.17419574 0 1 3
223.36926267 0 1 4
223.39279455 0 1 3
223.83216138 0 1 4
223.87422332 0 1 3
224.20479825 0 1 4
224.23979048 0 1 3
224.71985072 0 1 4
224.74173828 0 1 3
224.89563915 0 1 4
224.91358861 0 1 3
225.18694219 0 1 4
225.20285762 0 1 3
225.33477360 0 1 4
225.35393671 0 1 3
225.62124382 0 1 4
225.63574160 0 1 3
225.80386996 0 1 4
225.82340346 0 1 3
225.96462020 0 1 4
225.97889308 0 1 3
226.09149971 0 1 4
226.10429409 0 1 3
226.22070501 0 1 4
226.24168214 0 1 3
226.53447662 0 1 4
226.55896716 0 1 3
226.81071827 0 1 4
226.83476436 0 1 3
227.05118828 0 1 4
227.07662269 0 1 3
227.27559333 0 1 4
227.30302811 0 1 3
228.35181040 0 1 4
228.38158687 0 1 3
228.69606445 0 1 4
228.74057928 0 1 3
228.91149509 0 1 4
228.93866516 0 1 3
229.23069403 0 1 4
229.25242981 0 1 3
229.45210906 0 1 4
229.47897977 0 1 3
229.80007294 0 1 4
229.82207194 0 1 3
230.01055136 0 1 4
230.11387423 0 1 3
230.30526435 0 1 4
230.32969123 0 1 3
230.54538198 0 1 4
230.56962804 0 1 3
230.87236662 0 1 4
230.89262960 0 1 3
231.09469218 0 1 4
231.11414354 0 1 3
231.37793073 0 1 4
231.40379703 0 1 3
231.54950212 0 1 4
231.56681828 0 1 3
231.94509422 0 1 4
231.96429522 0 1 3
232.11282230 0 1 4
232.13436741 0 1 3
233.41981464 0 1 4
233.43011166 0 1 3
233.81042074 0 1 4
233.82261587 0 1 3
234.04239714 0 1 4
234.05333019 0 1 3
234.19262607 0 1 4
234.20822831 0 1 3
234.49701088 0 1 4
234.51917659 0 1 3
234.83088320 0 1 4
234.84877670 0 1 3
235.00317931 0 1 4
235.02298809 0 1 3
235.18315631 0 1 4
235.20330118 0 1 3
235.36293990 0 1 4
235.38349383 0 1 3
235.76924020 0 1 4
235.79491644 0 1 3
235.98327561 0 1 4
235.99557215 0 1 3
236.12876294 0 1 4
236.14446279 0 1 3
236.51076332 0 1 4
236.52621264 0 1 3
238.47461088 0 1 4
238.50066020 0 1 3
238.74613136 0 1 4
238.77267746 0 1 3
239.05737752 0 1 4
239.08216586 0 1 3
239.28416679 0 1 4
239.30685854 0 1 3
239.64749355 0 1 4
239.67441789 0 1 3
239.89162845 0 1 4
239.91676500 0 1 3
240.19813046 0 1 4
240.21919098 0 1 3
240.44913150 0 1 4
240.47126098 0 1 3
240.68515809 0 1 4
240.70505725 0 1 3
240.89200224 0 1 4
240.90443808 0 1 3
241.05582400 0 1 4
241.06991483 0 1 3
241.20963517 0 1 4
241.22863304 0 1 3
241.55823112 0 1 4
241.58568025 0 1 3
241.85941340 0 1 4
241.88162653 0 1 3
242.22455767 0 1 4
242.24955147 0 1 3
242.43287840 0 1 4
242.45384609 0 1 3
242.70284000 0 1 4
242.72558585 0 1 3
243.06909396 0 1 4
243.09052456 0 1 3
243.51547244 0 1 4
243.55619630 0 1 3
243.86278677 0 1 4
243.88557882 0 1 3
244.04077697 0 1 4
244.06159732 0 1 3
244.41848491 0 1 4
244.44253306 0 1 3
244.61864299 0 1 4
244.64279029 0 1 3
244.87751263 0 1 4
244.90023400 0 1 3
245.11037594 0 1 4
245.13138783 0 1 3
245.30555725 0 1 4
245.32973274 0 1 3
245.64039593 0 1 4
245.66232227 0 1 3
245.92630028 0 1 4
245.94152432 0 1 3
246.12515914 0 1 4
246.14116303 0 1 3
246.44321253 0 1 4
246.46817472 0 1 3
246.85497349 0 1 4
246.88145856 0 1 3
247.28502623 0 1 4
247.31010802 0 1 3
247.67119673 0 1 4
247.69429325 0 1 3
247.91351388 0 1 4
247.93363344 0 1 3
248.10122873 0 1 4
248.12350012 0 1 3
248.39718276 0 1 4
248.42028214 0 1 3
248.58938000 0 1 4
248.60987961 0 1 3
248.77618691 0 1 4
248.80131230 0 1 3
249.10117171 0 1 4
249.12084293 0 1 3
249.35790278 0 1 4
249.37959662 0 1 3
249.88129550 0 1 4
249.90831077 0 1 3
250.12316294 0 1 4
250.14965680 0 1 3
250.38826326 0 1 4
250.41398572 0 1 3
250.68215390 0 1 4
250.70178808 0 1 3
250.92208806 0 1 4
250.93982579 0 1 3
251.06900710 0 1 4
251.08412746 0 1 3
251.22809687 0 1 4
251.24840381 0 1 3
251.54196916 0 1 4
251.56797078 0 1 3
251.85365256 0 1 4
251.87956639 0 1 3
252.25843638 0 1 4
252.28657759 0 1 3
252.75620643 0 1 4
252.77606251 0 1 3
252.94034899 0 1 4
252.96034300 0 1 3
253.18587778 0 1 4
253.20806970 0 1 3
253.41083093 0 1 4
253.42928214 0 1 3
253.63659231 0 1 4
253.65798593 0 1 3
253.82466617 0 1 4
253.84660737 0 1 3
254.13059963 0 1 4
254.15568368 0 1 3
254.35445990 0 1 4
254.37740431 0 1 3
254.40591927 0 1 2
254.62733698 0 1 3
254.81829550 0 1 4
254.84651731 0 1 3
255.07336393 0 1 4
255.09632364 0 1 3
255.27949585 0 1 4
255.30209567 0 1 3
255.67733735 0 1 4
255.69545792 0 1 3
255.96177254 0 1 4
255.97897615 0 1 3
256.09184461 0 1 4
256.10480808 0 1 3
256.29862859 0 1 4
256.31589980 0 1 3
256.60624620 0 1 4
256.62652020 0 1 3
256.78900521 0 1 4
256.81167841 0 1 3
256.99821183 0 1 4
257.02170128 0 1 3
257.38079486 0 1 4
257.40331010 0 1 3
257.59113832 0 1 4
257.61468727 0 1 3
257.87987390 0 1 4
257.90512500 0 1 3
258.21123585 0 1 4
258.23542387 0 1 3
258.43210962 0 1 4
258.45659809 0 1 3
258.79645591 0 1 4
258.81833423 0 1 3
258.99357809 0 1 4
259.01573341 0 1 3
259.20053572 0 1 4
259.27125240 0 1 3
259.43806251 0 1 4
259.49316687 0 1 3
259.66553146 0 1 4
259.68615248 0 1 3
260.00743179 0 1 4
260.03507817 0 1 3
260.25549091 0 1 4
260.27863552 0 1 3
260.78172802 0 1 4
260.79938001 0 1 3
260.92294380 0 1 4
261.02827472 0 1 3
261.14960844 0 1 4
261.16731036 0 1 3
261.50239030 0 1 4
261.52295922 0 1 3
261.84552085 0 1 4
261.87448079 0 1 3
262.26266238 0 1 4
262.28573958 0 1 3
262.72641227 0 1 4
262.75049527 0 1 3
263.03683458 0 1 4
263.06059736 0 1 3
263.21666341 0 1 4
263.24557080 0 1 3
263.55068491 0 1 4
263.57277958 0 1 3
263.79898611 0 1 4
263.82397719 0 1 3
264.18730538 0 1 4
264.21093221 0 1 3
264.39981423 0 1 4
264.42252376 0 1 3
264.60601317 0 1 4
264.62714018 0 1 3
264.85423798 0 1 4
264.91476016 0 1 3
265.09285593 0 1 4
265.11516253 0 1 3
265.29079562 0 1 4
265.31247127 0 1 3
265.47839556 0 1 4
265.50303782 0 1 3
265.79664589 0 1 4
265.81705524 0 1 3
266.10397567 0 1 4
266.12110166 0 1 3
266.44265047 0 1 4
266.46727529 0 1 3
266.74602324 0 1 4
266.76960381 0 1 3
267.00996207 0 1 4
267.03627990 0 1 3
267.35520648 0 1 4
267.38212634 0 1 3
267.76159594 0 1 4
267.78528750 0 1 3
268.09375685 0 1 4
268.13876425 0 1 3
268.31397768 0 1 4
268.33586524 0 1 3
268.56453109 0 1 4
268.58938802 0 1 3
268.76743631 0 1 4
268.78981159 0 1 3
268.97499624 0 1 4
268.99488412 0 1 3
269.22970318 0 1 4
269.25401000 0 1 3
269.43807319 0 1 4
269.45644571 0 1 3
269.63012621 0 1 4
269.65347734 0 1 3
269.86891208 0 1 4
269.89500689 0 1 3
270.15981610 0 1 4
270.18231970 0 1 3
270.51400862 0 1 4
270.53935307 0 1 3
270.73335580 0 1 4
270.75827414 0 1 3
271.01572116 0 1 4
271.03785659 0 1 3
271.35840177 0 1 4
271.38276035 0 1 3
271.57534597 0 1 4
271.60220923 0 1 3
271.94922664 0 1 4
271.97118958 0 1 3
272.13719518 0 1 4
272.15977385 0 1 3
272.40269646 0 1 4
272.42764096 0 1 3
272.61681467 0 1 4
272.65533119 0 1 3
272.84206609 0 1 4
272.86509348 0 1 3
273.06103599 0 1 4
273.08344528 0 1 3
273.28099708 0 1 4
273.30714123 0 1 3
273.65451758 0 1 4
273.68066258 0 1 3
273.94311672 0 1 4
273.96447136 0 1 3
274.19661777 0 1 4
274.21936702 0 1 3
274.40341315 0 1 4
274.42682592 0 1 3
274.60323405 0 1 4
274.62752252 0 1 3
274.93089689 0 1 4
274.95415299 0 1 3
275.16132739 0 1 4
275.18599420 0 1 3
275.55942517 0 1 4
275.58482141 0 1 3
275.85153369 0 1 4
275.87314272 0 1 3
276.15477095 0 1 4
276.17470483 0 1 3
276.34016128 0 1 4
276.36140708 0 1 3
276.66158496 0 1 4
276.68353094 0 1 3
276.94840991 0 1 4
276.97356229 0 1 3
277.47090348 0 1 4
277.49598509 0 1 3
277.68010507 0 1 4
277.70143033 0 1 3
277.89346310 0 1 4
277.91469885 0 1 3
278.20837154 0 1 4
278.22787570 0 1 3
278.52953558 0 1 4
278.55423301 0 1 3
278.77733445 0 1 4
278.80018944 0 1 3
279.14519557 0 1 4
279.17016907 0 1 3
279.42373902 0 1 4
279.45396608 0 1 3
279.70143178 0 1 4
279.72846399 0 1 3
279.96498153 0 1 4
279.98932431 0 1 3
280.16960447 0 1 4
280.19560599 0 1 3
280.38999863 0 1 4
280.41361360 0 1 3
280.70510903 0 1 4
280.72881040 0 1 3
281.25261636 0 1 4
281.27703793 0 1 3
281.49351235 0 1 4
281.52140417 0 1 3
281.83827367 0 1 4
281.86517459 0 1 3
282.12720197 0 1 4
282.14742433 0 1 3
282.32264989 0 1 4
282.34482738 0 1 3
282.69658298 0 1 4
282.71840386 0 1 3
282.89359378 0 1 4
282.91594606 0 1 3
283.29628514 0 1 4
283.32231320 0 1 3
283.92393314 0 1 4
283.95349496 0 1 3
284.17023783 0 1 4
284.19795090 0 1 3
284.63734556 0 1 4
284.66169420 0 1 3
285.05052612 0 1 4
285.07581926 0 1 3
285.30347664 0 1 4
285.32000647 0 1 3
285.46573055 0 1 4
285.48438170 0 1 3
285.67347409 0 1 4
285.68880920 0 1 3
285.83000334 0 1 4
285.84503881 0 1 3
286.09335734 0 1 4
286.10684013 0 1 3
286.29129408 0 1 4
286.30854848 0 1 3
286.49670731 0 1 4
286.51848443 0 1 3
286.82052764 0 1 4
286.84192578 0 1 3
287.14430337 0 1 4
287.17033811 0 1 3
287.48896986 0 1 4
287.51722791 0 1 3
287.79851443 0 1 4
287.82481709 0 1 3
288.04992999 0 1 4
288.07623808 0 1 3
288.43249059 0 1 4
288.45645181 0 1 3
288.79918714 0 1 4
288.82192072 0 1 3
289.13635405 0 1 4
289.15808811 0 1 3
289.33019368 0 1 4
289.35329127 0 1 3
289.53737428 0 1 4
289.55989764 0 1 3
289.86024812 0 1 4
289.88384957 0 1 3
290.18330065 0 1 4
290.20763796 0 1 3
290.48072834 0 1 4
290.50548711 0 1 3
290.70220479 0 1 4
290.72762406 0 1 3
290.93359472 0 1 4
290.95614041 0 1 3
291.21718727 0 1 4
291.23740575 0 1 3
291.43402901 0 1 4
291.45897528 0 1 3
291.74620888 0 1 4
291.77269590 0 1 3
291.98953241 0 1 4
292.07118409 0 1 3
292.42993162 0 1 4
292.45586890 0 1 3
292.72031241 0 1 4
292.74329095 0 1 3
292.96970912 0 1 4
292.99676153 0 1 3
293.21500030 0 1 4
293.24380213 0 1 3
293.46515005 0 1 4
293.49289719 0 1 3
293.74881276 0 1 4
293.77620706 0 1 3
293.98049085 0 1 4
294.00257541 0 1 3
294.21338063 0 1 4
294.23821667 0 1 3
294.49756795 0 1 4
294.52322402 0 1 3
294.71090173 0 1 4
294.73309295 0 1 3
294.93932361 0 1 4
294.96237797 0 1 3
295.37080577 0 1 4
295.39741766 0 1 3
295.68824974 0 1 4
295.71228799 0 1 3
295.89292888 0 1 4
295.91576099 0 1 3
296.22871939 0 1 4
296.25344263 0 1 3
296.52647204 0 1 4
296.58758317 0 1 3
296.88654651 0 1 4
296.91535736 0 1 3
297.13491947 0 1 4
297.16293335 0 1 3
297.42948959 0 1 4
297.45549771 0 1 3
297.66673151 0 1 4
297.68477847 0 1 3
297.83558094 0 1 4
297.85462928 0 1 3
298.18490961 0 1 4
298.20741027 0 1 3
298.47891131 0 1 4
298.50018281 0 1 3
298.65189427 0 1 4
298.67873569 0 1 3
298.92854826 0 1 4
298.95608556 0 1 3
299.15385625 0 1 4
299.18120882 0 1 3
299.43191160 0 1 4
299.45889398 0 1 3
299.76876328 0 1 4
299.79304753 0 1 3
300.01007744 0 1 4
300.03289488 0 1 3
300.31841464 0 1 4
300.33915723 0 1 3
300.58910551 0 1 4
300.61201662 0 1 3
300.82727384 0 1 4
300.85386212 0 1 3
301.06577357 0 1 4
301.09074188 0 1 3
301.33344918 0 1 4
301.38674850 0 1 3
301.61826932 0 1 4
301.64409656 0 1 3
301.91871700 0 1 4
301.94160341 0 1 3
302.12396787 0 1 4
302.14385428 0 1 3
302.49356128 0 1 4
302.51576554 0 1 3
302.71252142 0 1 4
302.73409830 0 1 3
302.88562629 0 1 4
302.90656236 0 1 3
303.06029485 0 1 4
303.08057781 0 1 3
303.36821476 0 1 4
303.39104954 0 1 3
303.54260150 0 1 4
303.56204989 0 1 3
303.78493041 0 1 4
303.81067557 0 1 3
304.02440379 0 1 4
304.05144501 0 1 3
304.25889978 0 1 4
304.28407131 0 1 3
304.50347920 0 1 4
304.53043105 0 1 3
304.77860958 0 1 4
304.80694215 0 1 3
305.04987469 0 1 4
305.07382655 0 1 3
305.33849261 0 1 4
305.35693341 0 1 3
305.57589276 0 1 4
305.59469717 0 1 3
305.91115174 0 1 4
305.93249696 0 1 3
306.22247894 0 1 4
306.24338952 0 1 3
306.54290150 0 1 4
306.56496162 0 1 3
306.93483403 0 1 4
306.95811039 0 1 3
307.41298950 0 1 4
307.43663242 0 1 3
307.62666524 0 1 4
307.65079448 0 1 3
307.91264354 0 1 4
307.93162866 0 1 3
308.23414509 0 1 4
308.25643625 0 1 3
308.44678577 0 1 4
308.46745204 0 1 3
308.62751371 0 1 4
308.64917804 0 1 3
308.89193434 0 1 4
308.91586055 0 1 3
309.26520264 0 1 4
309.28885906 0 1 3
309.45893584 0 1 4
309.47925818 0 1 3
309.76735831 0 1 4
309.78994382 0 1 3
309.99619364 0 1 4
310.02328867 0 1 3
310.24962376 0 1 4
310.27752904 0 1 3
310.49481739 0 1 4
310.52724923 0 1 3
310.84102999 0 1 4
310.86881348 0 1 3
311.18176346 0 1 4
311.21177674 0 1 3
311.71687148 0 1 4
311.74367755 0 1 3
311.99715070 0 1 4
312.01807230 0 1 3
312.18625885 0 1 4
312.21109315 0 1 3
312.38042258 0 1 4
312.40268192 0 1 3
312.56954230 0 1 4
312.58913647 0 1 3
312.74875568 0 1 4
312.77040503 0 1 3
313.14815513 0 1 4
313.17628733 0 1 3
313.59199173 0 1 4
313.61876643 0 1 3
313.82646268 0 1 4
313.85334395 0 1 3
314.06327718 0 1 4
314.08998847 0 1 3
314.33068906 0 1 4
314.35125922 0 1 3
314.53651856 0 1 4
314.55703829 0 1 3
314.95947870 0 1 4
314.98350130 0 1 3
315.18047154 0 1 4
315.20078614 0 1 3
315.77480153 0 1 4
315.79595460 0 1 3
316.11122158 0 1 4
316.13058150 0 1 3
316.30439589 0 1 4
316.32699451 0 1 3
316.54098148 0 1 4
316.56264301 0 1 3
316.90385394 0 1 4
316.92638429 0 1 3
317.09659885 0 1 4
317.11784991 0 1 3
317.35745366 0 1 4
317.38043406 0 1 3
317.62429398 0 1 4
317.64957103 0 1 3
317.91312946 0 1 4
317.93706193 0 1 3
318.12633529 0 1 4
318.15351762 0 1 3
318.40651645 0 1 4
318.43238192 0 1 3
318.63153546 0 1 4
318.69851821 0 1 3
318.89358248 0 1 4
318.91861264 0 1 3
319.14746509 0 1 4
319.17411710 0 1 3
319.59305254 0 1 4
319.61603678 0 1 3
319.84036759 0 1 4
319.86598549 0 1 3
320.10857344 0 1 4
320.13376317 0 1 3
320.46464824 0 1 4
320.52402438 0 1 3
320.73224889 0 1 4
320.75801759 0 1 3
320.95458508 0 1 4
320.97730182 0 1 3
321.24116588 0 1 4
321.26807589 0 1 3
321.48299332 0 1 4
321.51184778 0 1 3
321.91938125 0 1 4
321.94865535 0 1 3
322.14399097 0 1 4
322.17249914 0 1 3
322.48218977 0 1 4
322.51026644 0 1 3
322.80174018 0 1 4
322.82754276 0 1 3
323.08038216 0 1 4
323.10359001 0 1 3
323.39610610 0 1 4
323.42011036 0 1 3
323.62396068 0 1 4
323.65027390 0 1 3
323.95658155 0 1 4
323.97996137 0 1 3
324.22373605 0 1 4
324.24579450 0 1 3
324.41677826 0 1 4
324.43596263 0 1 3
324.81306272 0 1 4
324.83506797 0 1 3
325.18919669 0 1 4
325.21187193 0 1 3
325.36808589 0 1 4
325.44688295 0 1 3
325.60703740 0 1 4
325.63010122 0 1 3
325.79343602 0 1 4
325.81523640 0 1 3
326.00550443 0 1 4
326.02763187 0 1 3
326.20890639 0 1 4
326.23210067 0 1 3
326.42166762 0 1 4
326.44805316 0 1 3
326.89303374 0 1 4
326.91670760 0 1 3
327.32218527 0 1 4
327.34308514 0 1 3
328.38979935 0 1 4
328.41160478 0 1 3
328.71763531 0 1 4
328.73907266 0 1 3
329.07667946 0 1 4
329.09903126 0 1 3
329.28356650 0 1 4
329.30263758 0 1 3
329.55159748 0 1 4
329.58086039 0 1 3
329.80676546 0 1 4
329.83846496 0 1 3
330.28264462 0 1 4
330.30838997 0 1 3
330.48710753 0 1 4
330.50841215 0 1 3
330.78181067 0 1 4
330.79891077 0 1 3
330.93604209 0 1 4
331.00718926 0 1 3
331.11527154 0 1 4
331.13241383 0 1 3
331.26566044 0 1 4
331.28671856 0 1 3
331.49999271 0 1 4
331.52042032 0 1 3
331.73960662 0 1 4
331.76186102 0 1 3
332.00633691 0 1 4
332.02876259 0 1 3
332.30564506 0 1 4
332.33230199 0 1 3
332.60627164 0 1 4
332.62949166 0 1 3
332.83809226 0 1 4
332.86193823 0 1 3
333.06845672 0 1 4
333.12400934 0 1 3
333.34320275 0 1 4
333.36998883 0 1 3
333.82504948 0 1 4
333.85055297 0 1 3
334.22999261 0 1 4
334.25716051 0 1 3
334.46508712 0 1 4
334.48812969 0 1 3
334.80549640 0 1 4
334.82503402 0 1 3
335.01950040 0 1 4
335.03754154 0 1 3
335.19766872 0 1 4
335.21599016 0 1 3
335.35122924 0 1 4
335.42084383 0 1 3
335.60853457 0 1 4
335.63250308 0 1 3
335.91565566 0 1 4
335.93597933 0 1 3
336.13010100 0 1 4
336.15453575 0 1 3
336.59494068 0 1 4
336.61540867 0 1 3
336.78859861 0 1 4
336.85042505 0 1 3
337.23426735 0 1 4
337.25623196 0 1 3
337.41909400 0 1 4
337.44263136 0 1 3
337.66689559 0 1 4
337.68958442 0 1 3
337.87839035 0 1 4
337.90252463 0 1 3
338.09727757 0 1 4
338.12140259 0 1 3
338.33005339 0 1 4
338.35516952 0 1 3
338.65044693 0 1 4
338.67523950 0 1 3
338.87165693 0 1 4
338.89430974 0 1 3
339.28388586 0 1 4
339.36820447 0 1 3
339.56209964 0 1 4
339.58204254 0 1 3
339.81455564 0 1 4
339.83814630 0 1 3
340.00604997 0 1 4
340.02712702 0 1 3
340.24284228 0 1 4
340.26397280 0 1 3
340.43476280 0 1 4
340.45711781 0 1 3
340.67909803 0 1 4
340.70734079 0 1 3
341.22917932 0 1 4
341.25526830 0 1 3
341.46322056 0 1 4
341.48868718 0 1 3
341.78973327 0 1 4
341.81147568 0 1 3
342.00065029 0 1 4
342.02096851 0 1 3
342.41910194 0 1 4
342.44169647 0 1 3
342.61723417 0 1 4
342.63989111 0 1 3
342.80852539 0 1 4
342.83086541 0 1 3
343.12127501 0 1 4
343.14277653 0 1 3
343.44809849 0 1 4
343.47477582 0 1 3
343.70705148 0 1 4
343.73033513 0 1 3
343.93596466 0 1 4
343.95746470 0 1 3
344.14096996 0 1 4
344.16111778 0 1 3
344.33189156 0 1 4
344.34858497 0 1 3
344.68219031 0 1 4
344.70861334 0 1 3
345.06139549 0 1 4
345.08223325 0 1 3
345.40497570 0 1 4
345.42771435 0 1 3
345.60759710 0 1 4
345.62784728 0 1 3
345.89693152 0 1 4
345.92336862 0 1 3
346.17338313 0 1 4
346.19865839 0 1 3
346.44503309 0 1 4
346.47250005 0 1 3
346.84473661 0 1 4
346.86783929 0 1 3
347.07545013 0 1 4
347.10115788 0 1 3
347.28499867 0 1 4
347.34898065 0 1 3
347.53652850 0 1 4
347.56005946 0 1 3
347.75223621 0 1 4
347.77674055 0 1 3
347.98178709 0 1 4
348.00916881 0 1 3
348.21430609 0 1 4
348.24170062 0 1 3
348.45037339 0 1 4
348.47409317 0 1 3
348.76782125 0 1 4
348.79549982 0 1 3
348.99027001 0 1 4
349.01389391 0 1 3
349.25232535 0 1 4
349.27672097 0 1 3
349.47107309 0 1 4
349.49760726 0 1 3
349.82187957 0 1 4
349.84866425 0 1 3
350.07054936 0 1 4
350.12001179 0 1 3
350.33044254 0 1 4
350.35575389 0 1 3
350.67437726 0 1 4
350.70002658 0 1 3
350.96016154 0 1 4
350.98330897 0 1 3
351.18877542 0 1 4
351.21539794 0 1 3
351.42543330 0 1 4
351.45218484 0 1 3
351.65996690 0 1 4
351.68410392 0 1 3
352.05626126 0 1 4
352.08025105 0 1 3
352.28029610 0 1 4
352.30807886 0 1 3
352.71788676 0 1 4
352.74162690 0 1 3
353.16908587 0 1 4
353.19032756 0 1 3
353.48371900 0 1 4
353.50784328 0 1 3
353.67818752 0 1 4
353.70057667 0 1 3
353.97555063 0 1 4
353.99613731 0 1 3
354.15086926 0 1 4
354.17007663 0 1 3
354.45687016 0 1 4
354.47531969 0 1 3
354.62905887 0 1 4
354.64691542 0 1 3
354.79301259 0 1 4
354.81237639 0 1 3
354.97658101 0 1 4
355.00037736 0 1 3
355.38646703 0 1 4
355.41458223 0 1 3
356.05262374 0 1 4
356.07582753 0 1 3
356.29249450 0 1 4
356.31211090 0 1 3
356.68471223 0 1 4
356.70647578 0 1 3
356.86138540 0 1 4
356.88550217 0 1 3
357.07127503 0 1 4
357.09622130 0 1 3
357.29137655 0 1 4
357.31525108 0 1 3
357.51614788 0 1 4
357.54213046 0 1 3
357.83760829 0 1 4
357.85970023 0 1 3
358.04717229 0 1 4
358.06997737 0 1 3
358.25877677 0 1 4
358.28445537 0 1 3
358.49644703 0 1 4
358.51689459 0 1 3
358.81590469 0 1 4
358.83702682 0 1 3
359.09920585 0 1 4
359.12143490 0 1 3
359.38937282 0 1 4
359.41777941 0 1 3
359.63299215 0 1 4
359.65761410 0 1 3
360.07923085 0 1 4
360.10484059 0 1 3
360.30330098 0 1 4
360.32971455 0 1 3
360.70074197 0 1 4
360.72388430 0 1 3
361.05591718 0 1 4
361.08304594 0 1 3
361.34253879 0 1 4
361.35570320 0 1 3
361.72450031 0 1 4
361.75090239 0 1 3
362.14178953 0 1 4
362.16402772 0 1 3
362.48990570 0 1 4
362.51206712 0 1 3
362.87415761 0 1 4
362.89899451 0 1 3
363.08755142 0 1 4
363.11090679 0 1 3
363.27253626 0 1 4
363.29313544 0 1 3
363.45841227 0 1 4
363.47917064 0 1 3
363.80733880 0 1 4
363.82803956 0 1 3
364.03665345 0 1 4
364.05560416 0 1 3
364.39069076 0 1 4
364.41995135 0 1 3
364.65191455 0 1 4
364.68261438 0 1 3
364.95759716 0 1 4
364.98541810 0 1 3
365.21489716 0 1 4
365.23313798 0 1 3
365.58756687 0 1 4
365.60940107 0 1 3
365.91079471 0 1 4
365.92745168 0 1 3
366.09067734 0 1 4
366.10761634 0 1 3
366.47585692 0 1 4
366.50285597 0 1 3
366.72689149 0 1 4
366.75218180 0 1 3
366.96964449 0 1 4
366.99403325 0 1 3
367.19897405 0 1 4
367.22173413 0 1 3
367.38840083 0 1 4
367.41288713 0 1 3
367.65509276 0 1 4
367.67703873 0 1 3
367.98206869 0 1 4
368.00406502 0 1 3
368.31010814 0 1 4
368.33430613 0 1 3
368.64155207 0 1 4
368.66312895 0 1 3
368.86705306 0 1 4
368.89387218 0 1 3
369.09744679 0 1 4
369.12311133 0 1 3
369.61364936 0 1 4
369.63890909 0 1 3
370.04346969 0 1 4
370.07068522 0 1 3
370.32621398 0 1 4
370.34799580 0 1 3
370.51572042 0 1 4
370.53659623 0 1 3
370.67369179 0 1 4
370.69527540 0 1 3
371.04398162 0 1 4
371.06109746 0 1 3
371.26461176 0 1 4
371.28465975 0 1 3
371.60906881 0 1 4
371.63558207 0 1 3
371.85092444 0 1 4
371.87654168 0 1 3
372.35804593 0 1 4
372.38371635 0 1 3
372.57494715 0 1 4
372.59773808 0 1 3
373.08508394 0 1 4
373.11289293 0 1 3
373.27082486 0 1 4
373.29313253 0 1 3
373.55096134 0 1 4
373.56850163 0 1 3
373.69559836 0 1 4
373.71338095 0 1 3
374.13028266 0 1 4
374.15318032 0 1 3
374.31720538 0 1 4
374.33614857 0 1 3
374.47229615 0 1 4
374.49063056 0 1 3
374.64832974 0 1 4
374.67059898 0 1 3
374.85137609 0 1 4
374.87324488 0 1 3
375.11026826 0 1 4
375.13526475 0 1 3
375.31029798 0 1 4
375.33058708 0 1 3
375.64785317 0 1 4
375.67307571 0 1 3
375.88463223 0 1 4
375.90845286 0 1 3
376.09245493 0 1 4
376.11661675 0 1 3
376.34175403 0 1 4
376.36792644 0 1 3
376.60861020 0 1 4
376.63129239 0 1 3
376.93118966 0 1 4
376.95450333 0 1 3
377.15899548 0 1 4
377.18201671 0 1 3
377.36526717 0 1 4
377.39010686 0 1 3
377.76171265 0 1 4
377.78656246 0 1 3
378.06827176 0 1 4
378.09498684 0 1 3
378.30617794 0 1 4
378.33490918 0 1 3
378.56264868 0 1 4
378.59562266 0 1 3
378.81840137 0 1 4
378.84307831 0 1 3
379.12869374 0 1 4
379.15481126 0 1 3
379.52189033 0 1 4
379.54534645 0 1 3
379.72977690 0 1 4
379.74960354 0 1 3
379.94863161 0 1 4
379.96745956 0 1 3
380.30203325 0 1 4
380.32191598 0 1 3
380.48804715 0 1 4
380.50652188 0 1 3
380.67348126 0 1 4
380.69503601 0 1 3
380.96652105 0 1 4
380.99303821 0 1 3
381.23592028 0 1 4
381.25844703 0 1 3
381.43922154 0 1 4
381.46163891 0 1 3
381.73815296 0 1 4
381.76347127 0 1 3
381.99383111 0 1 4
382.01920657 0 1 3
382.22164300 0 1 4
382.25031456 0 1 3
382.71217956 0 1 4
382.73433367 0 1 3
382.92103993 0 1 4
382.94427923 0 1 3
383.11986339 0 1 4
383.14110684 0 1 3
383.36335613 0 1 4
383.38361381 0 1 3
383.56189107 0 1 4
383.58364243 0 1 3
383.76841243 0 1 4
383.79357313 0 1 3
384.10423858 0 1 4
384.12860505 0 1 3
384.34804037 0 1 4
384.37588076 0 1 3
384.58727496 0 1 4
384.61208034 0 1 3
384.82834959 0 1 4
384.85455886 0 1 3
385.08550162 0 1 4
385.10935644 0 1 3
385.34673766 0 1 4
385.37171344 0 1 3
385.59093594 0 1 4
385.61820606 0 1 3
385.84245507 0 1 4
385.86469604 0 1 3
386.05557457 0 1 4
386.07815996 0 1 3
386.25995838 0 1 4
386.28349249 0 1 3
386.64851946 0 1 4
386.67509769 0 1 3
387.01245715 0 1 4
387.07280865 0 1 3
387.30473999 0 1 4
387.33253048 0 1 3
387.72914581 0 1 4
387.75506731 0 1 3
387.97637307 0 1 4
388.00436200 0 1 3
388.39956023 0 1 4
388.42734283 0 1 3
388.74287252 0 1 4
388.77068990 0 1 3
388.97395444 0 1 4
388.99872010 0 1 3
389.30260662 0 1 4
389.32642125 0 1 3
389.51849867 0 1 4
389.54378157 0 1 3
389.80007458 0 1 4
389.82677195 0 1 3
390.23493031 0 1 4
390.25457415 0 1 3
390.40747603 0 1 4
390.43038445 0 1 3
390.73103883 0 1 4
390.75081934 0 1 3
390.94312117 0 1 4
390.96466199 0 1 3
391.31982044 0 1 4
391.34665414 0 1 3
391.70677987 0 1 4
391.73129434 0 1 3
391.97108747 0 1 4
391.99752792 0 1 3
392.21670565 0 1 4
392.24450564 0 1 3
392.60224898 0 1 4
392.63100085 0 1 3
392.84687880 0 1 4
392.87129857 0 1 3
393.13115480 0 1 4
393.15230592 0 1 3
393.35533030 0 1 4
393.38516038 0 1 3
393.57731922 0 1 4
393.60066221 0 1 3
393.90789638 0 1 4
393.93338112 0 1 3
394.12415117 0 1 4
394.14988129 0 1 3
394.48171090 0 1 4
394.50291305 0 1 3
394.69425814 0 1 4
394.71745445 0 1 3
395.12387237 0 1 4
395.14659179 0 1 3
395.37965639 0 1 4
395.40499040 0 1 3
395.60138433 0 1 4
395.62300425 0 1 3
395.96284978 0 1 4
395.97911705 0 1 3
396.15701576 0 1 4
396.18421238 0 1 3
396.36475127 0 1 4
396.38940928 0 1 3
396.61868803 0 1 4
396.64604713 0 1 3
396.85492173 0 1 4
396.88116238 0 1 3
397.08160997 0 1 4
397.10193118 0 1 3
397.28136652 0 1 4
397.30517061 0 1 3
397.47454052 0 1 4
397.49350053 0 1 3
397.83528070 0 1 4
397.85778068 0 1 3
398.02263158 0 1 4
398.04056636 0 1 3
398.26780954 0 1 4
398.29272001 0 1 3
398.49140882 0 1 4
398.52038577 0 1 3
398.88546487 0 1 4
398.90969809 0 1 3
399.24999642 0 1 4
399.27751415 0 1 3
399.59093699 0 1 4
399.61861522 0 1 3
399.84370619 0 1 4
399.87028384 0 1 3
400.07287973 0 1 4
400.09981928 0 1 3
400.39015738 0 1 4
400.41629755 0 1 3
400.62253435 0 1 4
400.64838974 0 1 3
401.06990093 0 1 4
401.08757946 0 1 3
401.37237752 0 1 4
401.39564103 0 1 3
402.14313401 0 1 4
402.16085907 0 1 3
402.31655783 0 1 4
402.33500325 0 1 3
402.44675825 0 1 4
402.46395398 0 1 3
402.82514303 0 1 4
402.88331717 0 1 3
403.00351093 0 1 4
403.02319667 0 1 3
403.37319864 0 1 4
403.39678855 0 1 3
403.77090446 0 1 4
403.79478958 0 1 3
403.98181308 0 1 4
404.00524681 0 1 3
404.19135564 0 1 4
404.21296723 0 1 3
404.44692688 0 1 4
404.47538308 0 1 3
404.84633542 0 1 4
404.87355182 0 1 3
405.24345789 0 1 4
405.26525212 0 1 3
405.40859384 0 1 4
405.42823682 0 1 3
405.64291039 0 1 4
405.66174629 0 1 3
405.81499984 0 1 4
405.83171610 0 1 3
406.15984071 0 1 4
406.17517586 0 1 3
406.58515378 0 1 4
406.61101621 0 1 3
406.81692168 0 1 4
406.84306004 0 1 3
407.05711779 0 1 4
407.07899542 0 1 3
407.33825489 0 1 4
407.36190631 0 1 3
407.68944744 0 1 4
407.71325426 0 1 3
407.88690340 0 1 4
407.91281277 0 1 3
408.20383708 0 1 4
408.22787973 0 1 3
408.69461121 0 1 4
408.71406392 0 1 3
408.97254938 0 1 4
408.99299847 0 1 3
409.23480507 0 1 4
409.25338383 0 1 3
409.49002410 0 1 4
409.51297506 0 1 3
409.96224260 0 1 4
409.98366969 0 1 3
410.19475841 0 1 4
410.21087799 0 1 3
410.53431869 0 1 4
410.55714189 0 1 3
410.74862889 0 1 4
410.76675914 0 1 3
411.03556267 0 1 4
411.05756023 0 1 3
411.24435728 0 1 4
411.26563759 0 1 3
411.44232134 0 1 4
411.46774175 0 1 3
411.73213788 0 1 4
411.81459989 0 1 3
411.99242945 0 1 4
412.06883175 0 1 3
412.40699281 0 1 4
412.43121012 0 1 3
413.37974043 0 1 4
413.45180446 0 1 3
413.80422315 0 1 4
413.83325893 0 1 3
414.28134686 0 1 4
414.30793676 0 1 3
414.57000835 0 1 4
414.59613504 0 1 3
414.96529885 0 1 4
414.98382309 0 1 3
415.22794392 0 1 4
415.24967909 0 1 3
415.49617826 0 1 4
415.51832809 0 1 3
415.66983431 0 1 4
415.68977511 0 1 3
416.11585377 0 1 4
416.13455972 0 1 3
416.34628881 0 1 4
416.36837683 0 1 3
416.60101226 0 1 4
416.62172284 0 1 3
416.76571201 0 1 4
416.78462617 0 1 3
417.05829342 0 1 4
417.07838023 0 1 3
418.36030416 0 1 4
418.38496268 0 1 3
418.71266322 0 1 4
418.73357581 0 1 3
418.97579917 0 1 4
419.00065674 0 1 3
419.33076462 0 1 4
419.35393343 0 1 3
419.59642943 0 1 4
419.62193633 0 1 3
419.92557253 0 1 4
419.94565486 0 1 3
420.11789338 0 1 4
420.13993952 0 1 3
420.30887708 0 1 4
420.33047174 0 1 3
420.50319153 0 1 4
420.52653051 0 1 3
420.77415937 0 1 4
420.78848573 0 1 3
420.97696938 0 1 4
420.99307421 0 1 3
421.11176010 0 1 4
421.12958220 0 1 3
421.31620394 0 1 4
421.33451618 0 1 3
421.69569874 0 1 4
421.72272899 0 1 3
421.91292005 0 1 4
421.93940565 0 1 3
422.14004815 0 1 4
422.16372307 0 1 3
423.66095369 0 1 4
423.68594908 0 1 3
423.87272993 0 1 4
423.89877932 0 1 3
424.19885686 0 1 4
424.22298521 0 1 3
424.47051362 0 1 4
424.49583088 0 1 3
424.80319061 0 1 4
424.82285501 0 1 3
425.05056738 0 1 4
425.07045254 0 1 3
425.22269252 0 1 4
425.24033681 0 1 3
425.53614794 0 1 4
425.55457128 0 1 3
425.75223624 0 1 4
425.77123894 0 1 3
426.10506325 0 1 4
426.12260255 0 1 3
426.46522683 0 1 4
426.49294671 0 1 3
426.70479105 0 1 4
426.73141531 0 1 3
427.04449289 0 1 4
427.06979524 0 1 3
427.46947287 0 1 4
427.49385825 0 1 3
427.82520721 0 1 4
427.84755179 0 1 3
428.57682596 0 1 4
428.60348966 0 1 3
428.84751591 0 1 4
428.86857769 0 1 3
429.17219072 0 1 4
429.19244389 0 1 3
429.34724274 0 1 4
429.37021564 0 1 3
429.59356949 0 1 4
429.61682340 0 1 3
429.81477655 0 1 4
429.83220525 0 1 3
430.00033250 0 1 4
430.02111194 0 1 3
430.15108424 0 1 4
430.23350809 0 1 3
430.38122219 0 1 4
430.40424667 0 1 3
430.56989474 0 1 4
430.58908666 0 1 3
430.95793741 0 1 4
430.97540824 0 1 3
431.16223675 0 1 4
431.17885588 0 1 3
431.41099044 0 1 4
431.43207626 0 1 3
431.61127674 0 1 4
431.63322133 0 1 3
431.96674420 0 1 4
433.37587718 0 1 3
433.77795507 0 1 4
433.80597997 0 1 3
434.21307601 0 1 4
434.24039205 0 1 3
434.56108824 0 1 4
434.58427318 0 1 3
434.86322059 0 1 4
434.88690723 0 1 3
435.06624601 0 1 4
435.08540624 0 1 3
435.37168997 0 1 4
435.39541074 0 1 3
435.62887943 0 1 4
435.65311242 0 1 3
435.85951714 0 1 4
435.87522142 0 1 3
435.98805400 0 1 4
436.00558271 0 1 3
436.14971563 0 1 4
436.16866550 0 1 3
436.41600354 0 1 4
436.44287629 0 1 3
436.66906522 0 1 4
436.69776712 0 1 3
437.03429123 0 1 4
437.06427143 0 1 3
437.27939248 0 1 4
437.30721369 0 1 3
437.59510495 0 1 4
437.61960563 0 1 3
437.78395493 0 1 4
437.80488030 0 1 3
438.16330630 0 1 4
438.18615499 0 1 3
438.49550119 0 1 4
438.51863069 0 1 3
438.73269899 0 1 4
438.75454669 0 1 3
439.15799481 0 1 4
439.17954450 0 1 3
439.49880525 0 1 4
439.52076622 0 1 3
439.86951693 0 1 4
439.88781275 0 1 3
440.17979365 0 1 4
440.20318187 0 1 3
440.50912330 0 1 4
440.53535987 0 1 3
440.80765495 0 1 4
440.82790112 0 1 3
440.96687920 0 1 4
440.97972802 0 1 3
441.11633535 0 1 4
441.13398776 0 1 3
441.27669180 0 1 4
441.29727562 0 1 3
441.49046401 0 1 4
441.51529449 0 1 3
441.87665804 0 1 4
441.89733048 0 1 3
442.12997663 0 1 4
442.15826018 0 1 3
442.63909500 0 1 4
442.65619919 0 1 3
442.87823802 0 1 4
442.89732671 0 1 3
443.10844410 0 1 4
443.12107758 0 1 3
443.24661449 0 1 4
443.26506659 0 1 3
443.60402150 0 1 4
443.62714932 0 1 3
443.93744588 0 1 4
443.95852088 0 1 3
444.12857982 0 1 4
444.15278114 0 1 3
444.32559110 0 1 4
444.35041793 0 1 3
444.52338542 0 1 4
444.54631043 0 1 3
444.75352079 0 1 4
444.77902182 0 1 3
444.99710235 0 1 4
445.02392743 0 1 3
445.24319911 0 1 4
445.26743773 0 1 3
445.58374571 0 1 4
445.61098439 0 1 3
445.95370238 0 1 4
445.97403900 0 1 3
446.33455552 0 1 4
446.35661189 0 1 3
446.56922515 0 1 4
446.59382802 0 1 3
446.83733885 0 1 4
446.88364735 0 1 3
447.13923675 0 1 4
447.16806497 0 1 3
447.79134549 0 1 4
447.81523434 0 1 3
448.09816398 0 1 4
448.12231661 0 1 3
448.31999417 0 1 4
448.33916024 0 1 3
448.57292741 0 1 4
448.59684782 0 1 3
448.80025294 0 1 4
448.82293918 0 1 3
449.01331437 0 1 4
449.04007108 0 1 3
449.23647207 0 1 4
449.26203750 0 1 3
449.64499438 0 1 4
449.67226711 0 1 3
449.96734876 0 1 4
449.98871561 0 1 3
450.21187270 0 1 4
450.23236118 0 1 3
450.38749784 0 1 4
450.42947410 0 1 3
450.62073661 0 1 4
450.64421555 0 1 3
450.84275974 0 1 4
450.86757238 0 1 3
451.07860261 0 1 4
451.12096023 0 1 3
451.47766409 0 1 4
451.50591012 0 1 3
451.76559612 0 1 4
451.79132110 0 1 3
451.99306680 0 1 4
452.01988686 0 1 3
452.25052205 0 1 4
452.27572340 0 1 3
452.52364598 0 1 4
452.54644239 0 1 3
452.77879583 0 1 4
452.80415106 0 1 3
453.04544575 0 1 4
453.07280988 0 1 3
453.33439080 0 1 4
453.36013993 0 1 3
453.73163521 0 1 4
453.75436735 0 1 3
454.06145281 0 1 4
454.08564419 0 1 3
454.26825371 0 1 4
454.29220979 0 1 3
454.48080009 0 1 4
454.50391370 0 1 3
454.82957925 0 1 4
454.85519422 0 1 3
455.27468788 0 1 4
455.30107308 0 1 3
455.59316786 0 1 4
455.61789729 0 1 3
455.83393470 0 1 4
455.85926946 0 1 3
456.02774687 0 1 4
456.05178848 0 1 3
456.37277159 0 1 4
456.39503081 0 1 3
456.72347947 0 1 4
456.74319507 0 1 3
457.00932270 0 1 4
457.03690081 0 1 3
457.17040240 0 1 4
457.18890783 0 1 3
457.37698035 0 1 4
457.39745300 0 1 3
457.53272198 0 1 4
457.55206166 0 1 3
457.75028567 0 1 4
457.77544772 0 1 3
458.20419154 0 1 4
458.23836367 0 1 3
458.75834546 0 1 4
458.77747740 0 1 3
458.90850247 0 1 4
458.92968859 0 1 3
459.07210540 0 1 4
459.08832795 0 1 3
459.45216845 0 1 4
459.46962479 0 1 3
459.63880660 0 1 4
459.71643398 0 1 3
459.88982718 0 1 4
459.95553045 0 1 3
460.14522729 0 1 4
460.17008574 0 1 3
460.50482220 0 1 4
460.52994704 0 1 3
460.89373669 0 1 4
460.91928502 0 1 3
461.13355682 0 1 4
461.15801144 0 1 3
461.46292250 0 1 4
461.48624730 0 1 3
461.85769527 0 1 4
461.88216301 0 1 3
462.19194788 0 1 4
462.21577475 0 1 3
462.41600061 0 1 4
462.44167900 0 1 3
462.65735131 0 1 4
462.68062556 0 1 3
462.85922632 0 1 4
462.88111347 0 1 3
463.15608657 0 1 4
463.17743269 0 1 3
463.43501521 0 1 4
463.45620495 0 1 3
463.64017327 0 1 4
463.66405846 0 1 3
463.85466339 0 1 4
463.87907266 0 1 3
464.11190052 0 1 4
464.13715469 0 1 3
464.32622695 0 1 4
464.35025161 0 1 3
464.70557017 0 1 4
464.73160369 0 1 3
465.04935467 0 1 4
465.07845647 0 1 3
465.37843555 0 1 4
465.40585876 0 1 3
465.63285652 0 1 4
465.65824589 0 1 3
465.87106823 0 1 4
465.89091045 0 1 3
466.16692384 0 1 4
466.18936679 0 1 3
466.35771593 0 1 4
466.38019195 0 1 3
466.56088060 0 1 4
466.58501081 0 1 3
466.83007147 0 1 4
466.85483313 0 1 3
467.20418320 0 1 4
467.23307043 0 1 3
467.44226008 0 1 4
467.46908658 0 1 3
467.78049511 0 1 4
467.80527223 0 1 3
468.02915184 0 1 4
468.05645377 0 1 3
468.33597766 0 1 4
468.36090892 0 1 3
468.59082458 0 1 4
468.62078526 0 1 3
469.01311520 0 1 4
469.03798298 0 1 3
469.52473406 0 1 4
469.54695960 0 1 3
469.74894182 0 1 4
469.77517238 0 1 3
469.96773491 0 1 4
469.98945327 0 1 3
470.16825488 0 1 4
470.18940494 0 1 3
470.35515678 0 1 4
470.37797121 0 1 3
470.66993829 0 1 4
470.69038061 0 1 3
470.86362318 0 1 4
470.89800004 0 1 3
471.08761461 0 1 4
471.11255015 0 1 3
471.36634547 0 1 4
471.39136470 0 1 3
471.61933468 0 1 4
471.64573883 0 1 3
472.01266621 0 1 4
472.04819028 0 1 3
472.23895057 0 1 4
472.26122202 0 1 3
472.60512478 0 1 4
472.63001991 0 1 3
472.92253026 0 1 4
472.94734776 0 1 3
473.18022716 0 1 4
473.21206140 0 1 3
473.47873299 0 1 4
473.50692717 0 1 3
473.80476731 0 1 4
473.83350224 0 1 3
474.25225353 0 1 4
474.27773940 0 1 3
474.46657489 0 1 4
474.49180615 0 1 3
474.68580339 0 1 4
474.70698124 0 1 3
475.11190645 0 1 4
475.13343186 0 1 3
475.29399290 0 1 4
475.31679742 0 1 3
475.48078114 0 1 4
475.50245428 0 1 3
475.78550123 0 1 4
475.80685176 0 1 3
475.97441445 0 1 4
475.99279701 0 1 3
476.26838254 0 1 4
476.29422425 0 1 3
476.49658122 0 1 4
476.52043740 0 1 3
476.74458765 0 1 4
476.77261460 0 1 3
477.00005135 0 1 4
477.02509378 0 1 3
477.34826751 0 1 4
477.37230313 0 1 3
477.66095303 0 1 4
477.68787507 0 1 3
478.10529428 0 1 4
478.15525559 0 1 3
478.30416877 0 1 4
478.32260686 0 1 3
478.46643370 0 1 4
478.48621782 0 1 3
478.64186675 0 1 4
478.66197545 0 1 3
478.93245604 0 1 4
478.95129747 0 1 3
479.29036060 0 1 4
479.31354477 0 1 3
479.50542033 0 1 4
479.53204098 0 1 3
479.91477080 0 1 4
479.94086391 0 1 3
480.12703006 0 1 4
480.15027497 0 1 3
480.44669955 0 1 4
480.47029729 0 1 3
480.64499330 0 1 4
480.67025437 0 1 3
480.85022802 0 1 4
480.87033790 0 1 3
481.17117661 0 1 4
481.19914558 0 1 3
481.48854120 0 1 4
481.51587379 0 1 3
481.83027601 0 1 4
481.85349001 0 1 3
482.23529498 0 1 4
482.26092260 0 1 3
482.64231431 0 1 4
482.66527287 0 1 3
482.85138722 0 1 4
482.87382232 0 1 3
483.18824100 0 1 4
483.20841501 0 1 3
483.36173420 0 1 4
483.37983568 0 1 3
483.65775161 0 1 4
483.67987136 0 1 3
483.83112446 0 1 4
483.85065710 0 1 3
484.05536263 0 1 4
484.07923762 0 1 3
484.29263197 0 1 4
484.32446625 0 1 3
484.73971117 0 1 4
484.76816331 0 1 3
485.11120134 0 1 4
485.17923863 0 1 3
485.34936256 0 1 4
485.36803726 0 1 3
485.65604310 0 1 4
485.67582391 0 1 3
485.84006138 0 1 4
485.86243556 0 1 3
486.01676132 0 1 4
486.03999210 0 1 3
486.32767780 0 1 4
486.35530480 0 1 3
486.63872091 0 1 4
486.66103020 0 1 3
487.15294421 0 1 4
487.17151396 0 1 3
487.39562529 0 1 4
487.41533141 0 1 3
487.58418919 0 1 4
487.60531694 0 1 3
487.76777163 0 1 4
487.78846049 0 1 3
487.95900705 0 1 4
487.98037408 0 1 3
488.33797901 0 1 4
488.36372443 0 1 3
488.68527092 0 1 4
488.70993021 0 1 3
489.09115375 0 1 4
489.11554400 0 1 3
489.53299144 0 1 4
489.56089821 0 1 3
490.01718655 0 1 4
490.04364366 0 1 3
490.27582014 0 1 4
490.29892914 0 1 3
490.49832050 0 1 4
490.52423248 0 1 3
490.73175679 0 1 4
490.75689782 0 1 3
491.01552510 0 1 4
491.03444688 0 1 3
491.40882399 0 1 4
491.42677469 0 1 3
491.60142868 0 1 4
491.62063927 0 1 3
491.77450994 0 1 4
491.79659424 0 1 3
492.22735068 0 1 4
492.24739045 0 1 3
492.40026299 0 1 4
492.42354764 0 1 3
492.65274824 0 1 4
492.67509857 0 1 3
492.86544350 0 1 4
492.88649247 0 1 3
493.21229579 0 1 4
493.23566597 0 1 3
493.41178526 0 1 4
493.43626816 0 1 3
493.67218396 0 1 4
493.69274171 0 1 3
493.94026175 0 1 4
493.96673087 0 1 3
494.14819323 0 1 4
494.17363525 0 1 3
494.34895254 0 1 4
494.37217883 0 1 3
494.89771151 0 1 4
494.92034511 0 1 3
495.15991787 0 1 4
495.17999179 0 1 3
495.52501464 0 1 4
495.54713820 0 1 3
495.88232131 0 1 4
495.90236008 0 1 3
496.37185659 0 1 4
496.39480141 0 1 3
496.60061499 0 1 4
496.62169308 0 1 3
496.84568159 0 1 4
496.86706255 0 1 3
497.02797077 0 1 4
497.04817465 0 1 3
497.30821384 0 1 4
497.32678095 0 1 3
497.55873558 0 1 4
497.58577613 0 1 3
497.78072515 0 1 4
497.80543740 0 1 3
498.05303121 0 1 4
498.08094628 0 1 3
498.28218043 0 1 4
498.30515740 0 1 3
498.50250915 0 1 4
498.52813296 0 1 3
498.91815754 0 1 4
498.94541853 0 1 3
499.15623469 0 1 4
499.18298698 0 1 3
499.39151559 0 1 4
499.48359383 0 1 3
499.68968100 0 1 4
499.71196850 0 1 3
500.13537812 0 1 4
500.16295581 0 1 3
500.38108316 0 1 4
500.40763548 0 1 3
500.71642097 0 1 4
500.73803634 0 1 3
500.95999189 0 1 4
500.98111478 0 1 3
501.13828979 0 1 4
501.15610197 0 1 3
501.44563633 0 1 4
501.47030903 0 1 3
501.66913361 0 1 4
501.69306997 0 1 3
501.87025058 0 1 4
501.94154074 0 1 3
502.16547275 0 1 4
502.19256744 0 1 3
502.37163200 0 1 4
502.39415723 0 1 3
502.57934646 0 1 4
502.60406848 0 1 3
503.02915776 0 1 4
503.05317031 0 1 3
503.25708164 0 1 4
503.28309958 0 1 3
503.50040384 0 1 4
503.52561858 0 1 3
503.76492998 0 1 4
503.79174281 0 1 3
504.00624689 0 1 4
504.03006546 0 1 3
504.28298064 0 1 4
504.30942389 0 1 3
504.53856660 0 1 4
504.56487321 0 1 3
504.96680519 0 1 4
504.98534498 0 1 3
505.13367948 0 1 4
505.15477720 0 1 3
505.30938149 0 1 4
505.32962407 0 1 3
505.53090303 0 1 4
505.54971784 0 1 3
505.69445328 0 1 4
505.71445363 0 1 3
505.88249465 0 1 4
505.90499125 0 1 3
506.18417643 0 1 4
506.21050810 0 1 3
506.64053008 0 1 4
506.66330965 0 1 3
507.00546516 0 1 4
507.03125309 0 1 3
507.23997548 0 1 4
507.28224755 0 1 3
507.48550760 0 1 4
507.50920306 0 1 3
507.71442132 0 1 4
507.73916880 0 1 3
507.93742907 0 1 4
507.96186132 0 1 3
508.23835233 0 1 4
508.28403402 0 1 3
508.47206988 0 1 4
508.49862413 0 1 3
508.75124772 0 1 4
508.77741494 0 1 3
509.04038378 0 1 4
509.06588653 0 1 3
509.27102093 0 1 4
509.29328328 0 1 3
509.60089679 0 1 4
509.69884423 0 1 3
510.08001107 0 1 4
510.10549939 0 1 3
510.31739443 0 1 4
510.36456306 0 1 3
510.66719603 0 1 4
510.71259971 0 1 3
510.89130112 0 1 4
511.05258930 0 1 3
511.18808612 0 1 4
511.21473665 0 1 3
511.42574561 0 1 4
511.51798065 0 1 3
511.73017862 0 1 4
511.74717999 0 1 3
511.89903827 0 1 4
512.29479799 0 1 3
512.64491316 0 1 4
512.81239208 0 1 3
512.97127888 0 1 4
513.66348438 0 1 3
513.77083398 0 1 4
516.57887465 0 1 5
516.59425687 0 1 4
517.96913871 0 1 5
517.98425842 0 1 4
518.16659653 0 1 5
518.19964831 0 1 4
518.34450270 0 1 5
518.35939758 0 1 4
518.63241243 0 1 5
518.64488790 0 1 4
519.00170460 0 1 5
519.01810510 0 1 4
519.15163769 0 1 5
519.16955032 0 1 4
519.67469393 0 1 5
519.69562403 0 1 4
519.89389259 0 1 5
519.91452678 0 1 4
520.12651229 0 1 5
520.15001973 0 1 4
520.43803575 0 1 5
520.46028825 0 1 4
520.74136154 0 1 5
520.76405709 0 1 4
521.10458022 0 1 5
521.12514745 0 1 4
521.63677898 0 1 5
521.65586555 0 1 4
521.89059057 0 1 5
521.91207170 0 1 4
522.06597613 0 1 5
522.08511158 0 1 4
522.29779898 0 1 5
522.31796863 0 1 4
522.50803316 0 1 5
522.52399428 0 1 4
522.79135865 0 1 5
522.80979360 0 1 4
522.99673596 0 1 5
523.01406957 0 1 4
523.39645324 0 1 5
523.44538356 0 1 4
523.62436480 0 1 5
523.73168275 0 1 4
524.07523731 0 1 5
524.09799802 0 1 4
524.38356526 0 1 5
524.40079255 0 1 4
524.59788202 0 1 5
524.61371675 0 1 4
524.82153239 0 1 5
524.83641783 0 1 4
525.03263172 0 1 5
525.05265560 0 1 4
525.21747812 0 1 5
525.23862952 0 1 4
525.54168364 0 1 5
525.56550673 0 1 4
525.81719269 0 1 5
525.83694311 0 1 4
526.07061317 0 1 5
526.09392780 0 1 4
526.28637327 0 1 5
526.30597830 0 1 4
526.58544426 0 1 5
526.60473349 0 1 4
526.90979170 0 1 5
526.92810223 0 1 4
527.08715034 0 1 5
527.10579809 0 1 4
527.31269822 0 1 5
527.33074056 0 1 4
527.52568577 0 1 5
527.54772784 0 1 4
527.72758451 0 1 5
527.75112779 0 1 4
528.25543564 0 1 5
528.27444203 0 1 4
528.49112961 0 1 5
528.51088874 0 1 4
528.72431440 0 1 5
528.74772422 0 1 4
528.91184040 0 1 5
528.99857526 0 1 4
529.17005985 0 1 5
529.19229792 0 1 4
529.36264691 0 1 5
529.41803626 0 1 4
529.59696261 0 1 5
529.61663733 0 1 4
529.78380520 0 1 5
529.80232403 0 1 4
530.20745354 0 1 5
530.22716204 0 1 4
530.41320072 0 1 5
530.43224503 0 1 4
530.68562792 0 1 5
530.70458931 0 1 4
530.95658924 0 1 5
530.99543900 0 1 4
531.14220746 0 1 5
531.16330214 0 1 4
531.56541446 0 1 5
531.58908319 0 1 4
531.77318130 0 1 5
531.79712107 0 1 4
531.96898724 0 1 5
531.98872886 0 1 4
532.20852548 0 1 5
532.22964195 0 1 4
532.40627710 0 1 5
532.42785941 0 1 4
532.59958490 0 1 5
532.61977887 0 1 4
532.79225622 0 1 5
532.81160381 0 1 4
532.96575386 0 1 5
532.98482835 0 1 4
533.14555018 0 1 5
533.16462313 0 1 4
533.33073825 0 1 5
533.35191590 0 1 4
533.53251932 0 1 5
533.55442562 0 1 4
533.74862184 0 1 5
533.80589726 0 1 4
534.09567087 0 1 5
534.11897954 0 1 4
534.30663178 0 1 5
534.33245404 0 1 4
534.51486522 0 1 5
534.53951259 0 1 4
534.80331849 0 1 5
534.82756519 0 1 4
534.99110960 0 1 5
535.01125299 0 1 4
535.19199258 0 1 5
535.21370858 0 1 4
535.35636849 0 1 5
535.38114317 0 1 4
535.54140043 0 1 5
535.56104262 0 1 4
535.72742124 0 1 5
535.75047299 0 1 4
536.03557732 0 1 5
536.05915414 0 1 4
536.40656222 0 1 5
536.45732847 0 1 4
536.67033785 0 1 5
536.70529455 0 1 4
536.98182607 0 1 5
537.03487271 0 1 4
537.20107028 0 1 5
537.22523429 0 1 4
537.40148965 0 1 5
537.57946900 0 1 4
537.71235871 0 1 5
537.79904402 0 1 4
537.94540776 0 1 5
537.97759508 0 1 4
538.14284354 0 1 5
538.17587061 0 1 4
538.33171100 0 1 5
538.36616252 0 1 4
538.66071190 0 1 5
538.76505022 0 1 4
539.00888350 0 1 5
539.32122514 0 1 4
539.50048111 0 1 5
540.51628465 0 1 6
540.53346979 0 1 5
540.85248027 0 1 4
541.02526133 0 1 5
541.20635185 0 1 6
541.21852878 0 1 5
541.58308424 0 1 6
541.59669591 0 1 5
542.09031881 0 1 6
542.10561280 0 1 5
542.20718343 0 1 6
542.28791068 0 1 5
542.83789900 0 1 6
542.85254545 0 1 5
543.00221983 0 1 6
543.01658049 0 1 5
544.35410947 0 1 6
544.37207916 0 1 5
544.50412583 0 1 6
544.51991040 0 1 5
544.84892912 0 1 6
544.86531518 0 1 5
545.13048558 0 1 6
545.14350981 0 1 5
545.40596752 0 1 6
545.42190919 0 1 5
545.57715166 0 1 6
545.59402482 0 1 5
545.91133479 0 1 6
545.92446117 0 1 5
546.16467312 0 1 6
546.17853688 0 1 5
546.37810937 0 1 6
546.39198217 0 1 5
546.52302967 0 1 6
546.54073787 0 1 5
546.86390178 0 1 6
546.88410540 0 1 5
547.63254266 0 1 6
547.65009571 0 1 5
547.89082979 0 1 6
547.90858555 0 1 5
548.02190588 0 1 6
548.03917185 0 1 5
548.30220727 0 1 6
548.31925934 0 1 5
548.43240886 0 1 6
548.44942150 0 1 5
548.69623116 0 1 6
548.71080315 0 1 5
548.88198978 0 1 6
548.90397331 0 1 5
549.20462309 0 1 6
549.27539686 0 1 5
549.43164834 0 1 6
549.45067861 0 1 5
549.60560647 0 1 6
549.62335598 0 1 5
550.08588857 0 1 6
550.10283397 0 1 5
550.31241358 0 1 6
550.32850313 0 1 5
550.74105441 0 1 6
550.76222070 0 1 5
551.12038852 0 1 6
551.13920443 0 1 5
551.57937487 0 1 6
551.59981565 0 1 5
551.73983779 0 1 6
551.75598736 0 1 5
552.06359501 0 1 6
552.08223900 0 1 5
552.34884422 0 1 6
552.36753119 0 1 5
552.63202865 0 1 6
552.64081649 0 1 5
552.95047394 0 1 6
552.96812430 0 1 5
553.43433045 0 1 6
553.45754130 0 1 5
553.64767484 0 1 6
553.67266013 0 1 5
553.97027103 0 1 6
553.99108647 0 1 5
554.26647715 0 1 6
554.28509530 0 1 5
554.62041317 0 1 6
554.64125725 0 1 5
555.06792941 0 1 6
555.08487678 0 1 5
555.30497432 0 1 6
555.31962463 0 1 5
555.55614586 0 1 6
555.57108992 0 1 5
555.75903046 0 1 6
555.77374063 0 1 5
555.96396846 0 1 6
555.97609985 0 1 5
556.12164879 0 1 6
556.13486702 0 1 5
556.30892253 0 1 6
556.32387218 0 1 5
556.46538170 0 1 6
556.48249222 0 1 5
556.64605899 0 1 6
556.66286006 0 1 5
556.79518353 0 1 6
556.81364929 0 1 5
556.94719523 0 1 6
556.96597625 0 1 5
557.22827780 0 1 6
557.24695836 0 1 5
557.44175504 0 1 6
557.46151925 0 1 5
557.84509661 0 1 6
557.86480781 0 1 5
558.07185057 0 1 6
558.09146251 0 1 5
558.31544425 0 1 6
558.33048061 0 1 5
558.57632145 0 1 6
558.59527595 0 1 5
558.81538361 0 1 6
558.82962924 0 1 5
559.01179385 0 1 6
559.02731886 0 1 5
559.36382917 0 1 6
559.37918226 0 1 5
559.61193811 0 1 6
559.62817504 0 1 5
559.91799148 0 1 6
559.93518243 0 1 5
560.12211977 0 1 6
560.13803095 0 1 5
560.26862106 0 1 6
560.28577579 0 1 5
560.40252341 0 1 6
560.42348741 0 1 5
560.54702918 0 1 6
560.56271424 0 1 5
560.82198970 0 1 6
560.83775053 0 1 5
560.93131018 0 1 6
560.94054007 0 1 5
561.15338082 0 1 6
561.16907127 0 1 5
561.30597860 0 1 6
561.32362763 0 1 5
561.48930888 0 1 6
561.51151890 0 1 5
561.77181031 0 1 6
561.79280658 0 1 5
561.95284962 0 1 6
561.97026598 0 1 5
562.20045284 0 1 6
562.22203693 0 1 5
562.50969646 0 1 6
562.53111830 0 1 5
562.70043232 0 1 6
562.72247542 0 1 5
562.87730230 0 1 6
562.89758076 0 1 5
563.06055462 0 1 6
563.11071216 0 1 5
563.26662030 0 1 6
563.29723392 0 1 5
563.43444967 0 1 6
563.45221106 0 1 5
563.71480032 0 1 6
563.76989848 0 1 5
564.03045361 0 1 6
564.05699793 0 1 5
564.16467043 0 1 6
564.18383729 0 1 5
564.40269947 0 1 6
564.42569656 0 1 5
564.74138420 0 1 6
565.99176118 0 1 7
566.00020396 0 1 6
566.16618909 0 1 7
566.17613890 0 1 6
566.30214137 0 1 7
566.31712707 0 1 6
566.62511052 0 1 7
566.63743176 0 1 6
566.97576568 0 1 7
566.99049343 0 1 6
567.07553281 0 1 7
567.08791584 0 1 6
567.56037148 0 1 7
567.57331167 0 1 6
567.67015445 0 1 7
567.69449751 0 1 6
567.83365728 0 1 7
567.85660184 0 1 6
567.96651863 0 1 7
567.97888172 0 1 6
568.08364762 0 1 7
568.09596624 0 1 6
568.18049560 0 1 7
568.19330486 0 1 6
568.30590200 0 1 7
568.32513348 0 1 6
568.44301962 0 1 7
568.47129328 0 1 6
568.58677498 0 1 7
568.61730950 0 1 6
568.72862280 0 1 7
568.76775938 0 1 6
568.88687465 0 1 7
568.96970990 0 1 6
569.07369167 0 1 7
569.09915832 0 1 6
569.22275676 0 1 7
569.28555945 0 1 6
569.42041621 0 1 7
569.46411539 0 1 6
569.67547260 0 1 7
