11.406285 0.000000
61.290481 24.884196
68.169818 1.879337
83.994515 10.824697
89.067126 0.072611
99.129290 5.062164
117.573487 13.444197
133.474921 10.901434
146.248671 7.773750
158.928709 7.680038
171.926760 7.998051
182.319842 5.393082
192.335345 5.015503
202.532568 5.197223
212.642690 5.110122
222.537259 4.894569
231.648477 4.111218
241.933021 5.284544
251.800374 4.867353
261.350947 4.550573
267.463679 1.112732
274.911569 2.447890
281.078030 1.166461
287.361412 1.283382
293.030236 0.668824
300.808404 2.778168
306.637077 0.828673
312.234527 0.597450
319.310304 2.075777
325.391789 1.081485
331.605873 1.214084
337.783902 1.178029
343.792771 1.008869
349.948282 1.155511
357.519367 2.571085
365.406225 2.886858
374.019012 3.612787
380.083341 1.064329
386.025485 0.942144
392.916808 1.891323
401.526283 3.609475
409.463686 2.937403
416.566615 2.102929
422.397552 0.830937
430.206342 2.808790
436.558423 1.352081
442.743458 1.185035
449.954974 2.211516
456.617248 1.662274
464.102515 2.485267
470.581480 1.478965
477.298422 1.716942
485.233454 2.935032
492.142655 1.909201
499.326825 2.184170
508.258267 3.931442
513.429818 0.171551
525.640665 2.210847
531.305996 0.665331
537.479683 1.173687
550.855014 3.375331
557.976345 2.121331
564.483279 1.506934
