1.21502486 1 0 1
1.24964441 1 0 2
1.29214154 1 0 3
1.34488197 1 0 4
1.46556455 1 0 5
1.47451105 1 0 6
1.54610835 1 0 7
34.55530988 1 0 6
34.91486336 1 0 7
35.05528814 1 0 6
35.14744434 1 0 5
35.26543901 1 0 6
35.47405681 1 0 7
35.55204186 1 0 6
35.75781697 1 0 7
35.78104640 1 0 6
36.01821936 1 0 7
36.04241782 1 0 6
36.20181139 1 0 7
36.24063594 1 0 6
36.47471447 1 0 7
36.49952086 1 0 6
36.76346625 1 0 7
36.77799750 1 0 6
37.18941218 1 0 7
37.21367169 1 0 6
39.50217310 1 0 5
40.18074243 1 0 6
40.46052831 1 0 5
40.71195462 1 0 6
40.82760471 1 0 5
41.13877808 1 0 6
41.16122045 1 0 5
41.46550790 1 0 6
41.51589817 1 0 5
41.84623593 1 0 6
41.87536587 1 0 5
42.29174384 1 0 6
42.31585039 1 0 5
42.80766213 1 0 6
42.93609992 1 0 5
43.58431825 1 0 6
43.62053307 1 0 5
45.11073468 1 0 6
45.12365159 1 0 5
45.39545263 1 0 6
45.56088628 1 0 5
45.99091936 1 0 6
46.10685370 1 0 5
46.57229391 1 0 6
46.64682372 1 0 5
47.06521242 1 0 6
47.08253368 1 0 5
47.47525399 1 0 6
47.60607796 1 0 5
48.25209174 1 0 6
48.29209889 1 0 5
49.02580422 1 0 6
49.05604506 1 0 5
50.47286147 1 0 6
50.49857268 1 0 5
50.82791570 1 0 6
50.91083814 1 0 5
51.10620413 1 0 6
51.11800500 1 0 5
51.38121271 1 0 6
51.43053718 1 0 5
52.21987308 1 0 6
52.31318166 1 0 5
54.06687073 1 0 6
54.09727457 1 0 5
55.16451998 1 0 6
55.16996471 1 0 5
55.94471607 1 0 6
55.97314797 1 0 5
56.21590768 1 0 6
56.24590743 1 0 5
56.41357624 1 0 6
56.43499832 1 0 5
56.84003279 1 0 6
56.89498441 1 0 5
57.70199777 1 0 6
57.73016980 1 0 5
58.33819893 1 0 6
58.35788164 1 0 5
58.67592351 1 0 6
58.69053545 1 0 5
58.93683876 1 0 6
59.13187342 1 0 5
59.58194521 1 0 6
59.61411800 1 0 5
60.31914286 1 0 6
60.34276985 1 0 5
60.68146418 1 0 6
60.70953429 1 0 5
60.86594910 1 0 6
60.89233312 1 0 5
61.07149698 1 0 6
61.10238171 1 0 5
61.20405560 1 0 6
61.23107962 1 0 5
61.27583817 1 0 6
61.28253817 1 0 5
61.41290561 1 0 6
61.41914643 1 0 5
61.46401029 1 0 6
61.49349619 1 0 5
61.54555557 1 0 6
61.56389309 1 0 5
61.70688569 1 0 6
61.73704265 1 0 5
61.88513120 1 0 6
61.92640791 1 0 5
62.08300748 1 0 6
62.10219298 1 0 5
62.56149615 1 0 6
62.57830457 1 0 5
62.98808307 1 0 6
63.02859059 1 0 5
63.81180316 1 0 6
63.93250960 1 0 5
65.18762722 1 0 6
65.20431922 1 0 5
65.48030624 1 0 6
65.49233955 1 0 5
65.76614168 1 0 6
65.77654168 1 0 5
66.00323257 1 0 6
66.02423960 1 0 5
68.20169220 1 0 4
69.03185832 1 0 5
69.20179944 1 0 4
70.05126068 1 0 5
70.23948183 1 0 4
71.21743277 1 0 5
71.34845533 1 0 4
71.72562458 1 0 5
71.81215295 1 0 4
72.00333106 1 0 5
72.02156561 1 0 4
72.27645925 1 0 5
72.29411081 1 0 4
73.22400506 1 0 5
73.35531661 1 0 4
74.01959789 1 0 5
74.18326372 1 0 4
74.60967928 1 0 5
74.63522278 1 0 4
74.70396959 1 0 5
74.71874159 1 0 4
75.01404658 1 0 5
75.03217958 1 0 4
75.07596259 1 0 5
75.13181609 1 0 4
75.20143010 1 0 5
75.21083461 1 0 4
75.42317614 1 0 5
75.43749614 1 0 4
75.63739567 1 0 5
75.64658767 1 0 4
76.06419122 1 0 5
76.07679727 1 0 4
76.29057348 1 0 5
76.32399418 1 0 4
76.49221388 1 0 5
76.53365718 1 0 4
76.78323711 1 0 5
76.85300295 1 0 4
77.42123430 1 0 5
77.43683662 1 0 4
77.93655937 1 0 5
78.08408940 1 0 4
79.27071582 1 0 5
79.29533988 1 0 4
79.93538644 1 0 5
80.15919091 1 0 4
80.60415388 1 0 5
80.62172449 1 0 4
80.88221645 1 0 5
80.90556736 1 0 4
81.36340603 1 0 5
81.40129036 1 0 4
81.93132690 1 0 5
81.99822767 1 0 4
82.42028110 1 0 5
82.45440911 1 0 4
82.78003866 1 0 5
82.81862029 1 0 4
83.01837852 1 0 5
83.04266320 1 0 4
83.28439506 1 0 5
83.31401838 1 0 4
83.73374369 1 0 5
83.76566416 1 0 4
84.15571203 1 0 5
84.18173299 1 0 4
84.33123406 1 0 5
84.37252798 1 0 4
84.54617689 1 0 5
84.56892471 1 0 4
84.82785952 1 0 5
84.85507643 1 0 4
85.13203074 1 0 5
85.15353846 1 0 4
85.38311315 1 0 5
85.42544092 1 0 4
85.64818056 1 0 5
85.67856159 1 0 4
85.87497646 1 0 5
85.89279086 1 0 4
86.08173459 1 0 5
86.09633815 1 0 4
86.50969190 1 0 5
86.53766073 1 0 4
86.67088923 1 0 5
86.68781477 1 0 4
86.81396293 1 0 5
86.83006435 1 0 4
87.07229371 1 0 5
87.12718114 1 0 4
87.22010958 1 0 5
87.25690471 1 0 4
87.40930317 1 0 5
87.42930169 1 0 4
87.95507310 1 0 5
88.01960455 1 0 4
88.33733592 1 0 5
88.51909425 1 0 4
88.89123569 1 0 5
88.91230721 1 0 4
89.43807438 1 0 5
89.47153674 1 0 4
90.30162521 1 0 5
90.31608181 1 0 4
90.39450405 1 0 5
90.41286186 1 0 4
90.74421395 1 0 5
90.75458716 1 0 4
90.91656920 1 0 5
90.92989684 1 0 4
91.04891759 1 0 5
91.13126590 1 0 4
91.41673423 1 0 5
91.45182983 1 0 4
96.06114112 1 0 3
96.26543545 1 0 4
97.00353457 1 0 3
97.57239959 1 0 4
97.70979504 1 0 3
98.37900000 1 0 4
99.15767866 1 0 3
99.81409066 1 0 4
100.56175504 1 0 3
100.91906801 1 0 4
101.08535951 1 0 3
101.56442968 1 0 4
101.67026508 1 0 3
101.95620048 1 0 4
101.97533243 1 0 3
102.71348902 1 0 4
102.96706511 1 0 3
103.66403009 1 0 4
103.84863714 1 0 3
104.60482932 1 0 4
104.78632368 1 0 3
106.05993972 1 0 4
106.07610926 1 0 3
107.03061927 1 0 4
107.05538147 1 0 3
107.99270626 1 0 4
108.21242169 1 0 3
109.69101783 1 0 4
109.77475599 1 0 3
110.70310700 1 0 4
110.73849833 1 0 3
111.12084336 1 0 4
111.23965970 1 0 3
111.48007670 1 0 4
111.59930036 1 0 3
112.41468573 1 0 4
112.43931077 1 0 3
113.18561169 1 0 4
113.34251158 1 0 3
113.99264194 1 0 4
114.48790783 1 0 3
115.14172870 1 0 4
115.53332678 1 0 3
115.97131815 1 0 4
116.03806993 1 0 3
116.58028588 1 0 4
116.98967669 1 0 3
117.47780239 1 0 4
117.60427884 1 0 3
118.76675666 1 0 4
118.92606691 1 0 3
120.32010656 1 0 4
120.45223295 1 0 3
120.72584925 1 0 4
120.78409270 1 0 3
121.09770651 1 0 4
121.20154318 1 0 3
121.54165468 1 0 4
121.57981001 1 0 3
122.22850131 1 0 4
122.31201797 1 0 3
122.78808790 1 0 4
122.91399911 1 0 3
123.46311021 1 0 4
123.69694867 1 0 3
124.43299252 1 0 4
124.78769954 1 0 3
125.51030009 1 0 4
125.62737576 1 0 3
126.24716404 1 0 4
126.26556328 1 0 3
127.39995274 1 0 4
127.56664806 1 0 3
127.92024188 1 0 4
128.19225863 1 0 3
128.70576286 1 0 4
128.86013797 1 0 3
129.48712294 1 0 4
129.83725990 1 0 3
130.47271254 1 0 4
130.57892248 1 0 3
131.12334720 1 0 4
131.33204591 1 0 3
131.65818575 1 0 4
131.70784508 1 0 3
131.88049425 1 0 4
131.92668275 1 0 3
132.21672057 1 0 4
132.70090045 1 0 3
133.91264622 1 0 4
134.62769057 1 0 3
135.66024802 1 0 4
135.67975007 1 0 3
136.18760062 1 0 4
136.31702473 1 0 3
136.80306862 1 0 4
136.97293376 1 0 3
137.47879289 1 0 4
137.56778636 1 0 3
137.99967673 1 0 4
138.12524500 1 0 3
138.69746083 1 0 4
138.99967418 1 0 3
139.83464646 1 0 4
140.01481485 1 0 3
140.71335877 1 0 4
140.82957370 1 0 3
141.59252284 1 0 4
141.63811450 1 0 3
141.83730608 1 0 4
141.89941308 1 0 3
142.91905573 1 0 4
143.02884678 1 0 3
143.68598982 1 0 4
143.80656635 1 0 3
144.91468274 1 0 4
145.04816284 1 0 3
145.51133279 1 0 4
145.61887192 1 0 3
146.06175628 1 0 4
146.29431884 1 0 3
147.26742719 1 0 4
147.40486829 1 0 3
148.96943771 1 0 4
149.16969449 1 0 3
149.87333092 1 0 4
150.15306888 1 0 3
150.52337838 1 0 4
150.69554672 1 0 3
151.08791171 1 0 4
151.09817939 1 0 3
151.65846399 1 0 4
151.88192333 1 0 3
152.13290239 1 0 4
152.15532239 1 0 3
152.51580543 1 0 4
152.64581174 1 0 3
152.84454752 1 0 4
152.86776785 1 0 3
153.66863524 1 0 4
153.81326657 1 0 3
154.51003044 1 0 4
154.64252889 1 0 3
155.45443708 1 0 4
155.61197831 1 0 3
156.24846441 1 0 4
156.56415745 1 0 3
157.03373574 1 0 4
157.15017689 1 0 3
157.75881169 1 0 4
157.78121066 1 0 3
158.51841830 1 0 4
158.71445283 1 0 3
159.15151155 1 0 4
159.19431821 1 0 3
159.65309762 1 0 4
159.80002009 1 0 3
160.42171124 1 0 4
160.52446787 1 0 3
161.24357056 1 0 4
161.41995358 1 0 3
161.89854352 1 0 4
162.01459686 1 0 3
162.55414842 1 0 4
162.63828577 1 0 3
163.63460758 1 0 4
163.79157062 1 0 3
164.38291308 1 0 4
164.42155614 1 0 3
165.25828033 1 0 4
165.36419489 1 0 3
165.88339709 1 0 4
165.98518014 1 0 3
167.04226672 1 0 4
167.15046656 1 0 3
167.89169511 1 0 4
168.11139912 1 0 3
169.27365469 1 0 4
169.48926941 1 0 3
170.12508295 1 0 4
170.13820773 1 0 3
171.34760063 1 0 4
171.43782733 1 0 3
171.84474986 1 0 4
171.94394912 1 0 3
172.91711598 1 0 4
173.23200467 1 0 3
173.74204654 1 0 4
173.77770254 1 0 3
174.59151986 1 0 4
174.76849879 1 0 3
175.24667108 1 0 4
175.36768275 1 0 3
175.99464578 1 0 4
176.04133945 1 0 3
177.33550822 1 0 4
177.53954171 1 0 3
178.13854427 1 0 4
178.61593671 1 0 3
179.83296756 1 0 4
180.03250539 1 0 3
180.81504770 1 0 4
180.90361117 1 0 3
182.05223519 1 0 4
182.32814384 1 0 3
183.37170121 1 0 4
183.54036875 1 0 3
184.02734160 1 0 4
184.06379738 1 0 3
184.90222924 1 0 4
185.22363209 1 0 3
185.59729408 1 0 4
185.68302275 1 0 3
186.30863165 1 0 4
186.39374397 1 0 3
186.85513714 1 0 4
186.95126863 1 0 3
188.16310648 1 0 4
188.30655558 1 0 3
189.31499746 1 0 4
189.68231496 1 0 3
190.51758281 1 0 4
190.69395895 1 0 3
191.12101256 1 0 4
191.14092375 1 0 3
191.55689473 1 0 4
191.65179849 1 0 3
191.71981374 1 0 2
192.54219644 1 0 3
193.33977864 1 0 4
193.94599266 1 0 3
194.76816873 1 0 4
195.04137868 1 0 3
195.70094949 1 0 4
195.82990815 1 0 3
196.29329999 1 0 4
196.31264282 1 0 3
196.66280815 1 0 4
196.90118132 1 0 3
197.37367634 1 0 4
197.50300221 1 0 3
197.85661911 1 0 4
197.99682109 1 0 3
198.73843595 1 0 4
199.12192210 1 0 3
200.40415835 1 0 4
200.85627964 1 0 3
201.22213548 1 0 4
201.34200873 1 0 3
201.90178712 1 0 4
201.93355456 1 0 3
202.75726940 1 0 4
202.88804586 1 0 3
203.42934619 1 0 4
203.45382632 1 0 3
204.21273682 1 0 4
204.42010597 1 0 3
205.16812014 1 0 4
205.24086741 1 0 3
206.18805546 1 0 4
206.28562007 1 0 3
206.56118174 1 0 4
206.62240524 1 0 3
206.90686557 1 0 4
207.03347041 1 0 3
207.93146605 1 0 4
208.07568154 1 0 3
208.92182049 1 0 4
209.09117675 1 0 3
209.79966392 1 0 4
209.96264370 1 0 3
210.82079028 1 0 4
210.91951718 1 0 3
211.82990843 1 0 4
211.85195655 1 0 3
213.26525891 1 0 4
213.40798942 1 0 3
214.18587708 1 0 4
214.36300784 1 0 3
215.58204402 1 0 4
215.61446297 1 0 3
216.30513627 1 0 4
216.54071151 1 0 3
216.86863365 1 0 4
216.92628281 1 0 3
217.28048548 1 0 4
217.66222646 1 0 3
218.15690672 1 0 4
218.18935808 1 0 3
218.90964047 1 0 4
219.28684206 1 0 3
220.32456752 1 0 4
220.50928690 1 0 3
221.34977952 1 0 4
221.46441115 1 0 3
222.03021482 1 0 4
222.14779912 1 0 3
222.80211077 1 0 4
222.96429790 1 0 3
223.42935807 1 0 4
223.55611707 1 0 3
224.46779940 1 0 4
224.84448773 1 0 3
225.71505994 1 0 4
226.17809114 1 0 3
226.60826160 1 0 4
226.93259796 1 0 3
227.36723933 1 0 4
227.38842831 1 0 3
227.78910463 1 0 4
228.27875001 1 0 3
228.85345082 1 0 4
229.01646210 1 0 3
229.52704950 1 0 4
229.66084387 1 0 3
230.21089743 1 0 4
230.23040347 1 0 3
230.85939828 1 0 4
231.05157642 1 0 3
232.70841381 1 0 4
233.03312733 1 0 3
233.80283811 1 0 4
234.06481104 1 0 3
234.58844848 1 0 4
234.74308441 1 0 3
235.51386760 1 0 4
235.54016904 1 0 3
236.05133736 1 0 4
236.17668575 1 0 3
236.99480614 1 0 4
237.02766173 1 0 3
237.65656449 1 0 4
237.79826449 1 0 3
238.96230346 1 0 4
239.10252269 1 0 3
239.83624389 1 0 4
240.23945023 1 0 3
240.61498276 1 0 4
240.71446715 1 0 3
241.12158188 1 0 4
241.22840821 1 0 3
241.78160952 1 0 4
241.80805265 1 0 3
242.38230256 1 0 4
242.66573319 1 0 3
243.40652953 1 0 4
243.75014214 1 0 3
244.80477049 1 0 4
244.95060171 1 0 3
245.71219294 1 0 4
245.74218068 1 0 3
246.38592454 1 0 4
246.60135070 1 0 3
247.07521216 1 0 4
247.10708837 1 0 3
248.32361796 1 0 4
248.48786756 1 0 3
249.12875712 1 0 4
249.32727242 1 0 3
249.88436195 1 0 4
249.99525807 1 0 3
250.82863902 1 0 4
250.85765814 1 0 3
251.19823540 1 0 4
251.29371583 1 0 3
252.94428805 1 0 4
253.24811139 1 0 3
253.94116359 1 0 4
254.38970477 1 0 3
255.68355916 1 0 4
255.69351886 1 0 3
256.32422964 1 0 4
256.46877356 1 0 3
257.13359523 1 0 4
257.25774387 1 0 3
258.24340761 1 0 4
258.26978615 1 0 3
259.01944827 1 0 4
259.05613618 1 0 3
259.72782744 1 0 4
259.95611927 1 0 3
260.40470890 1 0 4
260.43966755 1 0 3
260.74230069 1 0 4
260.85586936 1 0 3
261.75142348 1 0 4
261.86531249 1 0 3
262.28578836 1 0 4
262.53023964 1 0 3
263.94923877 1 0 4
264.00381634 1 0 3
265.02862426 1 0 4
265.16300115 1 0 3
266.07598893 1 0 4
266.10896338 1 0 3
266.61872448 1 0 4
266.65117093 1 0 3
267.34447061 1 0 4
267.60582345 1 0 3
268.15369727 1 0 4
268.36779958 1 0 3
269.31703523 1 0 4
269.50065362 1 0 3
270.90623492 1 0 4
270.97883625 1 0 3
271.30941108 1 0 4
271.34216625 1 0 3
271.69133192 1 0 4
271.82772999 1 0 3
272.33001100 1 0 4
272.46432457 1 0 3
273.26333465 1 0 4
273.43677755 1 0 3
273.98615878 1 0 4
274.32347054 1 0 3
275.27701132 1 0 4
275.63753495 1 0 3
276.70544486 1 0 4
276.72832933 1 0 3
277.13133876 1 0 4
277.40291442 1 0 3
277.84233411 1 0 4
277.87029941 1 0 3
278.58132806 1 0 4
279.10153074 1 0 3
281.38289224 1 0 4
281.47239908 1 0 3
281.73138192 1 0 4
281.89301758 1 0 3
282.14412451 1 0 4
282.17412234 1 0 3
283.60774394 1 0 4
283.75794686 1 0 3
284.80139527 1 0 4
284.81130577 1 0 3
285.39586301 1 0 4
285.75582306 1 0 3
286.71529813 1 0 4
286.95782548 1 0 3
287.50438279 1 0 4
287.53726174 1 0 3
288.95191524 1 0 4
289.43125820 1 0 3
290.40076186 1 0 4
290.59627547 1 0 3
291.27114564 1 0 4
291.43124357 1 0 3
291.76624673 1 0 4
291.90435904 1 0 3
292.47585142 1 0 4
292.56227424 1 0 3
293.03069057 1 0 4
293.33614286 1 0 3
294.67209856 1 0 4
294.89169576 1 0 3
295.40359755 1 0 4
295.70831593 1 0 3
296.99289008 1 0 4
297.43735981 1 0 3
297.93588598 1 0 4
298.03685192 1 0 3
298.87969449 1 0 4
299.12143864 1 0 3
300.17053061 1 0 4
300.27771260 1 0 3
301.06513845 1 0 4
301.09482001 1 0 3
301.60345889 1 0 4
301.72900149 1 0 3
303.06805205 1 0 4
303.20873833 1 0 3
304.34299239 1 0 4
304.48017307 1 0 3
305.16008840 1 0 4
305.33096546 1 0 3
305.75447813 1 0 4
305.87274924 1 0 3
306.87257809 1 0 4
307.32997678 1 0 3
308.36236274 1 0 4
308.55103077 1 0 3
309.03441556 1 0 4
309.06036812 1 0 3
309.69650275 1 0 4
309.98200872 1 0 3
310.79854915 1 0 4
310.83185193 1 0 3
311.27427625 1 0 4
311.48931002 1 0 3
312.13468824 1 0 4
312.26042530 1 0 3
313.69394298 1 0 4
313.83146570 1 0 3
314.57244180 1 0 4
314.82303366 1 0 3
315.18595924 1 0 4
315.19890936 1 0 3
315.55478621 1 0 4
315.59172649 1 0 3
315.99203379 1 0 4
316.10268045 1 0 3
316.55699101 1 0 4
316.69729673 1 0 3
317.19288644 1 0 4
317.23666022 1 0 3
318.54732018 1 0 4
318.71338621 1 0 3
319.74032231 1 0 4
319.81114201 1 0 3
320.36482560 1 0 4
320.46676550 1 0 3
321.34912591 1 0 4
321.37619416 1 0 3
321.96165286 1 0 4
321.97890021 1 0 3
322.55845997 1 0 4
323.29454544 1 0 3
323.87121940 1 0 4
324.05924050 1 0 3
325.04623529 1 0 4
325.19916729 1 0 3
328.30105849 1 0 4
328.46148932 1 0 3
328.66454457 1 0 4
328.83439018 1 0 3
330.46017408 1 0 4
330.93431525 1 0 3
331.86748597 1 0 4
332.04728197 1 0 3
332.69313505 1 0 4
332.98839022 1 0 3
333.45356926 1 0 4
333.64135166 1 0 3
334.09702164 1 0 4
334.14629281 1 0 3
334.95658150 1 0 4
335.13204492 1 0 3
335.92559105 1 0 4
336.12771909 1 0 3
336.52875574 1 0 4
336.70373349 1 0 3
338.67504996 1 0 4
339.03191661 1 0 3
339.68786742 1 0 4
339.71363542 1 0 3
340.12165729 1 0 4
340.28244318 1 0 3
340.76097012 1 0 4
340.88733242 1 0 3
341.09002827 1 0 4
341.16601129 1 0 3
341.70408285 1 0 4
341.80799477 1 0 3
342.18073664 1 0 4
342.27206391 1 0 3
342.98625814 1 0 4
343.17665591 1 0 3
344.31589165 1 0 4
344.67883383 1 0 3
345.39308098 1 0 4
345.49748630 1 0 3
345.92890008 1 0 4
345.97351208 1 0 3
346.27133225 1 0 4
346.41067975 1 0 3
346.99864984 1 0 4
347.02668812 1 0 3
347.59611672 1 0 4
347.64863876 1 0 3
348.50126981 1 0 4
348.53104667 1 0 3
349.32953799 1 0 4
349.35541422 1 0 3
350.28774722 1 0 4
350.32479110 1 0 3
351.35380804 1 0 4
351.36900416 1 0 3
351.62801636 1 0 4
351.69311247 1 0 3
352.32491479 1 0 4
352.35454713 1 0 3
353.02741424 1 0 4
353.25098992 1 0 3
354.24446416 1 0 4
354.26754080 1 0 3
355.58433788 1 0 4
355.81933882 1 0 3
356.84159651 1 0 4
356.90184784 1 0 3
358.78850581 1 0 4
358.82348080 1 0 3
359.70773503 1 0 4
359.72368024 1 0 3
360.27208974 1 0 4
360.47110083 1 0 3
360.80012519 1 0 4
361.48332531 1 0 3
362.95211659 1 0 4
363.12965561 1 0 3
364.37602907 1 0 4
364.40636253 1 0 3
365.58117760 1 0 4
365.79353458 1 0 3
366.67487212 1 0 4
366.78112338 1 0 3
367.80673796 1 0 4
367.99213040 1 0 3
368.80404247 1 0 4
369.16875450 1 0 3
370.81169940 1 0 4
371.18269834 1 0 3
371.97566949 1 0 4
372.01494087 1 0 3
374.17311643 1 0 4
374.35684087 1 0 3
375.36454416 1 0 4
375.40268475 1 0 3
375.79683230 1 0 4
375.83068518 1 0 3
376.65009120 1 0 4
376.69123279 1 0 3
377.81997099 1 0 4
378.10518994 1 0 3
380.65035541 1 0 4
380.75569572 1 0 3
381.33098092 1 0 4
381.51571508 1 0 3
381.68828858 1 0 4
381.78568625 1 0 3
381.84276392 1 0 2
382.08023008 1 0 3
382.47538435 1 0 4
382.56038803 1 0 3
384.22658834 1 0 4
384.23698734 1 0 3
384.93658257 1 0 4
385.18172533 1 0 3
386.12613508 1 0 4
386.16793434 1 0 3
387.33216767 1 0 4
387.35369528 1 0 3
387.76008925 1 0 4
387.94009548 1 0 3
388.54315288 1 0 4
388.91798225 1 0 3
390.07626774 1 0 4
390.26843985 1 0 3
391.23933453 1 0 4
391.30943574 1 0 3
393.06677159 1 0 4
393.30303238 1 0 3
394.77879949 1 0 4
394.97830048 1 0 3
396.81399793 1 0 4
396.94987524 1 0 3
397.89362305 1 0 4
397.91684706 1 0 3
399.00332588 1 0 4
399.02583455 1 0 3
399.95550990 1 0 4
400.14238420 1 0 3
400.85765851 1 0 4
401.55380251 1 0 3
402.24898843 1 0 4
402.46959547 1 0 3
405.34536095 1 0 4
405.35534128 1 0 3
406.11233939 1 0 4
406.39477980 1 0 3
407.12794449 1 0 4
407.25725709 1 0 3
408.64081618 1 0 4
408.67363024 1 0 3
409.91349106 1 0 4
410.07486653 1 0 3
410.86806208 1 0 4
411.08079044 1 0 3
412.14688953 1 0 4
412.23831992 1 0 3
413.19993832 1 0 4
413.35113408 1 0 3
414.17983199 1 0 4
414.72710505 1 0 3
415.58412933 1 0 4
415.65564165 1 0 3
415.94137683 1 0 4
416.08117916 1 0 3
417.10885448 1 0 4
417.19219663 1 0 3
417.42146575 1 0 4
417.55909948 1 0 3
418.48860622 1 0 4
418.57786557 1 0 3
419.37321949 1 0 4
419.39769144 1 0 3
420.99571262 1 0 4
421.34477415 1 0 3
421.97575762 1 0 4
422.41867865 1 0 3
422.87903847 1 0 4
423.40192990 1 0 3
425.58681784 1 0 4
425.66322934 1 0 3
426.03546074 1 0 4
426.31994834 1 0 3
427.21523890 1 0 4
427.24180100 1 0 3
428.53507521 1 0 4
428.78970047 1 0 3
429.86482287 1 0 4
429.89068299 1 0 3
430.83127115 1 0 4
430.96279746 1 0 3
431.46855094 1 0 4
431.86883915 1 0 3
432.49540695 1 0 4
432.51429983 1 0 3
433.17273191 1 0 4
433.55964618 1 0 3
434.87370643 1 0 4
435.04346679 1 0 3
435.76720914 1 0 4
435.88300046 1 0 3
437.18397111 1 0 4
437.32057440 1 0 3
438.42812019 1 0 4
438.46421542 1 0 3
439.14990780 1 0 4
439.52490453 1 0 3
439.86745141 1 0 4
440.02005451 1 0 3
440.55598362 1 0 4
440.61240347 1 0 3
441.25124930 1 0 4
441.32186484 1 0 3
441.79252705 1 0 4
441.94553662 1 0 3
443.27940345 1 0 4
443.54037773 1 0 3
444.80697796 1 0 4
444.96109534 1 0 3
445.32187742 1 0 4
445.53045775 1 0 3
446.20038189 1 0 4
446.36761085 1 0 3
447.30247403 1 0 4
447.33576166 1 0 3
448.01625689 1 0 4
448.03630665 1 0 3
449.66032380 1 0 4
449.69650541 1 0 3
450.24231769 1 0 4
450.42437179 1 0 3
451.45281754 1 0 4
451.87160309 1 0 3
454.00926607 1 0 4
454.31317725 1 0 3
455.19254456 1 0 4
455.32586809 1 0 3
456.00345832 1 0 4
456.02465503 1 0 3
456.71453586 1 0 4
457.14141032 1 0 3
458.93203147 1 0 4
459.00826402 1 0 3
460.40185968 1 0 4
460.75575337 1 0 3
461.48224220 1 0 4
461.59877554 1 0 3
462.05535069 1 0 4
462.07464019 1 0 3
463.28206874 1 0 4
463.49813714 1 0 3
464.25715047 1 0 4
464.28352073 1 0 3
464.96504543 1 0 4
464.99541494 1 0 3
465.82314148 1 0 4
465.84668458 1 0 3
466.25964067 1 0 4
466.30007712 1 0 3
467.72089192 1 0 4
467.88170979 1 0 3
468.80418379 1 0 4
468.99547822 1 0 3
469.60352208 1 0 4
469.83715924 1 0 3
471.00462502 1 0 4
471.34004422 1 0 3
472.53097204 1 0 4
472.69684520 1 0 3
473.32424991 1 0 4
473.35562785 1 0 3
474.16243201 1 0 4
474.36692859 1 0 3
474.76756097 1 0 4
474.96083242 1 0 3
475.91490938 1 0 4
475.98667556 1 0 3
476.32338574 1 0 4
476.42895278 1 0 3
477.29887700 1 0 4
477.50463615 1 0 3
478.77215935 1 0 4
478.85181253 1 0 3
479.91617909 1 0 4
480.07286027 1 0 3
481.31938409 1 0 4
481.42878719 1 0 3
481.86171835 1 0 4
482.08207019 1 0 3
482.80480696 1 0 4
482.95193516 1 0 3
484.17579235 1 0 4
484.36180376 1 0 3
485.35105369 1 0 4
485.50376092 1 0 3
485.89323358 1 0 4
485.97112653 1 0 3
486.46769317 1 0 4
486.49695371 1 0 3
487.00119050 1 0 4
487.10582909 1 0 3
487.76770415 1 0 4
487.78230010 1 0 3
488.92626372 1 0 4
488.96349674 1 0 3
490.42086429 1 0 4
490.44231129 1 0 3
491.26023244 1 0 4
491.29915317 1 0 3
492.65456868 1 0 4
492.97386688 1 0 3
494.02557052 1 0 4
494.78826761 1 0 3
496.31878272 1 0 4
496.32733272 1 0 3
496.94397184 1 0 4
496.97556307 1 0 3
497.89796918 1 0 4
497.93098124 1 0 3
500.80759730 1 0 4
501.42380708 1 0 3
502.14977119 1 0 4
502.43859241 1 0 3
503.01161551 1 0 4
504.06229061 1 0 5
504.24986986 1 0 4
506.39247834 1 0 5
506.43357476 1 0 4
508.26024676 1 0 5
508.48852457 1 0 4
510.17475422 1 0 5
510.20217405 1 0 4
511.17357972 1 0 5
511.36008400 1 0 4
511.89171155 1 0 5
511.92924831 1 0 4
512.20573058 1 0 5
512.24891023 1 0 4
512.80643850 1 0 5
512.82447994 1 0 4
513.60581334 1 0 5
513.62389136 1 0 4
513.88861345 1 0 5
513.97148473 1 0 4
514.25348761 1 0 5
514.28624360 1 0 4
514.55787091 1 0 5
514.58348924 1 0 4
514.87740734 1 0 5
514.91473270 1 0 4
515.07750208 1 0 5
515.10105637 1 0 4
515.27545300 1 0 5
515.31993393 1 0 4
515.47276109 1 0 5
515.50666776 1 0 4
515.79742424 1 0 5
515.83511670 1 0 4
518.74623044 1 0 5
518.75552406 1 0 4
520.06505720 1 0 5
520.30065862 1 0 4
521.00865877 1 0 5
521.12985995 1 0 4
521.37376582 1 0 5
521.40854775 1 0 4
521.64971154 1 0 5
521.69342098 1 0 4
521.88668000 1 0 5
521.90335646 1 0 4
522.74646031 1 0 5
522.93756932 1 0 4
523.53138571 1 0 5
523.71063368 1 0 4
524.09670997 1 0 5
524.28593336 1 0 4
524.92849677 1 0 5
524.95917426 1 0 4
525.39760621 1 0 5
525.44134185 1 0 4
526.08944870 1 0 5
526.13500382 1 0 4
526.37146081 1 0 5
526.41742311 1 0 4
526.85665376 1 0 5
526.93060624 1 0 4
527.44039986 1 0 5
527.48393248 1 0 4
528.02809986 1 0 5
528.04557808 1 0 4
528.76814269 1 0 5
528.80950923 1 0 4
529.31239966 1 0 5
529.51884420 1 0 4
530.12526649 1 0 5
530.32988980 1 0 4
530.83182482 1 0 5
531.01734929 1 0 4
531.42057411 1 0 5
531.87246689 1 0 4
532.26752239 1 0 5
535.39441042 1 0 6
535.57839989 1 0 5
536.53018997 1 0 6
536.55872385 1 0 5
536.80204547 1 0 6
536.86385267 1 0 5
537.05696612 1 0 6
537.10276221 1 0 5
538.64221665 1 0 6
538.68086388 1 0 5
539.15857684 1 0 6
539.28453308 1 0 5
539.55917734 1 0 6
539.58934477 1 0 5
539.82701132 1 0 6
539.84899687 1 0 5
540.04355527 1 0 6
540.13844704 1 0 5
540.36964730 1 0 6
540.38608839 1 0 5
542.74640265 1 0 6
542.77584333 1 0 5
543.71579087 1 0 6
543.74803289 1 0 5
544.35802063 1 0 6
544.36832384 1 0 5
545.07200461 1 0 6
545.27903784 1 0 5
545.89576076 1 0 6
545.90396743 1 0 5
546.57696310 1 0 6
546.58921953 1 0 5
546.76980861 1 0 6
546.78852203 1 0 5
546.89794951 1 0 6
546.96981883 1 0 5
547.88897157 1 0 6
547.91480237 1 0 5
548.72572868 1 0 6
548.75274350 1 0 5
549.67661035 1 0 6
550.12561800 1 0 5
551.23295678 1 0 6
551.37446556 1 0 5
551.90779322 1 0 6
551.92199322 1 0 5
553.07382526 1 0 6
553.12048230 1 0 5
553.99404420 1 0 6
554.03813189 1 0 5
554.87019559 1 0 6
555.05693676 1 0 5
555.66050397 1 0 6
555.67275616 1 0 5
555.95266669 1 0 6
555.96372024 1 0 5
556.12901932 1 0 6
556.23461474 1 0 5
556.80631536 1 0 6
556.82487713 1 0 5
557.26381510 1 0 6
557.28294000 1 0 5
558.10538399 1 0 6
558.12244521 1 0 5
558.72038769 1 0 6
558.76403202 1 0 5
559.72105007 1 0 6
559.79527239 1 0 5
560.38333674 1 0 6
562.85158044 1 0 7
563.03099088 1 0 6
564.83761231 1 0 7
