1.03682192 0 6 1
1.08551970 0 6 2
1.12891382 0 6 3
1.15894346 0 1 2
1.17126141 0 6 4
1.18463591 0 6 5
1.21088428 0 1 3
1.22969595 0 6 6
1.24175476 0 1 4
1.24651576 0 5 3
1.25310899 0 6 7
1.27069273 0 1 5
1.31325098 0 5 4
1.33027120 0 1 6
1.34903867 0 4 3
1.38393441 0 5 5
1.41151984 0 4 4
1.45285686 0 5 6
1.46126346 0 1 7
1.48185253 0 4 5
1.55449044 0 4 6
1.56364477 0 3 7
1.59244404 0 5 7
1.60674387 0 2 5
1.70043138 0 2 6
1.70960522 0 2 7
1.73500062 0 4 7
31.46815191 0 1 6
31.59939125 0 1 7
31.60788379 0 1 6
31.68968640 0 1 7
31.70347861 0 1 6
31.81225538 0 1 7
31.82225988 0 1 6
32.45083997 0 1 7
32.55963661 0 1 6
33.57929456 0 1 7
33.58787567 0 1 6
35.28359563 0 1 5
35.40017036 0 1 6
35.43808787 0 1 5
35.52850758 0 1 6
35.68220284 0 1 5
35.75835709 0 1 6
35.88360696 0 1 5
35.96642235 0 1 6
35.97495059 0 1 5
36.11145523 0 1 6
36.16298010 0 1 5
36.36127950 0 1 6
36.37899815 0 1 5
36.65647679 0 1 6
36.67655853 0 1 5
36.81807881 0 1 6
36.88883214 0 1 5
37.07907547 0 1 6
37.09283258 0 1 5
37.66498083 0 1 6
37.79072179 0 1 5
38.48752753 0 1 6
38.50462603 0 1 5
39.13115583 0 1 6
39.14301616 0 1 5
40.17982192 0 1 6
40.19597873 0 1 5
40.75550921 0 1 6
40.77501558 0 1 5
41.01440462 0 1 6
41.03941782 0 1 5
41.15641565 0 1 6
41.17387659 0 1 5
41.34563556 0 1 6
41.35642656 0 1 5
41.50217920 0 1 6
41.65009684 0 1 5
41.89898063 0 1 6
42.03435490 0 1 5
42.37456044 0 1 6
42.38282461 0 1 5
42.92195977 0 1 6
43.13789022 0 1 5
43.72952250 0 1 6
43.84119097 0 1 5
45.10974223 0 1 6
45.12498774 0 1 5
45.39485648 0 1 6
45.50201903 0 1 5
45.89517058 0 1 6
45.91307613 0 1 5
46.63784259 0 1 6
46.64767988 0 1 5
47.15131374 0 1 6
47.15909472 0 1 5
47.94266464 0 1 6
48.07124564 0 1 5
48.83356753 0 1 6
48.84837218 0 1 5
49.74075118 0 1 6
49.75890835 0 1 5
50.24412743 0 1 6
50.26070112 0 1 5
50.62168554 0 1 6
50.67700555 0 1 5
51.01059705 0 1 6
51.01833066 0 1 5
51.12228651 0 1 6
51.20307405 0 1 5
51.33489751 0 1 6
51.34624284 0 1 5
51.80875646 0 1 6
51.82088563 0 1 5
52.16062686 0 1 6
52.17321970 0 1 5
52.75484144 0 1 6
52.76625361 0 1 5
53.85844768 0 1 6
53.87204784 0 1 5
54.36510084 0 1 6
54.38049461 0 1 5
55.16329143 0 1 6
55.17294090 0 1 5
56.35993790 0 1 6
56.37653027 0 1 5
57.13185392 0 1 6
57.14140992 0 1 5
58.68362604 0 1 6
58.69645165 0 1 5
60.35639805 0 1 4
60.54316656 0 1 5
60.71075049 0 1 4
60.84063101 0 1 5
60.85120016 0 1 4
61.07712276 0 1 5
61.16906217 0 1 4
61.22581841 0 1 5
61.33987434 0 1 4
61.41059618 0 1 5
61.42827463 0 1 4
61.46248151 0 1 5
61.57157730 0 1 4
61.64183675 0 1 5
61.66855965 0 1 4
61.82749108 0 1 5
61.85727059 0 1 4
61.99627094 0 1 5
62.02541928 0 1 4
62.08915419 0 1 5
62.10973319 0 1 4
62.20700712 0 1 5
62.26554249 0 1 4
62.47131373 0 1 5
62.49270152 0 1 4
63.07477158 0 1 5
63.08876060 0 1 4
63.76073191 0 1 5
63.77353208 0 1 4
64.48023728 0 1 5
64.49563788 0 1 4
64.54636550 0 1 5
64.55357036 0 1 4
64.61118406 0 1 5
64.62409292 0 1 4
64.66030209 0 1 5
64.67258695 0 1 4
64.71915127 0 1 5
64.73510013 0 1 4
64.81057363 0 1 5
64.82728736 0 1 4
64.87573212 0 1 5
64.88518055 0 1 4
64.93840931 0 1 5
64.95458661 0 1 4
65.00059538 0 1 5
65.01605711 0 1 4
65.06216588 0 1 5
65.07109431 0 1 4
65.12056352 0 1 5
65.13533952 0 1 4
65.25467674 0 1 5
65.27259761 0 1 4
65.32338327 0 1 5
65.34040814 0 1 4
65.41918304 0 1 5
65.43049679 0 1 4
65.48115846 0 1 5
65.48661533 0 1 4
65.72882371 0 1 5
65.73893615 0 1 4
65.94220723 0 1 5
65.94789611 0 1 4
66.19700954 0 1 5
66.20817537 0 1 4
66.35356232 0 1 5
66.36095282 0 1 4
66.61985309 0 1 5
66.62832909 0 1 4
67.03750188 0 1 5
67.06157468 0 1 4
67.71082006 0 1 5
67.74663108 0 1 4
68.96724146 0 1 5
68.98550963 0 1 4
69.85253825 0 1 5
69.86054225 0 1 4
70.62058411 0 1 5
70.63474458 0 1 4
71.50611599 0 1 5
71.55675375 0 1 4
72.05376299 0 1 5
72.18505102 0 1 4
72.41317722 0 1 5
72.42969454 0 1 4
72.88852654 0 1 5
72.90015054 0 1 4
73.69477333 0 1 5
73.70649482 0 1 4
74.64929603 0 1 5
74.65988502 0 1 4
74.74625183 0 1 5
74.75877233 0 1 4
75.07453334 0 1 5
75.08723834 0 1 4
75.17641635 0 1 5
75.18832135 0 1 4
75.38604887 0 1 5
75.39927788 0 1 4
75.59766940 0 1 5
75.60393340 0 1 4
75.84470245 0 1 5
75.85392347 0 1 4
76.21065832 0 1 5
76.22210350 0 1 4
76.52003073 0 1 5
76.52797693 0 1 4
76.84075368 0 1 5
76.85000670 0 1 4
77.29790579 0 1 5
77.30766979 0 1 4
77.79198730 0 1 5
77.91014287 0 1 4
78.68396688 0 1 5
78.69600738 0 1 4
79.93348530 0 1 5
80.10157530 0 1 4
80.83348967 0 1 5
80.84239367 0 1 4
81.16847534 0 1 5
81.18949267 0 1 4
81.29722450 0 1 5
81.32957125 0 1 4
81.98902482 0 1 5
82.14412716 0 1 4
84.42925473 0 1 5
84.44681354 0 1 4
85.78513054 0 1 3
85.88164001 0 1 4
87.03710152 0 1 3
87.11407861 0 1 4
87.29223363 0 1 3
87.33452947 0 1 4
87.59473511 0 1 3
87.73059743 0 1 4
87.97011681 0 1 3
88.31729414 0 1 4
88.45877334 0 1 3
88.72081168 0 1 4
88.74287098 0 1 3
88.88546364 0 1 4
89.20571269 0 1 3
89.36617935 0 1 4
89.38275374 0 1 3
89.56623481 0 1 4
89.69989551 0 1 3
90.05432805 0 1 4
90.07102421 0 1 3
90.20946268 0 1 4
90.22186728 0 1 3
90.25551390 0 1 4
90.26697850 0 1 3
90.33743652 0 1 4
90.34914112 0 1 3
90.39542435 0 1 4
90.41040556 0 1 3
90.71520941 0 1 4
90.73158601 0 1 3
90.79060127 0 1 4
90.80400188 0 1 3
90.87912684 0 1 4
90.89543666 0 1 3
90.92023133 0 1 4
90.93855775 0 1 3
91.03418080 0 1 4
91.06921028 0 1 3
91.23863510 0 1 4
91.25552459 0 1 3
91.33703544 0 1 4
91.35424972 0 1 3
91.43128764 0 1 4
91.54729968 0 1 3
91.65708868 0 1 4
91.66846385 0 1 3
91.92124571 0 1 4
91.93753133 0 1 3
92.06820775 0 1 4
92.08024103 0 1 3
92.31906988 0 1 4
92.33458783 0 1 3
92.80581762 0 1 4
92.82258212 0 1 3
93.48204995 0 1 4
93.50057124 0 1 3
94.23915770 0 1 4
94.26232175 0 1 3
95.09511838 0 1 4
95.11250802 0 1 3
95.71594222 0 1 4
95.73734935 0 1 3
96.15673350 0 1 4
96.17273784 0 1 3
96.41072190 0 1 4
96.49658187 0 1 3
96.78540762 0 1 4
96.79808208 0 1 3
97.32266625 0 1 4
97.34296696 0 1 3
97.90553730 0 1 4
98.04539200 0 1 3
98.67508681 0 1 4
98.87602882 0 1 3
99.81347833 0 1 4
99.82845033 0 1 3
100.61438430 0 1 4
100.73625452 0 1 3
100.95816801 0 1 4
100.97898285 0 1 3
101.35532335 0 1 4
101.36731585 0 1 3
101.70733992 0 1 4
101.72206058 0 1 3
102.02832664 0 1 4
102.04871602 0 1 3
102.56051747 0 1 4
102.57997047 0 1 3
103.19046108 0 1 4
103.34492384 0 1 3
103.95061526 0 1 4
104.06343998 0 1 3
104.76745718 0 1 4
104.78105935 0 1 3
105.80129875 0 1 4
105.81983225 0 1 3
106.31406292 0 1 4
106.33007192 0 1 3
106.68898717 0 1 4
106.70706167 0 1 3
106.96303201 0 1 4
106.97133635 0 1 3
107.49199793 0 1 4
107.50140643 0 1 3
108.11244618 0 1 4
108.12640718 0 1 3
108.84921015 0 1 4
108.85923882 0 1 3
109.69040550 0 1 4
109.70006967 0 1 3
110.55039343 0 1 4
110.56619919 0 1 3
111.01720103 0 1 4
111.02898670 0 1 3
111.38887503 0 1 4
111.40597436 0 1 3
111.74164986 0 1 4
111.75829220 0 1 3
112.04502235 0 1 4
112.06289185 0 1 3
112.36477840 0 1 4
112.37576473 0 1 3
112.99758134 0 1 4
113.01039818 0 1 3
113.83047636 0 1 4
113.83601319 0 1 3
114.64417275 0 1 4
114.65382891 0 1 3
115.41549812 0 1 4
115.43423279 0 1 3
115.97042115 0 1 4
115.98163431 0 1 3
116.54007104 0 1 4
116.55594321 0 1 3
117.04236511 0 1 4
117.06030280 0 1 3
117.78161330 0 1 4
118.13690250 0 1 3
118.91152380 0 1 4
118.92444258 0 1 3
119.87770389 0 1 4
119.89125324 0 1 3
120.72370716 0 1 4
120.73078109 0 1 3
121.09428051 0 1 4
121.10294684 0 1 3
121.44667718 0 1 4
121.46414251 0 1 3
121.94536768 0 1 4
121.96215401 0 1 3
122.29696597 0 1 4
122.30783363 0 1 3
122.89441326 0 1 4
122.91337478 0 1 3
123.60052913 0 1 4
123.62452889 0 1 3
124.24416840 0 1 4
124.40899296 0 1 3
125.15386776 0 1 4
125.16557643 0 1 3
125.81677265 0 1 4
125.82418548 0 1 3
126.34718003 0 1 4
126.44550031 0 1 3
126.88854764 0 1 4
126.89983676 0 1 3
127.29813085 0 1 4
127.31650921 0 1 3
127.76027352 0 1 4
127.77220219 0 1 3
128.36527926 0 1 4
128.39474877 0 1 3
128.84921147 0 1 4
128.86605831 0 1 3
129.62324027 0 1 4
129.63109177 0 1 3
130.33027650 0 1 4
130.34761479 0 1 3
130.98313865 0 1 4
130.99517191 0 1 3
131.48875989 0 1 4
131.54273884 0 1 3
131.91623908 0 1 4
131.93023108 0 1 3
132.21603557 0 1 4
132.29166774 0 1 3
132.66643795 0 1 4
132.91470268 0 1 3
134.24447922 0 1 4
134.27170853 0 1 3
134.95069651 0 1 4
134.96080851 0 1 3
135.36140840 0 1 4
135.37653335 0 1 3
135.84581196 0 1 4
135.95171128 0 1 3
136.38207886 0 1 4
136.40695276 0 1 3
136.89957131 0 1 4
136.91270548 0 1 3
137.44328273 0 1 4
137.45740773 0 1 3
137.94076931 0 1 4
137.95696607 0 1 3
138.52260695 0 1 4
138.54092461 0 1 3
139.33976118 0 1 4
139.35078268 0 1 3
140.20974892 0 1 4
140.30008864 0 1 3
140.99103419 0 1 4
141.00262728 0 1 3
141.65133083 0 1 4
141.66721150 0 1 3
141.88448208 0 1 4
141.90454142 0 1 3
142.40519364 0 1 4
142.48283024 0 1 3
142.85576523 0 1 4
142.86787056 0 1 3
143.50808133 0 1 4
143.52451000 0 1 3
144.45139110 0 1 4
144.46112462 0 1 3
145.37722942 0 1 4
145.39220618 0 1 3
145.83067695 0 1 4
145.84596112 0 1 3
146.85417976 0 1 4
146.87511593 0 1 3
147.61799834 0 1 4
147.76227229 0 1 3
148.28747940 0 1 4
148.30129190 0 1 3
149.09754510 0 1 4
149.11123853 0 1 3
149.80772049 0 1 4
149.81743249 0 1 3
150.39562051 0 1 4
150.41408134 0 1 3
150.95432951 0 1 4
150.97397893 0 1 3
151.51509131 0 1 4
151.52896564 0 1 3
151.93907083 0 1 4
151.98118483 0 1 3
152.25350324 0 1 4
152.32998088 0 1 3
152.84285759 0 1 4
152.88476666 0 1 3
153.28860590 0 1 4
153.40638327 0 1 3
153.92045186 0 1 4
153.94210128 0 1 3
154.62460604 0 1 4
154.64174456 0 1 3
155.09253067 0 1 4
155.10289008 0 1 3
155.54726564 0 1 4
155.55905897 0 1 3
156.10832420 0 1 4
156.12272570 0 1 3
156.70145926 0 1 4
156.71781652 0 1 3
157.23811594 0 1 4
157.27943965 0 1 3
158.03016996 0 1 4
158.04325879 0 1 3
158.87826416 0 1 4
158.89182609 0 1 3
159.27863965 0 1 4
159.28444798 0 1 3
160.01877516 0 1 4
160.13820861 0 1 3
160.65620531 0 1 4
160.66874564 0 1 3
161.10725264 0 1 4
161.12404948 0 1 3
161.58165943 0 1 4
161.68147488 0 1 3
162.08217647 0 1 4
162.22037702 0 1 3
162.61648677 0 1 4
162.63316144 0 1 3
163.26653083 0 1 4
163.28658833 0 1 3
163.87938806 0 1 4
163.98133533 0 1 3
164.49683081 0 1 4
164.56735690 0 1 3
164.98775487 0 1 4
165.00259408 0 1 3
165.51198656 0 1 4
165.52115523 0 1 3
165.96716205 0 1 4
165.98219581 0 1 3
166.61609793 0 1 4
166.63313160 0 1 3
167.13614039 0 1 4
167.15739889 0 1 3
167.89013811 0 1 4
167.90413877 0 1 3
168.71778098 0 1 4
168.73411415 0 1 3
169.61997076 0 1 4
169.70237812 0 1 3
170.23273838 0 1 4
170.24467155 0 1 3
170.70187108 0 1 4
170.71543225 0 1 3
171.14109051 0 1 4
171.16099584 0 1 3
171.61142415 0 1 4
171.62833282 0 1 3
172.47417180 0 1 4
172.59324435 0 1 3
173.21335205 0 1 4
173.44320114 0 1 3
173.74468854 0 1 4
173.85396095 0 1 3
174.59067870 0 1 4
174.60689953 0 1 3
175.14555108 0 1 4
175.16182875 0 1 3
175.55820886 0 1 4
175.56985069 0 1 3
175.88303502 0 1 4
175.90421628 0 1 3
176.40968706 0 1 4
176.42849972 0 1 3
176.91288440 0 1 4
176.92504940 0 1 3
177.44388063 0 1 4
177.46091863 0 1 3
178.08318065 0 1 4
178.09933777 0 1 3
178.88870252 0 1 4
179.05905441 0 1 3
179.78223339 0 1 4
179.79676656 0 1 3
180.66822511 0 1 4
180.67994545 0 1 3
181.10853541 0 1 4
181.11687608 0 1 3
181.54296836 0 1 4
181.55955728 0 1 3
182.00535498 0 1 4
182.01419998 0 1 3
182.89329494 0 1 4
183.03294831 0 1 3
184.18936538 0 1 4
184.32912005 0 1 3
184.72765093 0 1 4
184.73522776 0 1 3
185.37090125 0 1 4
185.38618142 0 1 3
185.78937041 0 1 4
185.80459691 0 1 3
186.09901441 0 1 4
186.11969008 0 1 3
186.50752831 0 1 4
186.51678865 0 1 3
186.93621151 0 1 4
186.95446096 0 1 3
187.62567443 0 1 4
187.63376393 0 1 3
188.29111625 0 1 4
188.30499125 0 1 3
189.10430623 0 1 4
189.11325040 0 1 3
190.00446629 0 1 4
190.09050639 0 1 3
191.12604266 0 1 4
191.14277608 0 1 3
191.35885555 0 1 4
191.39841572 0 1 3
191.79795343 0 1 4
191.81352859 0 1 3
192.64617473 0 1 4
192.65984339 0 1 3
193.29816603 0 1 4
193.31476005 0 1 3
194.08162762 0 1 4
194.14955256 0 1 3
194.93744290 0 1 4
194.95392530 0 1 3
195.69901615 0 1 4
195.75515865 0 1 3
196.19649132 0 1 4
196.21021049 0 1 3
196.60278715 0 1 4
196.62041215 0 1 3
197.13039236 0 1 4
197.14563303 0 1 3
197.78796832 0 1 4
197.80759811 0 1 3
198.55410131 0 1 4
198.56498964 0 1 3
199.51540765 0 1 4
199.68956551 0 1 3
200.34066368 0 1 4
200.34780468 0 1 3
201.32618139 0 1 4
201.34054439 0 1 3
201.67060894 0 1 4
201.72542662 0 1 3
201.95496423 0 1 4
201.96779849 0 1 3
202.87262403 0 1 4
202.89077819 0 1 3
203.57084874 0 1 4
203.58682157 0 1 3
204.37101876 0 1 4
204.38540276 0 1 3
205.16680679 0 1 4
205.18368447 0 1 3
205.82096535 0 1 4
205.84038235 0 1 3
206.29418641 0 1 4
206.31692324 0 1 3
206.60978624 0 1 4
206.62317757 0 1 3
206.86629157 0 1 4
206.88515774 0 1 3
207.51267866 0 1 4
207.52215066 0 1 3
208.29093744 0 1 4
208.30413044 0 1 3
209.28724087 0 1 4
209.30844570 0 1 3
210.15760368 0 1 4
210.17550868 0 1 3
210.90676658 0 1 4
210.92506951 0 1 3
211.37602158 0 1 4
211.49544847 0 1 3
211.97549096 0 1 4
212.06068121 0 1 3
212.34403987 0 1 4
212.36216630 0 1 3
212.81971230 0 1 4
212.87359694 0 1 3
213.38610388 0 1 4
213.40420509 0 1 3
214.14138447 0 1 4
214.15489125 0 1 3
214.95784638 0 1 4
214.97507971 0 1 3
215.53752535 0 1 4
215.55054952 0 1 3
216.16652021 0 1 4
216.18473388 0 1 3
216.71992698 0 1 4
216.72944381 0 1 3
217.02349398 0 1 4
217.04344648 0 1 3
217.34318813 0 1 4
217.36084846 0 1 3
217.81677914 0 1 4
217.91682393 0 1 3
218.39545309 0 1 4
218.45839568 0 1 3
219.05724992 0 1 4
219.07198077 0 1 3
219.87717116 0 1 4
219.88962466 0 1 3
220.41988779 0 1 4
220.44954476 0 1 3
221.02667107 0 1 4
221.04022473 0 1 3
221.58098346 0 1 4
221.59869380 0 1 3
222.12874762 0 1 4
222.13995478 0 1 3
222.80169844 0 1 4
222.90751448 0 1 3
223.38270538 0 1 4
223.39695131 0 1 3
224.00069626 0 1 4
224.00898492 0 1 3
224.73271066 0 1 4
224.76169884 0 1 3
225.34890755 0 1 4
225.36644471 0 1 3
225.80752331 0 1 4
225.82452133 0 1 3
226.47852167 0 1 4
226.57847960 0 1 3
227.07818063 0 1 4
227.08952563 0 1 3
227.42906806 0 1 4
227.43776206 0 1 3
227.87595212 0 1 4
227.88545779 0 1 3
228.46576549 0 1 4
228.54035168 0 1 3
229.18844644 0 1 4
229.23865528 0 1 3
229.64977765 0 1 4
229.66285620 0 1 3
230.21608788 0 1 4
230.23157580 0 1 3
230.70035329 0 1 4
230.79568278 0 1 3
231.22627459 0 1 4
231.32918283 0 1 3
232.04896835 0 1 4
232.06566469 0 1 3
232.53194883 0 1 4
232.55287833 0 1 3
233.27247800 0 1 4
233.33948347 0 1 3
234.04749935 0 1 4
234.09416404 0 1 3
234.66305254 0 1 4
234.68203448 0 1 3
235.35293985 0 1 4
235.37186485 0 1 3
235.89921045 0 1 4
235.91724404 0 1 3
236.60839690 0 1 4
236.62973790 0 1 3
237.28016466 0 1 4
237.29318583 0 1 3
237.98324180 0 1 4
238.00406066 0 1 3
238.69207012 0 1 4
238.71241879 0 1 3
239.37144204 0 1 4
239.38193191 0 1 3
239.92990016 0 1 4
239.95422130 0 1 3
240.39637574 0 1 4
240.41158074 0 1 3
240.79573717 0 1 4
240.81242233 0 1 3
241.40468500 0 1 4
241.42212167 0 1 3
241.93283158 0 1 4
242.04204018 0 1 3
242.48399326 0 1 4
242.50308443 0 1 3
243.22013398 0 1 4
243.23941248 0 1 3
244.08231805 0 1 4
244.09929489 0 1 3
244.93019188 0 1 4
244.94741738 0 1 3
245.61115406 0 1 4
245.62466841 0 1 3
246.26353558 0 1 4
246.28238808 0 1 3
247.03669983 0 1 4
247.05593300 0 1 3
247.48437960 0 1 4
247.61807013 0 1 3
248.15726459 0 1 4
248.16863042 0 1 3
249.12781212 0 1 4
249.13468079 0 1 3
249.63366532 0 1 4
249.74855329 0 1 3
250.19199117 0 1 4
250.20389008 0 1 3
250.50085716 0 1 4
250.52016399 0 1 3
250.84779231 0 1 4
250.86717047 0 1 3
251.27705233 0 1 4
251.29690816 0 1 3
251.98185572 0 1 4
251.98928438 0 1 3
252.63118265 0 1 4
252.64823191 0 1 3
253.21072129 0 1 4
253.37211005 0 1 3
254.10318722 0 1 4
254.29051076 0 1 3
255.12918553 0 1 4
255.14542236 0 1 3
255.77117977 0 1 4
255.78183753 0 1 3
256.06882401 0 1 4
256.08604927 0 1 3
256.40042580 0 1 4
256.41963163 0 1 3
257.01545869 0 1 4
257.03462102 0 1 3
257.76781888 0 1 4
257.78618779 0 1 3
259.01881594 0 1 4
259.19753106 0 1 3
259.72726244 0 1 4
259.90282939 0 1 3
260.64429536 0 1 4
260.70528886 0 1 3
260.95101886 0 1 4
260.96770103 0 1 3
261.49279849 0 1 4
261.50355682 0 1 3
262.07923982 0 1 4
262.09105665 0 1 3
262.63752642 0 1 4
262.70405717 0 1 3
263.30383092 0 1 4
263.32038459 0 1 3
264.43226722 0 1 4
264.44253638 0 1 3
265.41100244 0 1 4
265.42370811 0 1 3
265.96766108 0 1 4
265.98011053 0 1 3
266.50669851 0 1 4
266.52145203 0 1 3
266.98013471 0 1 4
266.99203937 0 1 3
267.59884961 0 1 4
267.61729245 0 1 3
268.27857443 0 1 4
268.29777297 0 1 3
269.10475649 0 1 4
269.11699749 0 1 3
270.19091897 0 1 4
270.20591408 0 1 3
270.77322328 0 1 4
270.82379125 0 1 3
271.08334025 0 1 4
271.09974075 0 1 3
271.35320575 0 1 4
271.48433742 0 1 3
271.75177192 0 1 4
271.76535042 0 1 3
272.11387904 0 1 4
272.13479713 0 1 3
272.89473195 0 1 4
272.90791628 0 1 3
273.78196743 0 1 4
273.93983819 0 1 3
274.91137980 0 1 4
275.07693287 0 1 3
275.81151129 0 1 4
275.82644329 0 1 3
276.38075446 0 1 4
276.39657172 0 1 3
276.95967736 0 1 4
277.02097512 0 1 3
277.18889969 0 1 4
277.19963102 0 1 3
277.68486249 0 1 4
277.69479449 0 1 3
278.57973073 0 1 4
278.59515706 0 1 3
279.98191466 0 1 4
279.99650066 0 1 3
280.55818405 0 1 4
280.57026572 0 1 3
281.17501044 0 1 4
281.19260354 0 1 3
281.49116492 0 1 4
281.51193592 0 1 3
281.77984592 0 1 4
281.79254008 0 1 3
282.09179168 0 1 4
282.10703868 0 1 3
282.53505834 0 1 4
282.54540334 0 1 3
283.02885577 0 1 4
283.04678811 0 1 3
283.97305711 0 1 4
283.98853411 0 1 3
284.80356793 0 1 4
284.82021477 0 1 3
285.48923207 0 1 4
285.49908874 0 1 3
286.28032366 0 1 4
286.29605566 0 1 3
286.92857775 0 1 4
287.02824901 0 1 3
287.83250031 0 1 4
287.84431314 0 1 3
288.17613439 0 1 4
288.25291872 0 1 3
288.89828738 0 1 4
288.91470881 0 1 3
289.74896994 0 1 4
289.76182677 0 1 3
290.40467517 0 1 4
290.42525751 0 1 3
291.27259414 0 1 4
291.28303547 0 1 3
291.76412573 0 1 4
291.77437440 0 1 3
292.16081685 0 1 4
292.23133985 0 1 3
292.55050724 0 1 4
292.56116991 0 1 3
293.03004624 0 1 4
293.14049303 0 1 3
293.90331690 0 1 4
293.92077042 0 1 3
294.67148623 0 1 4
294.81916321 0 1 3
295.26094243 0 1 4
295.26934760 0 1 3
295.85892744 0 1 4
295.87158477 0 1 3
296.38833942 0 1 4
296.40563142 0 1 3
296.94390825 0 1 4
296.96196491 0 1 3
297.75657881 0 1 4
297.77517981 0 1 3
298.26923595 0 1 4
298.28574511 0 1 3
298.87816133 0 1 4
298.89233816 0 1 3
299.77305581 0 1 4
299.78553265 0 1 3
300.44316772 0 1 4
300.54345076 0 1 3
301.27590753 0 1 4
301.28551753 0 1 3
301.79314243 0 1 4
301.87521711 0 1 3
302.30109722 0 1 4
302.32576406 0 1 3
302.66867778 0 1 4
302.68709194 0 1 3
303.17155543 0 1 4
303.21859933 0 1 3
303.81275200 0 1 4
303.82560833 0 1 3
304.45709807 0 1 4
304.48790541 0 1 3
305.15832238 0 1 4
305.20751214 0 1 3
305.53438715 0 1 4
305.55940160 0 1 3
306.15009536 0 1 4
306.16794015 0 1 3
306.82517407 0 1 4
306.83769950 0 1 3
307.52661575 0 1 4
307.55501349 0 1 3
308.15641427 0 1 4
308.17765660 0 1 3
308.68984123 0 1 4
308.70647033 0 1 3
309.27019204 0 1 4
309.39926499 0 1 3
309.87079626 0 1 4
309.89960971 0 1 3
310.53510006 0 1 4
310.54941672 0 1 3
310.99344128 0 1 4
311.08245056 0 1 3
311.84706985 0 1 4
311.86756752 0 1 3
312.86349835 0 1 4
312.87780335 0 1 3
313.43945939 0 1 4
313.55012247 0 1 3
314.14869370 0 1 4
314.16349053 0 1 3
314.79537253 0 1 4
314.97984491 0 1 3
315.25459889 0 1 4
315.27466523 0 1 3
315.69614162 0 1 4
315.70641462 0 1 3
316.24420576 0 1 4
316.26237476 0 1 3
316.76017662 0 1 4
316.85181331 0 1 3
317.29951736 0 1 4
317.31428369 0 1 3
318.07401646 0 1 4
318.08466162 0 1 3
318.70105487 0 1 4
318.71049387 0 1 3
319.74398747 0 1 4
319.75961198 0 1 3
320.33590725 0 1 4
320.34686043 0 1 3
320.84586533 0 1 4
320.85767483 0 1 3
321.44268677 0 1 4
321.45553177 0 1 3
321.82089159 0 1 4
321.83379252 0 1 3
322.39513664 0 1 4
322.41262531 0 1 3
323.09139772 0 1 4
323.14891316 0 1 3
323.86967814 0 1 4
323.88828307 0 1 3
324.52697847 0 1 4
324.53973947 0 1 3
325.04456595 0 1 4
325.05781562 0 1 3
325.48116729 0 1 4
325.50189912 0 1 3
325.84167706 0 1 4
325.85533806 0 1 3
326.19447194 0 1 4
326.21261811 0 1 3
326.64894594 0 1 4
326.66532211 0 1 3
327.13144153 0 1 4
327.14179470 0 1 3
328.44935999 0 1 4
328.46782965 0 1 3
328.81645568 0 1 4
328.82660985 0 1 3
329.91244048 0 1 4
329.92662548 0 1 3
330.54183934 0 1 4
330.55201410 0 1 3
331.86593204 0 1 4
331.96144406 0 1 3
332.54115822 0 1 4
332.55194689 0 1 3
333.75905117 0 1 4
333.89926623 0 1 3
334.42854714 0 1 4
334.44894814 0 1 3
335.05254366 0 1 4
335.06478149 0 1 3
335.60590305 0 1 4
335.62401688 0 1 3
335.92510988 0 1 4
335.93502521 0 1 3
336.41020670 0 1 4
336.42155220 0 1 3
336.95364950 0 1 4
336.96595000 0 1 3
337.47156176 0 1 4
337.57728232 0 1 3
338.46597575 0 1 4
338.47782008 0 1 3
339.01966094 0 1 4
339.30266897 0 1 3
340.03516754 0 1 4
340.04585693 0 1 3
340.55083261 0 1 4
340.59432549 0 1 3
341.01254644 0 1 4
341.04460727 0 1 3
341.38786003 0 1 4
341.41955329 0 1 3
341.78497151 0 1 4
341.79849043 0 1 3
342.26136275 0 1 4
342.27573625 0 1 3
342.98484114 0 1 4
342.99732997 0 1 3
343.93853205 0 1 4
343.95696405 0 1 3
345.39424948 0 1 4
345.40981015 0 1 3
345.71283892 0 1 4
345.76849775 0 1 3
345.98118708 0 1 4
346.01275008 0 1 3
346.31987308 0 1 4
346.33326458 0 1 3
346.85912958 0 1 4
346.87351077 0 1 3
347.80580059 0 1 4
347.82632985 0 1 3
348.28614686 0 1 4
348.42025099 0 1 3
349.32877299 0 1 4
349.50363629 0 1 3
350.45527053 0 1 4
350.47280670 0 1 3
351.53982992 0 1 4
351.55114608 0 1 3
351.87127934 0 1 4
351.94026434 0 1 3
352.44713406 0 1 4
352.54595421 0 1 3
353.17294697 0 1 4
353.18980497 0 1 3
354.02929922 0 1 4
354.04776072 0 1 3
354.99851624 0 1 4
355.01370936 0 1 3
355.94275474 0 1 4
356.00022694 0 1 3
356.66211197 0 1 4
356.67588914 0 1 3
356.84098418 0 1 4
356.85629618 0 1 3
358.41897587 0 1 4
358.43695654 0 1 3
358.96146412 0 1 4
359.10506106 0 1 3
360.53342199 0 1 4
360.64912755 0 1 3
361.11863423 0 1 4
361.13171558 0 1 3
361.85957986 0 1 4
361.87017302 0 1 3
362.76002999 0 1 4
362.92088542 0 1 3
363.61829105 0 1 4
363.63378823 0 1 3
364.72818943 0 1 4
364.74091376 0 1 3
365.99333143 0 1 4
366.00923695 0 1 3
366.67349895 0 1 4
366.68376495 0 1 3
367.35681046 0 1 4
367.37511206 0 1 3
368.27359151 0 1 4
368.28638018 0 1 3
369.14883177 0 1 4
369.17464284 0 1 3
370.08189952 0 1 4
370.09070502 0 1 3
370.96530651 0 1 4
370.97750851 0 1 3
371.63415744 0 1 4
371.64898244 0 1 3
371.92209701 0 1 4
371.93722117 0 1 3
372.73448938 0 1 4
372.75295104 0 1 3
373.43746443 0 1 4
373.45373643 0 1 3
374.61921836 0 1 4
374.63045536 0 1 3
375.52864097 0 1 4
375.53888947 0 1 3
375.90745282 0 1 4
376.00719008 0 1 3
376.86191009 0 1 4
376.87228425 0 1 3
377.19568515 0 1 4
377.20896532 0 1 3
377.66137283 0 1 4
377.67027350 0 1 3
378.44305067 0 1 4
378.46006060 0 1 3
379.25002919 0 1 4
379.26694636 0 1 3
380.38521472 0 1 4
380.40462800 0 1 3
380.89336753 0 1 4
380.90276820 0 1 3
381.29104007 0 1 4
381.30551008 0 1 3
381.68767625 0 1 4
381.73560292 0 1 3
381.93699192 0 1 4
381.99722808 0 1 3
382.26609240 0 1 4
382.28035407 0 1 3
382.70410470 0 1 4
382.82727397 0 1 3
383.42192688 0 1 4
383.43567621 0 1 3
384.23038950 0 1 4
384.24265567 0 1 3
385.09078373 0 1 4
385.10555408 0 1 3
386.24733325 0 1 4
386.26642348 0 1 3
386.84619984 0 1 4
386.86155184 0 1 3
387.39257984 0 1 4
387.41047008 0 1 3
388.33622840 0 1 4
388.35120523 0 1 3
389.29590609 0 1 4
389.48382725 0 1 3
390.40849704 0 1 4
390.47993532 0 1 3
391.23914220 0 1 4
391.25040870 0 1 3
392.07634194 0 1 4
392.09347077 0 1 3
392.48233140 0 1 4
392.56214696 0 1 3
393.06896076 0 1 4
393.22705552 0 1 3
394.00044635 0 1 4
394.01628435 0 1 3
394.96404505 0 1 4
394.98705281 0 1 3
395.97543362 0 1 4
395.98625897 0 1 3
396.63528867 0 1 4
396.64223417 0 1 3
397.34311527 0 1 4
397.36027627 0 1 3
397.84985721 0 1 4
397.86474138 0 1 3
398.77735344 0 1 4
398.79689111 0 1 3
400.13760387 0 1 4
400.14852920 0 1 3
400.99742833 0 1 4
401.01861926 0 1 3
402.24808343 0 1 4
402.26408626 0 1 3
402.93434264 0 1 4
402.94891940 0 1 3
403.87321801 0 1 4
404.02995168 0 1 3
404.70346246 0 1 4
404.71134680 0 1 3
405.44977627 0 1 4
405.46060827 0 1 3
406.20577209 0 1 4
406.21615376 0 1 3
406.71324783 0 1 4
406.83133017 0 1 3
407.49451080 0 1 4
407.60827140 0 1 3
408.18794407 0 1 4
408.20066624 0 1 3
408.93790369 0 1 4
409.10809158 0 1 3
410.06662018 0 1 4
410.08327886 0 1 3
410.71843115 0 1 4
410.73701249 0 1 3
411.62085205 0 1 4
411.63503722 0 1 3
412.01987030 0 1 4
412.11609103 0 1 3
412.73106802 0 1 4
412.75064419 0 1 3
413.53764647 0 1 4
413.64361008 0 1 3
414.48520743 0 1 4
414.49990660 0 1 3
415.58280816 0 1 4
415.59440983 0 1 3
415.93925124 0 1 4
415.95318516 0 1 3
417.24650002 0 1 4
417.26310248 0 1 3
417.54104564 0 1 4
417.54901514 0 1 3
418.18562937 0 1 4
418.20013837 0 1 3
418.76507629 0 1 4
418.77996829 0 1 3
419.53040206 0 1 4
419.54558256 0 1 3
420.26538401 0 1 4
420.27493302 0 1 3
420.82978397 0 1 4
420.85040606 0 1 3
421.40726940 0 1 4
421.51746774 0 1 3
421.97554529 0 1 4
421.98961288 0 1 3
422.73282251 0 1 4
422.74814327 0 1 3
423.38823790 0 1 4
423.40370224 0 1 3
424.19949632 0 1 4
424.21654232 0 1 3
424.89835614 0 1 4
424.91820031 0 1 3
425.58825351 0 1 4
425.60917201 0 1 3
426.03306657 0 1 4
426.04036074 0 1 3
426.80801864 0 1 4
426.81941548 0 1 3
427.56539827 0 1 4
427.57709244 0 1 3
428.32858994 0 1 4
428.34213070 0 1 3
429.08561543 0 1 4
429.10729593 0 1 3
429.86447054 0 1 4
430.03954102 0 1 3
430.83225149 0 1 4
430.84283451 0 1 3
431.32456130 0 1 4
431.33829123 0 1 3
432.09988849 0 1 4
432.10713715 0 1 3
432.60530625 0 1 4
432.62207525 0 1 3
433.09904041 0 1 4
433.11556108 0 1 3
433.87006065 0 1 4
433.88110965 0 1 3
434.59966023 0 1 4
434.69233346 0 1 3
435.31033221 0 1 4
435.33210580 0 1 3
435.86616739 0 1 4
436.01298171 0 1 3
436.55823343 0 1 4
436.67000049 0 1 3
437.01949807 0 1 4
437.02835107 0 1 3
437.91858452 0 1 4
437.93349652 0 1 3
439.14902280 0 1 4
439.15477963 0 1 3
439.86644635 0 1 4
439.88619562 0 1 3
440.55739212 0 1 4
440.56707779 0 1 3
441.24957545 0 1 4
441.26370530 0 1 3
441.79052129 0 1 4
441.80176305 0 1 3
442.41965829 0 1 4
442.54016578 0 1 3
443.12273716 0 1 4
443.13498292 0 1 3
443.73057683 0 1 4
443.81811865 0 1 3
444.39870942 0 1 4
444.41386992 0 1 3
445.07352847 0 1 4
445.08634149 0 1 3
445.50855517 0 1 4
445.53951008 0 1 3
446.19781589 0 1 4
446.20775823 0 1 3
446.80927237 0 1 4
446.82562553 0 1 3
447.41692703 0 1 4
447.58819408 0 1 3
448.16183069 0 1 4
448.17408736 0 1 3
449.00410788 0 1 4
449.02369754 0 1 3
450.07006927 0 1 4
450.19569602 0 1 3
450.72128609 0 1 4
450.73439102 0 1 3
451.39279387 0 1 4
451.41206387 0 1 3
452.01892383 0 1 4
452.03275666 0 1 3
452.58614052 0 1 4
452.59822502 0 1 3
453.25455250 0 1 4
453.26820167 0 1 3
453.83468402 0 1 4
453.84749652 0 1 3
454.54137845 0 1 4
454.66460665 0 1 3
455.14170490 0 1 4
455.15569806 0 1 3
455.58301769 0 1 4
455.60299852 0 1 3
456.09507950 0 1 4
456.10945276 0 1 3
456.71549619 0 1 4
456.73262502 0 1 3
457.40134642 0 1 4
457.41801976 0 1 3
458.09980811 0 1 4
458.11280587 0 1 3
458.93081838 0 1 4
458.94862331 0 1 3
459.84794260 0 1 4
459.86616294 0 1 3
460.40124734 0 1 4
460.42331618 0 1 3
460.94430497 0 1 4
460.95885840 0 1 3
461.43476394 0 1 4
461.44704120 0 1 3
462.02532220 0 1 4
462.03697752 0 1 3
462.57099602 0 1 4
462.58837747 0 1 3
463.28145641 0 1 4
463.28998841 0 1 3
464.10232560 0 1 4
464.23367137 0 1 3
464.78547424 0 1 4
464.79906724 0 1 3
465.37065236 0 1 4
465.38450236 0 1 3
465.82197632 0 1 4
465.84120824 0 1 3
466.20937675 0 1 4
466.22443775 0 1 3
466.73773823 0 1 4
466.75635575 0 1 3
467.30714824 0 1 4
467.31421324 0 1 3
468.05357585 0 1 4
468.08437920 0 1 3
468.58938196 0 1 4
468.60878296 0 1 3
469.76779528 0 1 4
469.78277295 0 1 3
470.65644784 0 1 4
470.66483650 0 1 3
471.26440967 0 1 4
471.28343401 0 1 3
471.98479844 0 1 4
471.99471644 0 1 3
473.11686724 0 1 4
473.12830090 0 1 3
474.36221592 0 1 4
474.37751292 0 1 3
475.47712269 0 1 4
475.49226458 0 1 3
475.97964656 0 1 4
475.99618790 0 1 3
476.40728244 0 1 4
476.42390844 0 1 3
477.29823267 0 1 4
477.41814345 0 1 3
477.98371820 0 1 4
477.99878891 0 1 3
478.77035397 0 1 4
478.77988718 0 1 3
479.70142912 0 1 4
479.71821778 0 1 3
480.42466220 0 1 4
480.43694020 0 1 3
480.85951732 0 1 4
480.87140615 0 1 3
481.18978877 0 1 4
481.20927960 0 1 3
481.71241859 0 1 4
481.71962009 0 1 3
482.27573909 0 1 4
482.39445204 0 1 3
482.93241568 0 1 4
482.94535416 0 1 3
483.80505720 0 1 4
483.82239403 0 1 3
484.68695198 0 1 4
484.79085076 0 1 3
485.66131702 0 1 4
485.66936569 0 1 3
486.07819045 0 1 4
486.09258729 0 1 3
486.55889599 0 1 4
486.56771699 0 1 3
487.09339109 0 1 4
487.11242142 0 1 3
487.69517049 0 1 4
487.70774249 0 1 3
488.93294691 0 1 4
488.94325974 0 1 3
489.66450013 0 1 4
489.68374030 0 1 3
490.58541385 0 1 4
490.60280235 0 1 3
491.21395375 0 1 4
491.23043511 0 1 3
492.95086212 0 1 4
492.97038254 0 1 3
493.32046949 0 1 4
493.33420633 0 1 3
494.19206823 0 1 4
494.20806856 0 1 3
495.14934009 0 1 4
495.34412686 0 1 3
496.05545751 0 1 4
496.07429451 0 1 3
496.55070711 0 1 4
496.61580178 0 1 3
497.16319637 0 1 4
497.29133769 0 1 3
497.85350859 0 1 4
497.86508642 0 1 3
498.71964046 0 1 4
498.73468313 0 1 3
499.85869362 0 1 4
499.87430657 0 1 3
500.80698496 0 1 4
500.82388992 0 1 3
501.63810455 0 1 4
501.64554213 0 1 3
502.25646160 0 1 4
502.28515138 0 1 3
503.16294742 0 1 4
503.17293975 0 1 3
504.02017220 0 1 4
504.02997284 0 1 3
504.95976379 0 1 4
505.15117543 0 1 3
505.89386115 0 1 4
505.90459794 0 1 3
506.41447999 0 1 4
506.42506095 0 1 3
507.34858658 0 1 4
507.36148386 0 1 3
508.09429608 0 1 4
508.43132272 0 1 3
509.13970641 0 1 4
509.15057151 0 1 3
509.52569449 0 1 4
509.72030550 0 1 3
509.94465578 0 1 4
509.95488038 0 1 3
510.60149917 0 1 4
510.79633124 0 1 3
511.56588999 0 1 4
511.69039302 0 1 3
511.89306001 0 1 4
512.17006423 0 1 3
512.31985609 0 1 4
512.46797332 0 1 3
512.64080567 0 1 4
512.78814779 0 1 3
513.10418148 0 1 4
513.86498179 0 1 3
514.06107687 0 1 4
518.74475346 0 1 5
518.75232779 0 1 4
520.06360024 0 1 5
520.07963294 0 1 4
521.25398427 0 1 5
521.32393513 0 1 4
521.67908692 0 1 5
521.69922125 0 1 4
521.88464669 0 1 5
521.90685672 0 1 4
522.74427521 0 1 5
522.76393239 0 1 4
524.25443985 0 1 5
524.55178181 0 1 4
525.23049179 0 1 5
525.24025229 0 1 4
525.78396240 0 1 5
525.79871239 0 1 4
526.28348763 0 1 5
526.29840894 0 1 4
526.66000993 0 1 5
526.74289529 0 1 4
527.11610018 0 1 5
527.13346825 0 1 4
527.98849464 0 1 5
528.00793114 0 1 4
529.09540232 0 1 5
529.10609912 0 1 4
530.12267313 0 1 5
530.29441396 0 1 4
531.41908097 0 1 5
531.43008589 0 1 4
531.77373928 0 1 5
531.78216040 0 1 4
532.26691817 0 1 5
532.28673900 0 1 4
533.02806127 0 1 5
533.06285015 0 1 4
533.87715067 0 1 5
533.88829178 0 1 4
535.15123472 0 1 5
535.17216265 0 1 4
535.98456748 0 1 5
535.99490807 0 1 4
536.98238155 0 1 5
536.99599522 0 1 4
537.26185075 0 1 5
537.37217780 0 1 4
537.72372743 0 1 5
537.73995319 0 1 4
538.16862379 0 1 5
538.17866611 0 1 4
538.64843403 0 1 5
538.82118354 0 1 4
539.09224539 0 1 5
543.03585586 0 1 6
543.04693186 0 1 5
544.13570887 0 1 6
544.14542941 0 1 5
545.67666285 0 1 6
545.68323171 0 1 5
546.77054879 0 1 6
546.77881386 0 1 5
546.89708063 0 1 6
546.91315808 0 1 5
547.72241059 0 1 6
547.73493876 0 1 5
548.54585886 0 1 6
548.56266754 0 1 5
549.64812118 0 1 6
549.65883718 0 1 5
551.19013753 0 1 6
551.20971948 0 1 5
551.78484457 0 1 6
551.79666642 0 1 5
552.58940415 0 1 6
552.60059315 0 1 5
553.49506292 0 1 6
553.51209204 0 1 5
554.32271077 0 1 6
554.50620918 0 1 5
555.31025813 0 1 6
555.32287487 0 1 5
555.95603905 0 1 6
555.97249239 0 1 5
556.12650596 0 1 6
556.18068717 0 1 5
556.69503473 0 1 6
556.71552781 0 1 5
557.12708639 0 1 6
557.14740305 0 1 5
558.38237508 0 1 6
558.39656486 0 1 5
559.52377650 0 1 6
559.68620069 0 1 5
560.26852566 0 1 6
560.28019399 0 1 5
561.02496142 0 1 6
561.03947129 0 1 5
561.61055116 0 1 6
561.62835633 0 1 5
562.00478065 0 1 6
562.03207132 0 1 5
562.67048866 0 1 6
562.69732012 0 1 5
563.74856073 0 1 6
563.75759689 0 1 5
564.83618385 0 1 6
566.20506090 0 1 7
566.22082686 0 1 6
566.62242260 0 1 7
566.63901115 0 1 6
567.14972869 0 1 7
567.16048091 0 1 6
570.02423678 0 1 7
