1.07085225 0 1 1
1.09128242 0 1 2
1.10627842 0 1 3
1.11943975 0 1 4
1.12901225 0 1 5
1.13936058 0 1 6
1.19627142 0 1 7
30.16336693 0 1 6
30.28257773 0 1 7
30.42376740 0 1 6
30.49327636 0 1 7
30.57668384 0 1 6
30.65030393 0 1 7
30.74104602 0 1 6
30.85763739 0 1 7
30.86681041 0 1 6
30.95127582 0 1 7
30.99466151 0 1 6
31.05184795 0 1 7
31.09027978 0 1 6
31.17456244 0 1 7
31.26356533 0 1 6
31.48977565 0 1 7
31.50843564 0 1 6
31.87317303 0 1 7
31.89068762 0 1 6
32.12020905 0 1 7
32.13625980 0 1 6
32.38583537 0 1 7
32.40000269 0 1 6
32.52828689 0 1 7
32.53845479 0 1 6
33.03845971 0 1 7
33.05085914 0 1 6
33.17796179 0 1 7
33.19126181 0 1 6
33.28478429 0 1 7
33.30186369 0 1 6
33.41115733 0 1 7
33.42640939 0 1 6
33.53366018 0 1 7
33.55156019 0 1 6
33.77419031 0 1 7
33.78716249 0 1 6
34.98892485 0 1 5
35.08509808 0 1 6
35.26572589 0 1 5
35.33729461 0 1 6
35.41966300 0 1 5
35.50532411 0 1 6
35.53332092 0 1 5
35.61713445 0 1 6
35.70375989 0 1 5
35.85427817 0 1 6
35.95937119 0 1 5
36.04992194 0 1 6
36.10408029 0 1 5
36.22422332 0 1 6
36.24352575 0 1 5
36.46470376 0 1 6
36.49433513 0 1 5
36.62850799 0 1 6
36.64765544 0 1 5
36.75748089 0 1 6
36.77472524 0 1 5
36.90562190 0 1 6
36.93794273 0 1 5
37.26007695 0 1 6
37.29012177 0 1 5
37.55503298 0 1 6
37.57203399 0 1 5
37.70774217 0 1 6
37.72518382 0 1 5
37.86108319 0 1 6
37.87615306 0 1 5
38.02784575 0 1 6
38.04702982 0 1 5
38.17552374 0 1 6
38.19385204 0 1 5
38.33957704 0 1 6
38.35742879 0 1 5
38.54139542 0 1 6
38.56451732 0 1 5
38.80321742 0 1 6
38.82941435 0 1 5
39.00033927 0 1 6
39.02037268 0 1 5
39.34541017 0 1 6
39.41327735 0 1 5
39.55771543 0 1 6
39.57365781 0 1 5
39.72130414 0 1 6
39.73944300 0 1 5
39.92483809 0 1 6
39.93926259 0 1 5
40.10048793 0 1 6
40.14062818 0 1 5
40.28565560 0 1 6
40.30705436 0 1 5
40.45278484 0 1 6
40.47352174 0 1 5
40.73251377 0 1 6
40.75342257 0 1 5
41.07847823 0 1 6
41.09554021 0 1 5
41.24030163 0 1 6
41.26124833 0 1 5
41.44744729 0 1 6
41.46617331 0 1 5
41.82024132 0 1 6
41.83979260 0 1 5
42.00142020 0 1 6
42.02178859 0 1 5
42.44806319 0 1 6
42.47014462 0 1 5
42.79924109 0 1 6
42.81593441 0 1 5
43.22470405 0 1 6
43.24494670 0 1 5
43.45620806 0 1 6
43.47669609 0 1 5
44.09887293 0 1 6
44.11714902 0 1 5
44.26740482 0 1 6
44.28388299 0 1 5
44.54191976 0 1 6
44.55632536 0 1 5
44.71878819 0 1 6
44.73351548 0 1 5
44.87302221 0 1 6
44.88795205 0 1 5
45.00140703 0 1 6
45.01432991 0 1 5
45.13981812 0 1 6
45.15463662 0 1 5
45.43991124 0 1 6
45.45993957 0 1 5
45.79097816 0 1 6
45.80931783 0 1 5
46.15818284 0 1 6
46.17817799 0 1 5
46.63456865 0 1 6
46.65125204 0 1 5
46.87053552 0 1 6
46.88887119 0 1 5
47.37927528 0 1 6
47.39788538 0 1 5
47.49965224 0 1 6
47.51697485 0 1 5
47.81406102 0 1 6
47.82690316 0 1 5
48.08005379 0 1 6
48.09625466 0 1 5
48.21806465 0 1 6
48.23083430 0 1 5
48.34896745 0 1 6
48.41381943 0 1 5
48.62468256 0 1 6
48.64936646 0 1 5
48.91481288 0 1 6
48.93890284 0 1 5
49.46639779 0 1 6
49.47948733 0 1 5
49.70253327 0 1 6
49.71914220 0 1 5
49.83222506 0 1 6
49.84655931 0 1 5
50.09773732 0 1 6
50.11123174 0 1 5
50.53457614 0 1 6
50.55410418 0 1 5
50.86158618 0 1 6
50.88016727 0 1 5
51.00209645 0 1 6
51.01778612 0 1 5
51.14737852 0 1 6
51.16146502 0 1 5
51.43535348 0 1 6
51.45285738 0 1 5
51.70387994 0 1 6
51.72177235 0 1 5
51.91093244 0 1 6
51.93277086 0 1 5
52.35252720 0 1 6
52.37175869 0 1 5
52.59248897 0 1 6
52.60949950 0 1 5
52.85261149 0 1 6
52.87019526 0 1 5
53.26483601 0 1 6
53.31014030 0 1 5
53.44721562 0 1 6
53.49593085 0 1 5
53.64945649 0 1 6
53.67141647 0 1 5
53.84795854 0 1 6
53.86645952 0 1 5
54.21259043 0 1 6
54.23532423 0 1 5
54.56939270 0 1 6
54.58921015 0 1 5
54.73706972 0 1 6
54.75759387 0 1 5
55.14445357 0 1 6
55.16050166 0 1 5
55.72067275 0 1 6
55.74178630 0 1 5
56.10374395 0 1 6
56.12118621 0 1 5
56.36970362 0 1 6
56.39425750 0 1 5
57.14843282 0 1 6
57.16927682 0 1 5
59.13238702 0 1 6
59.14202223 0 1 5
59.52182700 0 1 4
59.58416987 0 1 5
60.52734384 0 1 4
60.63485799 0 1 5
61.01645574 0 1 4
61.10085494 0 1 5
61.24885013 0 1 4
61.42004694 0 1 5
61.47544054 0 1 4
61.58152875 0 1 5
61.64454506 0 1 4
61.73269262 0 1 5
61.77214625 0 1 4
61.90974283 0 1 5
61.94200707 0 1 4
62.05693870 0 1 5
62.13057056 0 1 4
62.23646204 0 1 5
62.29064799 0 1 4
62.48510374 0 1 5
62.56448699 0 1 4
62.66794209 0 1 5
62.74772072 0 1 4
62.88197026 0 1 5
62.92973498 0 1 4
63.08802705 0 1 5
63.10792886 0 1 4
63.38881036 0 1 5
63.40626545 0 1 4
63.61332520 0 1 5
63.64666182 0 1 4
63.83149972 0 1 5
63.85239373 0 1 4
63.99670408 0 1 5
64.01504106 0 1 4
64.15895135 0 1 5
64.17750720 0 1 4
64.42253663 0 1 5
64.45853415 0 1 4
64.48316107 0 1 3
64.60712729 0 1 4
64.76585212 0 1 5
64.78566206 0 1 4
64.95325628 0 1 5
64.97279459 0 1 4
65.26657726 0 1 5
65.28946032 0 1 4
65.47153852 0 1 5
65.48984000 0 1 4
65.66749804 0 1 5
65.68600327 0 1 4
66.06897213 0 1 5
66.09061138 0 1 4
66.25691994 0 1 5
66.27978352 0 1 4
66.64746942 0 1 5
66.66925046 0 1 4
66.83347632 0 1 5
66.85410490 0 1 4
66.99834551 0 1 5
67.01933296 0 1 4
67.26950242 0 1 5
67.28496510 0 1 4
67.85107032 0 1 5
67.86639709 0 1 4
68.06601539 0 1 5
68.08497153 0 1 4
68.29784890 0 1 5
68.31534399 0 1 4
68.46317126 0 1 5
68.48279985 0 1 4
68.81099327 0 1 5
68.82981358 0 1 4
69.05468384 0 1 5
69.07542770 0 1 4
69.27780803 0 1 5
69.29802233 0 1 4
69.47761360 0 1 5
69.49851179 0 1 4
69.86124459 0 1 5
69.87768648 0 1 4
70.14242086 0 1 5
70.16028174 0 1 4
70.29727464 0 1 5
70.31329771 0 1 4
70.46787655 0 1 5
70.55450784 0 1 4
70.69335641 0 1 5
70.71032209 0 1 4
70.84999797 0 1 5
70.86943628 0 1 4
71.28770659 0 1 5
71.31318062 0 1 4
71.54853192 0 1 5
71.57318418 0 1 4
72.01127261 0 1 5
72.03566950 0 1 4
72.42278473 0 1 5
72.44142259 0 1 4
72.69925760 0 1 5
72.71862465 0 1 4
72.89968966 0 1 5
72.91835801 0 1 4
73.26028198 0 1 5
73.28736914 0 1 4
73.72963991 0 1 5
73.75585963 0 1 4
73.94866029 0 1 5
73.97354885 0 1 4
74.44054615 0 1 5
74.50635844 0 1 4
74.70915218 0 1 5
74.72834071 0 1 4
74.85249332 0 1 5
74.87029641 0 1 4
75.00943530 0 1 5
75.07722266 0 1 4
75.25801393 0 1 5
75.28079403 0 1 4
75.49705737 0 1 5
75.51772300 0 1 4
75.86132031 0 1 5
75.88229953 0 1 4
76.22174301 0 1 5
76.24047357 0 1 4
76.59204606 0 1 5
76.61554510 0 1 4
76.88017190 0 1 5
76.90736760 0 1 4
77.09169241 0 1 5
77.11554704 0 1 4
77.45178605 0 1 5
77.47088209 0 1 4
77.62391761 0 1 5
77.64405253 0 1 4
78.01404680 0 1 5
78.03355433 0 1 4
78.40381474 0 1 5
78.42366548 0 1 4
78.75385375 0 1 5
78.77217488 0 1 4
79.00515328 0 1 5
79.02567980 0 1 4
79.97322333 0 1 5
79.99396881 0 1 4
80.20295906 0 1 5
80.22614690 0 1 4
80.95312202 0 1 5
80.96912002 0 1 4
81.28943981 0 1 5
81.30446325 0 1 4
81.66178843 0 1 5
81.67422050 0 1 4
82.05549463 0 1 5
82.10746451 0 1 4
82.86736036 0 1 5
82.88286017 0 1 4
82.99960885 0 1 5
83.07057207 0 1 4
83.38253130 0 1 5
83.39936958 0 1 4
83.72880643 0 1 5
83.74362215 0 1 4
84.97770190 0 1 3
85.07494118 0 1 4
85.85265845 0 1 3
85.95614372 0 1 4
86.91843000 0 1 3
87.06104671 0 1 4
87.10334465 0 1 3
87.21913015 0 1 4
87.40230201 0 1 3
87.51177328 0 1 4
87.58236253 0 1 3
87.75902585 0 1 4
87.82656116 0 1 3
87.93327829 0 1 4
87.98970247 0 1 3
88.10467856 0 1 4
88.15961396 0 1 3
88.28038651 0 1 4
88.48810417 0 1 3
88.62426431 0 1 4
88.64419214 0 1 3
88.78678218 0 1 4
88.84806787 0 1 3
89.04199609 0 1 4
89.07228123 0 1 3
89.21829652 0 1 4
89.28432414 0 1 3
89.60238534 0 1 4
89.63016425 0 1 3
89.82068875 0 1 4
89.84461906 0 1 3
90.03916711 0 1 4
90.07961614 0 1 3
90.26769745 0 1 4
90.34506015 0 1 3
90.52602742 0 1 4
90.62498014 0 1 3
90.79101993 0 1 4
90.81269574 0 1 3
90.98207037 0 1 4
91.04472938 0 1 3
91.30805150 0 1 4
91.32824256 0 1 3
91.56962255 0 1 4
91.59714028 0 1 3
92.08100064 0 1 4
92.10369818 0 1 3
92.30732178 0 1 4
92.32987535 0 1 3
92.47900618 0 1 4
92.49572456 0 1 3
92.63728300 0 1 4
92.67081982 0 1 3
92.82241705 0 1 4
92.84346147 0 1 3
93.17412568 0 1 4
93.20307253 0 1 3
93.54043585 0 1 4
93.56154182 0 1 3
93.87142990 0 1 4
93.89591635 0 1 3
94.09877777 0 1 4
94.11954639 0 1 3
94.32078236 0 1 4
94.34510195 0 1 3
94.63666780 0 1 4
94.65847940 0 1 3
94.83632208 0 1 4
94.86054391 0 1 3
95.03065160 0 1 4
95.05364205 0 1 3
95.23247070 0 1 4
95.25553223 0 1 3
95.42890871 0 1 4
95.44998697 0 1 3
95.67583833 0 1 4
95.69821483 0 1 3
95.87285120 0 1 4
95.89666924 0 1 3
96.08510027 0 1 4
96.10823468 0 1 3
96.35593035 0 1 4
96.37723056 0 1 3
96.60698591 0 1 4
96.63527617 0 1 3
96.85414343 0 1 4
96.87684412 0 1 3
97.09506755 0 1 4
97.12278892 0 1 3
97.33166152 0 1 4
97.35595790 0 1 3
97.56443179 0 1 4
97.58519099 0 1 3
97.93809265 0 1 4
97.96246360 0 1 3
98.15860724 0 1 4
98.18247917 0 1 3
98.47381665 0 1 4
98.50190271 0 1 3
98.63955701 0 1 4
98.65887889 0 1 3
98.88911875 0 1 4
98.90972652 0 1 3
99.06344898 0 1 4
99.08414846 0 1 3
99.23473002 0 1 4
99.25402760 0 1 3
99.40592892 0 1 4
99.42703997 0 1 3
99.87723733 0 1 4
99.90368812 0 1 3
100.23854089 0 1 4
100.26733277 0 1 3
100.49861509 0 1 4
100.52283294 0 1 3
100.70893934 0 1 4
100.73439801 0 1 3
101.09008046 0 1 4
101.11455655 0 1 3
101.40880916 0 1 4
101.43361780 0 1 3
101.77575931 0 1 4
101.80589115 0 1 3
102.06576605 0 1 4
102.09436019 0 1 3
102.35629004 0 1 4
102.38903756 0 1 3
102.66760444 0 1 4
102.69363420 0 1 3
102.88678166 0 1 4
102.91031430 0 1 3
103.11031781 0 1 4
103.13542810 0 1 3
103.53048072 0 1 4
103.55176217 0 1 3
103.72811468 0 1 4
103.75093887 0 1 3
103.95085393 0 1 4
103.97537051 0 1 3
104.27467651 0 1 4
104.30036138 0 1 3
104.60402479 0 1 4
104.62897664 0 1 3
104.84853640 0 1 4
104.87434605 0 1 3
105.07934990 0 1 4
105.10479316 0 1 3
105.30920983 0 1 4
105.33605385 0 1 3
105.56698760 0 1 4
105.59343904 0 1 3
105.95537485 0 1 4
105.97805365 0 1 3
106.16551206 0 1 4
106.18845003 0 1 3
106.37881191 0 1 4
106.40382538 0 1 3
106.60998318 0 1 4
106.63813771 0 1 3
106.94413610 0 1 4
106.97228577 0 1 3
107.20828631 0 1 4
107.23685057 0 1 3
107.63777567 0 1 4
107.66164579 0 1 3
108.08008582 0 1 4
108.10739416 0 1 3
108.33784597 0 1 4
108.36291465 0 1 3
108.64572609 0 1 4
108.66851349 0 1 3
108.87263571 0 1 4
108.89545595 0 1 3
109.08608926 0 1 4
109.11565019 0 1 3
109.49886285 0 1 4
109.52671703 0 1 3
109.88332897 0 1 4
109.92979256 0 1 3
110.37091062 0 1 4
110.40117858 0 1 3
110.63485424 0 1 4
110.65428760 0 1 3
110.84808887 0 1 4
110.86713826 0 1 3
111.02767832 0 1 4
111.04880733 0 1 3
111.21030320 0 1 4
111.29504036 0 1 3
111.44710714 0 1 4
111.46779633 0 1 3
111.78047781 0 1 4
111.80407746 0 1 3
112.00561797 0 1 4
112.03132881 0 1 3
112.22757464 0 1 4
112.25516906 0 1 3
112.57957038 0 1 4
112.60521370 0 1 3
112.93413676 0 1 4
112.95828412 0 1 3
113.23102734 0 1 4
113.27351807 0 1 3
113.44946833 0 1 4
113.47582591 0 1 3
113.81951783 0 1 4
113.83893646 0 1 3
114.02160639 0 1 4
114.04272106 0 1 3
114.36052949 0 1 4
114.37947781 0 1 3
114.52331941 0 1 4
114.54367843 0 1 3
114.69825512 0 1 4
114.71558733 0 1 3
115.04972730 0 1 4
115.07874969 0 1 3
115.38439575 0 1 4
115.41095216 0 1 3
115.63343707 0 1 4
115.65746048 0 1 3
116.06833126 0 1 4
116.09571308 0 1 3
116.29958918 0 1 4
116.32677014 0 1 3
116.64287448 0 1 4
116.66778444 0 1 3
116.91641908 0 1 4
116.93939811 0 1 3
117.23467780 0 1 4
117.25520545 0 1 3
117.49144403 0 1 4
117.51526779 0 1 3
117.67993514 0 1 4
117.70613746 0 1 3
118.09299118 0 1 4
118.12081411 0 1 3
118.44959715 0 1 4
118.52613601 0 1 3
118.73918676 0 1 4
118.76752044 0 1 3
118.96465639 0 1 4
118.99010303 0 1 3
119.19970355 0 1 4
119.22675765 0 1 3
119.48866911 0 1 4
119.51401141 0 1 3
119.72125503 0 1 4
119.74524799 0 1 3
120.01901772 0 1 4
120.04706645 0 1 3
120.20773137 0 1 4
120.22991891 0 1 3
120.43288781 0 1 4
120.45586821 0 1 3
120.61663990 0 1 4
120.64052351 0 1 3
120.80143606 0 1 4
120.82128995 0 1 3
120.98001705 0 1 4
121.00015198 0 1 3
121.21837987 0 1 4
121.24502659 0 1 3
121.63835663 0 1 4
121.66649268 0 1 3
121.96971713 0 1 4
121.99636083 0 1 3
122.27636423 0 1 4
122.28526542 0 1 3
122.64893875 0 1 4
122.67487278 0 1 3
122.88752471 0 1 4
122.91394094 0 1 3
123.12168372 0 1 4
123.15009493 0 1 3
123.58244742 0 1 4
123.60922473 0 1 3
123.79648551 0 1 4
123.82116471 0 1 3
124.02778405 0 1 4
124.05108705 0 1 3
124.48447265 0 1 4
124.51034490 0 1 3
125.14148144 0 1 4
125.15964124 0 1 3
125.32571483 0 1 4
125.34469836 0 1 3
125.62429460 0 1 4
125.70730407 0 1 3
125.83321588 0 1 4
125.84807994 0 1 3
125.97744944 0 1 4
126.00132171 0 1 3
126.53929684 0 1 4
126.56609697 0 1 3
126.91560904 0 1 4
126.94167618 0 1 3
127.16745567 0 1 4
127.19283518 0 1 3
127.48508909 0 1 4
127.51277082 0 1 3
127.90557562 0 1 4
127.92626021 0 1 3
128.12048257 0 1 4
128.14095628 0 1 3
128.29092435 0 1 4
128.31122214 0 1 3
128.60797597 0 1 4
128.63381248 0 1 3
128.85007693 0 1 4
128.87077467 0 1 3
129.05185813 0 1 4
129.07298007 0 1 3
129.28270005 0 1 4
129.30679568 0 1 3
129.59552428 0 1 4
129.62240758 0 1 3
129.90138649 0 1 4
129.92670840 0 1 3
130.13276308 0 1 4
130.15722191 0 1 3
130.36594502 0 1 4
130.38940082 0 1 3
130.59498167 0 1 4
130.62504233 0 1 3
130.95078806 0 1 4
130.97623118 0 1 3
131.17707328 0 1 4
131.20432796 0 1 3
131.41569617 0 1 4
131.43898505 0 1 3
131.65639475 0 1 4
131.68164014 0 1 3
132.00440715 0 1 4
132.03395805 0 1 3
132.24593798 0 1 4
132.27114126 0 1 3
132.55651735 0 1 4
132.58166855 0 1 3
132.82914112 0 1 4
132.85661664 0 1 3
133.06565012 0 1 4
133.08944214 0 1 3
133.30557707 0 1 4
133.33830765 0 1 3
133.54687901 0 1 4
133.57376371 0 1 3
133.88941621 0 1 4
133.91044842 0 1 3
134.15440991 0 1 4
134.17803758 0 1 3
134.35919189 0 1 4
134.43035995 0 1 3
134.61059828 0 1 4
134.63147612 0 1 3
135.15004400 0 1 4
135.16966160 0 1 3
135.45952469 0 1 4
135.47952345 0 1 3
135.79821778 0 1 4
135.82185784 0 1 3
136.05018277 0 1 4
136.07365527 0 1 3
136.37768366 0 1 4
136.45891295 0 1 3
136.62489471 0 1 4
136.64768770 0 1 3
136.81476383 0 1 4
136.83687395 0 1 3
137.04908055 0 1 4
137.06907752 0 1 3
137.35711692 0 1 4
137.37900203 0 1 3
137.53874215 0 1 4
137.56025286 0 1 3
137.76046286 0 1 4
137.78469483 0 1 3
137.99316901 0 1 4
138.02385407 0 1 3
138.23754894 0 1 4
138.26288135 0 1 3
138.47612095 0 1 4
138.50192224 0 1 3
138.74769126 0 1 4
138.77121255 0 1 3
138.95507487 0 1 4
138.97886385 0 1 3
139.22176932 0 1 4
139.24633399 0 1 3
139.57788624 0 1 4
139.60593649 0 1 3
139.87602619 0 1 4
139.89944739 0 1 3
140.13046633 0 1 4
140.15775023 0 1 3
140.36321374 0 1 4
140.38833375 0 1 3
140.77425990 0 1 4
140.79976320 0 1 3
141.06941585 0 1 4
141.09190178 0 1 3
141.35444409 0 1 4
141.38022529 0 1 3
141.59605443 0 1 4
141.61944577 0 1 3
141.79092690 0 1 4
141.81536609 0 1 3
142.11828224 0 1 4
142.13878379 0 1 3
142.35577626 0 1 4
142.38195037 0 1 3
142.68580035 0 1 4
142.71106762 0 1 3
143.01403857 0 1 4
143.03943181 0 1 3
143.21529518 0 1 4
143.25979705 0 1 3
143.46312647 0 1 4
143.48805655 0 1 3
143.69747804 0 1 4
143.72386799 0 1 3
144.00066893 0 1 4
144.02833287 0 1 3
144.24724755 0 1 4
144.27064025 0 1 3
144.58066167 0 1 4
144.60940590 0 1 3
144.80762316 0 1 4
144.82933856 0 1 3
145.03570406 0 1 4
145.05636272 0 1 3
145.20413206 0 1 4
145.22542891 0 1 3
145.49185990 0 1 4
145.51265256 0 1 3
145.65962141 0 1 4
145.67823305 0 1 3
145.83905641 0 1 4
145.86204938 0 1 3
146.16369943 0 1 4
146.18566527 0 1 3
146.43267178 0 1 4
146.45471084 0 1 3
146.61424425 0 1 4
146.63569631 0 1 3
146.80204090 0 1 4
146.83280067 0 1 3
147.05594720 0 1 4
147.08483803 0 1 3
147.30594297 0 1 4
147.33325526 0 1 3
147.72289734 0 1 4
147.74892065 0 1 3
148.16063807 0 1 4
148.18898192 0 1 3
148.45618333 0 1 4
148.48853446 0 1 3
148.72495800 0 1 4
148.75220809 0 1 3
149.08904566 0 1 4
149.11088733 0 1 3
149.31969582 0 1 4
149.34200873 0 1 3
149.51099190 0 1 4
149.53480043 0 1 3
149.71607530 0 1 4
149.73975439 0 1 3
149.92398555 0 1 4
149.94787116 0 1 3
150.25357866 0 1 4
150.27859071 0 1 3
150.47617227 0 1 4
150.49789362 0 1 3
150.68738928 0 1 4
150.71078250 0 1 3
150.90636571 0 1 4
150.95313598 0 1 3
151.14174441 0 1 4
151.16201641 0 1 3
151.35036016 0 1 4
151.37061490 0 1 3
151.66069037 0 1 4
151.68477308 0 1 3
151.87196861 0 1 4
151.89806312 0 1 3
152.19743501 0 1 4
152.22175080 0 1 3
152.45179821 0 1 4
152.47428437 0 1 3
152.83002617 0 1 4
152.85338132 0 1 3
153.09104283 0 1 4
153.11359848 0 1 3
153.42184483 0 1 4
153.44392405 0 1 3
153.65097203 0 1 4
153.67359170 0 1 3
153.95104540 0 1 4
153.97274304 0 1 3
154.39311983 0 1 4
154.41747173 0 1 3
154.62316150 0 1 4
154.64442625 0 1 3
154.97094382 0 1 4
154.99037788 0 1 3
155.22788568 0 1 4
155.25163332 0 1 3
155.53121953 0 1 4
155.55302724 0 1 3
155.76039650 0 1 4
155.78127716 0 1 3
156.14202744 0 1 4
156.16596979 0 1 3
156.31914010 0 1 4
156.33339814 0 1 3
156.68675281 0 1 4
156.70726410 0 1 3
156.97972769 0 1 4
156.99776824 0 1 3
157.20322287 0 1 4
157.22161378 0 1 3
157.49904566 0 1 4
157.58071042 0 1 3
157.80095194 0 1 4
157.81726393 0 1 3
158.03844989 0 1 4
158.06249101 0 1 3
158.36114664 0 1 4
158.38434910 0 1 3
158.59313722 0 1 4
158.61668010 0 1 3
158.97494435 0 1 4
158.99389060 0 1 3
159.14578416 0 1 4
159.16567967 0 1 3
159.43799166 0 1 4
159.45500903 0 1 3
159.80204937 0 1 4
159.82443297 0 1 3
160.15251098 0 1 4
160.23258902 0 1 3
160.44168230 0 1 4
160.46510603 0 1 3
160.67959230 0 1 4
160.69011792 0 1 3
161.09586367 0 1 4
161.11681548 0 1 3
161.32486709 0 1 4
161.34067768 0 1 3
161.48683258 0 1 4
161.50997980 0 1 3
161.67205057 0 1 4
161.69446044 0 1 3
161.90200150 0 1 4
161.92890576 0 1 3
162.13006518 0 1 4
162.17511759 0 1 3
162.38512339 0 1 4
162.40973749 0 1 3
162.62180723 0 1 4
162.64758375 0 1 3
162.85685024 0 1 4
162.88061881 0 1 3
163.08922723 0 1 4
163.11989588 0 1 3
163.47613457 0 1 4
163.49914228 0 1 3
163.67452661 0 1 4
163.69708638 0 1 3
163.90926989 0 1 4
163.93440440 0 1 3
164.38614934 0 1 4
164.41374059 0 1 3
164.61147307 0 1 4
164.63888633 0 1 3
165.07872249 0 1 4
165.10715761 0 1 3
165.27766947 0 1 4
165.30032869 0 1 3
165.46013731 0 1 4
165.48252955 0 1 3
165.65141465 0 1 4
165.66923347 0 1 3
166.02280645 0 1 4
166.04364739 0 1 3
166.33314330 0 1 4
166.35174221 0 1 3
166.48910962 0 1 4
166.51100282 0 1 3
166.80430187 0 1 4
166.82664869 0 1 3
167.00475922 0 1 4
167.02786306 0 1 3
167.20877622 0 1 4
167.23050009 0 1 3
167.43093757 0 1 4
167.45579825 0 1 3
167.63652074 0 1 4
167.65937072 0 1 3
168.15285724 0 1 4
168.17697423 0 1 3
168.43961570 0 1 4
168.46230441 0 1 3
168.81717370 0 1 4
168.84393817 0 1 3
169.98826451 0 1 4
170.00989658 0 1 3
170.19214186 0 1 4
170.22034298 0 1 3
170.57500174 0 1 4
170.60081183 0 1 3
171.08844277 0 1 4
171.10624325 0 1 3
171.26046208 0 1 4
171.27698386 0 1 3
171.42988243 0 1 4
171.45034264 0 1 3
171.62933428 0 1 4
171.64742271 0 1 3
171.82685233 0 1 4
171.85104861 0 1 3
172.03425095 0 1 4
172.06191439 0 1 3
172.25262295 0 1 4
172.27972631 0 1 3
172.48776803 0 1 4
172.50937182 0 1 3
172.81712337 0 1 4
172.84139262 0 1 3
173.04294863 0 1 4
173.07060660 0 1 3
173.38213112 0 1 4
173.40567090 0 1 3
173.71716771 0 1 4
173.74438706 0 1 3
174.93610061 0 1 4
174.95793148 0 1 3
175.28178396 0 1 4
175.30237986 0 1 3
175.72889050 0 1 4
175.75490667 0 1 3
175.99666086 0 1 4
176.01810965 0 1 3
176.42245954 0 1 4
176.44576191 0 1 3
176.61156549 0 1 4
176.63454424 0 1 3
176.94336950 0 1 4
176.97187601 0 1 3
177.24574926 0 1 4
177.26580238 0 1 3
177.49081691 0 1 4
177.51228321 0 1 3
177.70119350 0 1 4
177.76037555 0 1 3
177.92884165 0 1 4
177.95137747 0 1 3
178.15167022 0 1 4
178.25024731 0 1 3
178.45430943 0 1 4
178.47808391 0 1 3
178.93739068 0 1 4
178.96504236 0 1 3
180.00711121 0 1 4
180.03107184 0 1 3
180.44750856 0 1 4
180.46820455 0 1 3
180.60406400 0 1 4
180.65435798 0 1 3
180.79300409 0 1 4
180.81250574 0 1 3
181.02272642 0 1 4
181.04277669 0 1 3
181.17531723 0 1 4
181.19082981 0 1 3
181.51032225 0 1 4
181.52816557 0 1 3
181.82934897 0 1 4
181.85518166 0 1 3
182.04561990 0 1 4
182.07021894 0 1 3
182.33931195 0 1 4
182.36507523 0 1 3
182.68320620 0 1 4
182.70945339 0 1 3
182.94701714 0 1 4
182.97661597 0 1 3
183.18971132 0 1 4
183.21702056 0 1 3
183.44415458 0 1 4
183.47265952 0 1 3
183.65215787 0 1 4
183.67126061 0 1 3
185.00037797 0 1 4
185.02082397 0 1 3
185.30439485 0 1 4
185.32480492 0 1 3
185.49014038 0 1 4
185.51121223 0 1 3
185.71513067 0 1 4
185.73857698 0 1 3
185.96871931 0 1 4
185.98797499 0 1 3
186.30383424 0 1 4
186.32276654 0 1 3
186.56586274 0 1 4
186.58427831 0 1 3
186.74989146 0 1 4
186.77464460 0 1 3
186.97076189 0 1 4
186.99254359 0 1 3
187.27901693 0 1 4
187.29687085 0 1 3
187.46167492 0 1 4
187.48454245 0 1 3
187.94415991 0 1 4
187.96298862 0 1 3
188.21690670 0 1 4
188.23981808 0 1 3
188.54399933 0 1 4
188.60556051 0 1 3
189.99034381 0 1 4
190.02572896 0 1 3
190.53577782 0 1 4
190.56432692 0 1 3
190.78241666 0 1 4
190.81259201 0 1 3
191.03125542 0 1 4
191.05232664 0 1 3
191.27681114 0 1 4
191.29422968 0 1 3
191.44801420 0 1 4
191.54750028 0 1 3
191.70813494 0 1 4
191.73051083 0 1 3
192.05308646 0 1 4
192.07797142 0 1 3
192.43786563 0 1 4
192.46525826 0 1 3
192.71263713 0 1 4
192.73584807 0 1 3
193.12302636 0 1 4
193.14249013 0 1 3
193.31417244 0 1 4
193.33823989 0 1 3
193.62141727 0 1 4
193.64455240 0 1 3
193.87817439 0 1 4
193.90399062 0 1 3
194.09656324 0 1 4
194.12148385 0 1 3
195.19147399 0 1 4
195.21242803 0 1 3
195.39772648 0 1 4
195.42089422 0 1 3
195.65032660 0 1 4
195.67108874 0 1 3
195.90257881 0 1 4
195.92482407 0 1 3
196.09850759 0 1 4
196.12184132 0 1 3
196.27284718 0 1 4
196.29268358 0 1 3
196.56874995 0 1 4
196.59035766 0 1 3
196.83016653 0 1 4
196.85203125 0 1 3
197.09222220 0 1 4
197.12089496 0 1 3
197.31822737 0 1 4
197.34306480 0 1 3
197.65161200 0 1 4
197.68074396 0 1 3
197.88379433 0 1 4
197.90786170 0 1 3
198.16432203 0 1 4
198.19198798 0 1 3
198.38831035 0 1 4
198.41130379 0 1 3
198.65214481 0 1 4
198.67598079 0 1 3
200.17997071 0 1 4
200.20632790 0 1 3
200.39065398 0 1 4
200.48605550 0 1 3
200.79228708 0 1 4
200.81636959 0 1 3
201.05118247 0 1 4
201.07343728 0 1 3
201.42530480 0 1 4
201.44771682 0 1 3
201.77353694 0 1 4
201.80390768 0 1 3
202.01353330 0 1 4
202.03881247 0 1 3
202.27229833 0 1 4
202.29492234 0 1 3
202.54853208 0 1 4
202.56920119 0 1 3
202.75619498 0 1 4
202.77835364 0 1 3
203.12222914 0 1 4
203.14633930 0 1 3
203.32297291 0 1 4
203.34197644 0 1 3
203.48483444 0 1 4
203.50310757 0 1 3
203.79740932 0 1 4
203.81500649 0 1 3
204.14605206 0 1 4
204.15334182 0 1 3
205.42365842 0 1 4
205.45025772 0 1 3
205.67221047 0 1 4
205.70230150 0 1 3
205.98756585 0 1 4
206.01235138 0 1 3
206.18526082 0 1 4
206.20017590 0 1 3
206.31646838 0 1 4
206.33264041 0 1 3
206.49045376 0 1 4
206.52393276 0 1 3
206.67111977 0 1 4
206.69277744 0 1 3
206.93328706 0 1 4
206.95656433 0 1 3
207.24404293 0 1 4
207.27014751 0 1 3
207.47259592 0 1 4
207.49719444 0 1 3
207.82029995 0 1 4
207.87891991 0 1 3
208.08696189 0 1 4
208.11106942 0 1 3
208.35524489 0 1 4
208.38035765 0 1 3
208.58808085 0 1 4
208.61286520 0 1 3
208.80975858 0 1 4
208.83137239 0 1 3
210.13938325 0 1 4
210.16296443 0 1 3
210.47312016 0 1 4
210.50067253 0 1 3
211.02326331 0 1 4
211.04861696 0 1 3
211.17757454 0 1 4
211.19678499 0 1 3
211.31041679 0 1 4
211.32962124 0 1 3
211.47196980 0 1 4
211.49081257 0 1 3
211.74218829 0 1 4
211.76756710 0 1 3
211.93939768 0 1 4
211.96224908 0 1 3
212.46251843 0 1 4
212.48608151 0 1 3
212.68014330 0 1 4
212.70818827 0 1 3
213.06868917 0 1 4
213.09375927 0 1 3
213.28353156 0 1 4
213.30254537 0 1 3
213.58388720 0 1 4
213.60342726 0 1 3
213.83675190 0 1 4
213.85754840 0 1 3
214.00730780 0 1 4
214.90134197 0 1 3
215.27130688 0 1 4
215.29762336 0 1 3
215.51938684 0 1 4
215.55054240 0 1 3
215.88187971 0 1 4
215.90717642 0 1 3
216.19972178 0 1 4
216.21760531 0 1 3
216.35618630 0 1 4
216.37312583 0 1 3
216.54691510 0 1 4
216.56756606 0 1 3
216.78403252 0 1 4
216.81068737 0 1 3
217.14449730 0 1 4
217.16839145 0 1 3
217.34059872 0 1 4
217.36621037 0 1 3
217.53914328 0 1 4
217.56096844 0 1 3
217.97390767 0 1 4
217.99374477 0 1 3
218.31575293 0 1 4
218.33657509 0 1 3
218.62661461 0 1 4
218.64565038 0 1 3
219.91603041 0 1 4
219.94221610 0 1 3
221.01002230 0 1 4
221.03877123 0 1 3
221.46046550 0 1 4
221.47320183 0 1 3
221.63302677 0 1 4
221.64266221 0 1 3
221.70156859 0 1 4
221.71424498 0 1 3
221.84497016 0 1 4
221.85609209 0 1 3
222.04443771 0 1 4
222.06646376 0 1 3
222.26431105 0 1 4
222.33459370 0 1 3
222.52660891 0 1 4
222.55197255 0 1 3
222.83971791 0 1 4
222.86294646 0 1 3
223.08790745 0 1 4
223.11046696 0 1 3
223.37863060 0 1 4
223.40315346 0 1 3
223.59621312 0 1 4
223.61985261 0 1 3
223.81581617 0 1 4
223.83831586 0 1 3
224.22399888 0 1 4
224.24900203 0 1 3
224.45722927 0 1 4
224.48221622 0 1 3
224.68130298 0 1 4
224.90736485 0 1 3
225.25672725 0 1 4
225.28575067 0 1 3
225.69457173 0 1 4
225.72034739 0 1 3
226.05745111 0 1 4
226.08406082 0 1 3
226.47491364 0 1 4
226.49538857 0 1 3
226.67233290 0 1 4
226.69571144 0 1 3
227.00614125 0 1 4
227.03176226 0 1 3
227.23079240 0 1 4
227.25255280 0 1 3
227.54615275 0 1 4
227.56930465 0 1 3
227.82456241 0 1 4
227.84662769 0 1 3
228.22538117 0 1 4
228.25026588 0 1 3
228.48138610 0 1 4
228.50606475 0 1 3
228.67392321 0 1 4
228.77129627 0 1 3
228.95029244 0 1 4
228.99409908 0 1 3
229.15086266 0 1 4
229.16979931 0 1 3
229.92254366 0 1 4
229.94903525 0 1 3
230.32137490 0 1 4
230.34377282 0 1 3
230.51900384 0 1 4
230.54049793 0 1 3
230.80832719 0 1 4
230.82951837 0 1 3
231.06076772 0 1 4
231.08243293 0 1 3
231.36293661 0 1 4
231.38616288 0 1 3
231.66677210 0 1 4
231.68884375 0 1 3
231.97698336 0 1 4
231.99766306 0 1 3
232.17523954 0 1 4
232.19719645 0 1 3
232.40154206 0 1 4
232.42515569 0 1 3
232.64956340 0 1 4
232.67202553 0 1 3
232.86767200 0 1 4
232.93453641 0 1 3
233.12190137 0 1 4
233.14808194 0 1 3
233.34406147 0 1 4
233.36865714 0 1 3
233.57292542 0 1 4
233.59712924 0 1 3
233.95715787 0 1 4
233.97688365 0 1 3
234.98347980 0 1 4
235.00574736 0 1 3
235.23399562 0 1 4
235.28964424 0 1 3
235.47502595 0 1 4
235.49536427 0 1 3
235.81823314 0 1 4
235.84184194 0 1 3
236.14148035 0 1 4
236.16297584 0 1 3
236.30832509 0 1 4
236.32832098 0 1 3
236.51319345 0 1 4
236.53498225 0 1 3
236.72682221 0 1 4
236.75088130 0 1 3
236.94782647 0 1 4
236.97026676 0 1 3
237.16699551 0 1 4
237.18902693 0 1 3
237.39666570 0 1 4
237.41871833 0 1 3
237.68849115 0 1 4
237.70925062 0 1 3
237.92044869 0 1 4
237.94837481 0 1 3
238.17366691 0 1 4
238.23490450 0 1 3
238.45770618 0 1 4
238.48204839 0 1 3
238.80368154 0 1 4
238.82887239 0 1 3
240.09766427 0 1 4
240.12366595 0 1 3
240.35076815 0 1 4
240.37815037 0 1 3
240.76023266 0 1 4
240.78464141 0 1 3
241.05764741 0 1 4
241.08002085 0 1 3
241.47198636 0 1 4
241.49193387 0 1 3
241.74350734 0 1 4
241.76734337 0 1 3
242.27009202 0 1 4
242.29594575 0 1 3
242.47602082 0 1 4
242.49645923 0 1 3
242.72956628 0 1 4
242.75183765 0 1 3
242.96058599 0 1 4
242.98413825 0 1 3
243.35791282 0 1 4
243.39352323 0 1 3
243.56849825 0 1 4
243.59208318 0 1 3
243.85966017 0 1 4
243.88467321 0 1 3
244.91055441 0 1 4
244.93253755 0 1 3
245.41983563 0 1 4
245.45817547 0 1 3
245.85580982 0 1 4
245.89671396 0 1 3
246.18124756 0 1 4
246.19598411 0 1 3
246.32978454 0 1 4
246.40762237 0 1 3
246.55284165 0 1 4
246.57176505 0 1 3
247.02434462 0 1 4
247.04710890 0 1 3
247.33218033 0 1 4
247.35785861 0 1 3
247.54648178 0 1 4
247.56830334 0 1 3
247.76188829 0 1 4
247.78062407 0 1 3
248.16937667 0 1 4
248.19213407 0 1 3
248.43675508 0 1 4
248.45891105 0 1 3
248.64424173 0 1 4
248.70440578 0 1 3
249.00336142 0 1 4
249.03645230 0 1 3
249.21851040 0 1 4
249.24186836 0 1 3
249.91315378 0 1 4
249.93695472 0 1 3
250.26951301 0 1 4
250.30019493 0 1 3
250.52987592 0 1 4
250.55785438 0 1 3
250.79373656 0 1 4
250.82047030 0 1 3
251.19751597 0 1 4
251.22059463 0 1 3
251.68394807 0 1 4
251.70677558 0 1 3
251.89310547 0 1 4
251.91792178 0 1 3
252.10823526 0 1 4
252.13196592 0 1 3
252.45689247 0 1 4
252.48312896 0 1 3
252.73480930 0 1 4
252.76094542 0 1 3
252.97508932 0 1 4
252.99733358 0 1 3
253.20469976 0 1 4
253.23073229 0 1 3
253.47850500 0 1 4
253.50098081 0 1 3
253.75595462 0 1 4
253.78012364 0 1 3
254.06576761 0 1 4
254.08866326 0 1 3
254.29912685 0 1 4
254.32328737 0 1 3
254.93162598 0 1 4
254.95637208 0 1 3
255.26374374 0 1 4
255.28815246 0 1 3
255.48345494 0 1 4
255.50421363 0 1 3
255.71771092 0 1 4
255.74215028 0 1 3
256.18112523 0 1 4
256.20128908 0 1 3
256.41875007 0 1 4
256.44510063 0 1 3
256.61781443 0 1 4
256.63928628 0 1 3
256.89922101 0 1 4
256.92248502 0 1 3
257.17712819 0 1 4
257.19720000 0 1 3
257.52394703 0 1 4
257.54841957 0 1 3
257.78205874 0 1 4
257.80603931 0 1 3
258.28455952 0 1 4
258.31151863 0 1 3
258.48928609 0 1 4
258.51269456 0 1 3
258.88963897 0 1 4
258.91281882 0 1 3
259.96825352 0 1 4
259.99282253 0 1 3
260.38317498 0 1 4
260.40196723 0 1 3
260.67178091 0 1 4
260.69615632 0 1 3
260.95959174 0 1 4
260.98315378 0 1 3
261.13837185 0 1 4
261.24910861 0 1 3
261.36606394 0 1 4
261.38663692 0 1 3
261.68095079 0 1 4
261.70289146 0 1 3
261.98187947 0 1 4
262.00544895 0 1 3
262.31837027 0 1 4
262.34142418 0 1 3
262.73275809 0 1 4
262.75952181 0 1 3
263.33016212 0 1 4
263.35612987 0 1 3
263.57333912 0 1 4
263.60217615 0 1 3
263.82823745 0 1 4
263.85628739 0 1 3
264.20132259 0 1 4
264.22209409 0 1 3
264.40827169 0 1 4
264.47964764 0 1 3
264.66309075 0 1 4
264.68123903 0 1 3
264.96850683 0 1 4
264.98976426 0 1 3
265.17672739 0 1 4
265.19943491 0 1 3
265.56319091 0 1 4
265.58596522 0 1 3
265.82886611 0 1 4
265.85185031 0 1 3
266.07194372 0 1 4
266.09157413 0 1 3
266.50190354 0 1 4
266.52794752 0 1 3
266.76608842 0 1 4
266.79706525 0 1 3
267.12967159 0 1 4
267.15730466 0 1 3
267.36125858 0 1 4
267.38032545 0 1 3
267.52231457 0 1 4
267.53719826 0 1 3
270.10320154 0 1 4
270.12339011 0 1 3
270.43081950 0 1 4
270.45266011 0 1 3
270.61479085 0 1 4
270.63808396 0 1 3
270.89437692 0 1 4
270.91454915 0 1 3
271.08739346 0 1 4
271.10236008 0 1 3
271.20690184 0 1 4
271.22259169 0 1 3
271.52105660 0 1 4
271.54390084 0 1 3
271.85383139 0 1 4
271.87735648 0 1 3
272.10446014 0 1 4
272.13206518 0 1 3
272.48313212 0 1 4
272.50821339 0 1 3
272.88606091 0 1 4
272.90838942 0 1 3
273.14357881 0 1 4
273.16705357 0 1 3
273.47429283 0 1 4
273.49497244 0 1 3
273.66552832 0 1 4
273.68606902 0 1 3
274.03470752 0 1 4
274.05967479 0 1 3
274.38640521 0 1 4
274.41328487 0 1 3
275.01399698 0 1 4
275.04121636 0 1 3
275.41829586 0 1 4
275.43838473 0 1 3
275.77717913 0 1 4
275.79911984 0 1 3
275.97224302 0 1 4
275.99694448 0 1 3
276.31686419 0 1 4
276.33381539 0 1 3
276.75166664 0 1 4
276.78555260 0 1 3
277.09167472 0 1 4
277.12108602 0 1 3
277.37424407 0 1 4
277.40005047 0 1 3
277.53594145 0 1 4
277.55813368 0 1 3
277.75943195 0 1 4
277.77411285 0 1 3
277.89143855 0 1 4
277.97061663 0 1 3
278.25934166 0 1 4
278.27645679 0 1 3
278.52178469 0 1 4
278.54703202 0 1 3
278.74252965 0 1 4
278.76453896 0 1 3
279.08025883 0 1 4
279.10414504 0 1 3
279.99526199 0 1 4
280.02016712 0 1 3
280.63931924 0 1 4
280.66764252 0 1 3
280.87897826 0 1 4
280.90295408 0 1 3
281.22521967 0 1 4
281.24272496 0 1 3
281.60091610 0 1 4
281.62142619 0 1 3
281.80786928 0 1 4
281.83292864 0 1 3
282.10954422 0 1 4
282.13310839 0 1 3
282.46967917 0 1 4
282.49189816 0 1 3
282.80450480 0 1 4
282.82661599 0 1 3
283.15943781 0 1 4
283.18253567 0 1 3
283.41369360 0 1 4
283.43745246 0 1 3
283.62920566 0 1 4
283.65665300 0 1 3
283.83321823 0 1 4
283.85727067 0 1 3
284.97878364 0 1 4
285.00178888 0 1 3
285.18971327 0 1 4
285.21419815 0 1 3
285.44615991 0 1 4
285.46504335 0 1 3
285.93175534 0 1 4
285.95335014 0 1 3
286.08782943 0 1 4
286.15962792 0 1 3
286.24882692 0 1 4
286.31740053 0 1 3
286.41931626 0 1 4
286.43549102 0 1 3
286.56212122 0 1 4
286.67257186 0 1 3
286.82396658 0 1 4
286.84338495 0 1 3
287.24013586 0 1 4
287.26571449 0 1 3
287.56898785 0 1 4
287.58953432 0 1 3
287.84516630 0 1 4
287.86941511 0 1 3
288.16499796 0 1 4
288.18414845 0 1 3
288.35423044 0 1 4
288.37578569 0 1 3
290.01834958 0 1 4
290.04283440 0 1 3
290.24440654 0 1 4
290.26924676 0 1 3
290.54012403 0 1 4
290.55901365 0 1 3
290.76421952 0 1 4
290.78585790 0 1 3
290.96494723 0 1 4
290.98475851 0 1 3
291.12944889 0 1 4
291.14604254 0 1 3
291.33962592 0 1 4
291.35562869 0 1 3
291.52511377 0 1 4
291.54897324 0 1 3
291.87300306 0 1 4
291.90016436 0 1 3
292.10041406 0 1 4
292.12811791 0 1 3
292.32625540 0 1 4
292.34940744 0 1 3
292.52003987 0 1 4
292.54495005 0 1 3
292.71827931 0 1 4
292.73613152 0 1 3
292.89768203 0 1 4
292.91848163 0 1 3
293.28158002 0 1 4
293.30894086 0 1 3
293.52021556 0 1 4
293.54244651 0 1 3
293.81065913 0 1 4
293.89219746 0 1 3
294.07538908 0 1 4
294.10223870 0 1 3
294.54170764 0 1 4
294.56307024 0 1 3
294.79788839 0 1 4
294.82183393 0 1 3
295.09470988 0 1 4
295.11253931 0 1 3
295.69597556 0 1 4
295.72167130 0 1 3
295.93587396 0 1 4
295.95973818 0 1 3
296.17047275 0 1 4
296.19053091 0 1 3
296.36378278 0 1 4
296.39934549 0 1 3
296.61424816 0 1 4
296.63417208 0 1 3
296.81254159 0 1 4
296.83657913 0 1 3
297.03540511 0 1 4
297.05819347 0 1 3
297.23711631 0 1 4
297.25918477 0 1 3
297.44435067 0 1 4
297.46590821 0 1 3
297.63442512 0 1 4
297.66002613 0 1 3
297.86408356 0 1 4
297.88420857 0 1 3
298.03316743 0 1 4
298.05503695 0 1 3
298.24395455 0 1 4
298.26964796 0 1 3
298.46165158 0 1 4
298.48860010 0 1 3
298.79025771 0 1 4
298.81574638 0 1 3
299.95102300 0 1 4
299.97264357 0 1 3
300.29830023 0 1 4
300.32253700 0 1 3
300.70116271 0 1 4
300.72634727 0 1 3
301.18604325 0 1 4
301.20445208 0 1 3
301.39606203 0 1 4
301.41494375 0 1 3
301.59862350 0 1 4
301.62103493 0 1 3
301.95639525 0 1 4
301.97570545 0 1 3
302.11119029 0 1 4
302.12961199 0 1 3
302.58225487 0 1 4
302.60031792 0 1 3
302.71720762 0 1 4
302.73598604 0 1 3
303.01298689 0 1 4
303.03211979 0 1 3
303.21249845 0 1 4
303.23643620 0 1 3
303.43779165 0 1 4
303.46233833 0 1 3
303.64533263 0 1 4
303.68139799 0 1 3
303.86197849 0 1 4
303.88665680 0 1 3
304.14844761 0 1 4
304.17234273 0 1 3
304.49373399 0 1 4
304.51710870 0 1 3
304.72401150 0 1 4
304.74783898 0 1 3
304.96557667 0 1 4
304.99226220 0 1 3
305.25716837 0 1 4
305.28155866 0 1 3
305.68674916 0 1 4
305.71199635 0 1 3
305.89182018 0 1 4
305.91762356 0 1 3
306.15878276 0 1 4
306.18453243 0 1 3
306.47130462 0 1 4
306.49250383 0 1 3
306.66674667 0 1 4
306.68673810 0 1 3
306.90360243 0 1 4
306.92728007 0 1 3
307.29279549 0 1 4
307.31576568 0 1 3
307.70687692 0 1 4
307.73116231 0 1 3
307.91545633 0 1 4
307.93763484 0 1 3
308.10057819 0 1 4
308.12480689 0 1 3
308.46642723 0 1 4
308.48684648 0 1 3
308.65696943 0 1 4
308.68257597 0 1 3
308.93477968 0 1 4
308.95768178 0 1 3
309.21696235 0 1 4
309.24012930 0 1 3
309.90238774 0 1 4
309.92533482 0 1 3
310.24785209 0 1 4
310.32268197 0 1 3
310.48981240 0 1 4
310.50932734 0 1 3
310.70452483 0 1 4
310.72790249 0 1 3
311.12586178 0 1 4
311.14736663 0 1 3
311.25434049 0 1 4
311.26901716 0 1 3
311.40131620 0 1 4
311.41967413 0 1 3
311.60427455 0 1 4
311.62231728 0 1 3
311.77757787 0 1 4
311.79388804 0 1 3
312.00081198 0 1 4
312.02180043 0 1 3
312.26032681 0 1 4
312.28942327 0 1 3
312.57017095 0 1 4
312.59866766 0 1 3
312.82022753 0 1 4
312.84868513 0 1 3
313.21335437 0 1 4
313.23980638 0 1 3
313.53903683 0 1 4
313.56480177 0 1 3
313.86384337 0 1 4
313.88878475 0 1 3
314.98898920 0 1 4
315.01334843 0 1 3
315.22110791 0 1 4
315.24572244 0 1 3
315.61868022 0 1 4
315.64487140 0 1 3
316.00280862 0 1 4
316.02879244 0 1 3
316.17498879 0 1 4
316.19219802 0 1 3
316.48383964 0 1 4
316.50677236 0 1 3
316.67220661 0 1 4
316.69372244 0 1 3
316.88374994 0 1 4
316.93362553 0 1 3
317.11288662 0 1 4
317.13526700 0 1 3
317.31100890 0 1 4
317.33269997 0 1 3
317.49763451 0 1 4
317.52121494 0 1 3
317.72917440 0 1 4
317.74956102 0 1 3
318.06255947 0 1 4
318.08734234 0 1 3
318.26890647 0 1 4
318.29370737 0 1 3
318.54252901 0 1 4
318.56749416 0 1 3
318.76961817 0 1 4
318.79251049 0 1 3
319.98134684 0 1 4
320.00478320 0 1 3
320.20702677 0 1 4
320.26968237 0 1 3
320.49275431 0 1 4
320.52098277 0 1 3
320.85638168 0 1 4
320.88053144 0 1 3
321.05606267 0 1 4
321.07468807 0 1 3
321.37974724 0 1 4
321.39984726 0 1 3
321.58526891 0 1 4
321.60834597 0 1 3
321.78783068 0 1 4
321.81136783 0 1 3
322.00245919 0 1 4
322.05292537 0 1 3
322.26948789 0 1 4
322.29136938 0 1 3
322.49570841 0 1 4
322.52103049 0 1 3
322.93015630 0 1 4
322.95523323 0 1 3
323.35003303 0 1 4
323.37410378 0 1 3
323.69007604 0 1 4
323.71269284 0 1 3
323.90869646 0 1 4
323.93469994 0 1 3
324.13799131 0 1 4
324.16195262 0 1 3
324.39958619 0 1 4
324.40748545 0 1 3
325.03456330 0 1 4
325.05794539 0 1 3
325.33595004 0 1 4
325.35469758 0 1 3
325.64673617 0 1 4
325.66912667 0 1 3
325.87984836 0 1 4
325.89973962 0 1 3
326.01664679 0 1 4
326.03447947 0 1 3
326.31813130 0 1 4
326.33030584 0 1 3
326.46964904 0 1 4
326.48925021 0 1 3
326.76152988 0 1 4
326.78280525 0 1 3
326.96847793 0 1 4
326.98984452 0 1 3
327.14112248 0 1 4
327.15854810 0 1 3
327.40435389 0 1 4
327.42327031 0 1 3
327.58528007 0 1 4
327.60490674 0 1 3
327.85735568 0 1 4
327.87729858 0 1 3
328.03381471 0 1 4
328.05578716 0 1 3
328.23920713 0 1 4
328.46030261 0 1 3
329.96547300 0 1 4
329.97702142 0 1 3
330.14855427 0 1 4
330.16146956 0 1 3
330.35648546 0 1 4
330.37174035 0 1 3
330.44994000 0 1 4
330.46442774 0 1 3
330.55192627 0 1 4
330.56654137 0 1 3
330.79991726 0 1 4
330.81096408 0 1 3
330.95621592 0 1 4
330.98376424 0 1 3
331.22876361 0 1 4
331.24512069 0 1 3
331.58068786 0 1 4
331.59631292 0 1 3
331.90843864 0 1 4
331.93224090 0 1 3
332.13904285 0 1 4
332.16291774 0 1 3
332.57094847 0 1 4
332.59803255 0 1 3
332.81188362 0 1 4
332.83377015 0 1 3
332.99820775 0 1 4
333.01616179 0 1 3
335.01637582 0 1 4
335.13436966 0 1 3
335.30241266 0 1 4
335.32116863 0 1 3
335.52406903 0 1 4
335.54209676 0 1 3
335.70584167 0 1 4
335.72832264 0 1 3
335.97997912 0 1 4
335.99516994 0 1 3
336.61421240 0 1 4
336.63296779 0 1 3
336.82453327 0 1 4
336.84636467 0 1 3
337.05588098 0 1 4
337.07594316 0 1 3
337.26218986 0 1 4
337.27954843 0 1 3
337.46384330 0 1 4
337.48027449 0 1 3
337.75601170 0 1 4
337.77190043 0 1 3
337.89107794 0 1 4
337.90969193 0 1 3
338.22027866 0 1 4
338.24726897 0 1 3
338.44234736 0 1 4
338.46474749 0 1 3
338.78434153 0 1 4
338.80866220 0 1 3
339.09751093 0 1 4
339.11982683 0 1 3
339.28413435 0 1 4
339.30492598 0 1 3
339.91172581 0 1 4
339.93130050 0 1 3
340.26207330 0 1 4
340.28873763 0 1 3
340.77617017 0 1 4
340.80336956 0 1 3
341.08324524 0 1 4
341.10450311 0 1 3
341.30776750 0 1 4
341.31815775 0 1 3
341.44574065 0 1 4
341.47267843 0 1 3
341.67610581 0 1 4
341.69470910 0 1 3
341.84555253 0 1 4
341.86483814 0 1 3
342.02321345 0 1 4
342.04321392 0 1 3
342.33090199 0 1 4
342.35493780 0 1 3
342.62073571 0 1 4
342.64544429 0 1 3
342.77107523 0 1 4
342.78879459 0 1 3
343.06493344 0 1 4
343.08751237 0 1 3
343.35252908 0 1 4
343.37147059 0 1 3
343.59903371 0 1 4
343.62214489 0 1 3
343.93514344 0 1 4
343.95830013 0 1 3
344.18072775 0 1 4
344.20282897 0 1 3
344.49809570 0 1 4
344.52068472 0 1 3
344.97499064 0 1 4
344.99506902 0 1 3
345.24608901 0 1 4
345.26722948 0 1 3
345.58421984 0 1 4
345.67257659 0 1 3
345.86361094 0 1 4
345.88563586 0 1 3
346.08350888 0 1 4
346.10952625 0 1 3
346.39177013 0 1 4
346.41177491 0 1 3
346.65455680 0 1 4
346.67889144 0 1 3
346.86528554 0 1 4
346.88507590 0 1 3
347.07400109 0 1 4
347.09607489 0 1 3
347.39616334 0 1 4
347.41917122 0 1 3
347.65498863 0 1 4
347.68143594 0 1 3
347.87421095 0 1 4
347.89707069 0 1 3
348.10995912 0 1 4
348.13543342 0 1 3
348.33627230 0 1 4
348.42721990 0 1 3
348.63342830 0 1 4
348.66376780 0 1 3
349.02860105 0 1 4
349.05317143 0 1 3
349.37362152 0 1 4
349.39953259 0 1 3
349.61478175 0 1 4
349.68512307 0 1 3
350.12468029 0 1 4
350.14324077 0 1 3
350.27927321 0 1 4
350.29550937 0 1 3
350.56271187 0 1 4
350.58190578 0 1 3
350.72651308 0 1 4
350.77492176 0 1 3
351.11202731 0 1 4
351.13101994 0 1 3
351.31120934 0 1 4
351.33272645 0 1 3
351.51031823 0 1 4
351.55678050 0 1 3
351.74256994 0 1 4
351.76813243 0 1 3
352.39264978 0 1 4
352.41738447 0 1 3
352.60431026 0 1 4
352.62966102 0 1 3
353.03004089 0 1 4
353.05283475 0 1 3
353.22868756 0 1 4
353.25018396 0 1 3
353.53654299 0 1 4
353.55798113 0 1 3
353.77822396 0 1 4
353.80186705 0 1 3
354.07899646 0 1 4
354.10261031 0 1 3
354.28354325 0 1 4
354.31071930 0 1 3
354.93650753 0 1 4
354.96229254 0 1 3
355.29670620 0 1 4
355.31669632 0 1 3
355.49721831 0 1 4
355.51792433 0 1 3
355.75748201 0 1 4
355.77976461 0 1 3
355.96065942 0 1 4
355.97917014 0 1 3
356.34315316 0 1 4
356.36376397 0 1 3
356.53147637 0 1 4
356.55470467 0 1 3
356.77357321 0 1 4
356.79401290 0 1 3
357.08687243 0 1 4
357.11072000 0 1 3
357.30749891 0 1 4
357.32980694 0 1 3
357.52229880 0 1 4
357.54824531 0 1 3
357.74759633 0 1 4
357.77233764 0 1 3
357.97130302 0 1 4
358.00730855 0 1 3
358.42226008 0 1 4
358.44821173 0 1 3
358.73072201 0 1 4
358.75730401 0 1 3
359.94886423 0 1 4
359.96855435 0 1 3
360.37064826 0 1 4
360.39022081 0 1 3
360.66559108 0 1 4
360.68652825 0 1 3
360.86238004 0 1 4
360.88257213 0 1 3
361.22281574 0 1 4
361.24492051 0 1 3
361.58628423 0 1 4
361.60857236 0 1 3
361.88445231 0 1 4
361.90711194 0 1 3
362.08210077 0 1 4
362.10747666 0 1 3
362.27915736 0 1 4
362.30342730 0 1 3
362.47015085 0 1 4
362.48938868 0 1 3
362.75886958 0 1 4
362.78079908 0 1 3
362.97735549 0 1 4
362.99704722 0 1 3
363.38845329 0 1 4
363.41296139 0 1 3
363.67925300 0 1 4
363.70471839 0 1 3
364.98270945 0 1 4
364.99423534 0 1 3
365.08813822 0 1 4
365.10362874 0 1 3
365.19271377 0 1 4
365.20812263 0 1 3
365.33497601 0 1 4
365.34652289 0 1 3
365.52993090 0 1 4
365.54518352 0 1 3
365.66373678 0 1 4
365.67586599 0 1 3
365.75485783 0 1 4
365.76756697 0 1 3
365.86143745 0 1 4
365.87231795 0 1 3
365.98817537 0 1 4
366.01584849 0 1 3
366.35507613 0 1 4
366.37777937 0 1 3
366.58497699 0 1 4
366.60801697 0 1 3
366.84342741 0 1 4
366.86697926 0 1 3
367.09418992 0 1 4
367.11856549 0 1 3
367.31719906 0 1 4
367.34031047 0 1 3
367.60424645 0 1 4
367.63287700 0 1 3
367.84183152 0 1 4
367.86784391 0 1 3
368.06178839 0 1 4
368.07021859 0 1 3
370.06754901 0 1 4
370.09533594 0 1 3
370.29016606 0 1 4
370.31400771 0 1 3
370.48864764 0 1 4
370.51152393 0 1 3
370.75412013 0 1 4
370.77994386 0 1 3
370.97857754 0 1 4
371.02556315 0 1 3
371.32562201 0 1 4
371.34092856 0 1 3
371.51802693 0 1 4
371.54191771 0 1 3
371.87337027 0 1 4
371.89925845 0 1 3
372.15441385 0 1 4
372.17871001 0 1 3
372.39954056 0 1 4
372.42389996 0 1 3
372.63841654 0 1 4
372.66036685 0 1 3
373.00096288 0 1 4
373.02242912 0 1 3
373.33418434 0 1 4
373.35969284 0 1 3
373.56862676 0 1 4
373.59368458 0 1 3
373.83536884 0 1 4
373.86338488 0 1 3
374.09396850 0 1 4
374.11943209 0 1 3
374.57426758 0 1 4
374.60059079 0 1 3
374.81797817 0 1 4
374.84430282 0 1 3
375.13383134 0 1 4
375.15485523 0 1 3
375.42037610 0 1 4
375.43924719 0 1 3
375.56771244 0 1 4
375.58474443 0 1 3
375.81369562 0 1 4
375.83374564 0 1 3
376.13136700 0 1 4
376.15546525 0 1 3
376.30153545 0 1 4
376.31849247 0 1 3
376.60597668 0 1 4
376.62414319 0 1 3
376.80188692 0 1 4
376.82870093 0 1 3
377.12647753 0 1 4
377.14911683 0 1 3
377.39538491 0 1 4
377.41901652 0 1 3
377.59920030 0 1 4
377.62105717 0 1 3
377.78786125 0 1 4
377.80698354 0 1 3
378.08792145 0 1 4
378.11150436 0 1 3
378.28727535 0 1 4
378.30987103 0 1 3
378.47960087 0 1 4
378.49849330 0 1 3
378.80352757 0 1 4
378.82434356 0 1 3
379.00709389 0 1 4
379.05185970 0 1 3
379.26961281 0 1 4
379.29857236 0 1 3
380.05947450 0 1 4
380.11493139 0 1 3
380.39008368 0 1 4
380.41050296 0 1 3
380.89962045 0 1 4
380.92208018 0 1 3
381.12171131 0 1 4
381.14165655 0 1 3
381.29151311 0 1 4
381.32669413 0 1 3
381.45726064 0 1 4
381.47767566 0 1 3
381.60604091 0 1 4
381.62671701 0 1 3
381.82235746 0 1 4
381.84446749 0 1 3
382.12683963 0 1 4
382.14881328 0 1 3
382.33414492 0 1 4
382.35970440 0 1 3
382.72902856 0 1 4
382.75295170 0 1 3
382.95793323 0 1 4
382.98107086 0 1 3
383.42596174 0 1 4
383.44848443 0 1 3
384.91593100 0 1 4
384.93577526 0 1 3
385.25820577 0 1 4
385.27567563 0 1 3
385.47697185 0 1 4
385.49839780 0 1 3
385.71509954 0 1 4
385.73474612 0 1 3
385.99981099 0 1 4
386.01908053 0 1 3
386.60829130 0 1 4
386.63168145 0 1 3
386.82929089 0 1 4
386.85697594 0 1 3
387.03265772 0 1 4
387.11614237 0 1 3
387.33741166 0 1 4
387.35564214 0 1 3
387.48790472 0 1 4
387.50670205 0 1 3
387.78571775 0 1 4
387.80561641 0 1 3
387.94588324 0 1 4
387.96797641 0 1 3
389.93051512 0 1 4
389.94941585 0 1 3
390.33158630 0 1 4
390.35054947 0 1 3
390.49426706 0 1 4
390.51162514 0 1 3
390.84498955 0 1 4
390.86179232 0 1 3
391.03137925 0 1 4
391.05320759 0 1 3
391.16794603 0 1 4
391.17935528 0 1 3
391.45979821 0 1 4
391.48195767 0 1 3
391.81266205 0 1 4
391.84019875 0 1 3
392.02613459 0 1 4
392.04853632 0 1 3
392.25910867 0 1 4
392.28177287 0 1 3
392.44749280 0 1 4
392.49402078 0 1 3
392.66758160 0 1 4
392.68658136 0 1 3
392.85451741 0 1 4
392.87611353 0 1 3
393.06045099 0 1 4
393.08795193 0 1 3
393.38164129 0 1 4
393.41186717 0 1 3
393.97007036 0 1 4
393.98827401 0 1 3
394.13116992 0 1 4
394.15524228 0 1 3
394.43513191 0 1 4
394.45642197 0 1 3
394.66825201 0 1 4
394.68718606 0 1 3
394.84761769 0 1 4
394.90129456 0 1 3
395.14891217 0 1 4
395.17815765 0 1 3
395.40944368 0 1 4
395.43648004 0 1 3
395.65884969 0 1 4
395.68543256 0 1 3
395.91558510 0 1 4
395.94004456 0 1 3
396.16010215 0 1 4
396.17597285 0 1 3
396.30316290 0 1 4
396.35744985 0 1 3
396.50204286 0 1 4
396.52208155 0 1 3
396.67373962 0 1 4
396.69343444 0 1 3
396.88794554 0 1 4
396.90774278 0 1 3
397.29809811 0 1 4
397.32336904 0 1 3
397.70668902 0 1 4
397.72655177 0 1 3
397.94726458 0 1 4
397.96752283 0 1 3
398.13675017 0 1 4
398.16100575 0 1 3
398.51323956 0 1 4
398.53557004 0 1 3
398.72502299 0 1 4
398.75068060 0 1 3
399.13856365 0 1 4
399.16204574 0 1 3
399.36283005 0 1 4
399.38244104 0 1 3
399.78237174 0 1 4
399.80657676 0 1 3
400.05774875 0 1 4
400.08056902 0 1 3
400.25030120 0 1 4
400.27242699 0 1 3
400.67310909 0 1 4
400.69705755 0 1 3
400.95527271 0 1 4
400.97531014 0 1 3
401.17824751 0 1 4
401.20045963 0 1 3
401.36787496 0 1 4
401.39299537 0 1 3
401.61365977 0 1 4
401.63555655 0 1 3
402.04287575 0 1 4
402.06946381 0 1 3
402.64181837 0 1 4
402.66954747 0 1 3
402.90004505 0 1 4
402.92176582 0 1 3
403.10434583 0 1 4
403.17604091 0 1 3
403.37599263 0 1 4
403.40293831 0 1 3
403.74909721 0 1 4
403.77369219 0 1 3
404.05843309 0 1 4
404.07881447 0 1 3
404.45171539 0 1 4
404.47540843 0 1 3
404.71127410 0 1 4
404.73528571 0 1 3
404.89957824 0 1 4
405.10671024 0 1 3
405.30017253 0 1 4
405.32687642 0 1 3
405.63445947 0 1 4
405.65726765 0 1 3
405.99398125 0 1 4
406.01680228 0 1 3
406.20875853 0 1 4
406.22944685 0 1 3
406.56667120 0 1 4
406.58717504 0 1 3
406.98529208 0 1 4
407.00959557 0 1 3
407.19027677 0 1 4
407.21398050 0 1 3
407.48685727 0 1 4
407.51107762 0 1 3
407.72114262 0 1 4
407.74522442 0 1 3
407.95262958 0 1 4
407.97504161 0 1 3
408.16887044 0 1 4
408.19501705 0 1 3
408.55906894 0 1 4
408.58098552 0 1 3
408.78272434 0 1 4
408.80642642 0 1 3
409.24998397 0 1 4
409.27203203 0 1 3
410.06818362 0 1 4
410.08989486 0 1 3
410.40477185 0 1 4
410.42444066 0 1 3
410.59364461 0 1 4
410.61424712 0 1 3
411.13632930 0 1 4
411.15065705 0 1 3
411.26200522 0 1 4
411.27673101 0 1 3
411.55879654 0 1 4
411.57988347 0 1 3
411.72386439 0 1 4
411.74305030 0 1 3
412.08233107 0 1 4
412.10161407 0 1 3
412.33196990 0 1 4
412.35209092 0 1 3
412.66303448 0 1 4
412.68192137 0 1 3
412.82554297 0 1 4
412.84109704 0 1 3
413.06814496 0 1 4
413.08511255 0 1 3
415.07714108 0 1 4
415.09707416 0 1 3
415.34382173 0 1 4
415.36578223 0 1 3
415.52109474 0 1 4
415.54229919 0 1 3
415.71610239 0 1 4
415.73742971 0 1 3
415.88259778 0 1 4
415.90237808 0 1 3
416.12791584 0 1 4
416.14318454 0 1 3
416.23259312 0 1 4
416.25031051 0 1 3
416.44884455 0 1 4
416.46813138 0 1 3
416.64343021 0 1 4
416.66270433 0 1 3
416.84583558 0 1 4
416.86751580 0 1 3
417.05621719 0 1 4
417.07931373 0 1 3
417.32137283 0 1 4
417.34333557 0 1 3
417.54303045 0 1 4
417.56870596 0 1 3
417.71928934 0 1 4
417.73892339 0 1 3
417.89755967 0 1 4
417.92405811 0 1 3
418.21500957 0 1 4
418.24205171 0 1 3
418.42445424 0 1 4
418.44758042 0 1 3
418.81601085 0 1 4
418.84161582 0 1 3
419.17325125 0 1 4
419.19873577 0 1 3
419.43216658 0 1 4
419.45965376 0 1 3
419.79847573 0 1 4
419.90633951 0 1 3
420.09307850 0 1 4
420.15738571 0 1 3
420.43278412 0 1 4
420.45297446 0 1 3
420.59906257 0 1 4
420.62249780 0 1 3
420.80524149 0 1 4
420.87429480 0 1 3
421.09706244 0 1 4
421.11935517 0 1 3
421.30210402 0 1 4
421.31853692 0 1 3
421.51145473 0 1 4
421.53540200 0 1 3
421.77973217 0 1 4
421.80750830 0 1 3
422.11066938 0 1 4
422.13243943 0 1 3
422.49481772 0 1 4
422.51674946 0 1 3
422.66686368 0 1 4
422.68661244 0 1 3
422.83071702 0 1 4
422.85313394 0 1 3
423.02028899 0 1 4
423.03617326 0 1 3
423.47268606 0 1 4
423.50242438 0 1 3
423.68682176 0 1 4
423.71137081 0 1 3
424.12104208 0 1 4
424.13891163 0 1 3
424.33360806 0 1 4
424.35077089 0 1 3
424.54124635 0 1 4
424.55799548 0 1 3
424.92917026 0 1 4
424.94997010 0 1 3
425.41385493 0 1 4
425.43453726 0 1 3
425.62000183 0 1 4
425.64733325 0 1 3
425.96041368 0 1 4
425.98817439 0 1 3
426.31980063 0 1 4
426.33552306 0 1 3
426.74677666 0 1 4
426.77132343 0 1 3
426.95484329 0 1 4
426.97795411 0 1 3
427.23362856 0 1 4
427.25462076 0 1 3
427.49050965 0 1 4
427.51774914 0 1 3
427.73094988 0 1 4
427.75019713 0 1 3
427.92393061 0 1 4
427.94216531 0 1 3
428.11949217 0 1 4
428.14459591 0 1 3
428.33961473 0 1 4
428.36706955 0 1 3
428.59642231 0 1 4
428.62233991 0 1 3
428.92706688 0 1 4
428.94982106 0 1 3
429.19624021 0 1 4
429.22142373 0 1 3
429.47756285 0 1 4
429.49998613 0 1 3
429.83040400 0 1 4
429.85280305 0 1 3
430.02832533 0 1 4
430.05225866 0 1 3
430.22654679 0 1 4
430.25048220 0 1 3
430.55723915 0 1 4
430.58066524 0 1 3
430.86727500 0 1 4
430.89113555 0 1 3
431.34855792 0 1 4
431.37001534 0 1 3
431.58431828 0 1 4
431.60491839 0 1 3
431.75341925 0 1 4
431.77446945 0 1 3
432.08722541 0 1 4
432.11185915 0 1 3
432.33906225 0 1 4
432.36058216 0 1 3
432.86576881 0 1 4
432.88655301 0 1 3
433.03029140 0 1 4
433.04798174 0 1 3
433.35372332 0 1 4
433.37644115 0 1 3
433.65752819 0 1 4
433.67630908 0 1 3
433.86700915 0 1 4
433.88758687 0 1 3
434.23113724 0 1 4
434.24950081 0 1 3
434.59041766 0 1 4
434.61617490 0 1 3
434.93470634 0 1 4
434.96149930 0 1 3
435.34898152 0 1 4
435.37211031 0 1 3
435.79500170 0 1 4
435.82041996 0 1 3
436.03382043 0 1 4
436.05676452 0 1 3
436.33487530 0 1 4
436.35641878 0 1 3
436.53136057 0 1 4
436.61860286 0 1 3
436.83120740 0 1 4
436.86030624 0 1 3
437.25980767 0 1 4
437.28466365 0 1 3
437.61709079 0 1 4
437.63834920 0 1 3
437.81814383 0 1 4
437.84198966 0 1 3
438.00972015 0 1 4
438.03574452 0 1 3
438.40026738 0 1 4
438.42710208 0 1 3
438.88098257 0 1 4
438.90351725 0 1 3
439.23011945 0 1 4
439.24811523 0 1 3
439.45522263 0 1 4
439.47781742 0 1 3
439.63843021 0 1 4
439.72017671 0 1 3
440.07214258 0 1 4
440.09274820 0 1 3
440.36081490 0 1 4
440.37833651 0 1 3
440.52086467 0 1 4
440.54083624 0 1 3
440.89411061 0 1 4
440.91464422 0 1 3
441.11252388 0 1 4
441.12786903 0 1 3
441.24301396 0 1 4
441.25513088 0 1 3
441.57401140 0 1 4
441.59287360 0 1 3
441.90432884 0 1 4
441.92537320 0 1 3
442.15918831 0 1 4
442.18043308 0 1 3
442.52102480 0 1 4
442.54383332 0 1 3
442.70919874 0 1 4
442.72922067 0 1 3
442.89913796 0 1 4
442.91664373 0 1 3
443.21956858 0 1 4
443.24261775 0 1 3
443.49675880 0 1 4
443.52382477 0 1 3
443.76863835 0 1 4
444.90474304 0 1 3
445.39322805 0 1 4
445.41645702 0 1 3
445.60175494 0 1 4
445.62793822 0 1 3
445.89780899 0 1 4
445.92142388 0 1 3
446.14511060 0 1 4
446.15922071 0 1 3
446.49357801 0 1 4
446.51410086 0 1 3
446.66688799 0 1 4
446.68664767 0 1 3
446.98063126 0 1 4
447.00361956 0 1 3
447.27109988 0 1 4
447.28862346 0 1 3
447.56002254 0 1 4
447.57892924 0 1 3
447.92267797 0 1 4
447.94062615 0 1 3
448.16220407 0 1 4
448.18378952 0 1 3
448.36137741 0 1 4
448.38522946 0 1 3
448.73959502 0 1 4
448.75926947 0 1 3
448.93343962 0 1 4
449.02607153 0 1 3
450.01739908 0 1 4
450.03925101 0 1 3
450.36552010 0 1 4
450.38756906 0 1 3
450.82753532 0 1 4
450.84524217 0 1 3
451.03351014 0 1 4
451.04609843 0 1 3
451.27859129 0 1 4
451.29381714 0 1 3
451.58224719 0 1 4
451.60383746 0 1 3
451.86277246 0 1 4
451.90254402 0 1 3
452.05725604 0 1 4
452.07527093 0 1 3
452.56401190 0 1 4
452.58392528 0 1 3
452.75074620 0 1 4
452.77138370 0 1 3
452.89822702 0 1 4
452.91890443 0 1 3
455.01664662 0 1 4
455.03025837 0 1 3
455.20638870 0 1 4
455.22324785 0 1 3
455.30595924 0 1 4
455.32025438 0 1 3
455.47313647 0 1 4
455.48393159 0 1 3
455.63067609 0 1 4
455.64303039 0 1 3
455.77777079 0 1 4
455.79265055 0 1 3
455.85528084 0 1 4
455.86452531 0 1 3
456.19955075 0 1 4
456.21421871 0 1 3
456.56740526 0 1 4
456.58437213 0 1 3
456.76390761 0 1 4
456.78888386 0 1 3
456.97280216 0 1 4
456.99659874 0 1 3
457.25636223 0 1 4
457.27286719 0 1 3
457.59138123 0 1 4
457.61006825 0 1 3
458.03118905 0 1 4
458.05451500 0 1 3
458.35128680 0 1 4
458.37761810 0 1 3
458.65281148 0 1 4
458.68313317 0 1 3
458.91313670 0 1 4
458.94292521 0 1 3
459.17790839 0 1 4
459.20700518 0 1 3
459.44724813 0 1 4
459.49284352 0 1 3
459.73362898 0 1 4
459.76285586 0 1 3
460.14067380 0 1 4
460.16921094 0 1 3
460.43102830 0 1 4
460.45686930 0 1 3
460.67516295 0 1 4
460.70013694 0 1 3
460.97998007 0 1 4
461.00456081 0 1 3
461.20354483 0 1 4
461.22320753 0 1 3
461.36774696 0 1 4
461.38838000 0 1 3
461.65416970 0 1 4
461.67813513 0 1 3
461.91020319 0 1 4
461.93875162 0 1 3
462.15055449 0 1 4
462.17750884 0 1 3
462.62962294 0 1 4
462.65166569 0 1 3
462.83173743 0 1 4
462.85081487 0 1 3
463.01565913 0 1 4
463.04253880 0 1 3
463.23076992 0 1 4
463.27854047 0 1 3
463.48947653 0 1 4
463.51176474 0 1 3
463.91513900 0 1 4
463.93728358 0 1 3
464.92571616 0 1 4
464.94707116 0 1 3
465.37506907 0 1 4
465.41681540 0 1 3
465.76026097 0 1 4
465.79953767 0 1 3
466.12226961 0 1 4
466.15172487 0 1 3
466.34420301 0 1 4
466.36029925 0 1 3
466.53408478 0 1 4
466.55307147 0 1 3
466.91114372 0 1 4
466.93370270 0 1 3
467.12388532 0 1 4
467.14722375 0 1 3
467.53405763 0 1 4
467.55929375 0 1 3
467.73737606 0 1 4
467.76075277 0 1 3
468.02209262 0 1 4
468.04227280 0 1 3
468.46455427 0 1 4
468.48754316 0 1 3
468.73409081 0 1 4
468.75660474 0 1 3
468.95713285 0 1 4
468.97903897 0 1 3
469.24034971 0 1 4
469.26370673 0 1 3
469.41655821 0 1 4
469.44083840 0 1 3
470.00693273 0 1 4
470.02533351 0 1 3
470.50973869 0 1 4
470.53689748 0 1 3
470.78110827 0 1 4
470.80598709 0 1 3
471.07835286 0 1 4
471.10372450 0 1 3
471.42391233 0 1 4
471.44541787 0 1 3
471.66900635 0 1 4
471.69068866 0 1 3
471.92337356 0 1 4
471.94215587 0 1 3
472.11694637 0 1 4
472.14053617 0 1 3
472.59489257 0 1 4
472.61873992 0 1 3
472.91959028 0 1 4
472.94130947 0 1 3
473.19384749 0 1 4
473.21875960 0 1 3
473.41458674 0 1 4
473.43728770 0 1 3
473.68823228 0 1 4
473.71314071 0 1 3
473.89703428 0 1 4
473.93025150 0 1 3
475.02724302 0 1 4
475.05490910 0 1 3
475.54877520 0 1 4
475.57865347 0 1 3
475.82776556 0 1 4
475.85800127 0 1 3
476.06939810 0 1 4
476.09179925 0 1 3
476.44239381 0 1 4
476.46253895 0 1 3
476.71052800 0 1 4
476.73227522 0 1 3
476.99559068 0 1 4
477.01792973 0 1 3
477.29888071 0 1 4
477.31757347 0 1 3
477.46267873 0 1 4
477.47861022 0 1 3
477.68525599 0 1 4
477.70238819 0 1 3
477.91044619 0 1 4
477.92687739 0 1 3
478.14284905 0 1 4
478.16354516 0 1 3
478.34065809 0 1 4
478.36176262 0 1 3
478.54716051 0 1 4
478.55888388 0 1 3
480.12090898 0 1 4
480.14542140 0 1 3
480.32239152 0 1 4
480.34524554 0 1 3
480.69195015 0 1 4
480.71702796 0 1 3
480.90518953 0 1 4
480.92711105 0 1 3
481.20100357 0 1 4
481.22583786 0 1 3
481.47418261 0 1 4
481.49590093 0 1 3
481.65081790 0 1 4
481.66960636 0 1 3
481.89213650 0 1 4
481.91598028 0 1 3
482.11370688 0 1 4
482.13722979 0 1 3
482.33307039 0 1 4
482.35693193 0 1 3
482.61858405 0 1 4
482.64058831 0 1 3
482.82587990 0 1 4
482.84621498 0 1 3
483.02283016 0 1 4
483.06843514 0 1 3
483.27165636 0 1 4
483.29857613 0 1 3
483.50490585 0 1 4
483.52929830 0 1 3
483.96665009 0 1 4
483.98692913 0 1 3
484.26896241 0 1 4
484.29088306 0 1 3
484.45547425 0 1 4
484.47801066 0 1 3
484.63941260 0 1 4
484.65353812 0 1 3
485.02037207 0 1 4
485.04534691 0 1 3
485.22253235 0 1 4
485.24726555 0 1 3
485.59867524 0 1 4
485.62412235 0 1 3
485.81519378 0 1 4
485.87667376 0 1 3
486.05285610 0 1 4
486.07543611 0 1 3
486.35075429 0 1 4
486.36933022 0 1 3
486.68493863 0 1 4
486.70703963 0 1 3
486.88757528 0 1 4
486.90896612 0 1 3
487.40312189 0 1 4
487.42885125 0 1 3
487.70536895 0 1 4
487.72634784 0 1 3
487.88904875 0 1 4
487.90834850 0 1 3
488.21279575 0 1 4
488.23572165 0 1 3
488.51096531 0 1 4
488.53133253 0 1 3
488.94857363 0 1 4
488.96797649 0 1 3
489.14160160 0 1 4
489.16477131 0 1 3
489.33985887 0 1 4
489.36141738 0 1 3
489.58031519 0 1 4
489.60687600 0 1 3
489.94569366 0 1 4
489.96857518 0 1 3
490.22747775 0 1 4
490.25475579 0 1 3
490.57279567 0 1 4
490.59939291 0 1 3
490.92756768 0 1 4
490.95191535 0 1 3
491.12539116 0 1 4
491.14355203 0 1 3
491.47385704 0 1 4
491.49152013 0 1 3
491.78207834 0 1 4
491.80612220 0 1 3
492.10215904 0 1 4
492.12887956 0 1 3
492.37138530 0 1 4
492.39853348 0 1 3
492.71599056 0 1 4
492.74336968 0 1 3
492.91566353 0 1 4
492.93581077 0 1 3
493.30483582 0 1 4
493.32952300 0 1 3
493.70222640 0 1 4
493.72874491 0 1 3
493.95932719 0 1 4
493.98683931 0 1 3
494.20962269 0 1 4
494.23026029 0 1 3
494.51823916 0 1 4
494.53869554 0 1 3
494.97589446 0 1 4
494.99903808 0 1 3
495.23275495 0 1 4
495.25767330 0 1 3
495.41489369 0 1 4
495.43496745 0 1 3
495.60438747 0 1 4
495.62611217 0 1 3
495.81330260 0 1 4
495.83331046 0 1 3
496.20529053 0 1 4
496.22715709 0 1 3
496.54262063 0 1 4
496.56427708 0 1 3
496.93228868 0 1 4
496.95542201 0 1 3
497.22369411 0 1 4
497.25019955 0 1 3
497.54437209 0 1 4
497.57122742 0 1 3
497.93521576 0 1 4
497.95361359 0 1 3
498.34861852 0 1 4
498.37661632 0 1 3
498.62383772 0 1 4
498.65603870 0 1 3
499.07954638 0 1 4
499.10616993 0 1 3
499.50728131 0 1 4
499.52875785 0 1 3
499.73268117 0 1 4
499.75720219 0 1 3
500.08518980 0 1 4
500.10834070 0 1 3
500.28401482 0 1 4
500.30582242 0 1 3
500.56989064 0 1 4
500.61791228 0 1 3
501.00210401 0 1 4
501.02453770 0 1 3
501.33350806 0 1 4
501.35290003 0 1 3
501.44787629 0 1 4
501.46210769 0 1 3
501.72606583 0 1 4
501.74202684 0 1 3
501.89507155 0 1 4
501.91304748 0 1 3
502.19151231 0 1 4
502.20779740 0 1 3
504.99954552 0 1 4
505.02240247 0 1 3
505.18855337 0 1 4
505.21004870 0 1 3
505.38510959 0 1 4
505.40568859 0 1 3
505.53920362 0 1 4
505.55215325 0 1 3
505.69031636 0 1 4
505.70672519 0 1 3
505.83066161 0 1 4
505.84683500 0 1 3
505.94269306 0 1 4
505.95746649 0 1 3
506.11761961 0 1 4
506.13367950 0 1 3
506.23246322 0 1 4
506.24811665 0 1 3
506.41804581 0 1 4
506.44102931 0 1 3
506.60757094 0 1 4
506.62775834 0 1 3
506.88294091 0 1 4
506.90068156 0 1 3
507.18337836 0 1 4
507.20517698 0 1 3
507.34384466 0 1 4
507.36432718 0 1 3
507.52451684 0 1 4
507.54266091 0 1 3
507.70856277 0 1 4
507.73093840 0 1 3
507.89778711 0 1 4
507.92158729 0 1 3
508.13818494 0 1 4
508.16000547 0 1 3
508.34281888 0 1 4
508.36508428 0 1 3
508.83471286 0 1 4
508.85221271 0 1 3
510.07151228 0 1 4
510.10238102 0 1 3
510.38563993 0 1 4
510.39965084 0 1 3
510.70734659 0 1 4
510.75415750 0 1 3
510.84584280 0 1 4
510.87208493 0 1 3
510.95526339 0 1 4
511.08763763 0 1 3
511.46730543 0 1 4
511.49072937 0 1 3
511.62375545 0 1 4
511.66063486 0 1 3
511.82903199 0 1 4
512.31804412 0 1 3
512.43600440 0 1 4
512.46561948 0 1 3
512.57297949 0 1 4
513.05876726 0 1 3
513.30153628 0 1 4
516.13922644 0 1 5
516.15177608 0 1 4
516.50929229 0 1 5
516.52142552 0 1 4
516.73255545 0 1 5
516.74773829 0 1 4
516.84990325 0 1 5
516.86690228 0 1 4
517.44523492 0 1 5
517.46455924 0 1 4
517.87044458 0 1 5
517.91320593 0 1 4
520.11645407 0 1 5
520.12643835 0 1 4
520.49627392 0 1 5
520.50646607 0 1 4
520.90070714 0 1 5
520.91571037 0 1 4
521.00040259 0 1 5
521.01187154 0 1 4
521.34509147 0 1 5
521.39683906 0 1 4
521.41279820 0 1 3
521.53248951 0 1 4
521.71132607 0 1 5
521.72975631 0 1 4
521.89580131 0 1 5
521.91412870 0 1 4
522.56880302 0 1 5
522.58760184 0 1 4
522.75105145 0 1 5
522.76770098 0 1 4
522.96026411 0 1 5
522.97386886 0 1 4
523.13523701 0 1 5
523.15217695 0 1 4
523.45085010 0 1 5
523.47371295 0 1 4
523.73548357 0 1 5
523.75640212 0 1 4
524.11904592 0 1 5
524.14073125 0 1 4
524.30063423 0 1 5
524.31905641 0 1 4
524.65479557 0 1 5
524.67645035 0 1 4
524.97558039 0 1 5
524.99830271 0 1 4
525.29840932 0 1 5
525.32072443 0 1 4
525.51923337 0 1 5
525.54300462 0 1 4
525.84758762 0 1 5
525.87427813 0 1 4
526.17769270 0 1 5
526.19916050 0 1 4
526.36764460 0 1 5
526.38680599 0 1 4
526.67004610 0 1 5
526.68887690 0 1 4
526.92387844 0 1 5
526.94244173 0 1 4
527.36651658 0 1 5
527.38644746 0 1 4
527.63925926 0 1 5
527.66038430 0 1 4
527.86432281 0 1 5
527.88629036 0 1 4
528.17735909 0 1 5
528.20020708 0 1 4
528.58206714 0 1 5
528.60145408 0 1 4
528.95350985 0 1 5
528.97250256 0 1 4
529.22682621 0 1 5
529.24716970 0 1 4
529.40681493 0 1 5
529.42488718 0 1 4
529.71890334 0 1 5
529.74193339 0 1 4
530.28623560 0 1 5
530.30919274 0 1 4
530.52960586 0 1 5
530.55476255 0 1 4
530.87050553 0 1 5
530.88586825 0 1 4
531.18217488 0 1 5
531.19786335 0 1 4
531.30612047 0 1 5
531.32174263 0 1 4
531.42731588 0 1 5
531.44283104 0 1 4
531.72657705 0 1 5
531.74822751 0 1 4
532.01548091 0 1 5
532.04060285 0 1 4
532.22652676 0 1 5
532.25085742 0 1 4
532.44402005 0 1 5
532.46768071 0 1 4
532.72338751 0 1 5
532.74160995 0 1 4
533.04306049 0 1 5
533.06051959 0 1 4
533.37331090 0 1 5
533.39551950 0 1 4
533.56057072 0 1 5
533.58131020 0 1 4
533.74911873 0 1 5
533.76638419 0 1 4
533.91839261 0 1 5
533.93660442 0 1 4
534.12559567 0 1 5
534.14526684 0 1 4
534.44963966 0 1 5
534.47147866 0 1 4
534.80086114 0 1 5
534.82022203 0 1 4
535.27966051 0 1 5
535.30176304 0 1 4
535.43559539 0 1 5
535.45327035 0 1 4
535.62210684 0 1 5
535.64881343 0 1 4
535.77763050 0 1 5
535.79512333 0 1 4
535.93460849 0 1 5
535.97824803 0 1 4
536.33953883 0 1 5
536.37306106 0 1 4
536.50955226 0 1 5
536.52289495 0 1 4
536.76545461 0 1 5
536.78838988 0 1 4
537.02866914 0 1 5
537.06924479 0 1 4
537.20443517 0 1 5
537.22480976 0 1 4
537.37019151 0 1 5
537.39144968 0 1 4
537.54027442 0 1 5
537.56178303 0 1 4
537.69434120 0 1 5
537.81074696 0 1 4
537.94000382 0 1 5
537.95953898 0 1 4
538.11195817 0 1 5
538.22119518 0 1 4
538.35911272 0 1 5
538.38021699 0 1 4
538.53971340 0 1 5
538.58394604 0 1 4
538.70397716 0 1 5
539.03389283 0 1 4
539.15348920 0 1 5
539.43190309 0 1 4
539.66030653 0 1 5
540.81253305 0 1 6
540.82622914 0 1 5
540.91989846 0 1 6
540.93207874 0 1 5
541.20659222 0 1 6
541.21796492 0 1 5
541.57904233 0 1 6
541.59105249 0 1 5
542.49478671 0 1 6
542.51242044 0 1 5
542.70442044 0 1 6
542.71655461 0 1 5
543.21007416 0 1 6
543.21947076 0 1 5
544.91750862 0 1 6
544.93119690 0 1 5
545.27559422 0 1 6
545.28617847 0 1 5
545.53482553 0 1 6
545.55013271 0 1 5
546.04084201 0 1 6
546.05419793 0 1 5
546.27719888 0 1 6
546.29138590 0 1 5
546.42730859 0 1 6
546.44165493 0 1 5
546.93166166 0 1 6
546.94629892 0 1 5
547.14888647 0 1 6
547.16391890 0 1 5
547.41898117 0 1 6
547.43648462 0 1 5
547.74439858 0 1 6
547.76232219 0 1 5
548.06341399 0 1 6
548.09212156 0 1 5
548.58708320 0 1 6
548.61310297 0 1 5
548.81257435 0 1 6
548.83899847 0 1 5
548.87607091 0 1 4
549.11013416 0 1 5
549.25851421 0 1 6
549.27509299 0 1 5
549.50738143 0 1 6
549.52635556 0 1 5
549.93047003 0 1 6
549.94988613 0 1 5
550.07183036 0 1 6
550.08768470 0 1 5
550.52664097 0 1 6
550.54093838 0 1 5
550.76572734 0 1 6
550.78324521 0 1 5
550.89552839 0 1 6
550.90886143 0 1 5
551.16796667 0 1 6
551.18300803 0 1 5
551.52942967 0 1 6
551.54317933 0 1 5
551.70358223 0 1 6
551.72068053 0 1 5
551.98568815 0 1 6
552.00374805 0 1 5
552.37410811 0 1 6
552.39085904 0 1 5
552.60707102 0 1 6
552.62251934 0 1 5
552.89230870 0 1 6
552.91065868 0 1 5
553.25568880 0 1 6
553.27685756 0 1 5
553.73754706 0 1 6
553.75465641 0 1 5
553.96268467 0 1 6
553.98069521 0 1 5
554.35837909 0 1 6
554.42039593 0 1 5
554.57647891 0 1 6
554.65552933 0 1 5
554.95777945 0 1 6
554.97680130 0 1 5
555.14766976 0 1 6
555.16851541 0 1 5
555.50609706 0 1 6
555.52519623 0 1 5
555.88546982 0 1 6
555.90178008 0 1 5
556.26112551 0 1 6
556.27095811 0 1 5
556.44903268 0 1 6
556.46764160 0 1 5
556.69056472 0 1 6
556.70747819 0 1 5
556.90020108 0 1 6
556.91793913 0 1 5
557.09441922 0 1 6
557.11055731 0 1 5
557.23472425 0 1 6
557.34297105 0 1 5
557.62278366 0 1 6
557.64208376 0 1 5
557.78478798 0 1 6
557.80145557 0 1 5
557.94493043 0 1 6
557.96035777 0 1 5
558.12020212 0 1 6
558.14257116 0 1 5
558.41434235 0 1 6
558.43102680 0 1 5
558.65202331 0 1 6
558.67190728 0 1 5
558.99895177 0 1 6
559.01920515 0 1 5
559.32452892 0 1 6
559.34630520 0 1 5
559.50343278 0 1 6
559.52466832 0 1 5
559.71200996 0 1 6
559.73327610 0 1 5
559.90387536 0 1 6
559.92496539 0 1 5
560.10117075 0 1 6
560.12115805 0 1 5
560.28984697 0 1 6
560.31087065 0 1 5
560.47899546 0 1 6
560.50087208 0 1 5
560.75775956 0 1 6
560.78012634 0 1 5
560.95469082 0 1 6
560.97857616 0 1 5
561.12638020 0 1 6
561.14503448 0 1 5
561.26412296 0 1 6
561.27880220 0 1 5
561.39636778 0 1 6
561.41283565 0 1 5
561.58173123 0 1 6
561.59744869 0 1 5
561.80073467 0 1 6
561.82567722 0 1 5
562.00171193 0 1 6
562.02224313 0 1 5
562.20669815 0 1 6
562.22599791 0 1 5
562.53189335 0 1 6
562.55253987 0 1 5
562.71804599 0 1 6
562.73634352 0 1 5
562.96744753 0 1 6
562.98628687 0 1 5
563.44701184 0 1 6
563.48700222 0 1 5
563.59528111 0 1 6
563.63025920 0 1 5
563.72112988 0 1 6
563.73609353 0 1 5
563.95930114 0 1 6
565.04999169 0 1 5
565.16048303 0 1 6
565.46617453 0 1 7
565.48088711 0 1 6
566.28880267 0 1 7
566.29969016 0 1 6
566.38303860 0 1 7
566.39928948 0 1 6
566.48689406 0 1 7
566.49860122 0 1 6
566.66069473 0 1 7
566.67327767 0 1 6
566.79701945 0 1 7
566.81459195 0 1 6
566.90184589 0 1 7
566.91680579 0 1 6
567.29170368 0 1 7
567.30367074 0 1 6
567.50588577 0 1 7
567.52245951 0 1 6
567.65016789 0 1 7
567.66557510 0 1 6
570.00626620 0 1 7
