1.09154550 1 0 1
1.12204450 1 0 2
1.12919633 1 0 3
1.13674650 1 0 4
1.19326150 1 0 5
1.20098283 1 0 6
1.21030517 1 0 7
33.59958873 1 0 6
33.84832984 1 0 7
34.33913179 1 0 6
34.44515514 1 0 7
34.49068362 1 0 6
34.56672827 1 0 7
34.69116254 1 0 6
35.02129560 1 0 7
35.04862002 1 0 6
35.14579665 1 0 7
35.20285364 1 0 6
35.26838636 1 0 7
35.29884353 1 0 6
35.35267585 1 0 7
35.38247548 1 0 6
35.56049293 1 0 7
35.59768628 1 0 6
35.74363588 1 0 7
35.76507195 1 0 6
35.88183707 1 0 7
35.90620507 1 0 6
36.90703957 1 0 7
36.93272361 1 0 6
37.31502289 1 0 7
37.35560828 1 0 6
38.72099799 1 0 5
39.07643604 1 0 6
39.28120949 1 0 7
39.30838869 1 0 6
39.39220507 1 0 5
39.68374764 1 0 6
39.88966177 1 0 5
40.03285314 1 0 6
40.09162018 1 0 5
40.26064615 1 0 6
40.29916222 1 0 5
40.42532034 1 0 6
40.45992941 1 0 5
40.82457154 1 0 6
40.86766765 1 0 5
41.35596031 1 0 6
41.37898515 1 0 5
41.59861716 1 0 6
41.62882655 1 0 5
41.80732031 1 0 6
41.83704218 1 0 5
42.05154352 1 0 6
42.12594464 1 0 5
42.43494663 1 0 6
42.46676148 1 0 5
42.80039295 1 0 6
42.86955509 1 0 5
43.12211694 1 0 6
43.15318847 1 0 5
43.31854092 1 0 6
43.34850253 1 0 5
43.69914127 1 0 6
43.72626963 1 0 5
43.89252641 1 0 6
43.92867048 1 0 5
44.09961954 1 0 6
44.15982274 1 0 5
44.31322044 1 0 6
44.33983109 1 0 5
44.62527694 1 0 6
44.65208724 1 0 5
44.80657323 1 0 6
44.81907942 1 0 5
44.98288056 1 0 6
44.99782608 1 0 5
45.18778997 1 0 6
45.22609210 1 0 5
45.50537447 1 0 6
45.53975326 1 0 5
45.87016545 1 0 6
45.90184422 1 0 5
46.39051443 1 0 6
46.41280734 1 0 5
46.72978740 1 0 6
46.77573256 1 0 5
47.12700198 1 0 6
47.15229446 1 0 5
47.33018796 1 0 6
47.35708676 1 0 5
47.50196750 1 0 6
47.55445937 1 0 5
47.85548490 1 0 6
47.87489764 1 0 5
48.32096391 1 0 6
48.34565542 1 0 5
48.73729168 1 0 6
48.78009662 1 0 5
49.04728203 1 0 6
49.08388723 1 0 5
49.32938138 1 0 6
49.35891303 1 0 5
49.51512503 1 0 6
49.55380234 1 0 5
49.67620404 1 0 6
49.69992398 1 0 5
49.83331689 1 0 6
49.88736430 1 0 5
50.13214354 1 0 6
50.14740264 1 0 5
50.38449808 1 0 6
50.40607214 1 0 5
50.71643859 1 0 6
50.73971089 1 0 5
51.23300802 1 0 6
51.26755074 1 0 5
51.70525671 1 0 6
51.77174545 1 0 5
52.02028890 1 0 6
52.03939241 1 0 5
52.24814186 1 0 6
52.28513395 1 0 5
52.41841013 1 0 6
52.46048657 1 0 5
52.63641952 1 0 6
52.67646254 1 0 5
52.84187221 1 0 6
52.86565373 1 0 5
53.22196719 1 0 6
53.23927137 1 0 5
53.41384986 1 0 6
53.44099841 1 0 5
53.61838376 1 0 6
53.66489494 1 0 5
53.83387678 1 0 6
53.86711470 1 0 5
54.31434351 1 0 6
54.34243491 1 0 5
54.54615006 1 0 6
54.58029492 1 0 5
54.72575855 1 0 6
54.75262669 1 0 5
55.19563581 1 0 6
55.22032532 1 0 5
55.46874423 1 0 6
55.50156162 1 0 5
55.83152820 1 0 6
55.86082760 1 0 5
56.15694893 1 0 6
56.20179669 1 0 5
56.54069844 1 0 6
56.57575286 1 0 5
56.75131331 1 0 6
56.78376371 1 0 5
56.93398557 1 0 6
56.96651361 1 0 5
57.14929956 1 0 6
57.23278595 1 0 5
57.33895364 1 0 6
57.36767900 1 0 5
57.60258961 1 0 6
57.62487283 1 0 5
57.78252316 1 0 6
57.81237067 1 0 5
57.92423369 1 0 6
57.94181407 1 0 5
58.07285517 1 0 6
58.10464322 1 0 5
58.35245858 1 0 6
58.38596511 1 0 5
58.45372900 1 0 6
58.48400938 1 0 5
58.68863703 1 0 6
58.70581088 1 0 5
58.77317274 1 0 6
58.81075071 1 0 5
58.92302263 1 0 6
58.94824041 1 0 5
59.02646647 1 0 6
59.03873870 1 0 5
59.16187583 1 0 6
59.17256754 1 0 5
59.23275680 1 0 6
59.26039320 1 0 5
59.53008222 1 0 6
59.54343042 1 0 5
59.68206491 1 0 6
59.71300789 1 0 5
59.86395182 1 0 6
59.88448801 1 0 5
60.05140001 1 0 6
60.07891822 1 0 5
60.16682392 1 0 6
60.20107545 1 0 5
60.26427271 1 0 6
60.28003953 1 0 5
60.34862677 1 0 6
60.36306520 1 0 5
60.57388023 1 0 6
60.59880052 1 0 5
60.68318696 1 0 6
60.69530622 1 0 5
60.76209648 1 0 6
60.78598956 1 0 5
61.03178412 1 0 6
61.04734885 1 0 5
61.12933507 1 0 6
61.15152672 1 0 5
61.31718272 1 0 6
61.35076430 1 0 5
61.75669077 1 0 6
61.81064478 1 0 5
61.87681722 1 0 4
61.92377648 1 0 5
62.07306487 1 0 6
62.10707183 1 0 5
62.21662152 1 0 6
62.25149660 1 0 5
62.35879470 1 0 6
62.39150002 1 0 5
62.64696680 1 0 6
62.67688726 1 0 5
62.81277999 1 0 6
62.84266937 1 0 5
63.43028607 1 0 6
63.46792105 1 0 5
64.26581704 1 0 6
64.30724598 1 0 5
64.75331667 1 0 6
64.78012784 1 0 5
64.95396721 1 0 6
65.03324592 1 0 5
67.14641704 1 0 4
67.58114931 1 0 5
67.94786053 1 0 4
68.05588708 1 0 5
68.22151649 1 0 4
68.68335011 1 0 5
68.91983555 1 0 4
69.16036271 1 0 5
69.21619269 1 0 4
69.39782314 1 0 5
69.49310810 1 0 4
69.69389876 1 0 5
69.82305960 1 0 4
69.95723593 1 0 5
69.99025245 1 0 4
70.36791083 1 0 5
70.45975108 1 0 4
70.66929647 1 0 5
70.70701238 1 0 4
70.91296809 1 0 5
70.93858377 1 0 4
71.39984365 1 0 5
71.43794947 1 0 4
71.80203710 1 0 5
71.83506846 1 0 4
72.08345517 1 0 5
72.10750136 1 0 4
72.50107424 1 0 5
72.53427523 1 0 4
72.86908846 1 0 5
72.89733095 1 0 4
73.22605562 1 0 5
73.25461019 1 0 4
73.92983445 1 0 5
73.96922361 1 0 4
74.28961446 1 0 5
74.32487289 1 0 4
74.58711353 1 0 5
74.62604012 1 0 4
74.96441139 1 0 5
75.00357696 1 0 4
75.22832977 1 0 5
75.27155033 1 0 4
75.48083999 1 0 5
75.51547075 1 0 4
75.86239357 1 0 5
75.92936323 1 0 4
76.20616868 1 0 5
76.23485884 1 0 4
76.70707065 1 0 5
76.75235680 1 0 4
77.24584073 1 0 5
77.29169980 1 0 4
77.69518116 1 0 5
77.73600414 1 0 4
78.09732105 1 0 5
78.14130822 1 0 4
78.51385912 1 0 5
78.55924881 1 0 4
78.88142102 1 0 5
78.91146711 1 0 4
79.29474853 1 0 5
79.32961864 1 0 4
79.60846563 1 0 5
79.64957587 1 0 4
79.77723907 1 0 5
79.80551216 1 0 4
80.03707315 1 0 5
80.07063024 1 0 4
80.33441214 1 0 5
80.35066737 1 0 4
80.48550564 1 0 5
80.52114519 1 0 4
80.66504506 1 0 5
80.69405709 1 0 4
80.78769145 1 0 5
80.82663425 1 0 4
81.09851129 1 0 5
81.13048913 1 0 4
81.33879651 1 0 5
81.37407166 1 0 4
81.53429165 1 0 5
81.55287308 1 0 4
81.75347258 1 0 5
81.78549356 1 0 4
82.04156027 1 0 5
82.06317856 1 0 4
82.50044964 1 0 5
82.52837175 1 0 4
82.62118295 1 0 5
82.63767661 1 0 4
82.80724567 1 0 5
82.84757279 1 0 4
82.94876252 1 0 5
82.97218007 1 0 4
83.26683539 1 0 5
83.29428731 1 0 4
83.43507356 1 0 5
83.45510094 1 0 4
83.52936772 1 0 3
83.67439516 1 0 4
83.79875409 1 0 5
83.82532254 1 0 4
84.14812244 1 0 5
84.17927817 1 0 4
84.36260189 1 0 5
84.38760934 1 0 4
84.47871775 1 0 5
84.49957150 1 0 4
84.59407172 1 0 5
84.62441907 1 0 4
84.78041842 1 0 5
84.79891093 1 0 4
85.01706668 1 0 5
85.04356509 1 0 4
85.26027639 1 0 5
85.28728050 1 0 4
85.54088549 1 0 5
85.56760645 1 0 4
85.76648080 1 0 5
85.79811852 1 0 4
85.90520880 1 0 5
85.93282948 1 0 4
86.14889628 1 0 5
86.17662019 1 0 4
86.36864352 1 0 5
86.40471918 1 0 4
86.51154104 1 0 5
86.54683816 1 0 4
86.84697214 1 0 5
86.88182694 1 0 4
87.04994698 1 0 5
87.06903347 1 0 4
87.36950518 1 0 5
87.39718272 1 0 4
87.68862567 1 0 5
87.71256998 1 0 4
87.90056779 1 0 5
87.93483022 1 0 4
88.05612751 1 0 5
88.09007644 1 0 4
88.20944570 1 0 5
88.24386996 1 0 4
88.34954841 1 0 5
88.37566835 1 0 4
88.53023532 1 0 5
88.55694292 1 0 4
88.70874294 1 0 5
88.73522447 1 0 4
90.21753898 1 0 5
90.25035776 1 0 4
90.49581187 1 0 5
90.53823564 1 0 4
91.14941460 1 0 5
91.18112376 1 0 4
91.78107213 1 0 5
91.82128975 1 0 4
92.27064295 1 0 5
92.31635206 1 0 4
92.96220500 1 0 5
92.98323906 1 0 4
93.60366170 1 0 5
93.64661989 1 0 4
94.32168148 1 0 5
94.40754859 1 0 4
95.94888008 1 0 3
96.08598937 1 0 4
97.58314067 1 0 3
97.93936908 1 0 4
98.24708535 1 0 3
98.42459023 1 0 4
98.46370441 1 0 3
98.60171303 1 0 4
98.78072749 1 0 3
99.02548862 1 0 4
99.07759846 1 0 3
99.38063233 1 0 4
99.62804374 1 0 3
100.23913122 1 0 4
100.32303957 1 0 3
100.67601158 1 0 4
100.73031768 1 0 3
101.09067079 1 0 4
101.17917014 1 0 3
101.47167402 1 0 4
101.51494146 1 0 3
102.20215636 1 0 4
102.25009864 1 0 3
102.52254801 1 0 4
102.55961032 1 0 3
103.11128792 1 0 4
103.20085527 1 0 3
103.51329411 1 0 4
103.54924584 1 0 3
103.71287330 1 0 4
103.82059045 1 0 3
104.01909091 1 0 4
104.08444476 1 0 3
104.35995456 1 0 4
104.47092969 1 0 3
104.69356489 1 0 4
104.73302855 1 0 3
105.23370587 1 0 4
105.29467920 1 0 3
105.54911098 1 0 4
105.57570331 1 0 3
106.13197569 1 0 4
106.18159660 1 0 3
106.37988129 1 0 4
106.61087978 1 0 3
106.92601709 1 0 4
107.07379589 1 0 3
107.31256409 1 0 4
107.34768385 1 0 3
107.88459134 1 0 4
107.94926810 1 0 3
108.31936702 1 0 4
108.42014032 1 0 3
108.59243192 1 0 4
108.64874363 1 0 3
109.16746170 1 0 4
109.22869084 1 0 3
109.77042802 1 0 4
109.85279810 1 0 3
110.46474929 1 0 4
110.49559570 1 0 3
110.71652063 1 0 4
110.76236592 1 0 3
111.13968017 1 0 4
111.20005152 1 0 3
111.70729314 1 0 4
111.73542343 1 0 3
111.96901429 1 0 4
112.01015540 1 0 3
112.19095716 1 0 4
112.31387174 1 0 3
112.64289399 1 0 4
112.70179439 1 0 3
112.90209422 1 0 4
112.95435279 1 0 3
113.12431488 1 0 4
113.18429601 1 0 3
113.39904714 1 0 4
113.46420856 1 0 3
113.82156741 1 0 4
114.03768272 1 0 3
114.23915548 1 0 4
114.27567458 1 0 3
114.46115114 1 0 4
114.54410276 1 0 3
114.68535541 1 0 4
114.75485228 1 0 3
115.13761903 1 0 4
115.17682392 1 0 3
115.70718789 1 0 4
115.74915432 1 0 3
116.01260566 1 0 4
116.06606854 1 0 3
116.28212299 1 0 4
116.37728604 1 0 3
116.70584825 1 0 4
116.75212239 1 0 3
116.97329096 1 0 4
117.06311734 1 0 3
117.35287256 1 0 4
117.38431832 1 0 3
117.75875480 1 0 4
117.81497964 1 0 3
118.37508558 1 0 4
118.43182206 1 0 3
118.70454672 1 0 4
118.73386063 1 0 3
119.30084882 1 0 4
119.39670411 1 0 3
119.83899595 1 0 4
119.87800750 1 0 3
120.26963314 1 0 4
120.33351652 1 0 3
120.57772869 1 0 4
120.73851885 1 0 3
121.08645918 1 0 4
121.23214197 1 0 3
121.74298295 1 0 4
121.79606190 1 0 3
122.10037267 1 0 4
122.14499603 1 0 3
123.06993884 1 0 4
123.19283219 1 0 3
123.21632894 1 0 2
123.69409028 1 0 3
123.99122496 1 0 4
124.03172038 1 0 3
124.26331582 1 0 4
124.37083099 1 0 3
124.71366300 1 0 4
124.84176641 1 0 3
124.98528046 1 0 4
125.02807228 1 0 3
125.23746759 1 0 4
125.27869384 1 0 3
125.59181348 1 0 4
125.61261182 1 0 3
125.82391260 1 0 4
125.99913138 1 0 3
126.49999780 1 0 4
126.55194421 1 0 3
126.76704040 1 0 4
126.82464941 1 0 3
127.03855175 1 0 4
127.06685407 1 0 3
127.41809502 1 0 4
127.51005848 1 0 3
127.99552800 1 0 4
128.05561198 1 0 3
128.35442466 1 0 4
128.40710521 1 0 3
128.72979192 1 0 4
128.76856843 1 0 3
129.14046862 1 0 4
129.20977831 1 0 3
129.40541944 1 0 4
129.44663092 1 0 3
129.72910953 1 0 4
129.77113613 1 0 3
130.05919588 1 0 4
130.13879086 1 0 3
130.36714924 1 0 4
130.44693948 1 0 3
130.91527142 1 0 4
130.94549973 1 0 3
131.14078271 1 0 4
131.18198035 1 0 3
131.37974328 1 0 4
131.50154214 1 0 3
131.65739193 1 0 4
131.74064257 1 0 3
132.32966440 1 0 4
132.40345781 1 0 3
132.65237283 1 0 4
132.75091805 1 0 3
133.18319914 1 0 4
133.29035011 1 0 3
133.48863944 1 0 4
133.55513267 1 0 3
133.76596376 1 0 4
133.79896062 1 0 3
134.23843251 1 0 4
134.33709687 1 0 3
134.58152340 1 0 4
134.63014079 1 0 3
134.96731302 1 0 4
135.01646338 1 0 3
135.19471021 1 0 4
135.25315209 1 0 3
135.43073427 1 0 4
135.53546362 1 0 3
135.69363005 1 0 4
135.77895386 1 0 3
135.93451078 1 0 4
135.96577481 1 0 3
136.33172931 1 0 4
136.35451480 1 0 3
136.77126178 1 0 4
136.91490092 1 0 3
137.12080248 1 0 4
137.15843416 1 0 3
138.57592006 1 0 4
138.61502648 1 0 3
139.01010825 1 0 4
139.04837617 1 0 3
139.30113488 1 0 4
139.47792175 1 0 3
139.69081071 1 0 4
139.72169392 1 0 3
139.99042062 1 0 4
140.02689685 1 0 3
140.25300860 1 0 4
140.33134751 1 0 3
140.52839090 1 0 4
140.56867289 1 0 3
140.74029563 1 0 4
140.89250587 1 0 3
141.14917595 1 0 4
141.19201849 1 0 3
141.44541970 1 0 4
141.49251350 1 0 3
141.72054289 1 0 4
141.79800778 1 0 3
142.10168178 1 0 4
142.20091570 1 0 3
142.35676469 1 0 4
142.42704579 1 0 3
142.75385068 1 0 4
142.80642907 1 0 3
143.16510140 1 0 4
143.20134211 1 0 3
143.52113437 1 0 4
143.56261118 1 0 3
144.14954708 1 0 4
144.24385770 1 0 3
144.46381680 1 0 4
144.58860269 1 0 3
144.79720027 1 0 4
144.90081469 1 0 3
145.39816904 1 0 4
145.47841574 1 0 3
145.77365956 1 0 4
145.92277305 1 0 3
146.25517149 1 0 4
146.33614111 1 0 3
146.56399197 1 0 4
146.62562034 1 0 3
146.97901507 1 0 4
147.02869977 1 0 3
147.38292115 1 0 4
147.44471965 1 0 3
147.97111782 1 0 4
148.01183288 1 0 3
148.31223955 1 0 4
148.37335959 1 0 3
148.66010817 1 0 4
148.74623859 1 0 3
149.45141180 1 0 4
149.51823884 1 0 3
149.68684847 1 0 4
149.71990304 1 0 3
149.90617169 1 0 4
149.98970778 1 0 3
150.80077139 1 0 4
150.88860169 1 0 3
151.13034517 1 0 4
151.22895873 1 0 3
151.41963941 1 0 4
151.51356106 1 0 3
151.80825059 1 0 4
151.97941421 1 0 3
152.38375305 1 0 4
152.44541693 1 0 3
152.73081337 1 0 4
152.80369514 1 0 3
152.96012148 1 0 4
152.99275362 1 0 3
153.23844672 1 0 4
153.28616884 1 0 3
153.49761529 1 0 4
153.55264438 1 0 3
153.75296247 1 0 4
153.78421316 1 0 3
154.11629970 1 0 4
154.17092327 1 0 3
154.46900525 1 0 4
154.57026664 1 0 3
154.95837102 1 0 4
155.06565842 1 0 3
155.28906974 1 0 4
155.33038131 1 0 3
155.61470954 1 0 4
155.68878922 1 0 3
155.90525885 1 0 4
155.96231176 1 0 3
156.22554074 1 0 4
156.37408433 1 0 3
157.07685008 1 0 4
157.12906781 1 0 3
157.46554952 1 0 4
157.49454630 1 0 3
157.74275248 1 0 4
157.88994410 1 0 3
158.11444731 1 0 4
158.15884721 1 0 3
158.44004197 1 0 4
158.56041391 1 0 3
158.73824889 1 0 4
158.78114374 1 0 3
159.20252784 1 0 4
159.28578108 1 0 3
159.51759188 1 0 4
159.55495669 1 0 3
160.09685919 1 0 4
160.14794627 1 0 3
160.40167279 1 0 4
160.43389078 1 0 3
160.66148311 1 0 4
161.00001113 1 0 3
161.22309752 1 0 4
161.28009192 1 0 3
161.43174746 1 0 4
161.49265309 1 0 3
161.65922202 1 0 4
161.75295074 1 0 3
162.07728617 1 0 4
162.10674842 1 0 3
162.34864418 1 0 4
162.38203072 1 0 3
162.79875469 1 0 4
162.85100345 1 0 3
163.04983765 1 0 4
163.20280015 1 0 3
163.72801012 1 0 4
163.76989328 1 0 3
163.97818786 1 0 4
164.02155974 1 0 3
164.55411134 1 0 4
164.61654041 1 0 3
164.90108602 1 0 4
164.94680516 1 0 3
165.62521700 1 0 4
165.66616214 1 0 3
166.15946321 1 0 4
166.20062979 1 0 3
166.38123466 1 0 4
166.40714138 1 0 3
166.53075839 1 0 4
166.57224421 1 0 3
167.31144909 1 0 4
167.35672377 1 0 3
167.72181515 1 0 4
167.76505819 1 0 3
168.27448930 1 0 4
168.30121052 1 0 3
168.71329976 1 0 4
168.75209156 1 0 3
170.15904853 1 0 4
170.21344164 1 0 3
170.57637751 1 0 4
170.69726628 1 0 3
170.95142081 1 0 4
170.98386108 1 0 3
171.32398769 1 0 4
171.38251374 1 0 3
171.52170170 1 0 4
171.54661394 1 0 3
171.73717409 1 0 4
171.79407729 1 0 3
171.98558258 1 0 4
172.05463739 1 0 3
172.23575478 1 0 4
172.32926456 1 0 3
172.48901619 1 0 4
172.57353855 1 0 3
173.00706190 1 0 4
173.10876775 1 0 3
173.44257660 1 0 4
173.48212232 1 0 3
173.80482031 1 0 4
173.83240512 1 0 3
175.26606587 1 0 4
175.29715634 1 0 3
175.80528978 1 0 4
175.88395429 1 0 3
176.09787315 1 0 4
176.14840667 1 0 3
176.23057240 1 0 4
176.26039050 1 0 3
176.41148136 1 0 4
176.44135591 1 0 3
176.59730666 1 0 4
176.69125391 1 0 3
177.02246628 1 0 4
177.10837701 1 0 3
177.35045454 1 0 4
177.37665092 1 0 3
177.61092784 1 0 4
177.69498072 1 0 3
178.01551853 1 0 4
178.13713016 1 0 3
178.68690374 1 0 4
178.73299654 1 0 3
179.97704699 1 0 4
180.02518350 1 0 3
180.50271318 1 0 4
180.60623612 1 0 3
180.89241977 1 0 4
180.96096691 1 0 3
181.15377195 1 0 4
181.18897948 1 0 3
181.51121132 1 0 4
181.57031000 1 0 3
182.11069488 1 0 4
182.16052934 1 0 3
182.41798093 1 0 4
182.45781519 1 0 3
182.77816866 1 0 4
182.87770909 1 0 3
183.13058663 1 0 4
183.18711237 1 0 3
183.60445040 1 0 4
183.74139426 1 0 3
185.05779513 1 0 4
185.10185255 1 0 3
185.54275543 1 0 4
185.56633925 1 0 3
185.76861779 1 0 4
185.86073538 1 0 3
186.27061833 1 0 4
186.42808995 1 0 3
186.93641100 1 0 4
186.97112431 1 0 3
187.20500208 1 0 4
187.24626033 1 0 3
187.42170278 1 0 4
187.48172911 1 0 3
187.52551037 1 0 2
187.83939426 1 0 3
188.01934484 1 0 4
188.09617910 1 0 3
188.49983234 1 0 4
188.51973355 1 0 3
189.93427834 1 0 4
189.96974205 1 0 3
190.32851726 1 0 4
190.36734607 1 0 3
190.84210592 1 0 4
190.93712758 1 0 3
191.12915743 1 0 4
191.17894083 1 0 3
191.40920503 1 0 4
191.44831370 1 0 3
191.66610716 1 0 4
191.80025289 1 0 3
192.12710283 1 0 4
192.21824282 1 0 3
192.57379366 1 0 4
192.64079923 1 0 3
193.00009856 1 0 4
193.04931753 1 0 3
193.28254206 1 0 4
193.39514979 1 0 3
193.67145061 1 0 4
193.71656315 1 0 3
194.07893192 1 0 4
194.20793116 1 0 3
195.13155802 1 0 4
195.26342532 1 0 3
195.45049139 1 0 4
195.48873251 1 0 3
195.69593891 1 0 4
195.79061357 1 0 3
196.27384445 1 0 4
196.34137916 1 0 3
196.62661616 1 0 4
196.70469062 1 0 3
196.93804611 1 0 4
196.97115795 1 0 3
197.26642333 1 0 4
197.41344722 1 0 3
197.94120144 1 0 4
198.04040572 1 0 3
198.53653095 1 0 4
198.57134390 1 0 3
198.90097257 1 0 4
199.89362891 1 0 3
200.27634007 1 0 4
200.37829428 1 0 3
200.86194833 1 0 4
200.90141551 1 0 3
201.12044877 1 0 4
201.17961417 1 0 3
201.66407589 1 0 4
201.72932382 1 0 3
202.09095949 1 0 4
202.21615984 1 0 3
202.41109035 1 0 4
202.44993564 1 0 3
202.74000665 1 0 4
202.76978664 1 0 3
203.12281947 1 0 4
203.21617595 1 0 3
203.53245122 1 0 4
203.57018196 1 0 3
203.79816348 1 0 4
203.85900361 1 0 3
204.09866592 1 0 4
204.89185875 1 0 3
205.25569460 1 0 4
205.30712648 1 0 3
205.65319281 1 0 4
205.79657532 1 0 3
206.15650111 1 0 4
206.19789156 1 0 3
206.44963894 1 0 4
206.56708113 1 0 3
206.78809509 1 0 4
206.81417339 1 0 3
207.05838375 1 0 4
207.10194822 1 0 3
207.38218976 1 0 4
207.44851895 1 0 3
207.74957168 1 0 4
207.78141012 1 0 3
208.03138724 1 0 4
208.29292867 1 0 3
208.94235896 1 0 4
209.90068988 1 0 3
210.42504613 1 0 4
210.58181416 1 0 3
210.83182458 1 0 4
210.91452992 1 0 3
211.15833338 1 0 4
211.18839956 1 0 3
211.30135553 1 0 4
211.32707991 1 0 3
211.56110582 1 0 4
211.58538353 1 0 3
211.92314762 1 0 4
211.95823674 1 0 3
212.82458697 1 0 4
212.86468138 1 0 3
213.04813178 1 0 4
213.08692101 1 0 3
213.28455622 1 0 4
213.35187124 1 0 3
213.63668494 1 0 4
213.68637855 1 0 3
215.39503030 1 0 4
215.65234747 1 0 3
216.02759546 1 0 4
216.05838052 1 0 3
216.17861757 1 0 4
216.20907529 1 0 3
216.47647205 1 0 4
216.50857686 1 0 3
216.67631377 1 0 4
216.70835647 1 0 3
217.04676707 1 0 4
217.13543269 1 0 3
217.52432542 1 0 4
217.67210243 1 0 3
218.01889573 1 0 4
218.05360182 1 0 3
218.30346993 1 0 4
218.38836322 1 0 3
218.68184792 1 0 4
218.79977588 1 0 3
219.98727724 1 0 4
220.34966977 1 0 3
221.40164995 1 0 4
221.42423082 1 0 3
221.52175728 1 0 4
221.55352000 1 0 3
221.75237611 1 0 4
221.79115641 1 0 3
221.89577846 1 0 4
221.93507894 1 0 3
222.19732271 1 0 4
222.25276904 1 0 3
222.49183888 1 0 4
222.54679921 1 0 3
222.89852905 1 0 4
222.93974415 1 0 3
223.18131523 1 0 4
223.26949710 1 0 3
223.52458522 1 0 4
223.59752996 1 0 3
223.80079555 1 0 4
223.83759253 1 0 3
225.32459620 1 0 4
225.40968189 1 0 3
226.17916727 1 0 4
226.20658513 1 0 3
226.73355361 1 0 4
226.76302209 1 0 3
227.14895850 1 0 4
227.31939246 1 0 3
227.63147341 1 0 4
227.72739302 1 0 3
227.97547101 1 0 4
228.06500429 1 0 3
228.21365136 1 0 4
228.39101445 1 0 3
228.63107538 1 0 4
228.66805945 1 0 3
228.90545184 1 0 4
228.93393440 1 0 3
229.12322395 1 0 4
229.17108764 1 0 3
229.90253805 1 0 4
230.21728014 1 0 3
230.65963260 1 0 4
230.71764448 1 0 3
230.88808192 1 0 4
231.00881758 1 0 3
231.32394871 1 0 4
231.43683111 1 0 3
231.72470473 1 0 4
231.77735508 1 0 3
232.09348392 1 0 4
232.33819264 1 0 3
232.54136241 1 0 4
232.56454913 1 0 3
232.81624841 1 0 4
232.85659200 1 0 3
233.26071232 1 0 4
233.30441554 1 0 3
233.48043829 1 0 4
233.51951389 1 0 3
233.70425325 1 0 4
233.78719612 1 0 3
233.95774821 1 0 4
234.19446542 1 0 3
235.12400275 1 0 4
235.22501468 1 0 3
235.42832867 1 0 4
235.56210105 1 0 3
235.87398119 1 0 4
235.91481610 1 0 3
237.22321444 1 0 4
237.40466048 1 0 3
237.60219755 1 0 4
237.69452522 1 0 3
238.07449040 1 0 4
238.15934851 1 0 3
238.41699540 1 0 4
238.57624105 1 0 3
238.89368436 1 0 4
239.01369091 1 0 3
240.24606081 1 0 4
240.47925541 1 0 3
240.92611244 1 0 4
240.96255902 1 0 3
241.31525352 1 0 4
241.35944762 1 0 3
241.56077036 1 0 4
241.59152015 1 0 3
242.01391292 1 0 4
242.05033928 1 0 3
242.23887405 1 0 4
242.28590139 1 0 3
242.61434990 1 0 4
242.64425816 1 0 3
242.96124109 1 0 4
243.04160708 1 0 3
243.29639283 1 0 4
243.33019812 1 0 3
243.93352725 1 0 4
244.00665709 1 0 3
245.19881987 1 0 4
245.23759076 1 0 3
245.60648199 1 0 4
245.72767965 1 0 3
246.24869108 1 0 4
246.32655949 1 0 3
246.52625504 1 0 4
246.63403477 1 0 3
246.81020816 1 0 4
246.85557169 1 0 3
247.10374537 1 0 4
247.13275204 1 0 3
247.76322772 1 0 4
247.89323729 1 0 3
248.25238579 1 0 4
248.34454967 1 0 3
248.57995198 1 0 4
248.63454533 1 0 3
248.87151249 1 0 4
248.96900397 1 0 3
249.15355603 1 0 4
249.22744202 1 0 3
250.22893908 1 0 4
250.29198193 1 0 3
250.88918915 1 0 4
250.93863228 1 0 3
251.42943760 1 0 4
251.46687576 1 0 3
251.65727979 1 0 4
251.69349214 1 0 3
251.85891489 1 0 4
251.90001093 1 0 3
252.07610720 1 0 4
252.18385969 1 0 3
252.52013152 1 0 4
252.57967038 1 0 3
252.80937525 1 0 4
252.91493184 1 0 3
253.26108067 1 0 4
253.37680093 1 0 3
253.57983819 1 0 4
253.62850567 1 0 3
253.90540464 1 0 4
253.93496679 1 0 3
254.10860860 1 0 4
254.13406897 1 0 3
254.37184040 1 0 4
254.43009199 1 0 3
255.21543402 1 0 4
255.27547096 1 0 3
255.44487767 1 0 4
255.48265694 1 0 3
255.67923023 1 0 4
255.70838336 1 0 3
255.93978460 1 0 4
256.02593282 1 0 3
256.23853660 1 0 4
256.27401488 1 0 3
256.98903351 1 0 4
257.04405932 1 0 3
257.43313306 1 0 4
257.63806485 1 0 3
257.86343299 1 0 4
257.89272519 1 0 3
258.16490879 1 0 4
258.30791329 1 0 3
258.47532088 1 0 4
258.57124527 1 0 3
258.72864947 1 0 4
258.76917254 1 0 3
260.04406917 1 0 4
260.22547067 1 0 3
260.48250900 1 0 4
260.50929154 1 0 3
260.78685158 1 0 4
260.83293256 1 0 3
261.07306950 1 0 4
261.14270374 1 0 3
261.34320594 1 0 4
261.44682731 1 0 3
261.75920434 1 0 4
261.79585932 1 0 3
262.05787978 1 0 4
262.09713368 1 0 3
262.41570610 1 0 4
262.46077469 1 0 3
262.97552032 1 0 4
263.02057206 1 0 3
263.27118367 1 0 4
263.33528645 1 0 3
263.76744909 1 0 4
263.84727989 1 0 3
264.20277898 1 0 4
264.39024982 1 0 3
264.71807432 1 0 4
264.75303908 1 0 3
265.16216706 1 0 4
265.19639658 1 0 3
265.56506050 1 0 4
265.65581231 1 0 3
265.88662635 1 0 4
265.92090176 1 0 3
266.11652140 1 0 4
266.15139032 1 0 3
266.62666857 1 0 4
266.66522477 1 0 3
267.04988748 1 0 4
267.09503826 1 0 3
267.70061144 1 0 4
269.88942790 1 0 3
270.39409985 1 0 4
270.44423811 1 0 3
270.59752224 1 0 4
270.68366037 1 0 3
270.93631284 1 0 4
270.97981312 1 0 3
271.20811817 1 0 4
271.28123600 1 0 3
271.58919595 1 0 4
271.61368563 1 0 3
271.94899168 1 0 4
272.06027464 1 0 3
272.64330514 1 0 4
272.67443980 1 0 3
272.94043165 1 0 4
273.03549211 1 0 3
273.72936807 1 0 4
273.76852374 1 0 3
274.27215210 1 0 4
274.40736887 1 0 3
275.09801114 1 0 4
275.15206659 1 0 3
275.65987995 1 0 4
275.77476908 1 0 3
275.95801443 1 0 4
275.98723515 1 0 3
276.31745453 1 0 4
276.39602423 1 0 3
276.68681748 1 0 4
276.74425087 1 0 3
277.02057504 1 0 4
277.09418899 1 0 3
277.53666854 1 0 4
277.60493096 1 0 3
277.72968231 1 0 4
277.75546141 1 0 3
277.86099962 1 0 4
277.90165901 1 0 3
278.23258504 1 0 4
278.31979577 1 0 3
278.93787370 1 0 4
278.97610672 1 0 3
279.88187103 1 0 4
279.99142197 1 0 3
280.40802681 1 0 4
280.47267023 1 0 3
280.86285922 1 0 4
280.88992583 1 0 3
281.22641785 1 0 4
281.28790427 1 0 3
281.45589503 1 0 4
281.49739819 1 0 3
281.80845961 1 0 4
281.88807575 1 0 3
282.06191621 1 0 4
282.12160636 1 0 3
282.62150794 1 0 4
282.64966964 1 0 3
282.80554106 1 0 4
282.89836348 1 0 3
283.04277722 1 0 4
283.10426188 1 0 3
283.28563374 1 0 4
283.34328782 1 0 3
283.56211532 1 0 4
283.64245378 1 0 3
283.81827506 1 0 4
283.84002647 1 0 3
284.94688002 1 0 4
284.98023536 1 0 3
285.49679606 1 0 4
285.65849683 1 0 3
286.00698563 1 0 4
286.08607710 1 0 3
286.23203181 1 0 4
286.26115792 1 0 3
286.51963943 1 0 4
286.57134929 1 0 3
286.78420162 1 0 4
286.90187349 1 0 3
287.16512616 1 0 4
287.23005452 1 0 3
287.39116855 1 0 4
287.44002264 1 0 3
287.61918235 1 0 4
287.65992115 1 0 3
287.91510499 1 0 4
287.94942753 1 0 3
290.38708474 1 0 4
290.42605933 1 0 3
290.67579025 1 0 4
290.75635181 1 0 3
291.03291257 1 0 4
291.09989306 1 0 3
291.20690947 1 0 4
291.25013153 1 0 3
291.47952955 1 0 4
291.53990426 1 0 3
291.71370079 1 0 4
291.77100769 1 0 3
292.03029848 1 0 4
292.08715582 1 0 3
292.29563213 1 0 4
292.52348952 1 0 3
292.70460700 1 0 4
292.73374818 1 0 3
292.88444530 1 0 4
292.91437030 1 0 3
293.46332716 1 0 4
293.51658125 1 0 3
293.73308311 1 0 4
293.77822897 1 0 3
294.04452615 1 0 4
294.17361963 1 0 3
294.44672316 1 0 4
294.62096910 1 0 3
294.85344154 1 0 4
294.89857791 1 0 3
295.30610172 1 0 4
295.36141761 1 0 3
295.59280928 1 0 4
295.63347401 1 0 3
295.81425282 1 0 4
295.84258830 1 0 3
296.05711090 1 0 4
296.09823963 1 0 3
296.28727861 1 0 4
296.36153645 1 0 3
296.50292566 1 0 4
296.52756852 1 0 3
296.77952939 1 0 4
296.81055507 1 0 3
297.57289453 1 0 4
297.64374293 1 0 3
297.79996853 1 0 4
297.87488774 1 0 3
298.20757792 1 0 4
298.23726769 1 0 3
298.44531872 1 0 4
298.56528744 1 0 3
298.86854317 1 0 4
298.91425617 1 0 3
300.19082782 1 0 4
300.42741428 1 0 3
300.94483643 1 0 4
301.00475906 1 0 3
301.18663358 1 0 4
301.23560456 1 0 3
301.66351053 1 0 4
301.68719653 1 0 3
301.90107478 1 0 4
301.94648864 1 0 3
302.17087055 1 0 4
302.21986210 1 0 3
302.55996392 1 0 4
302.59372692 1 0 3
302.70702040 1 0 4
302.80970401 1 0 3
303.18350561 1 0 4
303.21961906 1 0 3
303.37770641 1 0 4
303.40547647 1 0 3
303.58372648 1 0 4
303.63645138 1 0 3
303.81285588 1 0 4
303.85778599 1 0 3
304.05443917 1 0 4
304.14245095 1 0 3
304.34450287 1 0 4
304.40955886 1 0 3
304.65281162 1 0 4
304.88120106 1 0 3
305.07116647 1 0 4
305.13942558 1 0 3
305.55252343 1 0 4
305.60555318 1 0 3
305.94422353 1 0 4
305.97502291 1 0 3
307.00263246 1 0 4
307.03550025 1 0 3
307.29394575 1 0 4
307.47728481 1 0 3
307.67392469 1 0 4
307.71542216 1 0 3
308.05552130 1 0 4
308.11876489 1 0 3
308.74207473 1 0 4
308.81833569 1 0 3
309.04517037 1 0 4
309.10354901 1 0 3
309.37177025 1 0 4
309.40820305 1 0 3
310.18738556 1 0 4
310.23687587 1 0 3
310.58324369 1 0 4
310.62622629 1 0 3
310.82515010 1 0 4
310.90699610 1 0 3
311.48526993 1 0 4
311.53048680 1 0 3
311.72138232 1 0 4
311.85297376 1 0 3
312.00191717 1 0 4
312.15202370 1 0 3
312.41440640 1 0 4
312.45925808 1 0 3
312.73763720 1 0 4
312.84072913 1 0 3
313.21480216 1 0 4
313.31496206 1 0 3
313.61007656 1 0 4
313.63354537 1 0 3
313.96078024 1 0 4
314.02091294 1 0 3
315.20514271 1 0 4
315.36658507 1 0 3
315.85889390 1 0 4
315.89826392 1 0 3
316.11335829 1 0 4
316.23296174 1 0 3
316.83029477 1 0 4
316.85863445 1 0 3
317.08260133 1 0 4
317.11063311 1 0 3
317.27756935 1 0 4
317.30374350 1 0 3
317.47332274 1 0 4
317.63212775 1 0 3
317.82095408 1 0 4
317.85088178 1 0 3
318.03221388 1 0 4
318.08165834 1 0 3
318.54317810 1 0 4
318.62010623 1 0 3
320.14934365 1 0 4
320.18911362 1 0 3
320.47315833 1 0 4
320.62922778 1 0 3
321.03153535 1 0 4
321.06961307 1 0 3
321.48784227 1 0 4
321.53048861 1 0 3
321.93380924 1 0 4
321.98413651 1 0 3
322.40462876 1 0 4
322.66424193 1 0 3
323.17491191 1 0 4
323.21834787 1 0 3
323.47694380 1 0 4
323.57031426 1 0 3
323.87756690 1 0 4
323.99135143 1 0 3
324.27755891 1 0 4
324.31178393 1 0 3
324.96759452 1 0 4
325.10593142 1 0 3
325.37387693 1 0 4
325.42265115 1 0 3
325.76437008 1 0 4
325.80131778 1 0 3
325.99689239 1 0 4
326.02360180 1 0 3
326.12478322 1 0 4
326.18570923 1 0 3
326.29660634 1 0 4
326.36969006 1 0 3
326.51399395 1 0 4
326.55737301 1 0 3
326.83310316 1 0 4
326.88704055 1 0 3
327.14202076 1 0 4
327.30301147 1 0 3
327.68654259 1 0 4
327.72432910 1 0 3
328.16008059 1 0 4
328.25618582 1 0 3
330.01349448 1 0 4
330.04086390 1 0 3
330.12314830 1 0 4
330.15969323 1 0 3
330.22255082 1 0 4
330.24131623 1 0 3
330.34327907 1 0 4
330.36820701 1 0 3
330.58872562 1 0 4
330.60970848 1 0 3
330.83698012 1 0 4
330.85472699 1 0 3
331.02610848 1 0 4
331.06063290 1 0 3
331.29805218 1 0 4
331.34080994 1 0 3
332.19196378 1 0 4
332.24029773 1 0 3
332.51557532 1 0 4
332.69555302 1 0 3
332.94045273 1 0 4
333.17587623 1 0 3
334.95086415 1 0 4
335.00037223 1 0 3
335.27957686 1 0 4
335.31306147 1 0 3
335.50088956 1 0 4
335.52950862 1 0 3
335.70679388 1 0 4
335.78555584 1 0 3
336.02632844 1 0 4
336.11621220 1 0 3
336.23975696 1 0 4
336.28422835 1 0 3
336.43384009 1 0 4
336.48241649 1 0 3
336.67154069 1 0 4
336.73175739 1 0 3
336.88886848 1 0 4
336.97506068 1 0 3
337.29933996 1 0 4
337.35047461 1 0 3
337.57465529 1 0 4
337.61296353 1 0 3
337.89200312 1 0 4
337.96402476 1 0 3
338.55339718 1 0 4
338.57907390 1 0 3
338.85832817 1 0 4
338.96121579 1 0 3
339.91231615 1 0 4
339.98162062 1 0 3
340.26404489 1 0 4
340.32603102 1 0 3
340.60022449 1 0 4
340.67120350 1 0 3
340.92665909 1 0 4
340.97177005 1 0 3
341.22177356 1 0 4
341.24204393 1 0 3
341.39699324 1 0 4
341.45016154 1 0 3
341.56985645 1 0 4
341.69604244 1 0 3
341.81582168 1 0 4
341.85221693 1 0 3
342.07966373 1 0 4
342.11972230 1 0 3
342.48322861 1 0 4
342.60378464 1 0 3
342.83183261 1 0 4
342.86466465 1 0 3
343.14535526 1 0 4
343.23879260 1 0 3
343.46043301 1 0 4
343.49725664 1 0 3
343.78051020 1 0 4
343.83673964 1 0 3
344.00371727 1 0 4
344.04562473 1 0 3
344.28237542 1 0 4
344.33273458 1 0 3
345.09521047 1 0 4
345.16238679 1 0 3
345.53487044 1 0 4
345.57119309 1 0 3
345.83077740 1 0 4
345.87633077 1 0 3
346.06763552 1 0 4
346.20469222 1 0 3
346.53043578 1 0 4
346.56565989 1 0 3
347.12373580 1 0 4
347.18580183 1 0 3
347.48113881 1 0 4
347.59598269 1 0 3
347.94886854 1 0 4
348.04568152 1 0 3
348.26442065 1 0 4
348.32474993 1 0 3
348.59925383 1 0 4
348.63931387 1 0 3
349.03005728 1 0 4
349.15235965 1 0 3
349.51672901 1 0 4
349.61232658 1 0 3
349.99678082 1 0 4
350.04855290 1 0 3
350.22227839 1 0 4
350.35175824 1 0 3
350.69266319 1 0 4
350.71402414 1 0 3
350.88752784 1 0 4
350.94992236 1 0 3
351.06839305 1 0 4
351.09794268 1 0 3
351.39207307 1 0 4
351.50476859 1 0 3
351.72783556 1 0 4
351.76246010 1 0 3
352.12674374 1 0 4
352.15172997 1 0 3
352.30586902 1 0 4
352.35217970 1 0 3
352.66403381 1 0 4
352.71275609 1 0 3
352.98466193 1 0 4
353.01614675 1 0 3
353.20184776 1 0 4
353.31158287 1 0 3
353.66990685 1 0 4
353.70552003 1 0 3
353.92180594 1 0 4
353.94630929 1 0 3
354.19382404 1 0 4
354.35757473 1 0 3
355.15918487 1 0 4
355.24095212 1 0 3
355.57956731 1 0 4
355.61926081 1 0 3
355.83727780 1 0 4
355.89251908 1 0 3
356.05612103 1 0 4
356.09265073 1 0 3
356.44307795 1 0 4
356.61627050 1 0 3
357.00337693 1 0 4
357.06582700 1 0 3
357.25195015 1 0 4
357.31008226 1 0 3
357.48662471 1 0 4
357.52285932 1 0 3
357.86273731 1 0 4
357.94666452 1 0 3
358.17521746 1 0 4
358.21949902 1 0 3
358.42328419 1 0 4
358.53915434 1 0 3
358.81660166 1 0 4
358.86037446 1 0 3
360.16825779 1 0 4
360.20303908 1 0 3
360.60825177 1 0 4
360.67711359 1 0 3
360.81998390 1 0 4
360.87702446 1 0 3
361.31521690 1 0 4
361.36886202 1 0 3
361.88529636 1 0 4
362.08759066 1 0 3
362.24933334 1 0 4
362.28040503 1 0 3
362.44161208 1 0 4
362.53404041 1 0 3
362.81458012 1 0 4
362.85304102 1 0 3
363.03297765 1 0 4
363.20020027 1 0 3
363.60947530 1 0 4
363.92233104 1 0 3
365.24697789 1 0 4
365.26599042 1 0 3
365.37453046 1 0 4
365.43209198 1 0 3
365.60238684 1 0 4
365.63292067 1 0 3
365.83929913 1 0 4
365.87253528 1 0 3
365.97293463 1 0 4
366.00041104 1 0 3
366.46592666 1 0 4
366.49492475 1 0 3
366.68314733 1 0 4
366.72969094 1 0 3
367.00051743 1 0 4
367.08732826 1 0 3
367.45100973 1 0 4
367.48181723 1 0 3
367.76754523 1 0 4
367.79849291 1 0 3
369.93911678 1 0 4
369.96882930 1 0 3
370.62213698 1 0 4
370.66858251 1 0 3
370.88782789 1 0 4
370.95930558 1 0 3
371.17647917 1 0 4
371.21343164 1 0 3
371.38903738 1 0 4
371.43584402 1 0 3
371.98165771 1 0 4
372.02231048 1 0 3
372.32216961 1 0 4
372.38235298 1 0 3
372.60761066 1 0 4
372.65922951 1 0 3
373.00196026 1 0 4
373.11534156 1 0 3
373.68076053 1 0 4
373.72496143 1 0 3
374.00061751 1 0 4
374.03718239 1 0 3
374.25110209 1 0 4
374.29784527 1 0 3
374.51373485 1 0 4
374.66431992 1 0 3
374.88278372 1 0 4
374.92197613 1 0 3
375.20539187 1 0 4
375.25384545 1 0 3
375.56830278 1 0 4
375.66203246 1 0 3
375.86363412 1 0 4
375.90184889 1 0 3
376.34079868 1 0 4
376.37469823 1 0 3
376.80354318 1 0 4
376.89373428 1 0 3
377.26595517 1 0 4
377.30121516 1 0 3
377.91814648 1 0 4
377.93920348 1 0 3
378.05622845 1 0 4
378.10739303 1 0 3
378.43354927 1 0 4
378.57249855 1 0 3
378.89476093 1 0 4
378.99804038 1 0 3
379.24616769 1 0 4
379.40189626 1 0 3
379.99417467 1 0 4
380.04288204 1 0 3
380.37519350 1 0 4
380.40314320 1 0 3
380.59493754 1 0 4
380.71072916 1 0 3
380.86792067 1 0 4
380.99932548 1 0 3
381.22646675 1 0 4
381.30188166 1 0 3
381.65831486 1 0 4
381.68554141 1 0 3
381.87788705 1 0 4
381.91829195 1 0 3
382.31644984 1 0 4
382.35622307 1 0 3
382.72961889 1 0 4
382.83167363 1 0 3
383.02800506 1 0 4
383.19400064 1 0 3
383.55505440 1 0 4
383.59513631 1 0 3
385.15896573 1 0 4
385.18061314 1 0 3
385.37388538 1 0 4
385.41372524 1 0 3
385.57018777 1 0 4
385.62869335 1 0 3
385.83020168 1 0 4
385.87251701 1 0 3
386.04420142 1 0 4
386.08205211 1 0 3
386.31174330 1 0 4
386.33848265 1 0 3
386.52686181 1 0 4
386.56023954 1 0 3
386.73236108 1 0 4
386.76997879 1 0 3
386.99590557 1 0 4
387.02872339 1 0 3
387.46653338 1 0 4
387.48711572 1 0 3
387.61570091 1 0 4
387.65050015 1 0 3
387.94678150 1 0 4
388.08117228 1 0 3
390.14683186 1 0 4
390.21971498 1 0 3
390.64703016 1 0 4
390.71663873 1 0 3
390.90557164 1 0 4
390.93728250 1 0 3
391.21342911 1 0 4
391.23149033 1 0 3
391.54617487 1 0 4
391.60558777 1 0 3
392.13490318 1 0 4
392.18688611 1 0 3
392.37130849 1 0 4
392.42964844 1 0 3
393.13658929 1 0 4
393.18822125 1 0 3
393.48399301 1 0 4
393.57615508 1 0 3
393.82312472 1 0 4
393.87325840 1 0 3
394.05821271 1 0 4
394.23245660 1 0 3
394.53861435 1 0 4
394.58065461 1 0 3
394.76170590 1 0 4
394.81591484 1 0 3
395.04143929 1 0 4
395.08428493 1 0 3
395.32222429 1 0 4
395.37539049 1 0 3
395.80543343 1 0 4
395.85843645 1 0 3
396.04531977 1 0 4
396.08216214 1 0 3
396.25155848 1 0 4
396.31490782 1 0 3
396.46253212 1 0 4
396.51788855 1 0 3
396.88891561 1 0 4
397.01769266 1 0 3
397.54235235 1 0 4
397.65654493 1 0 3
397.81654234 1 0 4
397.88828256 1 0 3
398.12198991 1 0 4
398.15486041 1 0 3
398.68978146 1 0 4
398.73286625 1 0 3
398.92048941 1 0 4
398.99242337 1 0 3
399.19993925 1 0 4
399.26861937 1 0 3
399.45895436 1 0 4
399.52104183 1 0 3
399.75260739 1 0 4
399.90109895 1 0 3
400.51121229 1 0 4
400.53343042 1 0 3
400.79936545 1 0 4
400.83042988 1 0 3
401.43868598 1 0 4
401.75884417 1 0 3
402.28621345 1 0 4
402.32101998 1 0 3
402.51952718 1 0 4
402.55729935 1 0 3
402.77609272 1 0 4
402.81507916 1 0 3
403.05009625 1 0 4
403.08620358 1 0 3
403.48647595 1 0 4
403.52606533 1 0 3
403.75111976 1 0 4
403.85191624 1 0 3
404.18826244 1 0 4
404.26691860 1 0 3
404.50442079 1 0 4
404.57664790 1 0 3
404.81288518 1 0 4
404.90875374 1 0 3
405.28139062 1 0 4
405.38982765 1 0 3
405.48864443 1 0 2
405.79228320 1 0 3
405.97677262 1 0 4
406.08382510 1 0 3
406.25252457 1 0 4
406.32389937 1 0 3
406.93658380 1 0 4
407.00206857 1 0 3
407.17410165 1 0 4
407.34823157 1 0 3
407.58744831 1 0 4
407.73126050 1 0 3
407.93675953 1 0 4
407.96837495 1 0 3
408.15209407 1 0 4
408.18882272 1 0 3
408.91225574 1 0 4
408.97306034 1 0 3
409.20772800 1 0 4
409.31212081 1 0 3
409.95625877 1 0 4
410.03632211 1 0 3
410.18516400 1 0 4
410.32017425 1 0 3
410.51146685 1 0 4
410.59897768 1 0 3
411.06549263 1 0 4
411.10003203 1 0 3
411.29067974 1 0 4
411.32290635 1 0 3
411.81202710 1 0 4
411.86050471 1 0 3
412.19815822 1 0 4
412.23259749 1 0 3
412.74653462 1 0 4
412.80215975 1 0 3
412.92797190 1 0 4
412.96594201 1 0 3
414.97591103 1 0 4
415.03711499 1 0 3
415.18560752 1 0 4
415.21826613 1 0 3
415.34554728 1 0 4
415.53013437 1 0 3
415.96285271 1 0 4
416.01212945 1 0 3
416.20565317 1 0 4
416.29512168 1 0 3
416.49739364 1 0 4
416.65745933 1 0 3
417.16493452 1 0 4
417.19579445 1 0 3
417.45286503 1 0 4
417.47428259 1 0 3
417.88427256 1 0 4
418.00117216 1 0 3
418.48348434 1 0 4
418.54867031 1 0 3
419.05374078 1 0 4
419.11018857 1 0 3
419.30241283 1 0 4
419.34105326 1 0 3
419.56281206 1 0 4
419.62872306 1 0 3
419.99345110 1 0 4
420.07301949 1 0 3
420.40682185 1 0 4
420.43118246 1 0 3
420.57275818 1 0 4
420.61417762 1 0 3
420.76674371 1 0 4
420.81213822 1 0 3
421.08463069 1 0 4
421.15402467 1 0 3
421.36231668 1 0 4
421.39313403 1 0 3
421.74191671 1 0 4
421.87381813 1 0 3
422.17645566 1 0 4
422.24474499 1 0 3
422.63283911 1 0 4
422.66972968 1 0 3
422.80583229 1 0 4
422.84333277 1 0 3
423.02087932 1 0 4
423.09638821 1 0 3
423.38330916 1 0 4
423.44775909 1 0 3
423.61904308 1 0 4
423.80435966 1 0 3
424.11052031 1 0 4
424.17814382 1 0 3
424.38280284 1 0 4
424.43263395 1 0 3
425.16898224 1 0 4
425.21097624 1 0 3
425.54977092 1 0 4
425.73555165 1 0 3
426.06252213 1 0 4
426.10952103 1 0 3
426.68192669 1 0 4
426.72610874 1 0 3
426.92017557 1 0 4
427.07913974 1 0 3
427.35659554 1 0 4
427.38549886 1 0 3
427.60654125 1 0 4
427.63155131 1 0 3
427.85676377 1 0 4
427.87958945 1 0 3
428.39842069 1 0 4
428.44237156 1 0 3
428.65095456 1 0 4
428.67635508 1 0 3
428.99166011 1 0 4
429.05674098 1 0 3
429.28454199 1 0 4
429.34719493 1 0 3
429.60075496 1 0 4
429.75254070 1 0 3
430.19638043 1 0 4
430.36759315 1 0 3
430.68423342 1 0 4
430.72795942 1 0 3
431.15744253 1 0 4
431.19823868 1 0 3
431.40556877 1 0 4
431.46096875 1 0 3
431.92127196 1 0 4
432.00771936 1 0 3
432.22602725 1 0 4
432.25889802 1 0 3
432.62623001 1 0 4
432.68594112 1 0 3
432.97756901 1 0 4
433.12127288 1 0 3
433.42572681 1 0 4
433.45367904 1 0 3
433.74211305 1 0 4
433.96845027 1 0 3
434.59191889 1 0 4
434.67465257 1 0 3
435.06245539 1 0 4
435.12167821 1 0 3
435.65544967 1 0 4
435.68627926 1 0 3
436.03532061 1 0 4
436.11869202 1 0 3
436.48041896 1 0 4
436.52379000 1 0 3
436.79189812 1 0 4
436.97132089 1 0 3
437.78655165 1 0 4
437.81330349 1 0 3
437.99530401 1 0 4
438.12560908 1 0 3
438.30974810 1 0 4
438.36889573 1 0 3
438.62329410 1 0 4
438.68553211 1 0 3
438.99061591 1 0 4
439.02973271 1 0 3
439.27837019 1 0 4
439.30678494 1 0 3
439.58466836 1 0 4
439.62625582 1 0 3
440.17429549 1 0 4
440.22868052 1 0 3
440.62337396 1 0 4
440.66545371 1 0 3
440.99274336 1 0 4
441.05066853 1 0 3
441.20786844 1 0 4
441.32104091 1 0 3
442.00996275 1 0 4
442.04584648 1 0 3
442.28249356 1 0 4
442.37407235 1 0 3
442.64199522 1 0 4
442.77288438 1 0 3
442.90004506 1 0 4
442.96917918 1 0 3
443.65389696 1 0 4
443.68759456 1 0 3
445.20468626 1 0 4
445.28642076 1 0 3
445.49921266 1 0 4
445.69804733 1 0 3
445.89866224 1 0 4
445.98030623 1 0 3
446.18839403 1 0 4
446.22364693 1 0 3
446.46752802 1 0 4
446.56417247 1 0 3
446.66827249 1 0 4
446.73399057 1 0 3
447.03554085 1 0 4
447.06107270 1 0 3
447.32278416 1 0 4
447.34163842 1 0 3
447.62466454 1 0 4
447.69602520 1 0 3
447.89740239 1 0 4
447.93138463 1 0 3
448.09788999 1 0 4
448.15573243 1 0 3
448.50224913 1 0 4
448.58660098 1 0 3
448.88635413 1 0 4
448.91638821 1 0 3
450.00566499 1 0 4
450.10121325 1 0 3
450.36611044 1 0 4
450.44313376 1 0 3
450.90707153 1 0 4
450.95363842 1 0 3
451.11219593 1 0 4
451.13349339 1 0 3
451.28063309 1 0 4
451.35602455 1 0 3
451.45266867 1 0 4
451.48764948 1 0 3
451.79014961 1 0 4
451.83913014 1 0 3
452.01405676 1 0 4
452.07595626 1 0 3
452.40632905 1 0 4
452.47146370 1 0 3
452.55403975 1 0 4
452.64136678 1 0 3
452.87694143 1 0 4
452.95276642 1 0 3
454.88204953 1 0 4
454.93463431 1 0 3
455.07935609 1 0 4
455.11345553 1 0 3
455.35314504 1 0 4
455.38719063 1 0 3
455.53682796 1 0 4
455.55639960 1 0 3
455.70508073 1 0 4
455.73680597 1 0 3
455.83754674 1 0 4
455.87192131 1 0 3
456.33019118 1 0 4
456.36266045 1 0 3
456.51432562 1 0 4
456.73150474 1 0 3
457.02762881 1 0 4
457.07698463 1 0 3
457.32133642 1 0 4
457.35210542 1 0 3
457.82073116 1 0 4
457.86504641 1 0 3
458.17145049 1 0 4
458.21213061 1 0 3
458.51107845 1 0 4
458.54743940 1 0 3
458.85566601 1 0 4
458.93212740 1 0 3
459.38193002 1 0 4
459.41424962 1 0 3
459.69098776 1 0 4
459.75755653 1 0 3
460.24220678 1 0 4
460.28084623 1 0 3
460.82198635 1 0 4
460.85998118 1 0 3
461.14465711 1 0 4
461.20129741 1 0 3
461.42462947 1 0 4
461.54280701 1 0 3
461.82496413 1 0 4
461.92431166 1 0 3
462.13498516 1 0 4
462.38616283 1 0 3
462.78748718 1 0 4
462.84649711 1 0 3
463.15908982 1 0 4
463.22073258 1 0 3
463.65871579 1 0 4
463.70084980 1 0 3
463.91608211 1 0 4
464.00069433 1 0 3
465.34636629 1 0 4
465.39319142 1 0 3
465.98165933 1 0 4
466.10499756 1 0 3
466.32595877 1 0 4
466.35662991 1 0 3
466.52089341 1 0 4
466.55471980 1 0 3
467.18988458 1 0 4
467.23927882 1 0 3
467.49978798 1 0 4
467.53579767 1 0 3
467.83934666 1 0 4
467.87504396 1 0 3
468.16867488 1 0 4
468.24748744 1 0 3
468.51027484 1 0 4
468.55500604 1 0 3
468.81832265 1 0 4
468.88348079 1 0 3
469.08849279 1 0 4
469.14840309 1 0 3
469.39088876 1 0 4
469.43520607 1 0 3
469.96704622 1 0 4
470.02401618 1 0 3
470.62765334 1 0 4
470.65571308 1 0 3
470.91294774 1 0 4
470.94988974 1 0 3
471.32113404 1 0 4
471.35046154 1 0 3
471.50131677 1 0 4
471.55406878 1 0 3
471.76899187 1 0 4
471.79191945 1 0 3
472.10170380 1 0 4
472.13352284 1 0 3
472.50236038 1 0 4
472.54500460 1 0 3
472.86264189 1 0 4
472.92179106 1 0 3
473.09446832 1 0 4
473.12247150 1 0 3
473.48494955 1 0 4
473.55664048 1 0 3
473.80456883 1 0 4
473.87641481 1 0 3
474.95893404 1 0 4
475.04534693 1 0 3
475.34177536 1 0 4
475.43019840 1 0 3
475.82853787 1 0 4
476.02522443 1 0 3
476.19752334 1 0 4
476.25993457 1 0 3
476.78333409 1 0 4
476.88174194 1 0 3
477.51177263 1 0 4
477.59844287 1 0 3
477.79741983 1 0 4
477.83074674 1 0 3
477.97998189 1 0 4
478.04020346 1 0 3
480.08744547 1 0 4
480.11544456 1 0 3
480.28979770 1 0 4
480.33303287 1 0 3
480.67836466 1 0 4
480.71073863 1 0 3
480.89044055 1 0 4
480.92589272 1 0 3
481.18871079 1 0 4
481.28747706 1 0 3
481.44889718 1 0 4
481.49162759 1 0 3
481.63641400 1 0 4
481.71508029 1 0 3
481.96242899 1 0 4
482.07303871 1 0 3
482.26297505 1 0 4
482.49094910 1 0 3
482.72560474 1 0 4
482.76706133 1 0 3
482.93109115 1 0 4
483.00947870 1 0 3
483.43066775 1 0 4
483.45863599 1 0 3
483.67926693 1 0 4
483.72652470 1 0 3
484.20991665 1 0 4
484.25674982 1 0 3
485.20670059 1 0 4
485.30013527 1 0 3
485.74855505 1 0 4
485.79072436 1 0 3
486.00561346 1 0 4
486.13212653 1 0 3
486.39287420 1 0 4
486.44213403 1 0 3
486.68577373 1 0 4
486.90954345 1 0 3
487.70595928 1 0 4
487.76918142 1 0 3
488.04257766 1 0 4
488.07259009 1 0 3
488.30091970 1 0 4
488.36919132 1 0 3
488.85599592 1 0 4
488.88333662 1 0 3
489.44144050 1 0 4
489.50691036 1 0 3
489.71329822 1 0 4
489.75976348 1 0 3
490.03989751 1 0 4
490.06908862 1 0 3
490.45392130 1 0 4
490.51164628 1 0 3
490.80319223 1 0 4
490.90484819 1 0 3
491.08176397 1 0 4
491.14426437 1 0 3
491.47444737 1 0 4
491.56417371 1 0 3
491.85628955 1 0 4
491.89284644 1 0 3
492.20318896 1 0 4
492.27958152 1 0 3
492.67911066 1 0 4
492.72115984 1 0 3
492.88632439 1 0 4
492.91689905 1 0 3
493.28553556 1 0 4
493.32843066 1 0 3
493.66589481 1 0 4
493.78377463 1 0 3
494.08428745 1 0 4
494.22028220 1 0 3
494.45125801 1 0 4
494.53664921 1 0 3
495.07880499 1 0 4
495.11378101 1 0 3
495.36164047 1 0 4
495.42358420 1 0 3
495.58936575 1 0 4
495.61907012 1 0 3
495.88466231 1 0 4
495.94083770 1 0 3
496.44493433 1 0 4
496.55803714 1 0 3
496.59322731 1 0 2
496.93320290 1 0 3
497.28995293 1 0 4
497.31680158 1 0 3
497.62991969 1 0 4
497.68248168 1 0 3
498.17461137 1 0 4
498.21445023 1 0 3
498.71040561 1 0 4
498.78916241 1 0 3
499.32523272 1 0 4
499.37889399 1 0 3
499.65855182 1 0 4
499.72346518 1 0 3
500.06771759 1 0 4
500.53108768 1 0 3
500.77333050 1 0 4
500.81333419 1 0 3
501.05358958 1 0 4
501.14571313 1 0 3
501.29635027 1 0 4
501.33579595 1 0 3
501.41279857 1 0 4
501.53634337 1 0 3
501.79535957 1 0 4
502.04207870 1 0 3
502.23811923 1 0 4
502.26022302 1 0 3
504.95615178 1 0 4
506.03827846 1 0 3
506.19272492 1 0 4
506.70455383 1 0 5
506.75011760 1 0 4
507.28744692 1 0 5
507.32648567 1 0 4
508.00387691 1 0 5
508.04591819 1 0 4
508.39722965 1 0 5
508.42795721 1 0 4
509.89855732 1 0 5
509.94217529 1 0 4
510.14263795 1 0 5
510.16406031 1 0 4
510.62214023 1 0 5
510.65292122 1 0 4
510.94430861 1 0 5
510.97098509 1 0 4
511.24593847 1 0 5
511.27187136 1 0 4
511.42374673 1 0 5
511.44711594 1 0 4
511.59557618 1 0 5
511.63153071 1 0 4
512.09846124 1 0 5
512.12453982 1 0 4
512.24587749 1 0 5
512.26806815 1 0 4
512.40737964 1 0 5
512.44394789 1 0 4
512.54642985 1 0 5
512.57567347 1 0 4
512.70726740 1 0 5
512.73511025 1 0 4
512.83372665 1 0 5
512.86066504 1 0 4
513.12409655 1 0 5
513.15789836 1 0 4
513.46925106 1 0 5
513.51617696 1 0 4
514.91199899 1 0 5
514.94069975 1 0 4
515.08356341 1 0 5
515.10350255 1 0 4
515.35107431 1 0 5
515.37221890 1 0 4
515.45483845 1 0 5
515.50453635 1 0 4
515.57589963 1 0 5
515.60679177 1 0 4
515.67383476 1 0 5
515.71518282 1 0 4
515.87313227 1 0 5
515.89468738 1 0 4
516.05429932 1 0 5
516.07328846 1 0 4
516.20868280 1 0 5
516.22725088 1 0 4
516.35969453 1 0 5
516.38048462 1 0 4
516.49018684 1 0 5
516.51039391 1 0 4
516.59274077 1 0 5
516.61945498 1 0 4
516.70927335 1 0 5
516.72841552 1 0 4
516.83379359 1 0 5
516.86072301 1 0 4
517.01361083 1 0 5
517.03872603 1 0 4
517.30488364 1 0 5
517.33321983 1 0 4
517.63211699 1 0 5
517.67930540 1 0 4
517.81553485 1 0 5
517.84914937 1 0 4
517.96803182 1 0 5
517.99330536 1 0 4
518.20087039 1 0 5
519.90453954 1 0 4
520.34152332 1 0 5
520.38147222 1 0 4
520.53569031 1 0 5
520.57051670 1 0 4
520.76925895 1 0 5
520.79635193 1 0 4
520.88988286 1 0 5
520.90875858 1 0 4
520.99417090 1 0 5
521.01020428 1 0 4
521.31178325 1 0 5
521.33993397 1 0 4
521.49653731 1 0 5
521.53963414 1 0 4
521.68483151 1 0 5
521.70803110 1 0 4
521.88246949 1 0 5
521.91341544 1 0 4
522.25693946 1 0 5
522.29460274 1 0 4
522.45671198 1 0 5
522.47915748 1 0 4
522.64342192 1 0 5
522.66672425 1 0 4
522.87804593 1 0 5
522.90791701 1 0 4
523.03952850 1 0 5
523.07245148 1 0 4
523.59619083 1 0 5
523.62420466 1 0 4
523.84299987 1 0 5
523.87955647 1 0 4
524.30121648 1 0 5
524.38134684 1 0 4
524.65552348 1 0 5
524.73319828 1 0 4
525.03193168 1 0 5
525.06137609 1 0 4
525.52120400 1 0 5
525.60346632 1 0 4
525.90096660 1 0 5
525.94826615 1 0 4
526.49767827 1 0 5
526.53447026 1 0 4
526.74397845 1 0 5
526.77461527 1 0 4
526.99889339 1 0 5
527.03677929 1 0 4
527.33986159 1 0 5
527.38054573 1 0 4
527.64009530 1 0 5
527.71883457 1 0 4
527.91527260 1 0 5
527.93534555 1 0 4
528.24499373 1 0 5
528.32410784 1 0 4
528.81561069 1 0 5
528.84119294 1 0 4
529.05797208 1 0 5
529.09177954 1 0 4
529.18365433 1 0 3
529.35184489 1 0 4
529.53198056 1 0 5
529.59657601 1 0 4
529.83913572 1 0 5
529.88430864 1 0 4
530.07731892 1 0 5
530.12006072 1 0 4
530.39556350 1 0 5
530.44328784 1 0 4
530.60353496 1 0 5
530.62696560 1 0 4
531.09704929 1 0 5
531.12671704 1 0 4
531.51637801 1 0 5
531.63030632 1 0 4
531.82970111 1 0 5
531.90985415 1 0 4
532.35953172 1 0 5
532.64331485 1 0 4
533.03247208 1 0 5
534.55989349 1 0 6
534.58411890 1 0 5
535.08078027 1 0 6
535.12063328 1 0 5
535.99528950 1 0 6
536.03290066 1 0 5
536.18149099 1 0 6
536.21681560 1 0 5
536.68240214 1 0 6
536.71628945 1 0 5
536.87882870 1 0 6
536.91275790 1 0 5
537.42351189 1 0 6
537.45965122 1 0 5
537.60025087 1 0 6
537.64197906 1 0 5
537.76127555 1 0 6
537.80301707 1 0 5
537.92884109 1 0 6
537.94630820 1 0 5
538.11287590 1 0 6
538.13876907 1 0 5
538.67974454 1 0 6
538.71989007 1 0 5
538.90099532 1 0 6
538.93861978 1 0 5
539.32408997 1 0 6
539.36749258 1 0 5
539.48480746 1 0 6
539.51905173 1 0 5
539.69093901 1 0 6
539.71608964 1 0 5
540.16428116 1 0 6
540.20333704 1 0 5
540.34802993 1 0 6
540.37495441 1 0 5
540.46645217 1 0 6
540.48758013 1 0 5
540.58241531 1 0 6
540.61300521 1 0 5
540.68621923 1 0 6
540.71601931 1 0 5
540.85508386 1 0 6
540.88896831 1 0 5
540.97950690 1 0 6
541.00323319 1 0 5
541.08858229 1 0 6
541.12098148 1 0 5
541.27581475 1 0 6
541.29396867 1 0 5
541.43820497 1 0 6
541.46685003 1 0 5
541.57998726 1 0 6
541.63827366 1 0 5
541.73557885 1 0 6
541.76933818 1 0 5
541.89056437 1 0 6
541.92251551 1 0 5
542.04669484 1 0 6
542.06935064 1 0 5
542.17334632 1 0 6
542.19394900 1 0 5
542.38532844 1 0 6
542.42885671 1 0 5
542.56189735 1 0 6
542.60271183 1 0 5
542.73316177 1 0 6
542.76117539 1 0 5
542.89435247 1 0 6
542.92763320 1 0 5
543.03720653 1 0 6
543.06836592 1 0 5
543.11377729 1 0 4
543.15694890 1 0 5
543.26527891 1 0 6
543.30560652 1 0 5
545.12762349 1 0 6
545.15644834 1 0 5
545.33818164 1 0 6
545.37359622 1 0 5
545.51946278 1 0 6
545.54369480 1 0 5
545.70752861 1 0 6
545.74614339 1 0 5
545.87832979 1 0 6
545.90270377 1 0 5
546.02592643 1 0 6
546.05201175 1 0 5
546.14868069 1 0 6
546.17827390 1 0 5
546.32043973 1 0 6
546.34312788 1 0 5
546.48831904 1 0 6
546.53118464 1 0 5
546.79505466 1 0 6
546.84107592 1 0 5
547.02990184 1 0 6
547.06454734 1 0 5
547.24324787 1 0 6
547.28173499 1 0 5
547.48280175 1 0 6
547.49958144 1 0 5
547.69661178 1 0 4
548.16127006 1 0 5
548.34797103 1 0 6
548.37889327 1 0 5
548.55151446 1 0 6
548.58723503 1 0 5
548.89874981 1 0 6
548.95021514 1 0 5
549.16065366 1 0 6
549.19333209 1 0 5
549.34984905 1 0 6
549.36943774 1 0 5
549.79352292 1 0 6
549.82706393 1 0 5
550.10548635 1 0 6
550.13171376 1 0 5
550.35826405 1 0 6
550.38842822 1 0 5
550.57005615 1 0 6
550.60517855 1 0 5
550.75650689 1 0 6
550.77864704 1 0 5
550.89650017 1 0 6
550.94929041 1 0 5
551.16136918 1 0 6
551.18216287 1 0 5
551.53007722 1 0 6
551.58995127 1 0 5
551.74595307 1 0 6
551.78969384 1 0 5
552.04754910 1 0 6
552.08578499 1 0 5
552.41684648 1 0 6
552.44909827 1 0 5
552.65976046 1 0 6
552.68565414 1 0 5
552.96798275 1 0 6
553.01216208 1 0 5
553.48827249 1 0 6
553.52367389 1 0 5
553.79283154 1 0 6
553.82023178 1 0 5
554.02103824 1 0 6
554.04874738 1 0 5
554.30300722 1 0 6
554.33150385 1 0 5
554.53554330 1 0 6
554.56190165 1 0 5
554.93277312 1 0 6
554.96697563 1 0 5
555.22219027 1 0 6
555.25805775 1 0 5
555.74496198 1 0 6
555.77932648 1 0 5
555.97530977 1 0 6
556.00618279 1 0 5
556.14078514 1 0 6
556.17069583 1 0 5
556.32613803 1 0 6
556.34507371 1 0 5
556.53651790 1 0 6
556.56892616 1 0 5
556.76800214 1 0 6
556.79791949 1 0 5
556.98657778 1 0 6
557.01810853 1 0 5
557.20868472 1 0 6
557.23082438 1 0 5
557.44042692 1 0 6
557.46619240 1 0 5
557.59800412 1 0 6
557.63574631 1 0 5
557.92247734 1 0 6
557.94545185 1 0 5
558.22207570 1 0 6
558.25379297 1 0 5
558.48833125 1 0 6
558.51995620 1 0 5
558.70919652 1 0 6
558.73322415 1 0 5
558.98550061 1 0 6
559.09341451 1 0 5
559.49027436 1 0 6
559.83350975 1 0 5
560.06091897 1 0 6
563.18166406 1 0 7
563.22506383 1 0 6
563.87637995 1 0 7
563.90868204 1 0 6
564.04659713 1 0 7
564.07200015 1 0 6
564.96578103 1 0 7
564.98975107 1 0 6
565.33479266 1 0 7
565.58452211 1 0 6
565.68557464 1 0 7
565.77048492 1 0 6
565.85020750 1 0 7
