1.09154550 1 0 1
1.12204450 1 0 2
1.12919633 1 0 3
1.13674650 1 0 4
1.19326150 1 0 5
1.20098283 1 0 6
1.21030517 1 0 7
34.17728247 1 0 6
35.10519267 1 0 7
35.12637647 1 0 6
35.49225414 1 0 7
35.52560460 1 0 6
35.79670597 1 0 7
35.80368714 1 0 6
37.36530124 1 0 7
37.38695693 1 0 6
40.11191481 1 0 5
41.33656053 1 0 6
41.58375351 1 0 5
44.20327424 1 0 6
44.23510385 1 0 5
44.98494728 1 0 6
45.00458186 1 0 5
45.48632402 1 0 6
45.49108563 1 0 5
45.82216457 1 0 6
45.92665158 1 0 5
46.76410221 1 0 6
46.78820911 1 0 5
47.61662562 1 0 6
47.63983320 1 0 5
48.37552962 1 0 6
48.39820354 1 0 5
49.34469155 1 0 6
49.36712380 1 0 5
50.19727170 1 0 6
50.33285376 1 0 5
51.54390412 1 0 6
51.55976253 1 0 5
52.73786490 1 0 6
52.75034967 1 0 5
53.49246059 1 0 6
53.65093051 1 0 5
54.42654748 1 0 6
54.45000201 1 0 5
54.73139471 1 0 6
54.77295597 1 0 5
55.12737098 1 0 6
55.17609335 1 0 5
55.91555891 1 0 6
55.93602649 1 0 5
56.21729086 1 0 6
56.23185959 1 0 5
56.74162792 1 0 6
56.83379581 1 0 5
57.01046011 1 0 6
57.14363081 1 0 5
57.43525024 1 0 6
57.61156315 1 0 5
58.11714323 1 0 6
58.24281095 1 0 5
58.53430761 1 0 6
58.72121387 1 0 5
59.14731581 1 0 6
59.17457382 1 0 5
59.72723803 1 0 6
59.74289895 1 0 5
60.03795079 1 0 6
60.13986293 1 0 5
60.26794368 1 0 6
60.27691116 1 0 5
60.50245306 1 0 6
60.51958115 1 0 5
60.58676599 1 0 6
60.60312436 1 0 5
60.71778024 1 0 6
60.73969837 1 0 5
60.96921581 1 0 6
60.98165898 1 0 5
61.19434425 1 0 6
61.21508435 1 0 5
61.65094876 1 0 6
61.66951311 1 0 5
61.67540063 1 0 6
61.67828463 1 0 5
61.81541207 1 0 6
61.82662555 1 0 5
61.98201199 1 0 6
61.99955576 1 0 5
62.91960052 1 0 6
63.08530789 1 0 5
63.94386778 1 0 6
63.95961303 1 0 5
66.58394852 1 0 4
68.12970260 1 0 5
68.56823373 1 0 4
69.92755306 1 0 5
69.94424277 1 0 4
70.43995216 1 0 5
70.45317016 1 0 4
70.89322431 1 0 5
70.98815733 1 0 4
72.07899491 1 0 5
72.23139315 1 0 4
72.74287112 1 0 5
72.77041892 1 0 4
73.09979972 1 0 5
73.19396483 1 0 4
73.62639796 1 0 5
73.64510026 1 0 4
73.99872330 1 0 5
74.01259906 1 0 4
75.05575054 1 0 5
75.08396576 1 0 4
76.28405233 1 0 5
76.29805652 1 0 4
77.06066534 1 0 5
77.21264486 1 0 4
78.16863030 1 0 5
78.19134889 1 0 4
79.19947656 1 0 5
79.22152859 1 0 4
79.96915226 1 0 5
79.98048273 1 0 4
80.66075708 1 0 5
80.69257976 1 0 4
80.95084662 1 0 5
80.97033332 1 0 4
81.70960246 1 0 5
81.85694290 1 0 4
82.27630761 1 0 5
82.29732153 1 0 4
82.76960406 1 0 5
82.79361382 1 0 4
83.00565611 1 0 5
83.01957519 1 0 4
83.51208650 1 0 5
83.52623397 1 0 4
83.90112302 1 0 5
84.02849261 1 0 4
84.22536693 1 0 5
84.24327579 1 0 4
84.55324560 1 0 5
84.57812046 1 0 4
84.75823978 1 0 5
84.89483808 1 0 4
85.05722227 1 0 5
85.15399110 1 0 4
85.45461807 1 0 5
85.49446196 1 0 4
86.29345437 1 0 5
86.30415062 1 0 4
86.64737294 1 0 5
86.67243451 1 0 4
87.20211286 1 0 5
87.32629321 1 0 4
87.78812888 1 0 5
87.98575733 1 0 4
88.24170924 1 0 5
88.44900504 1 0 4
88.66691622 1 0 5
88.67721751 1 0 4
88.89223658 1 0 5
89.01589871 1 0 4
89.06350000 1 0 5
89.22689537 1 0 4
89.60484389 1 0 5
89.62115509 1 0 4
89.98193821 1 0 5
90.12126199 1 0 4
92.34072795 1 0 5
92.35751512 1 0 4
94.48696389 1 0 5
94.61895156 1 0 4
98.38159525 1 0 3
99.22983091 1 0 4
99.36983412 1 0 3
100.10880972 1 0 4
100.25093305 1 0 3
100.52793299 1 0 4
100.58579153 1 0 3
100.95579249 1 0 4
101.01451675 1 0 3
101.63974945 1 0 4
102.14269549 1 0 3
103.48004562 1 0 4
103.87905728 1 0 3
104.36257072 1 0 4
104.50996228 1 0 3
105.01019209 1 0 4
105.15631200 1 0 3
105.50309268 1 0 4
105.51114751 1 0 3
107.02967028 1 0 4
107.04251472 1 0 3
107.96039750 1 0 4
108.34456735 1 0 3
109.29176330 1 0 4
109.35110465 1 0 3
110.31443556 1 0 4
110.32710798 1 0 3
111.08755600 1 0 4
111.10864278 1 0 3
111.44970355 1 0 4
111.48462643 1 0 3
112.28846354 1 0 4
112.75447051 1 0 3
113.47556092 1 0 4
113.97185011 1 0 3
114.80435742 1 0 4
114.81889336 1 0 3
115.35726590 1 0 4
115.37463402 1 0 3
116.22051412 1 0 4
116.57931325 1 0 3
117.48426675 1 0 4
117.88880815 1 0 3
120.20948649 1 0 4
120.24816592 1 0 3
120.72813212 1 0 4
121.01201627 1 0 3
121.62391548 1 0 4
121.75865355 1 0 3
122.93169318 1 0 4
123.58510814 1 0 3
123.86444928 1 0 4
123.95325677 1 0 3
124.68724996 1 0 4
125.10447715 1 0 3
125.56547637 1 0 4
125.63264004 1 0 3
126.32587652 1 0 4
126.70494837 1 0 3
128.09225624 1 0 4
128.50021020 1 0 3
130.43366984 1 0 4
130.96740911 1 0 3
132.16871725 1 0 4
132.55218528 1 0 3
133.12645522 1 0 4
133.13895861 1 0 3
134.01527612 1 0 4
134.15220369 1 0 3
135.02527809 1 0 4
135.03251259 1 0 3
136.43790544 1 0 4
136.61174706 1 0 3
137.26082039 1 0 4
137.36495889 1 0 3
138.47591003 1 0 4
138.80647787 1 0 3
140.38557780 1 0 4
140.71700011 1 0 3
140.96829714 1 0 4
140.98348791 1 0 3
141.34647616 1 0 4
141.48333375 1 0 3
142.87022745 1 0 4
143.05349553 1 0 3
145.12379006 1 0 4
145.26009590 1 0 3
145.70601807 1 0 4
145.72442446 1 0 3
147.38428405 1 0 4
147.40878594 1 0 3
149.68750949 1 0 4
150.04234076 1 0 3
150.60884590 1 0 4
150.62069191 1 0 3
151.23141733 1 0 4
151.38574806 1 0 3
152.89133479 1 0 4
153.62433745 1 0 3
155.17966049 1 0 4
155.55406456 1 0 3
156.24774517 1 0 4
156.28679124 1 0 3
157.37224290 1 0 4
157.95642683 1 0 3
158.65767667 1 0 4
158.66597435 1 0 3
160.00358476 1 0 4
160.64728409 1 0 3
161.84186947 1 0 4
162.00099728 1 0 3
163.38538830 1 0 4
163.55634876 1 0 3
164.34954982 1 0 4
164.48789247 1 0 3
165.39146158 1 0 4
165.48740422 1 0 3
166.69805469 1 0 4
166.73815603 1 0 3
167.18324527 1 0 4
167.37278459 1 0 3
170.19407899 1 0 4
170.37726306 1 0 3
170.85863941 1 0 4
171.02261691 1 0 3
172.82964370 1 0 4
173.03898156 1 0 3
174.82568263 1 0 4
175.15475184 1 0 3
176.02917685 1 0 4
176.06447712 1 0 3
177.29540529 1 0 4
177.49452338 1 0 3
180.62792844 1 0 4
180.80134605 1 0 3
181.86347717 1 0 4
182.03863942 1 0 3
182.85926258 1 0 4
183.03595717 1 0 3
184.68737683 1 0 4
184.85443211 1 0 3
186.43889286 1 0 4
186.63236030 1 0 3
187.96975120 1 0 4
188.00836613 1 0 3
188.97366829 1 0 4
189.01539769 1 0 3
190.04174749 1 0 4
190.17256796 1 0 3
190.79929744 1 0 4
190.98454245 1 0 3
191.55047838 1 0 4
191.74898638 1 0 3
192.14185856 1 0 4
192.28600885 1 0 3
192.71438752 1 0 4
192.89888118 1 0 3
195.42857045 1 0 4
195.44039732 1 0 3
196.05654876 1 0 4
196.08135597 1 0 3
196.91862093 1 0 4
197.34025101 1 0 3
198.09482361 1 0 4
198.14441822 1 0 3
200.08329920 1 0 4
200.23536214 1 0 3
200.83173961 1 0 4
201.01967356 1 0 3
202.02115908 1 0 4
202.03707606 1 0 3
203.10248237 1 0 4
203.29055064 1 0 3
204.10040067 1 0 4
204.71657376 1 0 3
205.85468542 1 0 4
205.88377652 1 0 3
206.34780906 1 0 4
206.36841083 1 0 3
207.07358247 1 0 4
207.46457722 1 0 3
208.89429003 1 0 4
209.13708014 1 0 3
210.13316229 1 0 4
210.59528989 1 0 3
211.25844192 1 0 4
211.27812802 1 0 3
212.01087373 1 0 4
212.03157268 1 0 3
212.80342862 1 0 4
212.97549543 1 0 3
213.82198525 1 0 4
213.83178562 1 0 3
215.41000483 1 0 4
215.80592766 1 0 3
216.36938809 1 0 4
216.38433204 1 0 3
217.67227004 1 0 4
218.31692296 1 0 3
220.38039014 1 0 4
220.45808884 1 0 3
221.05653168 1 0 4
221.29305091 1 0 3
222.04049647 1 0 4
222.06463451 1 0 3
223.22720442 1 0 4
223.23694292 1 0 3
224.94579953 1 0 4
225.12171504 1 0 3
225.48617523 1 0 4
225.69923109 1 0 3
226.18504351 1 0 4
226.24293831 1 0 3
227.09115089 1 0 4
227.26276526 1 0 3
228.22563960 1 0 4
228.41935985 1 0 3
229.56079676 1 0 4
229.71623224 1 0 3
230.50942533 1 0 4
230.69284721 1 0 3
231.14583163 1 0 4
231.39131131 1 0 3
232.31688855 1 0 4
232.34514193 1 0 3
232.98194146 1 0 4
235.09087103 1 0 3
236.19813805 1 0 4
236.39305767 1 0 3
237.91509451 1 0 4
237.93447501 1 0 3
240.59018075 1 0 4
240.71762977 1 0 3
241.91835578 1 0 4
241.94101730 1 0 3
243.04321613 1 0 4
243.46657325 1 0 3
245.19646460 1 0 4
245.58084494 1 0 3
247.21306722 1 0 4
247.42063263 1 0 3
248.52736409 1 0 4
248.53890542 1 0 3
249.02293127 1 0 4
249.26273146 1 0 3
250.87663610 1 0 4
250.88812030 1 0 3
252.84356833 1 0 4
253.23748849 1 0 3
253.98099927 1 0 4
254.15849028 1 0 3
254.69773966 1 0 4
254.90690904 1 0 3
255.12719837 1 0 2
256.00852514 1 0 3
256.64767882 1 0 4
256.66100520 1 0 3
258.36740769 1 0 4
258.55339324 1 0 3
260.13152902 1 0 4
260.29468230 1 0 3
261.93994437 1 0 4
262.32764926 1 0 3
263.28223618 1 0 4
263.29127086 1 0 3
265.18502512 1 0 4
265.36751883 1 0 3
266.36505021 1 0 4
266.39614803 1 0 3
267.21388193 1 0 4
267.22914910 1 0 3
269.44471003 1 0 4
269.64830957 1 0 3
271.77225088 1 0 4
272.21770437 1 0 3
272.98679042 1 0 4
273.44764864 1 0 3
274.16589150 1 0 4
274.59960025 1 0 3
275.79266882 1 0 4
276.08967511 1 0 3
277.72011007 1 0 4
277.75073211 1 0 3
278.27548380 1 0 4
278.42386755 1 0 3
279.85272068 1 0 4
280.19377456 1 0 3
280.96095519 1 0 4
281.26365341 1 0 3
282.44474375 1 0 4
282.64473594 1 0 3
283.53876683 1 0 4
283.92253396 1 0 3
284.78754284 1 0 4
284.80541726 1 0 3
286.37996232 1 0 4
286.55843298 1 0 3
288.26850307 1 0 4
288.29742234 1 0 3
289.71052132 1 0 4
289.87747532 1 0 3
290.85810897 1 0 4
291.24883078 1 0 3
291.96992265 1 0 4
292.12804442 1 0 3
293.29449396 1 0 4
293.62579181 1 0 3
295.63575400 1 0 4
295.80262589 1 0 3
297.07392805 1 0 4
297.48294113 1 0 3
298.58697402 1 0 4
298.60575459 1 0 3
300.15860549 1 0 4
300.35053555 1 0 3
300.95150455 1 0 4
301.50771493 1 0 3
302.49967839 1 0 4
302.51097976 1 0 3
303.79784096 1 0 4
303.82927869 1 0 3
305.75155850 1 0 4
306.41379069 1 0 3
306.90683886 1 0 4
306.92962376 1 0 3
307.34112468 1 0 4
307.53224979 1 0 3
308.33196378 1 0 4
308.72968017 1 0 3
309.83901673 1 0 4
309.99319823 1 0 3
311.00319447 1 0 4
311.29563607 1 0 3
312.18582419 1 0 4
312.20403527 1 0 3
312.70625824 1 0 4
312.83419825 1 0 3
315.50151030 1 0 4
315.70206215 1 0 3
316.35321193 1 0 4
316.54300450 1 0 3
318.26203572 1 0 4
318.50173419 1 0 3
319.45704708 1 0 4
320.37244517 1 0 3
320.88127718 1 0 4
320.89183688 1 0 3
321.66698713 1 0 4
321.84107953 1 0 3
322.57122009 1 0 4
322.59441972 1 0 3
325.18926119 1 0 4
326.46188432 1 0 3
328.52237544 1 0 4
328.71428643 1 0 3
329.97686063 1 0 4
330.00760428 1 0 3
331.47647881 1 0 4
331.86122413 1 0 3
333.87355779 1 0 4
333.91756449 1 0 3
334.75340078 1 0 4
334.76919975 1 0 3
335.86380731 1 0 4
336.06983137 1 0 3
336.50427417 1 0 4
336.58729671 1 0 3
337.22349565 1 0 4
337.27035007 1 0 3
337.73423873 1 0 4
337.74919450 1 0 3
340.71345471 1 0 4
340.72491614 1 0 3
341.37267799 1 0 4
341.57271045 1 0 3
344.68756201 1 0 4
344.86431260 1 0 3
345.89616704 1 0 4
345.91229580 1 0 3
346.68701172 1 0 4
347.03396275 1 0 3
347.95694508 1 0 4
348.25441793 1 0 3
349.25462360 1 0 4
349.91499815 1 0 3
353.12724791 1 0 4
353.15099245 1 0 3
355.27683129 1 0 4
355.64322435 1 0 3
356.10949243 1 0 4
356.39125034 1 0 3
357.67913580 1 0 4
357.83242913 1 0 3
360.16878232 1 0 4
360.54583371 1 0 3
362.14237808 1 0 4
362.38168388 1 0 3
365.10096309 1 0 4
365.25510509 1 0 3
365.73887095 1 0 4
365.79771721 1 0 3
366.32690735 1 0 4
366.47393297 1 0 3
367.44480127 1 0 4
367.46781204 1 0 3
367.82351789 1 0 4
368.04045983 1 0 3
370.21833372 1 0 4
370.41354879 1 0 3
370.94182990 1 0 4
371.13235296 1 0 3
371.71226514 1 0 4
371.78527682 1 0 3
373.90106775 1 0 4
374.71143223 1 0 3
375.97640150 1 0 4
376.10899417 1 0 3
377.08079408 1 0 4
377.30255421 1 0 3
378.24465174 1 0 4
378.34595791 1 0 3
380.01602448 1 0 4
380.02475134 1 0 3
380.70601686 1 0 4
380.91724624 1 0 3
382.05007097 1 0 4
382.20870660 1 0 3
383.83791807 1 0 4
383.84551866 1 0 3
385.47817239 1 0 4
385.66596444 1 0 3
387.20935596 1 0 4
387.40938914 1 0 3
388.66765550 1 0 4
390.20633872 1 0 3
392.06688688 1 0 4
392.23370527 1 0 3
393.21450210 1 0 4
393.82887905 1 0 3
396.34018215 1 0 4
396.58381246 1 0 3
397.66463808 1 0 4
397.70243046 1 0 3
398.31223842 1 0 4
398.33368943 1 0 3
399.68762595 1 0 4
399.81489192 1 0 3
400.66072399 1 0 4
400.68283950 1 0 3
402.02762119 1 0 4
402.05187833 1 0 3
402.76697723 1 0 4
402.96661053 1 0 3
405.40867896 1 0 4
405.62878846 1 0 3
406.31784151 1 0 4
406.54607880 1 0 3
407.44202756 1 0 4
407.67732834 1 0 3
408.67212091 1 0 4
409.17595444 1 0 3
410.53808158 1 0 4
410.55925993 1 0 3
411.00616307 1 0 4
411.02784553 1 0 3
411.77282230 1 0 4
411.79419136 1 0 3
414.83534579 1 0 4
414.85710899 1 0 3
416.34919632 1 0 4
416.48475469 1 0 3
417.73934641 1 0 4
417.93570065 1 0 3
419.08159217 1 0 4
419.22606782 1 0 3
420.43745707 1 0 4
420.57860553 1 0 3
420.75114942 1 0 4
420.90660665 1 0 3
421.78789201 1 0 4
421.98451663 1 0 3
422.92084152 1 0 4
422.94008726 1 0 3
423.89113814 1 0 4
423.91371364 1 0 3
423.97688704 1 0 2
424.67614769 1 0 3
425.40019299 1 0 4
425.62581412 1 0 3
427.60772929 1 0 4
428.02179510 1 0 3
430.66853694 1 0 4
430.89996034 1 0 3
432.09541637 1 0 4
432.55235466 1 0 3
433.63596739 1 0 4
433.64530594 1 0 3
435.78556501 1 0 4
435.82924399 1 0 3
437.80628392 1 0 4
438.02742241 1 0 3
438.75159576 1 0 4
438.93852944 1 0 3
439.65041851 1 0 4
439.82041844 1 0 3
440.41034230 1 0 4
440.56025892 1 0 3
441.43504344 1 0 4
441.59538323 1 0 3
442.84063713 1 0 4
443.05297047 1 0 3
445.26440093 1 0 4
445.49216025 1 0 3
446.82873347 1 0 4
447.22189850 1 0 3
447.89183155 1 0 4
447.92798918 1 0 3
449.82920343 1 0 4
450.04490054 1 0 3
450.96375829 1 0 4
451.68679723 1 0 3
454.53792621 1 0 4
454.75730703 1 0 3
455.82464319 1 0 4
456.00737619 1 0 3
458.52396647 1 0 4
458.72683837 1 0 3
458.95295278 1 0 4
458.98879239 1 0 3
459.50293350 1 0 4
459.53481788 1 0 3
460.90160462 1 0 4
461.06859066 1 0 3
461.77944692 1 0 4
461.99242741 1 0 3
463.07503868 1 0 4
463.24159637 1 0 3
464.06927430 1 0 4
464.27505467 1 0 3
466.36545706 1 0 4
466.38079715 1 0 3
467.35198492 1 0 4
467.56324506 1 0 3
468.39046234 1 0 4
468.56424503 1 0 3
470.43063067 1 0 4
470.80544774 1 0 3
471.90959402 1 0 4
472.09588489 1 0 3
472.94993579 1 0 4
473.13487347 1 0 3
474.05655778 1 0 4
474.47184470 1 0 3
475.30249612 1 0 4
475.54634550 1 0 3
476.67208540 1 0 4
477.05290742 1 0 3
478.05270808 1 0 4
478.24567818 1 0 3
479.79652347 1 0 4
480.01363741 1 0 3
480.63800356 1 0 4
480.83647330 1 0 3
482.73570241 1 0 4
483.03587868 1 0 3
484.12230766 1 0 4
484.29899610 1 0 3
485.42930008 1 0 4
485.54669107 1 0 3
485.85780670 1 0 4
485.89002985 1 0 3
486.12489229 1 0 4
486.14893327 1 0 3
486.62937316 1 0 4
486.80018010 1 0 3
490.37384395 1 0 4
490.38414952 1 0 3
491.34557915 1 0 4
491.48683302 1 0 3
492.06005054 1 0 4
492.27664966 1 0 3
493.48276178 1 0 4
493.63966057 1 0 3
494.50140240 1 0 4
494.71288384 1 0 3
496.09859020 1 0 4
496.48907465 1 0 3
497.38405225 1 0 4
497.59277083 1 0 3
500.00573272 1 0 4
500.15899226 1 0 3
500.50577120 1 0 4
500.81841523 1 0 3
501.04352701 1 0 4
501.21582962 1 0 3
501.60794039 1 0 4
502.22765985 1 0 3
504.82249727 1 0 4
505.90507089 1 0 3
506.25537950 1 0 4
510.78681791 1 0 5
510.79495428 1 0 4
511.11030636 1 0 5
511.27568040 1 0 4
511.60638636 1 0 5
511.63106660 1 0 4
515.19283037 1 0 5
515.20924423 1 0 4
515.63183692 1 0 5
515.74640510 1 0 4
516.03102539 1 0 5
516.06355413 1 0 4
516.31748102 1 0 5
516.32716251 1 0 4
516.80094018 1 0 5
519.71589668 1 0 4
520.89669692 1 0 5
521.06254885 1 0 4
521.44801588 1 0 5
521.46524516 1 0 4
522.21038265 1 0 5
522.43362157 1 0 4
523.33587703 1 0 5
523.34871898 1 0 4
524.35968621 1 0 5
524.39007945 1 0 4
525.35763605 1 0 5
525.38227697 1 0 4
525.81717497 1 0 5
525.90071680 1 0 4
526.11414882 1 0 5
526.14046310 1 0 4
526.75019273 1 0 5
526.77328802 1 0 4
527.82753325 1 0 5
528.20570258 1 0 4
529.37092249 1 0 5
529.57370969 1 0 4
530.85472077 1 0 5
531.47826624 1 0 4
532.20462489 1 0 5
535.48203642 1 0 6
535.51087824 1 0 5
538.22032790 1 0 6
538.24397427 1 0 5
538.52702910 1 0 6
538.54683076 1 0 5
538.81219835 1 0 6
538.97926122 1 0 5
539.17723649 1 0 6
539.18855619 1 0 5
539.85959276 1 0 6
539.87244416 1 0 5
540.56821375 1 0 6
540.58924143 1 0 5
541.05845654 1 0 6
541.16687708 1 0 5
541.37081394 1 0 6
541.39806539 1 0 5
541.60218656 1 0 6
541.62340628 1 0 5
541.86647015 1 0 6
541.87497223 1 0 5
542.07666010 1 0 6
542.18030983 1 0 5
542.27791365 1 0 6
542.29346580 1 0 5
542.48207780 1 0 6
542.50045680 1 0 5
542.64526011 1 0 6
542.67443925 1 0 5
545.10775187 1 0 6
545.12437114 1 0 5
545.53722561 1 0 6
545.67891881 1 0 5
546.16914050 1 0 6
546.18219465 1 0 5
546.90518657 1 0 6
546.92494292 1 0 5
548.13599017 1 0 6
548.15500749 1 0 5
548.83338518 1 0 6
548.85386493 1 0 5
550.07953609 1 0 6
550.09931118 1 0 5
550.79761730 1 0 6
550.82632507 1 0 5
551.21008554 1 0 6
551.32192687 1 0 5
552.06977698 1 0 6
552.08861032 1 0 5
552.93126520 1 0 6
552.93742089 1 0 5
553.89854135 1 0 6
554.08828037 1 0 5
554.79775869 1 0 6
554.97840074 1 0 5
555.34524616 1 0 6
555.35247170 1 0 5
556.05524803 1 0 6
556.09748411 1 0 5
557.25891007 1 0 6
557.47392690 1 0 5
558.38048227 1 0 6
558.40445152 1 0 5
559.30219378 1 0 6
559.78045299 1 0 5
560.19969807 1 0 6
560.64849802 1 0 5
561.39348670 1 0 6
562.73077211 1 0 7
562.90794401 1 0 6
563.67531107 1 0 7
563.82712235 1 0 6
564.23433212 1 0 7
564.41710261 1 0 6
565.14222395 1 0 7
565.33214553 1 0 6
565.50894944 1 0 7
565.64332011 1 0 6
565.70336546 1 0 7
