1.07085225 0 1 1
1.09128242 0 1 2
1.10627842 0 1 3
1.11943975 0 1 4
1.12901225 0 1 5
1.13936058 0 1 6
1.19627142 0 1 7
29.45315659 0 1 6
29.46709915 0 1 7
30.51874046 0 1 6
30.70710654 0 1 7
30.71245328 0 1 6
30.73449533 0 1 7
30.74224997 0 1 6
30.74955743 0 1 7
30.76469330 0 1 6
30.77134076 0 1 7
30.78576304 0 1 6
30.93837804 0 1 7
31.10966654 0 1 6
31.12624103 0 1 7
31.15390193 0 1 6
31.32168090 0 1 7
31.33140458 0 1 6
31.34860487 0 1 7
31.36699676 0 1 6
31.53691430 0 1 7
31.54630919 0 1 6
31.72797381 0 1 7
31.73586530 0 1 6
31.91050555 0 1 7
32.04619885 0 1 6
32.19190289 0 1 7
32.32559502 0 1 6
32.44585952 0 1 7
32.45455549 0 1 6
34.44797407 0 1 7
34.45430169 0 1 6
35.76591802 0 1 5
35.87088585 0 1 6
35.88423762 0 1 5
36.15938877 0 1 6
36.16769760 0 1 5
37.19394553 0 1 6
37.26386105 0 1 5
37.66470409 0 1 6
37.79179674 0 1 5
38.81339744 0 1 6
38.82240869 0 1 5
39.58694341 0 1 6
39.59648347 0 1 5
40.53188642 0 1 6
40.53981885 0 1 5
41.33598639 0 1 6
41.34537090 0 1 5
42.35511257 0 1 6
42.36488912 0 1 5
43.38582536 0 1 6
43.39122097 0 1 5
44.49368046 0 1 6
44.61910787 0 1 5
44.98742753 0 1 6
45.07940850 0 1 5
45.48759147 0 1 6
45.49362908 0 1 5
45.91818530 0 1 6
45.92826174 0 1 5
46.89658431 0 1 6
46.90406802 0 1 5
47.82877129 0 1 6
47.83766194 0 1 5
48.37434297 0 1 6
48.45556171 0 1 5
49.67910190 0 1 6
49.68407750 0 1 5
50.70106662 0 1 6
50.70947689 0 1 5
51.34534014 0 1 6
51.35285265 0 1 5
52.19491699 0 1 6
52.20352417 0 1 5
53.04482460 0 1 6
53.19168239 0 1 5
53.85112414 0 1 6
53.85934864 0 1 5
54.73036163 0 1 6
54.73746952 0 1 5
55.12679680 0 1 6
55.13211463 0 1 5
56.20128720 0 1 6
56.20832791 0 1 5
57.13691052 0 1 6
57.14520500 0 1 5
57.43392789 0 1 6
57.57765348 0 1 5
60.96556861 0 1 4
61.21910242 0 1 5
61.22704799 0 1 4
61.38838062 0 1 5
61.50168647 0 1 4
61.51247057 0 1 5
61.52750472 0 1 4
61.65544702 0 1 5
61.67226731 0 1 4
61.81390004 0 1 5
61.82914175 0 1 4
62.23916823 0 1 5
62.34585139 0 1 4
62.88414052 0 1 5
62.89891773 0 1 4
63.47717838 0 1 5
63.48397530 0 1 4
63.91913646 0 1 5
63.92716514 0 1 4
64.43818681 0 1 5
64.61334973 0 1 4
65.32733713 0 1 5
65.33278674 0 1 4
66.05391216 0 1 5
66.08116883 0 1 4
66.94030223 0 1 5
66.94621657 0 1 4
67.78125840 0 1 5
67.78901757 0 1 4
68.51371896 0 1 5
68.52382619 0 1 4
69.38102913 0 1 5
69.38935169 0 1 4
70.05729276 0 1 5
70.13110799 0 1 4
70.51966761 0 1 5
70.52637334 0 1 4
70.97916738 0 1 5
70.98892456 0 1 4
71.74364096 0 1 5
71.75275830 0 1 4
72.41077173 0 1 5
72.43626808 0 1 4
73.19074653 0 1 5
73.19825556 0 1 4
73.99795037 0 1 5
74.12789515 0 1 4
75.05415760 0 1 5
75.06192612 0 1 4
75.82412092 0 1 5
75.83375345 0 1 4
76.54657024 0 1 5
76.71361612 0 1 4
78.33529361 0 1 5
78.51321224 0 1 4
79.20143069 0 1 5
79.35666177 0 1 4
79.97018786 0 1 5
79.97732146 0 1 4
81.16004179 0 1 5
81.16679729 0 1 4
82.87401764 0 1 5
82.88305464 0 1 4
84.44887110 0 1 5
84.53154329 0 1 4
85.14440640 0 1 5
85.15218582 0 1 4
87.11205882 0 1 3
87.20151441 0 1 4
87.40978577 0 1 3
87.96587512 0 1 4
88.23203838 0 1 3
88.66921727 0 1 4
88.82980344 0 1 3
89.03645383 0 1 4
89.04532180 0 1 3
89.21103795 0 1 4
89.42952572 0 1 3
89.59071870 0 1 4
89.73897208 0 1 3
89.85031778 0 1 4
89.85632427 0 1 3
90.28573332 0 1 4
90.29377909 0 1 3
91.19886861 0 1 4
91.20639083 0 1 3
91.92840921 0 1 4
91.93695071 0 1 3
92.83374715 0 1 4
93.00879016 0 1 3
93.50617969 0 1 4
93.51326749 0 1 3
94.01448905 0 1 4
94.02324510 0 1 3
94.60852406 0 1 4
94.61872425 0 1 3
95.61544016 0 1 4
95.62503754 0 1 3
96.09428956 0 1 4
96.22288832 0 1 3
96.86243652 0 1 4
96.87421459 0 1 3
97.75252856 0 1 4
97.76088096 0 1 3
98.72761100 0 1 4
98.75462605 0 1 3
99.55664952 0 1 4
99.56270537 0 1 3
100.57790132 0 1 4
100.58808087 0 1 3
100.95470513 0 1 4
100.98263759 0 1 3
101.63889628 0 1 4
101.64611028 0 1 3
102.81867201 0 1 4
102.82845677 0 1 3
103.44774943 0 1 4
103.45509219 0 1 3
104.00072912 0 1 4
104.00825213 0 1 3
104.73516207 0 1 4
104.84840788 0 1 3
105.50241033 0 1 4
105.51235685 0 1 3
106.49662999 0 1 4
106.50446542 0 1 3
107.38758975 0 1 4
107.57853718 0 1 3
108.33678574 0 1 4
108.34446702 0 1 3
109.29042112 0 1 4
109.29878080 0 1 3
110.18129034 0 1 4
110.19079234 0 1 3
111.32838574 0 1 4
111.36528227 0 1 3
111.97093129 0 1 4
111.98202479 0 1 3
112.58068280 0 1 4
112.59012180 0 1 3
113.47636826 0 1 4
113.61548901 0 1 3
114.80990568 0 1 4
114.81870303 0 1 3
115.49508356 0 1 4
115.50610749 0 1 3
116.03681321 0 1 4
116.04743804 0 1 3
116.90864142 0 1 4
117.08420257 0 1 3
118.04942607 0 1 4
118.24399096 0 1 3
119.03256479 0 1 4
119.04220139 0 1 3
120.21319099 0 1 4
120.37439774 0 1 3
120.72715709 0 1 4
120.83184604 0 1 3
121.45805349 0 1 4
121.46693082 0 1 3
122.25318831 0 1 4
122.26415249 0 1 3
123.09464670 0 1 4
123.10401520 0 1 3
123.97083410 0 1 4
123.98612311 0 1 3
125.26665723 0 1 4
125.27592599 0 1 3
125.86076615 0 1 4
125.86932383 0 1 3
126.65174881 0 1 4
126.66019949 0 1 3
127.51560244 0 1 4
127.52422778 0 1 3
128.49484920 0 1 4
128.50275553 0 1 3
130.21216001 0 1 4
130.22046573 0 1 3
131.18181314 0 1 4
131.35639866 0 1 3
131.97248874 0 1 4
131.97762641 0 1 3
133.31267717 0 1 4
133.41146693 0 1 3
134.01500879 0 1 4
134.02386546 0 1 3
135.02429877 0 1 4
135.03451592 0 1 3
135.63670096 0 1 4
135.64395830 0 1 3
136.25941399 0 1 4
136.26582358 0 1 3
137.11750995 0 1 4
137.12406983 0 1 3
137.99088973 0 1 4
137.99800099 0 1 3
138.76706617 0 1 4
139.13874025 0 1 3
140.21500232 0 1 4
140.22388838 0 1 3
141.02032610 0 1 4
141.09055952 0 1 3
141.47515723 0 1 4
141.48638808 0 1 3
142.67668228 0 1 4
142.68573961 0 1 3
145.37003346 0 1 4
145.46083974 0 1 3
145.83147703 0 1 4
145.95832896 0 1 3
146.73376120 0 1 4
146.90092596 0 1 3
147.85301874 0 1 4
147.91931593 0 1 3
150.43408194 0 1 4
150.44064827 0 1 3
150.92033473 0 1 4
151.03394116 0 1 3
151.49582828 0 1 4
151.53736112 0 1 3
152.23213928 0 1 4
152.24211222 0 1 3
153.05575215 0 1 4
153.06759182 0 1 3
155.35744981 0 1 4
155.49170394 0 1 3
156.24612016 0 1 4
156.26016884 0 1 3
157.15535952 0 1 4
157.16655454 0 1 3
158.65624424 0 1 4
158.66580202 0 1 3
160.15755487 0 1 4
160.16481404 0 1 3
161.64441894 0 1 4
161.65283949 0 1 3
162.81333021 0 1 4
162.82041204 0 1 3
163.75234592 0 1 4
163.90661160 0 1 3
165.23116529 0 1 4
165.23977162 0 1 3
165.60559698 0 1 4
165.61586165 0 1 3
166.69674868 0 1 4
166.70608036 0 1 3
167.18265494 0 1 4
167.19098377 0 1 3
168.05132542 0 1 4
168.22002955 0 1 3
170.53970894 0 1 4
170.55021128 0 1 3
171.20815182 0 1 4
171.37354608 0 1 3
172.07557211 0 1 4
172.08265378 0 1 3
172.98471537 0 1 4
172.99503172 0 1 3
174.21128644 0 1 4
174.44611691 0 1 3
175.35508808 0 1 4
175.36127675 0 1 3
176.02805359 0 1 4
176.03500318 0 1 3
176.92265719 0 1 4
176.92918770 0 1 3
177.86879655 0 1 4
177.87897149 0 1 3
178.80526487 0 1 4
178.81345970 0 1 3
179.93690097 0 1 4
179.94659930 0 1 3
180.62633272 0 1 4
180.75152862 0 1 3
181.42950206 0 1 4
181.44309145 0 1 3
182.18180528 0 1 4
182.25556529 0 1 3
183.02345841 0 1 4
183.03088417 0 1 3
183.85532318 0 1 4
183.86451301 0 1 3
185.19807157 0 1 4
185.20441324 0 1 3
186.05321541 0 1 4
186.23555576 0 1 3
187.03133599 0 1 4
187.03751916 0 1 3
187.96862504 0 1 4
187.97693087 0 1 3
188.97307796 0 1 4
188.97855329 0 1 3
190.19934915 0 1 4
190.35435758 0 1 3
190.79720756 0 1 4
190.80524011 0 1 3
192.14167223 0 1 4
192.15228206 0 1 3
192.69212826 0 1 4
192.70272652 0 1 3
195.25302613 0 1 4
195.26308479 0 1 3
196.17709292 0 1 4
196.18789801 0 1 3
196.92183860 0 1 4
196.93009327 0 1 3
197.89333040 0 1 4
197.90142690 0 1 3
198.80545623 0 1 4
198.81818646 0 1 3
200.08252689 0 1 4
200.22134550 0 1 3
200.96862018 0 1 4
200.97895118 0 1 3
201.82936514 0 1 4
201.83829831 0 1 3
202.71604967 0 1 4
202.72337117 0 1 3
204.89304119 0 1 4
204.90557836 0 1 3
206.23083542 0 1 4
206.23733259 0 1 3
206.86857787 0 1 4
207.05283587 0 1 3
207.90483617 0 1 4
207.91417767 0 1 3
208.89356520 0 1 4
209.08820043 0 1 3
209.95235228 0 1 4
210.11257929 0 1 3
210.76153416 0 1 4
210.76912884 0 1 3
211.39047508 0 1 4
211.45613941 0 1 3
212.12979532 0 1 4
212.14086913 0 1 3
212.96706982 0 1 4
212.97725376 0 1 3
214.85236543 0 1 4
215.02160241 0 1 3
215.98609861 0 1 4
215.99259237 0 1 3
217.82432772 0 1 4
217.83334232 0 1 3
220.41958519 0 1 4
220.42728080 0 1 3
221.05512282 0 1 4
221.11621403 0 1 3
222.00619320 0 1 4
222.01445392 0 1 3
223.22810175 0 1 4
223.23607759 0 1 3
224.24391198 0 1 4
224.44369146 0 1 3
225.64034245 0 1 4
225.65180714 0 1 3
226.06557085 0 1 4
226.07283953 0 1 3
226.91731897 0 1 4
226.92867914 0 1 3
227.85176398 0 1 4
227.86005998 0 1 3
228.77960889 0 1 4
228.78707506 0 1 3
230.81230766 0 1 4
230.82246501 0 1 3
231.47254170 0 1 4
231.59375730 0 1 3
232.49652727 0 1 4
232.50508744 0 1 3
234.86711944 0 1 4
235.05531642 0 1 3
236.01440492 0 1 4
236.02147294 0 1 3
237.23305923 0 1 4
237.24102223 0 1 3
238.51739995 0 1 4
238.52702650 0 1 3
239.48693895 0 1 4
239.49670939 0 1 3
240.39300122 0 1 4
240.40462127 0 1 3
241.74527509 0 1 4
241.75526159 0 1 3
242.65266516 0 1 4
242.66098900 0 1 3
243.76074994 0 1 4
243.90397155 0 1 3
244.48194271 0 1 4
244.49295488 0 1 3
245.16354381 0 1 4
245.17475760 0 1 3
246.67201278 0 1 4
246.68219562 0 1 3
247.61415969 0 1 4
247.63959682 0 1 3
248.52958226 0 1 4
248.53849009 0 1 3
249.02610544 0 1 4
249.03269487 0 1 3
249.88524017 0 1 4
250.04246911 0 1 3
250.87899082 0 1 4
251.04142939 0 1 3
251.76607862 0 1 4
251.77405138 0 1 3
252.63343564 0 1 4
252.64466647 0 1 3
253.43816090 0 1 4
253.55929263 0 1 3
255.46020475 0 1 4
255.46652475 0 1 3
256.23744951 0 1 4
256.36064615 0 1 3
256.96806459 0 1 4
257.14204619 0 1 3
257.85092883 0 1 4
257.85799285 0 1 3
258.77465423 0 1 4
258.77945240 0 1 3
259.71907712 0 1 4
259.72523645 0 1 3
260.74892029 0 1 4
260.75782128 0 1 3
261.55505194 0 1 4
261.56476843 0 1 3
262.90560568 0 1 4
262.91294251 0 1 3
263.81457416 0 1 4
263.82502471 0 1 3
265.16041878 0 1 4
265.17064695 0 1 3
266.16056322 0 1 4
266.34758771 0 1 3
267.05438580 0 1 4
267.06283616 0 1 3
268.00423859 0 1 4
268.01177927 0 1 3
268.89163694 0 1 4
268.90080661 0 1 3
269.82917604 0 1 4
269.94472363 0 1 3
271.38577112 0 1 4
271.39420445 0 1 3
271.96789319 0 1 4
271.97868303 0 1 3
272.98517199 0 1 4
272.99178309 0 1 3
273.98419773 0 1 4
273.99131699 0 1 3
274.85301746 0 1 4
275.06208647 0 1 3
275.91923816 0 1 4
275.92933150 0 1 3
276.81888151 0 1 4
276.82822017 0 1 3
277.94029820 0 1 4
277.99125136 0 1 3
278.60823841 0 1 4
278.61424917 0 1 3
280.41140988 0 1 4
280.41963171 0 1 3
281.24272331 0 1 4
281.41995901 0 1 3
282.44316983 0 1 4
282.45188375 0 1 3
283.34587966 0 1 4
283.35520482 0 1 3
284.17630940 0 1 4
284.36049760 0 1 3
285.53405505 0 1 4
285.54231873 0 1 3
286.37980299 0 1 4
286.50958200 0 1 3
287.31009837 0 1 4
287.31898763 0 1 3
288.23694090 0 1 4
288.24634940 0 1 3
289.13747423 0 1 4
289.14504199 0 1 3
290.10261939 0 1 4
290.23247303 0 1 3
290.69975796 0 1 4
290.70734396 0 1 3
291.36364507 0 1 4
291.37722491 0 1 3
292.11928276 0 1 4
292.12926276 0 1 3
293.07053026 0 1 4
293.08196992 0 1 3
294.80517430 0 1 4
294.81249147 0 1 3
295.74967402 0 1 4
295.75954811 0 1 3
296.58993599 0 1 4
296.59736633 0 1 3
297.42675911 0 1 4
297.43376501 0 1 3
298.37420172 0 1 4
298.38284055 0 1 3
299.42610142 0 1 4
299.43525909 0 1 3
300.71927213 0 1 4
300.79853522 0 1 3
301.49797860 0 1 4
301.50455260 0 1 3
302.90357119 0 1 4
302.91167525 0 1 3
303.57117599 0 1 4
303.77084364 0 1 3
304.69396841 0 1 4
304.70462917 0 1 3
305.92419128 0 1 4
305.92985694 0 1 3
307.34053435 0 1 4
307.35358932 0 1 3
307.93698201 0 1 4
307.95628340 0 1 3
309.98881671 0 1 4
310.20445390 0 1 3
310.84891394 0 1 4
310.97901404 0 1 3
311.68091334 0 1 4
311.69190653 0 1 3
312.80675822 0 1 4
312.84222942 0 1 3
313.53840233 0 1 4
314.86634309 0 1 3
315.89428884 0 1 4
315.90119734 0 1 3
316.66292350 0 1 4
316.67431445 0 1 3
317.65468638 0 1 4
317.66531298 0 1 3
318.85907053 0 1 4
318.86542137 0 1 3
319.86889796 0 1 4
319.87908591 0 1 3
321.11534991 0 1 4
321.12137624 0 1 3
321.82908586 0 1 4
322.06354326 0 1 3
322.73421679 0 1 4
322.83727624 0 1 3
323.55477145 0 1 4
323.56809212 0 1 3
325.00677964 0 1 4
325.01440647 0 1 3
326.04649085 0 1 4
326.24055354 0 1 3
327.08653614 0 1 4
327.09788234 0 1 3
328.10365953 0 1 4
328.11191654 0 1 3
329.05491716 0 1 4
329.26473332 0 1 3
330.42250779 0 1 4
330.43315818 0 1 3
331.08624206 0 1 4
331.09319728 0 1 3
332.08094914 0 1 4
332.08723514 0 1 3
332.96900197 0 1 4
332.98048997 0 1 3
333.87213740 0 1 4
333.88139962 0 1 3
334.99198561 0 1 4
335.15196922 0 1 3
336.50321623 0 1 4
336.51271050 0 1 3
340.71641538 0 1 4
340.72734947 0 1 3
341.37125756 0 1 4
341.38565099 0 1 3
342.23304820 0 1 4
342.24925268 0 1 3
343.12567741 0 1 4
343.13657407 0 1 3
344.85659342 0 1 4
344.86399627 0 1 3
345.87647402 0 1 4
345.88210304 0 1 3
346.66334522 0 1 4
346.67211122 0 1 3
347.79207186 0 1 4
347.79703620 0 1 3
348.55656647 0 1 4
348.72657489 0 1 3
349.42002075 0 1 4
349.42866643 0 1 3
350.77051575 0 1 4
350.77908784 0 1 3
351.49467317 0 1 4
351.50231017 0 1 3
352.38888692 0 1 4
352.40117559 0 1 3
353.67642349 0 1 4
353.72856960 0 1 3
354.88338706 0 1 4
355.05135100 0 1 3
355.72946788 0 1 4
355.73670327 0 1 3
356.36931328 0 1 4
356.39555134 0 1 3
357.64892911 0 1 4
357.65876161 0 1 3
358.29056552 0 1 4
358.33274131 0 1 3
360.30872814 0 1 4
360.31512899 0 1 3
361.19477575 0 1 4
361.20307728 0 1 3
362.50876985 0 1 4
362.53777490 0 1 3
363.69340970 0 1 4
364.85930763 0 1 3
365.88166320 0 1 4
365.89201890 0 1 3
366.32631702 0 1 4
366.33551136 0 1 3
367.82257188 0 1 4
367.83301989 0 1 3
370.36485427 0 1 4
370.37556787 0 1 3
370.94028457 0 1 4
371.01080865 0 1 3
371.71085096 0 1 4
371.71872514 0 1 3
372.69696530 0 1 4
372.70688580 0 1 3
375.12439282 0 1 4
375.31825218 0 1 3
376.09413302 0 1 4
376.10863284 0 1 3
377.07876991 0 1 4
377.08940991 0 1 3
378.05833950 0 1 4
378.06535650 0 1 3
379.08686981 0 1 4
379.09413147 0 1 3
380.70536184 0 1 4
380.89482833 0 1 3
381.65302817 0 1 4
381.66381826 0 1 3
382.19831249 0 1 4
382.39719176 0 1 3
383.25101974 0 1 4
383.26012529 0 1 3
384.24629504 0 1 4
384.45273199 0 1 3
385.28627210 0 1 4
385.29586677 0 1 3
386.08944954 0 1 4
386.09851689 0 1 3
387.17942315 0 1 4
387.19105736 0 1 3
388.19487909 0 1 4
388.20107009 0 1 3
389.45008302 0 1 4
389.46082691 0 1 3
390.67609003 0 1 4
390.80002452 0 1 3
391.63265698 0 1 4
391.64064065 0 1 3
392.67064830 0 1 4
392.68159799 0 1 3
393.21223494 0 1 4
393.21919427 0 1 3
393.90012507 0 1 4
394.06818637 0 1 3
394.87752486 0 1 4
394.88622253 0 1 3
395.65283757 0 1 4
395.79441003 0 1 3
396.52115750 0 1 4
396.52970050 0 1 3
397.96767291 0 1 4
398.04980720 0 1 3
398.65810905 0 1 4
398.78344868 0 1 3
400.08091521 0 1 4
400.19288539 0 1 3
400.63495582 0 1 4
400.64405132 0 1 3
401.48140751 0 1 4
401.49119827 0 1 3
402.16493713 0 1 4
402.17300822 0 1 3
402.91316729 0 1 4
402.92063700 0 1 3
405.40709896 0 1 4
405.41540096 0 1 3
406.52103928 0 1 4
406.73596746 0 1 3
407.44179623 0 1 4
407.45041762 0 1 3
408.48075160 0 1 4
408.49235577 0 1 3
409.43718971 0 1 4
409.61790713 0 1 3
410.68520088 0 1 4
410.69405897 0 1 3
411.77776877 0 1 4
411.90291526 0 1 3
414.99169044 0 1 4
415.00080620 0 1 3
415.93501070 0 1 4
415.94592653 0 1 3
416.90048550 0 1 4
416.97296736 0 1 3
417.39674517 0 1 4
417.40825422 0 1 3
418.23476543 0 1 4
418.41061598 0 1 3
419.05367456 0 1 4
419.05962891 0 1 3
420.57599881 0 1 4
420.58435886 0 1 3
421.44873149 0 1 4
421.45615549 0 1 3
422.75195638 0 1 4
422.90453802 0 1 3
423.76018566 0 1 4
423.87549114 0 1 3
424.47073310 0 1 4
424.65630531 0 1 3
425.57709359 0 1 4
425.58461768 0 1 3
426.27870388 0 1 4
426.47370865 0 1 3
427.37835485 0 1 4
427.38549052 0 1 3
428.69801566 0 1 4
428.70617866 0 1 3
429.42900851 0 1 4
429.48150410 0 1 3
430.47704081 0 1 4
430.48663097 0 1 3
431.35718644 0 1 4
431.36629811 0 1 3
432.80110720 0 1 4
432.81046953 0 1 3
433.84249545 0 1 4
433.90041288 0 1 3
434.86035093 0 1 4
434.86992393 0 1 3
435.78404275 0 1 4
435.79121651 0 1 3
436.70484172 0 1 4
436.71187722 0 1 3
437.98791798 0 1 4
438.17770660 0 1 3
438.75047476 0 1 4
438.90068004 0 1 3
439.64910584 0 1 4
439.65878618 0 1 3
440.40882264 0 1 4
440.41450714 0 1 3
441.26875041 0 1 4
441.27900934 0 1 3
442.10562293 0 1 4
442.27436390 0 1 3
442.84150746 0 1 4
442.85021013 0 1 3
443.77910522 0 1 4
443.78790388 0 1 3
444.67487923 0 1 4
444.68162106 0 1 3
445.73057151 0 1 4
445.74138501 0 1 3
446.69250903 0 1 4
446.81547346 0 1 3
448.02869490 0 1 4
448.10695568 0 1 3
448.87760210 0 1 4
448.88752243 0 1 3
449.81159874 0 1 4
449.81936108 0 1 3
450.93271937 0 1 4
450.94150772 0 1 3
452.04693216 0 1 4
452.05568783 0 1 3
453.12790619 0 1 4
453.13630492 0 1 3
454.18078383 0 1 4
454.18894576 0 1 3
455.16555633 0 1 4
455.37948785 0 1 3
456.08719401 0 1 4
456.16324151 0 1 3
456.92194648 0 1 4
456.93145887 0 1 3
458.95174878 0 1 4
458.95822445 0 1 3
459.50417300 0 1 4
459.69778977 0 1 3
460.34575468 0 1 4
460.50808173 0 1 3
461.40664079 0 1 4
461.41389401 0 1 3
462.92052270 0 1 4
462.93120239 0 1 3
463.36658820 0 1 4
463.42404827 0 1 3
464.25776574 0 1 4
464.28559576 0 1 3
465.52788148 0 1 4
465.53905287 0 1 3
466.57221521 0 1 4
466.57858343 0 1 3
467.55309701 0 1 4
467.56243373 0 1 3
468.55202637 0 1 4
468.56269570 0 1 3
469.72125499 0 1 4
469.72940201 0 1 3
471.89334129 0 1 4
471.90022612 0 1 3
472.54909695 0 1 4
472.74163222 0 1 3
473.49157567 0 1 4
473.67670638 0 1 3
474.45856403 0 1 4
474.47383703 0 1 3
475.50105767 0 1 4
475.50990851 0 1 3
476.48273601 0 1 4
476.65266370 0 1 3
477.44346622 0 1 4
477.65736032 0 1 3
478.53825921 0 1 4
478.54949555 0 1 3
479.55894599 0 1 4
479.56907466 0 1 3
480.63630647 0 1 4
480.80588376 0 1 3
481.57277148 0 1 4
481.57961031 0 1 3
482.34267939 0 1 4
482.34895572 0 1 3
482.98995514 0 1 4
482.99829073 0 1 3
483.53390449 0 1 4
483.53991566 0 1 3
484.12171733 0 1 4
484.13234966 0 1 3
484.83700361 0 1 4
484.84602065 0 1 3
485.98377837 0 1 4
486.07447005 0 1 3
486.31495623 0 1 4
486.41558161 0 1 3
487.15213260 0 1 4
487.16084995 0 1 3
490.23000967 0 1 4
490.35690189 0 1 3
491.19654051 0 1 4
491.20452818 0 1 3
492.05918245 0 1 4
492.24716855 0 1 3
492.95960912 0 1 4
492.97083455 0 1 3
493.84178395 0 1 4
493.84897312 0 1 3
495.43497919 0 1 4
495.44343885 0 1 3
496.07822155 0 1 4
496.08857659 0 1 3
497.09679665 0 1 4
497.10477515 0 1 3
497.39260291 0 1 4
497.52573045 0 1 3
499.89658578 0 1 4
499.90668028 0 1 3
500.40375913 0 1 4
500.48423105 0 1 3
501.04727469 0 1 4
501.14787778 0 1 3
501.60779006 0 1 4
501.61424979 0 1 3
502.34863581 0 1 4
502.46619388 0 1 3
505.27348695 0 1 4
505.28439493 0 1 3
506.08305461 0 1 4
506.09252683 0 1 3
506.63930703 0 1 4
506.65553694 0 1 3
507.47972029 0 1 4
507.49276284 0 1 3
510.08194579 0 1 4
510.28786571 0 1 3
510.64829856 0 1 4
510.65317891 0 1 3
510.91020696 0 1 4
511.06439150 0 1 3
511.25671843 0 1 4
511.28487004 0 1 3
515.04437713 0 1 4
520.04437713 0 1 5
520.12093476 0 1 4
521.42685901 0 1 5
521.43627371 0 1 4
522.20954487 0 1 5
522.21601056 0 1 4
523.13413420 0 1 5
523.14057220 0 1 4
524.15135190 0 1 5
524.15998491 0 1 4
526.08553994 0 1 5
526.09466443 0 1 4
526.59158515 0 1 5
526.59930913 0 1 4
527.62102933 0 1 5
527.62808706 0 1 4
528.84718953 0 1 5
528.85433920 0 1 4
529.79094704 0 1 5
529.98568474 0 1 4
531.05159307 0 1 5
531.24370046 0 1 4
531.73059796 0 1 5
531.73662713 0 1 4
532.59999366 0 1 5
532.61615783 0 1 4
533.63094328 0 1 5
533.81735211 0 1 4
534.78241871 0 1 5
534.79013934 0 1 4
535.48078550 0 1 5
535.48869538 0 1 4
536.44007769 0 1 5
536.44830878 0 1 4
536.99202195 0 1 5
537.17331839 0 1 4
537.53601211 0 1 5
538.04737590 0 1 4
538.22433887 0 1 5
538.36896452 0 1 4
538.79067428 0 1 5
538.80207615 0 1 4
538.96041468 0 1 5
539.18966539 0 1 4
540.02939934 0 1 5
542.06788756 0 1 4
542.20698454 0 1 5
542.68793032 0 1 6
542.83933576 0 1 5
545.31399896 0 1 6
545.31837903 0 1 5
545.97435132 0 1 6
545.98177040 0 1 5
546.90381085 0 1 6
547.07878901 0 1 5
548.50419060 0 1 6
548.51612476 0 1 5
549.39319405 0 1 6
549.39776082 0 1 5
550.28469441 0 1 6
550.29101624 0 1 5
551.20951137 0 1 6
551.29118232 0 1 5
551.88782960 0 1 6
552.05538708 0 1 5
552.93087072 0 1 6
552.93838304 0 1 5
553.89785832 0 1 6
553.90430120 0 1 5
555.34645168 0 1 6
555.35646685 0 1 5
556.05365496 0 1 6
556.06312560 0 1 5
557.73736311 0 1 6
557.75113506 0 1 5
558.17735011 0 1 6
558.36059614 0 1 5
559.11324514 0 1 6
559.12261319 0 1 5
560.06519514 0 1 6
560.18067671 0 1 5
560.71111340 0 1 6
560.71757436 0 1 5
561.78786242 0 1 6
561.93253824 0 1 5
562.24991138 0 1 6
562.25616097 0 1 5
563.09865270 0 1 6
563.14966596 0 1 5
564.23278049 0 1 6
569.23278049 0 1 7
