1 4.012500000 4.055812560 0.0433126
2 4.025000000 4.083601891 0.0586019
3 4.037500000 4.112601055 0.0751011
4 4.050000000 4.140570386 0.0905704
5 4.062500000 4.168332717 0.105833
6 4.075000000 4.196131048 0.121131
7 4.087500000 4.225879913 0.13838
8 4.100000000 4.253489244 0.153489
9 4.112500000 4.281197575 0.168698
10 4.125000000 4.309262906 0.184263
11 4.137500000 4.336908236 0.199408
12 4.150000000 4.364598567 0.214599
13 4.162500000 4.400269765 0.23777
14 4.175000000 4.428425096 0.253425
15 4.187500000 4.456106427 0.268606
16 4.200000000 4.491750625 0.291751
17 4.212500000 4.520004956 0.307505
18 4.225000000 4.549324853 0.324325
19 4.237500000 4.577069184 0.339569
20 4.250000000 4.604831515 0.354832
