1 4.012500000 4.062813893 0.0503139
2 4.025000000 4.090558224 0.0655582
3 4.037500000 4.119593388 0.0820934
4 4.050000000 4.147490719 0.0974907
5 4.062500000 4.175244050 0.112744
6 4.075000000 4.203006381 0.128006
7 4.087500000 4.232755245 0.145255
8 4.100000000 4.260418576 0.160419
9 4.112500000 4.288081907 0.175582
10 4.125000000 4.316174238 0.191174
11 4.137500000 4.343855569 0.206356
12 4.150000000 4.379436767 0.229437
13 4.162500000 4.407664098 0.245164
14 4.175000000 4.435381429 0.260381
15 4.187500000 4.463053760 0.275554
16 4.200000000 4.498697957 0.298698
17 4.212500000 4.526943288 0.314443
18 4.225000000 4.556209186 0.331209
19 4.237500000 4.584070517 0.346571
20 4.250000000 4.612261848 0.362262
