1.11089100 1 0 1
1.13937352 1 0 2
1.16253049 1 0 3
1.25333386 1 0 4
1.30246119 1 0 5
1.34523878 1 0 6
1.39501925 1 0 7
33.78058541 1 0 6
33.86199344 1 0 7
34.24113178 1 0 6
34.32538018 1 0 7
34.37234985 1 0 6
34.39269261 1 0 7
34.43893604 1 0 6
34.50678032 1 0 7
34.61146217 1 0 6
34.62093822 1 0 7
34.72016894 1 0 6
34.76756776 1 0 7
34.78451133 1 0 6
34.84718857 1 0 7
34.94076943 1 0 6
34.99683334 1 0 7
35.04432059 1 0 6
35.12038268 1 0 7
35.23933219 1 0 6
35.25335511 1 0 7
35.28007406 1 0 6
35.38752279 1 0 7
35.40935454 1 0 6
35.48453356 1 0 7
35.49608889 1 0 6
35.53004029 1 0 7
35.55785076 1 0 6
35.63525618 1 0 7
35.65986937 1 0 6
35.71686930 1 0 7
35.73116154 1 0 6
35.79655584 1 0 7
35.81054412 1 0 6
35.85990275 1 0 7
35.88063756 1 0 6
35.90526672 1 0 7
35.91445178 1 0 6
36.10760618 1 0 7
36.13036303 1 0 6
36.15861113 1 0 5
36.16465831 1 0 6
36.19988150 1 0 7
36.21802564 1 0 6
36.30546269 1 0 7
36.32490481 1 0 6
36.39424944 1 0 7
36.42264078 1 0 6
36.61977986 1 0 7
36.63630995 1 0 6
36.88782813 1 0 7
36.90387454 1 0 6
37.08241786 1 0 7
37.09580875 1 0 6
37.16093908 1 0 7
37.21268926 1 0 6
38.36335808 1 0 7
38.38440345 1 0 6
39.09198808 1 0 5
39.20144085 1 0 6
39.45857342 1 0 7
39.49666578 1 0 6
39.65637424 1 0 5
39.91336089 1 0 6
40.09901601 1 0 5
40.28583948 1 0 6
40.31432029 1 0 5
40.39786763 1 0 6
40.42192828 1 0 5
40.46626714 1 0 6
40.48574549 1 0 5
40.76384727 1 0 6
40.80341785 1 0 5
40.91978069 1 0 6
41.01495257 1 0 5
41.17993473 1 0 6
41.25925194 1 0 5
41.40645866 1 0 6
41.42083854 1 0 5
41.59509397 1 0 6
41.61114335 1 0 5
41.75611953 1 0 6
41.76912193 1 0 5
41.82561322 1 0 6
41.85882256 1 0 5
42.01456498 1 0 6
42.03022070 1 0 5
42.45106367 1 0 6
42.48466727 1 0 5
42.59252420 1 0 6
42.62765137 1 0 5
42.77929005 1 0 6
42.80828929 1 0 5
43.03792686 1 0 6
43.07388085 1 0 5
43.15560362 1 0 6
43.17840153 1 0 5
43.33555580 1 0 6
43.36136165 1 0 5
43.43870390 1 0 4
43.52444196 1 0 5
43.78588818 1 0 6
43.82337367 1 0 5
44.21381004 1 0 6
44.24754228 1 0 5
44.40720383 1 0 6
44.43691811 1 0 5
44.54860662 1 0 6
44.56626231 1 0 5
44.61842176 1 0 6
44.63959081 1 0 5
44.84458048 1 0 6
44.85557809 1 0 5
44.99758942 1 0 6
45.01563628 1 0 5
45.07573642 1 0 6
45.15445448 1 0 5
45.38400437 1 0 6
45.43113878 1 0 5
45.64805299 1 0 6
45.67645959 1 0 5
45.88045589 1 0 6
45.90025474 1 0 5
46.12397442 1 0 6
46.14987430 1 0 5
46.55255103 1 0 6
46.56938332 1 0 5
46.72887604 1 0 6
46.75528334 1 0 5
46.89129545 1 0 6
46.91113749 1 0 5
47.05618726 1 0 6
47.07413352 1 0 5
47.34536799 1 0 6
47.41106963 1 0 5
47.65049495 1 0 6
47.67016381 1 0 5
48.11903222 1 0 6
48.14930297 1 0 5
48.45553929 1 0 6
48.49255827 1 0 5
48.76724064 1 0 6
48.79057944 1 0 5
49.07380889 1 0 6
49.14294450 1 0 5
49.34180099 1 0 6
49.36463111 1 0 5
49.61175297 1 0 6
49.63565450 1 0 5
49.83341471 1 0 6
49.86653158 1 0 5
50.03008656 1 0 6
50.05550966 1 0 5
50.23951338 1 0 6
50.26665224 1 0 5
50.39261539 1 0 6
50.41397742 1 0 5
50.60812764 1 0 6
50.63020976 1 0 5
50.81822930 1 0 6
50.83904453 1 0 5
50.92379306 1 0 6
50.93776376 1 0 5
51.27454594 1 0 6
51.30336756 1 0 5
51.46737180 1 0 6
51.48444569 1 0 5
51.64439501 1 0 6
51.68142607 1 0 5
51.89587302 1 0 6
51.93013256 1 0 5
52.08988416 1 0 6
52.10132396 1 0 5
52.20605389 1 0 6
52.30457397 1 0 5
52.51750018 1 0 6
52.54317562 1 0 5
52.64945353 1 0 6
52.68224982 1 0 5
52.89095102 1 0 6
52.92548444 1 0 5
53.16737555 1 0 6
53.19223964 1 0 5
53.52228131 1 0 6
53.54793105 1 0 5
53.63112040 1 0 6
53.65375357 1 0 5
53.96894433 1 0 6
53.99176866 1 0 5
54.25401858 1 0 6
54.29392487 1 0 5
54.69105250 1 0 6
54.73522446 1 0 5
54.95111347 1 0 6
54.98491048 1 0 5
55.17483405 1 0 6
55.21227639 1 0 5
55.41706363 1 0 6
55.42874331 1 0 5
55.63202578 1 0 6
55.65380720 1 0 5
55.76331649 1 0 6
55.77992497 1 0 5
55.86231893 1 0 6
55.89584792 1 0 5
56.48527263 1 0 6
56.51999971 1 0 5
56.66405793 1 0 6
56.67820461 1 0 5
56.74773040 1 0 6
56.76721642 1 0 5
56.85745845 1 0 6
56.89299360 1 0 5
57.05666101 1 0 6
57.08004140 1 0 5
57.16740575 1 0 6
57.18918404 1 0 5
57.51605410 1 0 6
57.58127694 1 0 5
57.77255028 1 0 6
57.79241575 1 0 5
57.86523933 1 0 6
57.88348380 1 0 5
58.03203952 1 0 6
58.05925137 1 0 5
58.21226747 1 0 6
58.23319716 1 0 5
58.44720625 1 0 6
58.47952414 1 0 5
58.58160355 1 0 6
58.62398062 1 0 5
58.67372367 1 0 6
58.68821472 1 0 5
58.87973610 1 0 6
58.89721145 1 0 5
59.03147162 1 0 6
59.07248506 1 0 5
59.19010676 1 0 6
59.20844691 1 0 5
59.27167569 1 0 6
59.30080281 1 0 5
59.46612515 1 0 6
59.48131714 1 0 5
59.62301174 1 0 6
59.64900669 1 0 5
59.72887546 1 0 6
59.74719778 1 0 5
59.85575705 1 0 6
59.86897531 1 0 5
59.97195163 1 0 6
60.00407510 1 0 5
60.07022838 1 0 6
60.10070135 1 0 5
60.17183562 1 0 6
60.19456104 1 0 5
60.29981636 1 0 6
60.31587249 1 0 5
60.39714700 1 0 6
60.41605225 1 0 5
60.47959279 1 0 6
60.48520919 1 0 5
60.54705120 1 0 6
60.57151525 1 0 5
60.63268707 1 0 6
60.64559102 1 0 5
60.70658442 1 0 6
60.73886811 1 0 5
60.78276247 1 0 6
60.80697971 1 0 5
60.97077859 1 0 6
61.00701539 1 0 5
61.07653196 1 0 6
61.11608911 1 0 5
61.19085888 1 0 6
61.20836304 1 0 5
61.28554181 1 0 6
61.29325463 1 0 5
61.37438620 1 0 6
61.38468154 1 0 5
61.45830390 1 0 6
61.46499820 1 0 5
61.54914180 1 0 6
61.56590615 1 0 5
61.63571752 1 0 6
61.66423770 1 0 5
61.83896590 1 0 6
61.86199539 1 0 5
62.03933265 1 0 6
62.07478874 1 0 5
62.47882024 1 0 6
62.51689556 1 0 5
62.69575817 1 0 6
62.72638908 1 0 5
63.06010568 1 0 6
63.08212480 1 0 5
63.52501907 1 0 6
63.55399537 1 0 5
63.73888878 1 0 4
63.83972509 1 0 5
63.94250933 1 0 6
63.96865156 1 0 5
64.52764650 1 0 6
64.55629104 1 0 5
64.93642629 1 0 6
65.02682107 1 0 5
65.17011466 1 0 6
65.18747565 1 0 5
65.35262681 1 0 6
65.37130469 1 0 5
65.69622469 1 0 6
65.77384424 1 0 5
65.93398035 1 0 6
65.95728693 1 0 5
66.43152259 1 0 6
66.44548094 1 0 5
67.24443608 1 0 4
67.43697809 1 0 5
67.71573106 1 0 4
67.89430636 1 0 5
68.02632771 1 0 4
68.23799208 1 0 5
68.35134276 1 0 4
68.42820855 1 0 5
68.67123547 1 0 4
68.73503870 1 0 5
68.76400585 1 0 4
68.83691533 1 0 5
68.86774852 1 0 4
69.19359986 1 0 5
69.28978140 1 0 4
69.47681119 1 0 5
69.54766871 1 0 4
69.62098920 1 0 5
69.67342246 1 0 4
69.86279164 1 0 5
69.94354822 1 0 4
69.97869531 1 0 5
70.00392687 1 0 4
70.22757866 1 0 5
70.26448277 1 0 4
70.66220793 1 0 5
70.69842857 1 0 4
70.86840588 1 0 5
70.88632465 1 0 4
71.29911605 1 0 5
71.34348345 1 0 4
71.56289532 1 0 5
71.58205846 1 0 4
71.73488444 1 0 5
71.76478930 1 0 4
71.90097411 1 0 5
71.93458917 1 0 4
72.14933038 1 0 5
72.20047614 1 0 4
72.39448833 1 0 5
72.42104019 1 0 4
72.75188103 1 0 5
72.78473493 1 0 4
72.89757646 1 0 5
72.93434487 1 0 4
73.05592136 1 0 5
73.10074221 1 0 4
73.26842776 1 0 5
73.31252461 1 0 4
73.50495757 1 0 5
73.52291138 1 0 4
73.95840132 1 0 5
73.98190551 1 0 4
74.20061499 1 0 5
74.22995646 1 0 4
74.36640429 1 0 5
74.41377801 1 0 4
74.80396980 1 0 5
74.82942184 1 0 4
75.03569091 1 0 5
75.04417317 1 0 4
75.14339277 1 0 5
75.22602429 1 0 4
75.40946299 1 0 5
75.42862099 1 0 4
75.61478199 1 0 5
75.63891247 1 0 4
75.78034629 1 0 5
75.81823251 1 0 4
76.14655535 1 0 5
76.18819605 1 0 4
76.34332112 1 0 5
76.36228170 1 0 4
76.44006254 1 0 5
76.45588890 1 0 4
76.84509071 1 0 5
76.86792635 1 0 4
77.06162519 1 0 5
77.08279944 1 0 4
77.25855503 1 0 5
77.27025884 1 0 4
77.44435656 1 0 5
77.49388999 1 0 4
77.69346593 1 0 5
77.73203990 1 0 4
77.94428016 1 0 5
77.96673360 1 0 4
78.13670302 1 0 5
78.17589824 1 0 4
78.28263987 1 0 5
78.30611950 1 0 4
78.45825027 1 0 5
78.52849664 1 0 4
78.68027749 1 0 5
78.71745473 1 0 4
79.11317280 1 0 5
79.14186820 1 0 4
79.22131773 1 0 5
79.24433850 1 0 4
79.36211958 1 0 5
79.37963579 1 0 4
79.46017441 1 0 5
79.48041769 1 0 4
79.63776058 1 0 5
79.67600103 1 0 4
79.85621493 1 0 5
79.88534012 1 0 4
79.98502504 1 0 5
80.00358479 1 0 4
80.08796245 1 0 5
80.12552469 1 0 4
80.23266500 1 0 5
80.24842428 1 0 4
80.33917226 1 0 5
80.42834845 1 0 4
80.62308954 1 0 5
80.64582904 1 0 4
80.82823999 1 0 5
80.84795582 1 0 4
80.92393764 1 0 5
80.93402471 1 0 4
81.20183192 1 0 5
81.26545548 1 0 4
81.44618446 1 0 5
81.47799069 1 0 4
81.56450639 1 0 5
81.59116850 1 0 4
81.69436682 1 0 5
81.73107198 1 0 4
81.83892890 1 0 5
81.86366476 1 0 4
81.93916992 1 0 5
81.96864022 1 0 4
82.19844428 1 0 5
82.22994653 1 0 4
82.29827632 1 0 5
82.32365907 1 0 4
82.40598530 1 0 5
82.43782733 1 0 4
82.52860922 1 0 5
82.56300785 1 0 4
82.65912445 1 0 5
82.68226310 1 0 4
82.78149943 1 0 5
82.80693913 1 0 4
82.87982985 1 0 5
82.91053072 1 0 4
83.20137245 1 0 5
83.22743521 1 0 4
83.42488259 1 0 5
83.45454360 1 0 4
83.57990580 1 0 5
83.62441193 1 0 4
83.75414491 1 0 5
83.78064933 1 0 4
83.88613665 1 0 5
83.90958101 1 0 4
84.14245581 1 0 5
84.16667940 1 0 4
84.30775649 1 0 5
84.35030869 1 0 4
84.38299200 1 0 5
84.42300571 1 0 4
84.48939715 1 0 5
84.52188408 1 0 4
84.61942435 1 0 5
84.64481058 1 0 4
84.72393209 1 0 5
84.74995222 1 0 4
84.81722480 1 0 5
84.83785782 1 0 4
84.92326543 1 0 5
84.94121842 1 0 4
85.19000965 1 0 5
85.21550537 1 0 4
85.29081439 1 0 5
85.33032865 1 0 4
85.45893029 1 0 5
85.48709755 1 0 4
85.62869580 1 0 5
85.66525118 1 0 4
85.80001957 1 0 5
85.82460157 1 0 4
85.98732692 1 0 5
86.01507916 1 0 4
86.07034103 1 0 5
86.09466922 1 0 4
86.17429196 1 0 5
86.19436938 1 0 4
86.27931016 1 0 5
86.30299596 1 0 4
86.34697235 1 0 5
86.37190296 1 0 4
86.49312737 1 0 5
86.51528376 1 0 4
86.59362753 1 0 5
86.61800585 1 0 4
86.69397800 1 0 5
86.70963230 1 0 4
86.77838712 1 0 5
86.80282773 1 0 4
86.81591918 1 0 5
86.82815243 1 0 4
86.88784886 1 0 5
86.90057618 1 0 4
87.03567732 1 0 5
87.05626515 1 0 4
87.10908449 1 0 5
87.11767307 1 0 4
87.30284879 1 0 5
87.34242180 1 0 4
87.41802079 1 0 5
87.45693423 1 0 4
87.53075414 1 0 5
87.56514752 1 0 4
87.70573996 1 0 5
87.75441131 1 0 4
87.98906289 1 0 5
88.02374548 1 0 4
88.11161194 1 0 5
88.12580053 1 0 4
88.21851862 1 0 5
88.22790720 1 0 4
88.31622554 1 0 5
88.33184389 1 0 4
88.78726899 1 0 5
88.80468726 1 0 4
88.87475574 1 0 5
88.89647962 1 0 4
89.07484217 1 0 5
89.10364238 1 0 4
89.71863377 1 0 5
89.74367000 1 0 4
90.14523671 1 0 5
90.16524417 1 0 4
90.33968544 1 0 5
90.35740201 1 0 4
90.43864767 1 0 5
90.45495711 1 0 4
90.78570116 1 0 5
90.82485139 1 0 4
91.25035030 1 0 5
91.29138117 1 0 4
92.79673077 1 0 5
92.82513740 1 0 4
94.69031675 1 0 3
94.94516578 1 0 4
96.06708699 1 0 3
96.23830765 1 0 4
97.10238512 1 0 3
97.24806409 1 0 4
97.30585967 1 0 3
97.51141143 1 0 4
97.59479503 1 0 3
97.70300334 1 0 4
97.83482888 1 0 3
97.93273412 1 0 4
97.96731454 1 0 3
98.16891721 1 0 4
98.33072061 1 0 3
98.50057310 1 0 4
98.67188474 1 0 3
98.80443343 1 0 4
98.97287816 1 0 3
99.15382169 1 0 4
99.19377679 1 0 3
99.93576314 1 0 4
100.02601456 1 0 3
100.23713092 1 0 4
100.26952950 1 0 3
100.49234655 1 0 4
100.59874037 1 0 3
100.73695260 1 0 4
100.77551463 1 0 3
100.97303238 1 0 4
101.04510799 1 0 3
101.21076647 1 0 4
101.29606080 1 0 3
101.35308746 1 0 4
101.44440294 1 0 3
101.62129749 1 0 4
101.72026240 1 0 3
101.79334930 1 0 4
101.85025986 1 0 3
102.12063704 1 0 4
102.16015891 1 0 3
102.42357758 1 0 4
102.50534807 1 0 3
102.68694291 1 0 4
102.80816592 1 0 3
103.01981587 1 0 4
103.06327470 1 0 3
103.22063297 1 0 4
103.26980048 1 0 3
103.43436803 1 0 4
103.51765292 1 0 3
103.59583983 1 0 4
103.74390719 1 0 3
103.91071189 1 0 4
103.94504988 1 0 3
104.15121439 1 0 4
104.18085529 1 0 3
104.31204965 1 0 4
104.33202450 1 0 3
104.52768911 1 0 4
104.54791501 1 0 3
104.63051405 1 0 4
104.70005909 1 0 3
104.81159851 1 0 4
104.87095814 1 0 3
105.02803183 1 0 4
105.06017724 1 0 3
105.30991430 1 0 4
105.33216876 1 0 3
105.46813485 1 0 4
105.49080053 1 0 3
105.59379158 1 0 4
105.61128353 1 0 3
105.73092192 1 0 4
105.82016455 1 0 3
105.99146253 1 0 4
106.04039583 1 0 3
106.29384397 1 0 4
106.31510092 1 0 3
106.49564300 1 0 4
106.55537686 1 0 3
106.69626408 1 0 4
106.80190134 1 0 3
106.91182289 1 0 4
106.92851515 1 0 3
107.01255176 1 0 4
107.10503653 1 0 3
107.30400856 1 0 4
107.39842316 1 0 3
107.56419659 1 0 4
107.59358860 1 0 3
107.81786173 1 0 4
107.90540851 1 0 3
108.12964675 1 0 4
108.17589429 1 0 3
108.35588980 1 0 4
108.40440408 1 0 3
108.51544974 1 0 4
108.59371610 1 0 3
108.83059186 1 0 4
108.89429442 1 0 3
109.08257637 1 0 4
109.10444942 1 0 3
109.16744730 1 0 4
109.28261352 1 0 3
109.71468498 1 0 4
109.73089371 1 0 3
109.87490857 1 0 4
109.92030900 1 0 3
110.32097354 1 0 4
110.39499490 1 0 3
110.53693189 1 0 4
110.57505358 1 0 3
110.71825167 1 0 4
110.75685030 1 0 3
110.89776845 1 0 4
110.96287104 1 0 3
111.11561732 1 0 4
111.13205699 1 0 3
111.30786750 1 0 4
111.39163589 1 0 3
111.53472621 1 0 4
111.57793566 1 0 3
111.77400719 1 0 4
111.79163963 1 0 3
111.86444312 1 0 4
111.89509806 1 0 3
111.95771226 1 0 4
112.03367291 1 0 3
112.22191875 1 0 4
112.38244169 1 0 3
112.49201671 1 0 4
112.52204269 1 0 3
112.64901450 1 0 4
112.71029949 1 0 3
112.78691271 1 0 4
112.85676088 1 0 3
113.31955095 1 0 4
113.38248371 1 0 3
113.71579939 1 0 4
113.73328039 1 0 3
113.93229519 1 0 4
114.03957528 1 0 3
114.08405561 1 0 4
114.10400189 1 0 3
114.19685119 1 0 4
114.29163749 1 0 3
114.43669489 1 0 4
114.48143432 1 0 3
114.76538198 1 0 4
114.77619282 1 0 3
115.14731038 1 0 4
115.18737876 1 0 3
115.28068923 1 0 4
115.31787433 1 0 3
115.72288998 1 0 4
115.76721257 1 0 3
116.00118322 1 0 4
116.02266854 1 0 3
116.17760520 1 0 4
116.20576998 1 0 3
116.27019903 1 0 4
116.37525551 1 0 3
116.50377972 1 0 4
116.56350487 1 0 3
116.74427394 1 0 4
116.83038062 1 0 3
116.93077405 1 0 4
117.05510439 1 0 3
117.21373206 1 0 4
117.25403559 1 0 3
117.43925173 1 0 4
117.48335372 1 0 3
117.63749104 1 0 4
117.73688071 1 0 3
117.87168445 1 0 4
117.93837398 1 0 3
118.49355264 1 0 4
118.54726200 1 0 3
118.76660418 1 0 4
118.88209267 1 0 3
119.03988220 1 0 4
119.05841049 1 0 3
119.26682072 1 0 4
119.30791769 1 0 3
119.50947258 1 0 4
119.56603688 1 0 3
119.76265198 1 0 4
119.86604415 1 0 3
120.06643624 1 0 4
120.08150283 1 0 3
120.24460902 1 0 4
120.27659881 1 0 3
120.41985557 1 0 4
120.43932075 1 0 3
120.52353723 1 0 4
120.54949603 1 0 3
120.87261858 1 0 4
121.03251389 1 0 3
121.17038144 1 0 4
121.19536915 1 0 3
121.34419145 1 0 4
121.48026378 1 0 3
121.63813096 1 0 4
121.67773509 1 0 3
121.82136997 1 0 4
121.86357972 1 0 3
122.01077862 1 0 4
122.04174858 1 0 3
122.20441772 1 0 4
122.35493250 1 0 3
122.50885665 1 0 4
122.70836960 1 0 3
122.95992023 1 0 4
123.22514806 1 0 3
123.45992073 1 0 4
123.49876448 1 0 3
123.76134906 1 0 4
123.80349612 1 0 3
123.92078566 1 0 4
123.93878963 1 0 3
124.04984282 1 0 4
124.15508840 1 0 3
124.36199649 1 0 4
124.38505991 1 0 3
124.87690058 1 0 4
124.88644058 1 0 3
124.95649598 1 0 4
124.97530587 1 0 3
125.11908418 1 0 4
125.17835154 1 0 3
125.33436960 1 0 4
125.36614001 1 0 3
125.50251364 1 0 4
125.51954734 1 0 3
125.80148974 1 0 4
125.91227508 1 0 3
126.08809874 1 0 4
126.11241798 1 0 3
126.52657245 1 0 4
126.56109982 1 0 3
126.69671785 1 0 4
126.72229268 1 0 3
126.81139011 1 0 4
126.88184444 1 0 3
127.09348041 1 0 4
127.11665251 1 0 3
127.34705806 1 0 4
127.39980480 1 0 3
127.55554876 1 0 4
127.58138994 1 0 3
127.74052912 1 0 4
127.88997166 1 0 3
128.00507307 1 0 4
128.03071496 1 0 3
128.18210537 1 0 4
128.25602411 1 0 3
128.50592197 1 0 4
128.54752837 1 0 3
128.80300200 1 0 4
128.84828359 1 0 3
129.05328064 1 0 4
129.14775311 1 0 3
129.38185139 1 0 4
129.42912130 1 0 3
129.60277812 1 0 4
129.65932981 1 0 3
129.83968786 1 0 4
129.92255368 1 0 3
130.11785480 1 0 4
130.18600947 1 0 3
130.34387749 1 0 4
130.38138671 1 0 3
130.67197811 1 0 4
130.76718981 1 0 3
130.89778575 1 0 4
130.92767908 1 0 3
131.05889141 1 0 4
131.14572384 1 0 3
131.27339803 1 0 4
131.33634077 1 0 3
131.58594081 1 0 4
131.60625622 1 0 3
131.84111123 1 0 4
131.87303918 1 0 3
132.05850588 1 0 4
132.21218856 1 0 3
132.38714751 1 0 4
132.43208860 1 0 3
132.54187079 1 0 4
132.58367873 1 0 3
132.83687304 1 0 4
132.87281462 1 0 3
132.94809566 1 0 4
132.97627778 1 0 3
133.10863741 1 0 4
133.14939010 1 0 3
133.37803430 1 0 4
133.40011345 1 0 3
133.63342328 1 0 4
133.67794372 1 0 3
133.83156021 1 0 4
133.85186604 1 0 3
134.00154178 1 0 4
134.02042028 1 0 3
134.33929677 1 0 4
134.35213482 1 0 3
134.67642423 1 0 4
134.71065320 1 0 3
135.11256774 1 0 4
135.14525124 1 0 3
135.30013974 1 0 4
135.34025592 1 0 3
135.42204654 1 0 4
135.54035320 1 0 3
135.94311433 1 0 4
135.98027901 1 0 3
136.16213227 1 0 4
136.19692913 1 0 3
136.43967348 1 0 4
136.47452564 1 0 3
136.63907841 1 0 4
136.68777720 1 0 3
136.83890033 1 0 4
136.86941507 1 0 3
137.03702000 1 0 4
137.07149855 1 0 3
137.28553779 1 0 4
137.42104797 1 0 3
137.68173951 1 0 4
137.69563232 1 0 3
138.00875584 1 0 4
138.11613441 1 0 3
138.54424299 1 0 4
138.57798712 1 0 3
138.68408335 1 0 4
138.95108383 1 0 3
139.19688386 1 0 4
139.24122866 1 0 3
139.46971138 1 0 4
139.49868715 1 0 3
139.84662118 1 0 4
139.94448609 1 0 3
140.26271201 1 0 4
140.32037757 1 0 3
140.46249189 1 0 4
140.49022843 1 0 3
140.60140833 1 0 4
140.62807685 1 0 3
140.85696379 1 0 4
140.88210759 1 0 3
141.06992015 1 0 4
141.10032619 1 0 3
141.29347333 1 0 4
141.37871637 1 0 3
141.44399553 1 0 4
141.54327284 1 0 3
141.73586804 1 0 4
141.79530430 1 0 3
142.00706478 1 0 4
142.10814051 1 0 3
142.20716125 1 0 4
142.31903254 1 0 3
142.49507618 1 0 4
142.53761986 1 0 3
142.94392236 1 0 4
142.99718739 1 0 3
143.30023572 1 0 4
143.34045310 1 0 3
143.51238393 1 0 4
143.56084593 1 0 3
143.77117043 1 0 4
143.89572855 1 0 3
144.10054345 1 0 4
144.11885361 1 0 3
144.23771867 1 0 4
144.26219460 1 0 3
144.35376887 1 0 4
144.36402220 1 0 3
144.50457947 1 0 4
144.58878134 1 0 3
144.81362240 1 0 4
144.84694477 1 0 3
144.93132094 1 0 4
144.95465149 1 0 3
145.01201542 1 0 4
145.11991881 1 0 3
145.48263051 1 0 4
145.53710180 1 0 3
145.67479060 1 0 4
145.70655836 1 0 3
145.79192148 1 0 4
145.88387160 1 0 3
145.94520054 1 0 4
146.05070380 1 0 3
146.32402311 1 0 4
146.35672418 1 0 3
146.59111966 1 0 4
146.73754880 1 0 3
146.83754847 1 0 4
146.87114027 1 0 3
147.08456284 1 0 4
147.16040461 1 0 3
147.34021813 1 0 4
147.38016268 1 0 3
147.60472226 1 0 4
147.65005259 1 0 3
147.96194735 1 0 4
148.00519739 1 0 3
148.15794658 1 0 4
148.18622326 1 0 3
148.33271245 1 0 4
148.36367130 1 0 3
148.44874768 1 0 4
148.46531740 1 0 3
148.59384234 1 0 4
148.69264531 1 0 3
148.87853391 1 0 4
148.91031858 1 0 3
148.96361253 1 0 4
149.08609472 1 0 3
149.25702840 1 0 4
149.30364249 1 0 3
149.46354778 1 0 4
149.50154772 1 0 3
149.67984153 1 0 4
149.70993269 1 0 3
149.85348511 1 0 4
149.94469419 1 0 3
150.22421232 1 0 4
150.25518456 1 0 3
150.37434004 1 0 4
150.39643319 1 0 3
150.59998833 1 0 4
150.64847195 1 0 3
151.03590844 1 0 4
151.20851982 1 0 3
151.37941645 1 0 4
151.40681200 1 0 3
151.82362792 1 0 4
151.86892455 1 0 3
152.20551418 1 0 4
152.25471847 1 0 3
152.45373949 1 0 4
152.49312398 1 0 3
152.57696014 1 0 4
152.66555830 1 0 3
152.82980550 1 0 4
152.88720373 1 0 3
153.06800346 1 0 4
153.08746609 1 0 3
153.19318509 1 0 4
153.26607177 1 0 3
153.35943290 1 0 4
153.43915302 1 0 3
153.66987384 1 0 4
153.69727952 1 0 3
153.92267486 1 0 4
153.94519814 1 0 3
154.11108055 1 0 4
154.16074233 1 0 3
154.56025690 1 0 4
154.58050473 1 0 3
154.73578297 1 0 4
154.78195233 1 0 3
154.92203765 1 0 4
154.99007164 1 0 3
155.17750009 1 0 4
155.20462189 1 0 3
155.35514729 1 0 4
155.38543366 1 0 3
155.57403552 1 0 4
155.66450883 1 0 3
155.87200258 1 0 4
155.91802674 1 0 3
156.03898946 1 0 4
156.09668304 1 0 3
156.16606557 1 0 4
156.23160117 1 0 3
156.32089125 1 0 4
156.38505002 1 0 3
156.55699605 1 0 4
156.61750707 1 0 3
156.74195840 1 0 4
156.76943111 1 0 3
156.94656526 1 0 4
157.02423748 1 0 3
157.29350692 1 0 4
157.38360461 1 0 3
157.59185885 1 0 4
157.61860397 1 0 3
157.70228041 1 0 4
157.72201799 1 0 3
157.97221958 1 0 4
158.08007568 1 0 3
158.28508084 1 0 4
158.31632472 1 0 3
158.52805803 1 0 4
158.56952268 1 0 3
158.77309273 1 0 4
158.82139478 1 0 3
159.22568845 1 0 4
159.25453768 1 0 3
159.31806275 1 0 4
159.35662504 1 0 3
159.49119378 1 0 4
159.51531065 1 0 3
159.61993966 1 0 4
159.65053455 1 0 3
159.76415415 1 0 4
159.80671036 1 0 3
159.95743842 1 0 4
159.97637025 1 0 3
160.14296511 1 0 4
160.30959430 1 0 3
160.69403515 1 0 4
160.74860985 1 0 3
160.89629300 1 0 4
160.91816660 1 0 3
161.00206300 1 0 4
161.01694651 1 0 3
161.15121270 1 0 4
161.17013594 1 0 3
161.25082903 1 0 4
161.26503751 1 0 3
161.34120632 1 0 4
161.36499664 1 0 3
161.45228090 1 0 4
161.54532633 1 0 3
161.76295940 1 0 4
161.80299469 1 0 3
162.06976926 1 0 4
162.15958116 1 0 3
162.32598552 1 0 4
162.34649630 1 0 3
162.43575004 1 0 4
162.56955338 1 0 3
162.76666956 1 0 4
162.81369674 1 0 3
163.01379412 1 0 4
163.12189194 1 0 3
163.21231434 1 0 4
163.28312273 1 0 3
163.49649591 1 0 4
163.53655444 1 0 3
163.70551571 1 0 4
163.74300804 1 0 3
163.88130002 1 0 4
163.92871399 1 0 3
164.03886967 1 0 4
164.09559133 1 0 3
164.17158616 1 0 4
164.30366320 1 0 3
164.59797332 1 0 4
164.63129685 1 0 3
164.72287230 1 0 4
164.82317974 1 0 3
164.95916072 1 0 4
165.05667517 1 0 3
165.24647869 1 0 4
165.29827433 1 0 3
165.62319322 1 0 4
165.67463227 1 0 3
165.81024782 1 0 4
165.89650740 1 0 3
166.18962522 1 0 4
166.29016491 1 0 3
166.47479701 1 0 4
166.51766981 1 0 3
166.68109787 1 0 4
166.69174425 1 0 3
166.83589139 1 0 4
166.98367956 1 0 3
167.08142402 1 0 4
167.20723301 1 0 3
167.38442174 1 0 4
167.43155544 1 0 3
167.66063731 1 0 4
167.74427189 1 0 3
168.05430924 1 0 4
168.15922751 1 0 3
168.51039762 1 0 4
168.62756022 1 0 3
168.83132935 1 0 4
168.86515447 1 0 3
169.02109639 1 0 4
169.03903914 1 0 3
169.16935412 1 0 4
169.19691480 1 0 3
169.32832641 1 0 4
169.36158698 1 0 3
169.63810912 1 0 4
169.75712096 1 0 3
169.89979176 1 0 4
169.92588030 1 0 3
170.14447178 1 0 4
170.18431423 1 0 3
170.60176773 1 0 4
170.66776474 1 0 3
170.86756953 1 0 4
170.90224458 1 0 3
171.08883574 1 0 4
171.12239913 1 0 3
171.26884999 1 0 4
171.36755777 1 0 3
171.48097478 1 0 4
171.50496135 1 0 3
171.73390101 1 0 4
171.75586521 1 0 3
171.94943039 1 0 4
171.96540333 1 0 3
172.25211494 1 0 4
172.45465186 1 0 3
172.77242309 1 0 4
172.79877696 1 0 3
172.89527987 1 0 4
172.98965650 1 0 3
173.11066323 1 0 4
173.14753124 1 0 3
173.32477148 1 0 4
173.37061678 1 0 3
173.49246601 1 0 4
173.51924589 1 0 3
173.76226492 1 0 4
173.82536920 1 0 3
173.91847165 1 0 4
174.04413421 1 0 3
174.17793602 1 0 4
174.22976538 1 0 3
174.31956185 1 0 4
174.39750420 1 0 3
174.60550649 1 0 4
174.63501358 1 0 3
174.79976510 1 0 4
174.88068609 1 0 3
175.01420563 1 0 4
175.08152835 1 0 3
175.19022912 1 0 4
175.21919211 1 0 3
175.35839254 1 0 4
175.38695717 1 0 3
175.61849083 1 0 4
175.65787201 1 0 3
175.86463004 1 0 4
175.95620617 1 0 3
176.15153547 1 0 4
176.17903926 1 0 3
176.38457535 1 0 4
176.42214551 1 0 3
176.53662927 1 0 4
176.62838503 1 0 3
176.88745422 1 0 4
176.91551531 1 0 3
177.10055328 1 0 4
177.14424149 1 0 3
177.26308524 1 0 4
177.29920466 1 0 3
177.44043644 1 0 4
177.45872621 1 0 3
177.62095146 1 0 4
177.71849407 1 0 3
177.87545567 1 0 4
177.95041164 1 0 3
178.28553070 1 0 4
178.44052326 1 0 3
178.56596548 1 0 4
178.60582113 1 0 3
178.78527745 1 0 4
178.82422645 1 0 3
178.95761900 1 0 4
179.03496485 1 0 3
179.11695832 1 0 4
179.20677797 1 0 3
179.44183163 1 0 4
179.48143954 1 0 3
179.61623322 1 0 4
179.65526078 1 0 3
179.88427594 1 0 4
179.91191026 1 0 3
180.13435028 1 0 4
180.15548603 1 0 3
180.29289583 1 0 4
180.31004295 1 0 3
180.48555380 1 0 4
180.58334626 1 0 3
180.68839361 1 0 4
180.79766055 1 0 3
181.03335702 1 0 4
181.06609142 1 0 3
181.32625126 1 0 4
181.37354811 1 0 3
181.77170137 1 0 4
181.83985471 1 0 3
182.15174215 1 0 4
182.22272745 1 0 3
182.41412182 1 0 4
182.51951874 1 0 3
182.65974394 1 0 4
182.75343712 1 0 3
182.92833746 1 0 4
183.01859480 1 0 3
183.14124140 1 0 4
183.17715883 1 0 3
183.32917079 1 0 4
183.41657967 1 0 3
183.53242412 1 0 4
183.54964871 1 0 3
183.82752126 1 0 4
183.92375633 1 0 3
184.05187855 1 0 4
184.08819168 1 0 3
184.17593135 1 0 4
184.19917694 1 0 3
184.28576036 1 0 4
184.30287253 1 0 3
184.58674198 1 0 4
184.68571130 1 0 3
184.77390696 1 0 4
184.85208942 1 0 3
185.02714862 1 0 4
185.07393797 1 0 3
185.47676039 1 0 4
185.51056820 1 0 3
185.73874724 1 0 4
185.82140117 1 0 3
185.95994916 1 0 4
186.05667030 1 0 3
186.26622533 1 0 4
186.31485636 1 0 3
186.50315157 1 0 4
186.54104161 1 0 3
186.70284546 1 0 4
186.72648507 1 0 3
187.23138554 1 0 4
187.26574494 1 0 3
187.54130006 1 0 4
187.67608309 1 0 3
187.88189817 1 0 4
187.90663249 1 0 3
188.15900905 1 0 4
188.20240382 1 0 3
188.57765785 1 0 4
188.69688394 1 0 3
188.81686159 1 0 4
188.83780019 1 0 3
189.02711763 1 0 4
189.07290309 1 0 3
189.23880626 1 0 4
189.35644422 1 0 3
189.41534424 1 0 4
189.52085349 1 0 3
189.63327477 1 0 4
189.67013242 1 0 3
189.78591328 1 0 4
189.80799356 1 0 3
189.90741470 1 0 4
189.95895523 1 0 3
190.09134974 1 0 4
190.12662467 1 0 3
190.24396090 1 0 4
190.34517947 1 0 3
190.59726909 1 0 4
190.68304805 1 0 3
190.85748562 1 0 4
190.93857943 1 0 3
191.05978225 1 0 4
191.08199659 1 0 3
191.41668356 1 0 4
191.51056452 1 0 3
191.92435855 1 0 4
192.02759918 1 0 3
192.35899415 1 0 4
192.37973589 1 0 3
192.61617731 1 0 4
192.64417674 1 0 3
193.06905661 1 0 4
193.11152782 1 0 3
193.26575664 1 0 4
193.35996704 1 0 3
193.52033328 1 0 4
193.54643747 1 0 3
193.68318053 1 0 4
193.75117965 1 0 3
193.95009836 1 0 4
194.04715599 1 0 3
194.15879945 1 0 4
194.17767364 1 0 3
194.51410002 1 0 4
194.54585101 1 0 3
194.68581279 1 0 4
194.70959902 1 0 3
194.84863503 1 0 4
194.88215766 1 0 3
195.23750430 1 0 4
195.25745216 1 0 3
195.40764543 1 0 4
195.42814500 1 0 3
195.61458812 1 0 4
195.70709094 1 0 3
195.88790046 1 0 4
195.91213833 1 0 3
196.32863039 1 0 4
196.36216666 1 0 3
196.54100108 1 0 4
196.56066143 1 0 3
196.81050312 1 0 4
196.92942082 1 0 3
197.10739936 1 0 4
197.14971989 1 0 3
197.25732281 1 0 4
197.28274239 1 0 3
197.65175044 1 0 4
197.68396194 1 0 3
197.93378133 1 0 4
197.98270195 1 0 3
198.15614664 1 0 4
198.23089602 1 0 3
198.29503686 1 0 4
198.45620322 1 0 3
198.69095432 1 0 4
198.74879517 1 0 3
198.83183022 1 0 4
198.84872508 1 0 3
199.05231703 1 0 4
199.06460920 1 0 3
199.42342639 1 0 4
199.45731643 1 0 3
199.64826073 1 0 4
199.74748626 1 0 3
199.87338466 1 0 4
199.91970903 1 0 3
200.02662045 1 0 4
200.11051046 1 0 3
200.30550331 1 0 4
200.33739262 1 0 3
200.48550573 1 0 4
200.53013223 1 0 3
200.66111824 1 0 4
200.70282792 1 0 3
200.90473515 1 0 4
200.98343985 1 0 3
201.13116081 1 0 4
201.17808897 1 0 3
201.30459001 1 0 4
201.34825959 1 0 3
201.39010946 1 0 4
201.40933458 1 0 3
201.45103363 1 0 4
201.51050650 1 0 3
201.70811510 1 0 4
201.74876117 1 0 3
201.99869315 1 0 4
202.02914981 1 0 3
202.18870582 1 0 4
202.28933448 1 0 3
202.50474922 1 0 4
202.57037161 1 0 3
202.73130699 1 0 4
202.75684858 1 0 3
202.85985370 1 0 4
202.90125788 1 0 3
203.42671937 1 0 4
203.45996020 1 0 3
203.55707798 1 0 4
203.68002087 1 0 3
203.82528882 1 0 4
203.93939925 1 0 3
203.97815680 1 0 4
204.01306532 1 0 3
204.09715787 1 0 4
204.12255228 1 0 3
204.54846953 1 0 4
204.58640502 1 0 3
204.72353937 1 0 4
204.75013138 1 0 3
204.83651564 1 0 4
204.86080133 1 0 3
204.93735170 1 0 4
205.02515385 1 0 3
205.12858863 1 0 4
205.18213847 1 0 3
205.33041727 1 0 4
205.39893283 1 0 3
205.48088118 1 0 4
205.51423904 1 0 3
205.72219777 1 0 4
205.75543141 1 0 3
205.88252244 1 0 4
205.90337770 1 0 3
206.04226659 1 0 4
206.06250099 1 0 3
206.30135396 1 0 4
206.33704434 1 0 3
206.41430094 1 0 4
206.43245172 1 0 3
206.51712957 1 0 4
206.59989672 1 0 3
206.79954002 1 0 4
206.86711406 1 0 3
207.05772348 1 0 4
207.07424611 1 0 3
207.29125126 1 0 4
207.32950987 1 0 3
207.75976654 1 0 4
207.82247075 1 0 3
208.02620850 1 0 4
208.06766238 1 0 3
208.22468644 1 0 4
208.26987270 1 0 3
208.49162296 1 0 4
208.54345673 1 0 3
208.73301069 1 0 4
208.76872966 1 0 3
209.18743271 1 0 4
209.32952775 1 0 3
209.42216196 1 0 4
209.44413695 1 0 3
209.61533680 1 0 4
209.69156792 1 0 3
209.89422608 1 0 4
210.05688350 1 0 3
210.31664824 1 0 4
210.47122107 1 0 3
210.56737476 1 0 4
210.62051156 1 0 3
210.72937194 1 0 4
210.90120040 1 0 3
211.03883429 1 0 4
211.14358780 1 0 3
211.18424257 1 0 4
211.27758721 1 0 3
211.39315524 1 0 4
211.41981247 1 0 3
211.53659043 1 0 4
211.56144528 1 0 3
211.98315411 1 0 4
212.04903260 1 0 3
212.26607980 1 0 4
212.33076720 1 0 3
212.52502185 1 0 4
212.55679517 1 0 3
212.79276725 1 0 4
212.85033158 1 0 3
213.08680043 1 0 4
213.13190264 1 0 3
213.54091019 1 0 4
213.63538972 1 0 3
213.84628532 1 0 4
213.87941092 1 0 3
214.03600864 1 0 4
214.07263495 1 0 3
214.27489053 1 0 4
214.31276102 1 0 3
214.45419168 1 0 4
214.50644754 1 0 3
214.57681218 1 0 4
214.61047774 1 0 3
215.00792202 1 0 4
215.04789571 1 0 3
215.18451897 1 0 4
215.33298859 1 0 3
215.50390598 1 0 4
215.59423974 1 0 3
215.79724565 1 0 4
215.85761716 1 0 3
216.05117754 1 0 4
216.06617589 1 0 3
216.44534594 1 0 4
216.49041280 1 0 3
216.69977972 1 0 4
216.80767846 1 0 3
216.90592990 1 0 4
217.06554454 1 0 3
217.20091769 1 0 4
217.22248720 1 0 3
217.39958403 1 0 4
217.43895375 1 0 3
217.73899451 1 0 4
217.75754032 1 0 3
217.95408055 1 0 4
217.99889399 1 0 3
218.05222469 1 0 4
218.15157062 1 0 3
218.33474602 1 0 4
218.37091881 1 0 3
218.50855704 1 0 4
218.52627699 1 0 3
218.81138455 1 0 4
218.88968107 1 0 3
219.04072786 1 0 4
219.14068890 1 0 3
219.34106772 1 0 4
219.37399646 1 0 3
219.78092909 1 0 4
219.84146461 1 0 3
219.99928343 1 0 4
220.02988526 1 0 3
220.20256903 1 0 4
220.26012344 1 0 3
220.40943198 1 0 4
220.44151733 1 0 3
220.50359715 1 0 4
220.60616000 1 0 3
220.80543452 1 0 4
220.86147936 1 0 3
220.94458539 1 0 4
220.95430607 1 0 3
221.11001952 1 0 4
221.13599687 1 0 3
221.28405207 1 0 4
221.31025915 1 0 3
221.52113479 1 0 4
221.55296985 1 0 3
221.69408850 1 0 4
221.74879603 1 0 3
221.97022297 1 0 4
221.99132622 1 0 3
222.13474517 1 0 4
222.18274588 1 0 3
222.54057706 1 0 4
222.66782308 1 0 3
222.88740842 1 0 4
222.95466999 1 0 3
223.14058123 1 0 4
223.17728461 1 0 3
223.32123194 1 0 4
223.34896028 1 0 3
223.58678438 1 0 4
223.69154730 1 0 3
223.96128036 1 0 4
224.05708292 1 0 3
224.20375714 1 0 4
224.24078938 1 0 3
224.36224962 1 0 4
224.45667496 1 0 3
224.81328909 1 0 4
224.83802190 1 0 3
225.03764947 1 0 4
225.08846840 1 0 3
225.27544761 1 0 4
225.29930559 1 0 3
225.46850273 1 0 4
225.49838325 1 0 3
225.64647282 1 0 4
225.68769059 1 0 3
226.16814430 1 0 4
226.21352254 1 0 3
226.78375409 1 0 4
226.80340795 1 0 3
227.26694909 1 0 4
227.29794260 1 0 3
227.40284171 1 0 4
227.46729518 1 0 3
227.81014426 1 0 4
227.88357911 1 0 3
227.95465548 1 0 4
228.07289177 1 0 3
228.25327016 1 0 4
228.27640397 1 0 3
228.49886694 1 0 4
228.52885310 1 0 3
228.78349514 1 0 4
228.83536510 1 0 3
228.96518738 1 0 4
229.02457499 1 0 3
229.10756437 1 0 4
229.22437629 1 0 3
229.43700175 1 0 4
229.47256437 1 0 3
229.68877626 1 0 4
229.71698130 1 0 3
229.87381941 1 0 4
229.95846168 1 0 3
230.18395138 1 0 4
230.34955291 1 0 3
230.56135906 1 0 4
230.62501813 1 0 3
230.71531398 1 0 4
230.77034050 1 0 3
230.86269118 1 0 4
230.90099936 1 0 3
231.06687580 1 0 4
231.11615011 1 0 3
231.22555243 1 0 4
231.33911014 1 0 3
231.48642865 1 0 4
231.54501407 1 0 3
231.76020895 1 0 4
231.80588378 1 0 3
231.97974856 1 0 4
232.10692900 1 0 3
232.26036001 1 0 4
232.30112801 1 0 3
232.51001594 1 0 4
232.55329283 1 0 3
232.96366720 1 0 4
233.01900856 1 0 3
233.24908228 1 0 4
233.27152452 1 0 3
233.69355725 1 0 4
233.79916879 1 0 3
233.97621920 1 0 4
234.00803561 1 0 3
234.09852141 1 0 4
234.12837986 1 0 3
234.47917172 1 0 4
234.51961650 1 0 3
234.63499280 1 0 4
234.71558905 1 0 3
234.86490501 1 0 4
234.90589076 1 0 3
234.99350135 1 0 4
235.03723777 1 0 3
235.16171829 1 0 4
235.19229700 1 0 3
235.53215191 1 0 4
235.56232804 1 0 3
235.69784123 1 0 4
235.72770410 1 0 3
235.89349729 1 0 4
235.94235311 1 0 3
236.25909234 1 0 4
236.33837344 1 0 3
236.46700534 1 0 4
236.55679710 1 0 3
236.79054820 1 0 4
236.80862365 1 0 3
236.94599984 1 0 4
236.98419092 1 0 3
237.41252199 1 0 4
237.46373280 1 0 3
237.67334599 1 0 4
237.71179394 1 0 3
237.92911520 1 0 4
237.97031586 1 0 3
238.12026421 1 0 4
238.15521075 1 0 3
238.30384332 1 0 4
238.41379423 1 0 3
238.55820912 1 0 4
238.69903223 1 0 3
238.84167289 1 0 4
238.88817697 1 0 3
239.06485453 1 0 4
239.08688187 1 0 3
239.15554534 1 0 4
239.26274401 1 0 3
239.36740255 1 0 4
239.40832913 1 0 3
239.56274792 1 0 4
239.57286047 1 0 3
239.64096356 1 0 4
239.76882453 1 0 3
239.98034806 1 0 4
240.00033893 1 0 3
240.44373182 1 0 4
240.46060341 1 0 3
240.52581457 1 0 4
240.60390428 1 0 3
240.72436158 1 0 4
240.76368974 1 0 3
240.91351577 1 0 4
240.98871265 1 0 3
241.13880316 1 0 4
241.15945163 1 0 3
241.26174866 1 0 4
241.30476572 1 0 3
241.45643597 1 0 4
241.49687762 1 0 3
241.59889912 1 0 4
241.63496151 1 0 3
241.76496943 1 0 4
241.83766980 1 0 3
242.14584424 1 0 4
242.16873292 1 0 3
242.28929377 1 0 4
242.31701878 1 0 3
242.45975799 1 0 4
242.49324499 1 0 3
242.74510249 1 0 4
242.80641395 1 0 3
242.95165345 1 0 4
243.00488618 1 0 3
243.19438506 1 0 4
243.22766494 1 0 3
243.60131773 1 0 4
243.69767762 1 0 3
243.78441647 1 0 4
243.80745076 1 0 3
244.23033686 1 0 4
244.27112965 1 0 3
244.33064120 1 0 4
244.36127864 1 0 3
244.54049680 1 0 4
244.64099671 1 0 3
244.79161560 1 0 4
244.81737096 1 0 3
245.09632931 1 0 4
245.12558575 1 0 3
245.28332277 1 0 4
245.32613401 1 0 3
245.56050683 1 0 4
245.59584433 1 0 3
245.77384490 1 0 4
245.83083990 1 0 3
246.00548037 1 0 4
246.04349075 1 0 3
246.17425831 1 0 4
246.21749292 1 0 3
246.37577746 1 0 4
246.42439539 1 0 3
246.49982454 1 0 4
246.59719543 1 0 3
246.92115371 1 0 4
246.94704050 1 0 3
247.16898045 1 0 4
247.20450703 1 0 3
247.59937751 1 0 4
247.63309760 1 0 3
247.85583227 1 0 4
247.87846745 1 0 3
248.34067651 1 0 4
248.36114954 1 0 3
248.73731235 1 0 4
248.77788655 1 0 3
248.91289150 1 0 4
248.92982900 1 0 3
249.19357301 1 0 4
249.21016017 1 0 3
249.57346088 1 0 4
249.61743679 1 0 3
249.90475672 1 0 4
249.92582135 1 0 3
250.23988291 1 0 4
250.29356727 1 0 3
250.45116976 1 0 4
250.47535905 1 0 3
250.57106740 1 0 4
250.62956162 1 0 3
250.83592750 1 0 4
250.86746616 1 0 3
251.02626093 1 0 4
251.08057618 1 0 3
251.30496801 1 0 4
251.34681159 1 0 3
251.46014923 1 0 4
251.56756443 1 0 3
251.80490280 1 0 4
251.84968981 1 0 3
251.98675008 1 0 4
252.00869877 1 0 3
252.29688011 1 0 4
252.39218457 1 0 3
252.61358383 1 0 4
252.66669735 1 0 3
252.75292374 1 0 4
252.94673007 1 0 3
253.20261525 1 0 4
253.27616502 1 0 3
253.46938388 1 0 4
253.50766275 1 0 3
253.67404183 1 0 4
253.78387812 1 0 3
254.02857229 1 0 4
254.08638751 1 0 3
254.36549719 1 0 4
254.58158789 1 0 3
254.88075478 1 0 4
254.94426412 1 0 3
255.07642467 1 0 4
255.10417662 1 0 3
255.32638791 1 0 4
255.42615992 1 0 3
255.67505130 1 0 4
255.71654647 1 0 3
256.12522244 1 0 4
256.14437877 1 0 3
256.20210096 1 0 4
256.29683600 1 0 3
256.49829785 1 0 4
256.53739695 1 0 3
256.66516486 1 0 4
256.70029919 1 0 3
256.81257741 1 0 4
256.83326127 1 0 3
256.92534150 1 0 4
256.95484191 1 0 3
257.23870288 1 0 4
257.30568604 1 0 3
257.49455517 1 0 4
257.63216181 1 0 3
257.68642824 1 0 4
257.78038866 1 0 3
257.92988804 1 0 4
257.97604310 1 0 3
258.13541629 1 0 4
258.16364480 1 0 3
258.36144221 1 0 4
258.41325775 1 0 3
258.67070263 1 0 4
258.73441290 1 0 3
258.86138328 1 0 4
259.00590776 1 0 3
259.29067910 1 0 4
259.33371177 1 0 3
259.50217775 1 0 4
259.52235316 1 0 3
259.71263070 1 0 4
259.74182018 1 0 3
259.91640742 1 0 4
259.96876847 1 0 3
260.30161289 1 0 4
260.33807004 1 0 3
260.58216667 1 0 4
260.60514791 1 0 3
260.88040044 1 0 4
260.91337359 1 0 3
260.98876163 1 0 4
261.01888034 1 0 3
261.15582098 1 0 4
261.19211259 1 0 3
261.38448898 1 0 4
261.39597165 1 0 3
261.54333728 1 0 4
261.56753404 1 0 3
261.65731914 1 0 4
261.74380932 1 0 3
261.90732956 1 0 4
261.92353229 1 0 3
262.46594591 1 0 4
262.48718559 1 0 3
262.68271564 1 0 4
262.75483633 1 0 3
262.93429156 1 0 4
262.95486265 1 0 3
263.24836887 1 0 4
263.32313805 1 0 3
263.37968884 1 0 4
263.47700138 1 0 3
263.67015868 1 0 4
263.69982834 1 0 3
263.93404547 1 0 4
264.02786755 1 0 3
264.26098306 1 0 4
264.28551691 1 0 3
264.63289296 1 0 4
264.68629707 1 0 3
264.85148332 1 0 4
264.87989629 1 0 3
265.05730962 1 0 4
265.13211251 1 0 3
265.25280780 1 0 4
265.28778741 1 0 3
265.46842788 1 0 4
265.51798796 1 0 3
265.91034888 1 0 4
265.92246663 1 0 3
266.55329357 1 0 4
266.74093840 1 0 3
266.96239743 1 0 4
267.01107869 1 0 3
267.14962593 1 0 4
267.17170292 1 0 3
267.27305743 1 0 4
267.31804436 1 0 3
267.41435756 1 0 4
267.46896203 1 0 3
267.64701948 1 0 4
267.67752397 1 0 3
267.85727278 1 0 4
267.90125190 1 0 3
268.30152523 1 0 4
268.35474128 1 0 3
268.42415586 1 0 4
268.43805086 1 0 3
268.63375002 1 0 4
268.65607683 1 0 3
268.85961149 1 0 4
268.89556796 1 0 3
269.02999296 1 0 4
269.06699038 1 0 3
269.28427972 1 0 4
269.30788278 1 0 3
269.47709154 1 0 4
269.50234438 1 0 3
269.62635242 1 0 4
269.67528518 1 0 3
269.83369082 1 0 4
269.91821167 1 0 3
270.11248676 1 0 4
270.15459758 1 0 3
270.36697173 1 0 4
270.39161870 1 0 3
270.47025057 1 0 4
270.50525352 1 0 3
270.70510047 1 0 4
270.72938132 1 0 3
270.79767511 1 0 4
271.05515321 1 0 3
271.17911739 1 0 4
271.27769333 1 0 3
271.35140541 1 0 4
271.43358444 1 0 3
271.64261911 1 0 4
271.67367186 1 0 3
271.89680450 1 0 4
271.94692605 1 0 3
272.12027089 1 0 4
272.16000414 1 0 3
272.36883677 1 0 4
272.50629262 1 0 3
272.81260515 1 0 4
272.90101521 1 0 3
272.98115619 1 0 4
273.06453579 1 0 3
273.23316543 1 0 4
273.26097992 1 0 3
273.36001899 1 0 4
273.38905980 1 0 3
273.61395894 1 0 4
273.67755757 1 0 3
273.77156547 1 0 4
273.84856715 1 0 3
273.95729701 1 0 4
273.99011421 1 0 3
274.19163811 1 0 4
274.26857950 1 0 3
274.49683091 1 0 4
274.58013634 1 0 3
274.70947950 1 0 4
274.74209038 1 0 3
274.81255730 1 0 4
274.82634814 1 0 3
274.90688003 1 0 4
274.99808020 1 0 3
275.19170829 1 0 4
275.30762631 1 0 3
275.46431958 1 0 4
275.49381522 1 0 3
275.65559595 1 0 4
275.82288792 1 0 3
276.10443802 1 0 4
276.15217303 1 0 3
276.20471456 1 0 4
276.27001922 1 0 3
276.49592346 1 0 4
276.52038015 1 0 3
276.67876460 1 0 4
276.73134516 1 0 3
276.82318890 1 0 4
276.84020982 1 0 3
276.92369189 1 0 4
276.95681522 1 0 3
277.10783461 1 0 4
277.21417387 1 0 3
277.45174180 1 0 4
277.55808020 1 0 3
277.67248034 1 0 4
277.72654106 1 0 3
277.99145331 1 0 4
278.03372148 1 0 3
278.25386002 1 0 4
278.28115200 1 0 3
278.45595227 1 0 4
278.48973116 1 0 3
278.77918564 1 0 4
278.81964498 1 0 3
279.02854423 1 0 4
279.08287421 1 0 3
279.33322573 1 0 4
279.38302373 1 0 3
279.48197361 1 0 4
279.60601867 1 0 3
279.86054557 1 0 4
279.88443728 1 0 3
280.08444960 1 0 4
280.12491135 1 0 3
280.32296746 1 0 4
280.36391113 1 0 3
280.78104756 1 0 4
281.03971027 1 0 3
281.22127067 1 0 4
281.24835915 1 0 3
281.47347957 1 0 4
281.49581988 1 0 3
281.62131505 1 0 4
281.69789300 1 0 3
281.87827969 1 0 4
281.91776002 1 0 3
282.18105970 1 0 4
282.22392862 1 0 3
282.42249055 1 0 4
282.53334445 1 0 3
282.68007843 1 0 4
282.73876331 1 0 3
282.92663922 1 0 4
283.04853260 1 0 3
283.14988750 1 0 4
283.26229154 1 0 3
283.47203823 1 0 4
283.49364231 1 0 3
283.63648530 1 0 4
283.66016692 1 0 3
283.73527865 1 0 4
283.76463850 1 0 3
284.14364872 1 0 4
284.18956403 1 0 3
284.57291086 1 0 4
284.60412928 1 0 3
284.77136335 1 0 4
284.79850820 1 0 3
284.92264067 1 0 4
285.01472106 1 0 3
285.17800714 1 0 4
285.26869005 1 0 3
285.59067422 1 0 4
285.62983678 1 0 3
286.02779682 1 0 4
286.05493336 1 0 3
286.23103545 1 0 4
286.26373934 1 0 3
286.47795929 1 0 4
286.51074683 1 0 3
286.69280163 1 0 4
286.71407144 1 0 3
287.00300711 1 0 4
287.02227604 1 0 3
287.33675971 1 0 4
287.39671501 1 0 3
287.56033144 1 0 4
287.68001562 1 0 3
287.72480147 1 0 4
287.74981499 1 0 3
287.90754983 1 0 4
287.94062375 1 0 3
288.19055876 1 0 4
288.23361625 1 0 3
288.42308181 1 0 4
288.44297242 1 0 3
288.60004440 1 0 4
288.65509116 1 0 3
288.72557034 1 0 4
288.80934812 1 0 3
288.85825295 1 0 4
288.90485724 1 0 3
288.97940014 1 0 4
289.08065057 1 0 3
289.22232109 1 0 4
289.28782881 1 0 3
289.43604863 1 0 4
289.52557219 1 0 3
289.85736285 1 0 4
289.95854645 1 0 3
290.19512307 1 0 4
290.23171440 1 0 3
290.50697426 1 0 4
290.55155804 1 0 3
290.67647570 1 0 4
290.71762816 1 0 3
292.00265058 1 0 4
292.03869520 1 0 3
292.18667276 1 0 4
292.22432532 1 0 3
292.48278637 1 0 4
292.61363827 1 0 3
292.97859455 1 0 4
293.01232842 1 0 3
293.10832475 1 0 4
293.22876603 1 0 3
293.45881948 1 0 4
293.49846039 1 0 3
293.65397896 1 0 4
293.75548355 1 0 3
293.83893080 1 0 4
293.95156178 1 0 3
294.13066566 1 0 4
294.16951663 1 0 3
294.31763443 1 0 4
294.33986302 1 0 3
294.50736660 1 0 4
294.52818164 1 0 3
294.94451993 1 0 4
294.99171266 1 0 3
295.23446063 1 0 4
295.26450753 1 0 3
295.53030155 1 0 4
295.54827559 1 0 3
295.63345999 1 0 4
295.65757052 1 0 3
295.73839152 1 0 4
295.75025428 1 0 3
297.00254418 1 0 4
297.10473608 1 0 3
297.32536510 1 0 4
297.34838510 1 0 3
297.42127625 1 0 4
297.44424967 1 0 3
297.58599694 1 0 4
297.76541655 1 0 3
297.98584302 1 0 4
298.04372899 1 0 3
298.14920879 1 0 4
298.26705435 1 0 3
298.50267717 1 0 4
298.58680271 1 0 3
298.75084007 1 0 4
298.78653272 1 0 3
298.92306127 1 0 4
298.97048975 1 0 3
299.27033683 1 0 4
299.29372217 1 0 3
299.46053841 1 0 4
299.47687183 1 0 3
299.52196592 1 0 4
299.58583608 1 0 3
299.61760691 1 0 4
299.63652608 1 0 3
299.79250075 1 0 4
299.86807348 1 0 3
300.04287346 1 0 4
300.07461315 1 0 3
300.13855254 1 0 4
300.15194399 1 0 3
300.49788808 1 0 4
300.52135667 1 0 3
300.73835528 1 0 4
300.78391257 1 0 3
300.85091464 1 0 4
300.87126748 1 0 3
301.01717433 1 0 4
301.05196459 1 0 3
302.31804071 1 0 4
302.35184679 1 0 3
302.57108938 1 0 4
302.60008575 1 0 3
303.02392635 1 0 4
303.05614989 1 0 3
303.22771534 1 0 4
303.27287039 1 0 3
303.48874153 1 0 4
303.51683261 1 0 3
303.61117101 1 0 4
303.63230634 1 0 3
303.73723898 1 0 4
303.82402607 1 0 3
304.02260822 1 0 4
304.08430444 1 0 3
304.15609546 1 0 4
304.19908971 1 0 3
304.26403486 1 0 4
304.27945579 1 0 3
304.41196384 1 0 4
304.43665362 1 0 3
304.51294592 1 0 4
304.56520192 1 0 3
304.67668574 1 0 4
304.69754111 1 0 3
305.08351351 1 0 4
305.12618231 1 0 3
305.37545399 1 0 4
305.40260141 1 0 3
305.81721938 1 0 4
305.85064461 1 0 3
306.05311657 1 0 4
306.09466286 1 0 3
306.21993616 1 0 4
306.23777023 1 0 3
306.30935284 1 0 4
306.44089706 1 0 3
306.85443539 1 0 4
306.89045084 1 0 3
307.11025136 1 0 4
307.15590630 1 0 3
307.27178173 1 0 4
307.38995864 1 0 3
307.45197846 1 0 4
307.47499495 1 0 3
307.65504250 1 0 4
307.78892540 1 0 3
308.01558910 1 0 4
308.11648567 1 0 3
308.24486508 1 0 4
308.28688188 1 0 3
308.50426304 1 0 4
308.52995571 1 0 3
308.69169803 1 0 4
308.71900771 1 0 3
308.81782403 1 0 4
308.91848781 1 0 3
309.01951215 1 0 4
309.05026635 1 0 3
309.20412015 1 0 4
309.23764374 1 0 3
309.38607168 1 0 4
309.49930968 1 0 3
309.56281501 1 0 4
309.58104768 1 0 3
309.80627129 1 0 4
309.88037952 1 0 3
310.02309354 1 0 4
310.07535874 1 0 3
310.33403822 1 0 4
310.42159784 1 0 3
310.62656975 1 0 4
310.65747380 1 0 3
311.17010501 1 0 4
311.20413787 1 0 3
312.32955301 1 0 4
312.35810407 1 0 3
312.49444683 1 0 4
312.58985003 1 0 3
312.75483108 1 0 4
312.80246242 1 0 3
312.99512881 1 0 4
313.00932980 1 0 3
313.34969677 1 0 4
313.36519346 1 0 3
313.51828916 1 0 4
313.56585942 1 0 3
313.75452430 1 0 4
313.84235713 1 0 3
314.09555909 1 0 4
314.13304438 1 0 3
314.27019390 1 0 4
314.30933894 1 0 3
314.42913925 1 0 4
314.47986325 1 0 3
314.55508058 1 0 4
314.59620408 1 0 3
314.87396325 1 0 4
314.96501879 1 0 3
315.16733483 1 0 4
315.20643206 1 0 3
315.39651201 1 0 4
315.49472063 1 0 3
315.75360441 1 0 4
315.77335671 1 0 3
316.01761987 1 0 4
316.11900292 1 0 3
316.28140074 1 0 4
316.34733850 1 0 3
317.21513002 1 0 4
317.30879017 1 0 3
317.50313669 1 0 4
317.53747044 1 0 3
317.76792342 1 0 4
317.79562509 1 0 3
317.84552267 1 0 4
317.86105224 1 0 3
317.96012110 1 0 4
317.97835397 1 0 3
318.13945527 1 0 4
318.18188503 1 0 3
318.30689273 1 0 4
318.32260559 1 0 3
318.50683483 1 0 4
318.53798896 1 0 3
318.82613774 1 0 4
319.01900888 1 0 3
319.22458531 1 0 4
319.24334284 1 0 3
319.48355132 1 0 4
319.54411258 1 0 3
319.65709824 1 0 4
319.72336782 1 0 3
319.79296159 1 0 4
319.87986568 1 0 3
320.02702428 1 0 4
320.05515046 1 0 3
320.24746221 1 0 4
320.28946469 1 0 3
320.53545761 1 0 4
320.58021254 1 0 3
320.81664096 1 0 4
320.88269708 1 0 3
320.95343330 1 0 4
321.05202910 1 0 3
321.12857221 1 0 4
321.14058490 1 0 3
322.47062601 1 0 4
322.50148161 1 0 3
322.70250247 1 0 4
322.71896640 1 0 3
322.82246711 1 0 4
322.84043828 1 0 3
323.00218761 1 0 4
323.03909303 1 0 3
323.20847699 1 0 4
323.24433098 1 0 3
323.51716003 1 0 4
323.54736566 1 0 3
323.76608932 1 0 4
323.81932837 1 0 3
324.00785233 1 0 4
324.05119981 1 0 3
324.27599709 1 0 4
324.30700844 1 0 3
324.50878419 1 0 4
324.57307999 1 0 3
324.97845140 1 0 4
325.00023533 1 0 3
325.06800144 1 0 4
325.15073694 1 0 3
325.39331472 1 0 4
325.42203993 1 0 3
325.47663526 1 0 4
325.50470069 1 0 3
325.59049397 1 0 4
325.67021292 1 0 3
325.77882499 1 0 4
325.80267609 1 0 3
326.21226328 1 0 4
326.24140408 1 0 3
327.34406583 1 0 4
327.41910864 1 0 3
327.54282321 1 0 4
327.63493027 1 0 3
327.82097271 1 0 4
327.84898977 1 0 3
328.12113153 1 0 4
328.14808711 1 0 3
328.37590755 1 0 4
328.41395440 1 0 3
328.55777626 1 0 4
328.59523473 1 0 3
328.89116005 1 0 4
328.97148574 1 0 3
329.37029252 1 0 4
329.42729968 1 0 3
329.70120988 1 0 4
329.72792107 1 0 3
329.76603253 1 0 2
329.84207382 1 0 3
329.97473261 1 0 4
330.02617643 1 0 3
330.34093385 1 0 4
330.39585710 1 0 3
330.58177248 1 0 4
330.60923640 1 0 3
330.84103022 1 0 4
330.93367084 1 0 3
331.08184472 1 0 4
331.11470975 1 0 3
332.11641215 1 0 4
332.23387890 1 0 3
332.46319069 1 0 4
332.48354654 1 0 3
332.73176524 1 0 4
332.88842059 1 0 3
333.03570464 1 0 4
333.06307768 1 0 3
333.31426706 1 0 4
333.38901399 1 0 3
333.75995473 1 0 4
333.77917330 1 0 3
333.93555224 1 0 4
333.98502845 1 0 3
334.12529022 1 0 4
334.15650650 1 0 3
334.30991370 1 0 4
334.42126882 1 0 3
334.58851488 1 0 4
334.60311488 1 0 3
334.67241822 1 0 4
334.67840034 1 0 3
334.91042534 1 0 4
334.95100815 1 0 3
335.16409103 1 0 4
335.19954464 1 0 3
335.60666299 1 0 4
335.64415486 1 0 3
335.80883217 1 0 4
335.94554343 1 0 3
336.16283595 1 0 4
336.18051864 1 0 3
336.36981787 1 0 4
336.39162575 1 0 3
337.16549234 1 0 4
337.37802019 1 0 3
337.56720666 1 0 4
337.66130433 1 0 3
338.01870602 1 0 4
338.08665892 1 0 3
338.25880316 1 0 4
338.28366789 1 0 3
338.36984727 1 0 4
338.39752116 1 0 3
338.51213294 1 0 4
338.66921669 1 0 3
338.88119139 1 0 4
338.92331782 1 0 3
339.13385908 1 0 4
339.19650161 1 0 3
339.34081568 1 0 4
339.41703082 1 0 3
339.67382193 1 0 4
339.70508435 1 0 3
339.82176310 1 0 4
339.86446090 1 0 3
340.04225482 1 0 4
340.06883673 1 0 3
340.14221455 1 0 4
340.20772380 1 0 3
340.26611946 1 0 4
340.35879152 1 0 3
340.57180068 1 0 4
340.59088154 1 0 3
340.67634269 1 0 4
340.75797130 1 0 3
340.97858175 1 0 4
341.01673103 1 0 3
341.15238313 1 0 4
341.26382837 1 0 3
341.49606152 1 0 4
342.12213415 1 0 3
342.41846716 1 0 4
342.46412880 1 0 3
342.67545156 1 0 4
342.72829029 1 0 3
342.79351779 1 0 4
342.80869425 1 0 3
343.07549852 1 0 4
343.10260620 1 0 3
343.18703305 1 0 4
343.28524110 1 0 3
343.35558788 1 0 4
343.45772717 1 0 3
343.63739551 1 0 4
343.66078893 1 0 3
343.88344787 1 0 4
343.90945953 1 0 3
344.12842089 1 0 4
344.25513905 1 0 3
344.36992362 1 0 4
344.37930657 1 0 3
344.60060969 1 0 4
344.61036969 1 0 3
345.03326351 1 0 4
345.07531611 1 0 3
345.20545529 1 0 4
345.23185900 1 0 3
345.49729970 1 0 4
345.58247061 1 0 3
345.78078642 1 0 4
345.81550402 1 0 3
346.14635872 1 0 4
346.18772624 1 0 3
346.58443610 1 0 4
346.64793640 1 0 3
346.73865466 1 0 4
346.82168026 1 0 3
347.06180108 1 0 4
347.09389804 1 0 3
347.17884782 1 0 4
347.20785243 1 0 3
347.83473581 1 0 4
347.93733063 1 0 3
348.10733207 1 0 4
348.13739063 1 0 3
348.29094666 1 0 4
348.31989114 1 0 3
348.48545906 1 0 4
348.51067740 1 0 3
348.59786869 1 0 4
348.63894437 1 0 3
348.98778135 1 0 4
349.01886425 1 0 3
349.16676495 1 0 4
349.19779059 1 0 3
349.40362392 1 0 4
349.47313314 1 0 3
349.65138870 1 0 4
349.67364715 1 0 3
349.82087184 1 0 4
349.85765026 1 0 3
349.98228209 1 0 4
350.00386330 1 0 3
350.13103900 1 0 4
350.20473947 1 0 3
350.37245271 1 0 4
350.38773391 1 0 3
350.71523203 1 0 4
350.80271289 1 0 3
350.98481037 1 0 4
351.05296445 1 0 3
351.22570011 1 0 4
351.28360522 1 0 3
351.47506598 1 0 4
351.49746212 1 0 3
352.43140433 1 0 4
352.55149557 1 0 3
352.71800069 1 0 4
352.76353431 1 0 3
352.90168251 1 0 4
352.94355978 1 0 3
353.12333366 1 0 4
353.15222218 1 0 3
353.33342351 1 0 4
353.39653444 1 0 3
353.54397583 1 0 4
353.56418171 1 0 3
353.65348572 1 0 4
353.67335403 1 0 3
353.77333338 1 0 4
353.78829191 1 0 3
353.88040029 1 0 4
353.91872023 1 0 3
354.14711088 1 0 4
354.19324430 1 0 3
354.36807406 1 0 4
354.40199238 1 0 3
354.57904475 1 0 4
354.62090783 1 0 3
354.85174239 1 0 4
354.89361273 1 0 3
355.33282950 1 0 4
355.39850961 1 0 3
355.53959482 1 0 4
355.60279229 1 0 3
355.65250259 1 0 4
355.69293892 1 0 3
355.82057356 1 0 4
355.87462938 1 0 3
356.07429998 1 0 4
356.15996676 1 0 3
357.60679097 1 0 4
357.63892159 1 0 3
357.84145158 1 0 4
357.86935854 1 0 3
357.95493738 1 0 4
358.04820854 1 0 3
358.23673708 1 0 4
358.28037029 1 0 3
358.67036093 1 0 4
358.74801961 1 0 3
358.89630237 1 0 4
358.91978845 1 0 3
359.02259997 1 0 4
359.16106168 1 0 3
359.31451076 1 0 4
359.39132490 1 0 3
359.42471575 1 0 4
359.52151975 1 0 3
359.57459708 1 0 4
359.64372775 1 0 3
359.73276042 1 0 4
359.76418442 1 0 3
359.82797642 1 0 4
359.93032884 1 0 3
360.02139548 1 0 4
360.03568332 1 0 3
360.31200056 1 0 4
360.38111035 1 0 3
360.42961985 1 0 4
360.53126452 1 0 3
360.85815619 1 0 4
360.89577237 1 0 3
362.39231400 1 0 4
362.41027149 1 0 3
362.57979722 1 0 4
362.61352555 1 0 3
362.84795587 1 0 4
362.87617182 1 0 3
363.16247616 1 0 4
363.27997053 1 0 3
363.55693753 1 0 4
363.58096775 1 0 3
363.76146930 1 0 4
363.82627570 1 0 3
363.99249086 1 0 4
364.11031208 1 0 3
364.27067327 1 0 4
364.30780893 1 0 3
364.49677446 1 0 4
364.50675542 1 0 3
364.92031969 1 0 4
364.94657434 1 0 3
365.14601086 1 0 4
365.16923116 1 0 3
365.38707848 1 0 4
365.51237487 1 0 3
365.98913964 1 0 4
366.02180048 1 0 3
366.16563554 1 0 4
366.21881317 1 0 3
366.61461920 1 0 4
366.65004431 1 0 3
366.81440385 1 0 4
366.84445463 1 0 3
367.13789593 1 0 4
367.16671616 1 0 3
367.28219869 1 0 4
367.33748904 1 0 3
367.50882724 1 0 4
367.53852827 1 0 3
367.75832698 1 0 4
367.77248442 1 0 3
367.93728885 1 0 4
367.97083956 1 0 3
368.05664981 1 0 4
368.07721645 1 0 3
368.17731795 1 0 4
368.20203600 1 0 3
368.32315978 1 0 4
368.44620555 1 0 3
368.85788755 1 0 4
368.90030278 1 0 3
369.26539258 1 0 4
369.37559486 1 0 3
369.51803838 1 0 4
369.55694947 1 0 3
369.58521149 1 0 4
369.62133918 1 0 3
369.70529154 1 0 4
369.80581601 1 0 3
369.99408219 1 0 4
370.00716595 1 0 3
370.12887795 1 0 4
370.17467663 1 0 3
370.34112689 1 0 4
370.38056854 1 0 3
370.43965734 1 0 4
370.46032076 1 0 3
370.52487054 1 0 4
370.67563962 1 0 3
370.82792825 1 0 4
370.86069963 1 0 3
371.07416898 1 0 4
371.11416631 1 0 3
372.68988261 1 0 4
372.72219360 1 0 3
372.89100468 1 0 4
372.95006855 1 0 3
373.03663993 1 0 4
373.06404176 1 0 3
373.22190596 1 0 4
373.25882780 1 0 3
373.36111572 1 0 4
373.41940328 1 0 3
373.58315071 1 0 4
373.62614872 1 0 3
373.80982222 1 0 4
373.91043880 1 0 3
373.96624661 1 0 4
374.04347143 1 0 3
374.26279092 1 0 4
374.31098246 1 0 3
374.52279563 1 0 4
374.68096713 1 0 3
374.87044216 1 0 4
374.95808781 1 0 3
375.11135737 1 0 4
375.25825621 1 0 3
375.46741993 1 0 4
375.50731183 1 0 3
375.75410862 1 0 4
375.83240716 1 0 3
376.03272470 1 0 4
376.06054143 1 0 3
376.16803355 1 0 4
376.21496168 1 0 3
376.35677484 1 0 4
376.42725972 1 0 3
376.85825002 1 0 4
376.87783943 1 0 3
377.44520305 1 0 4
377.46354494 1 0 3
377.57386121 1 0 4
377.60202084 1 0 3
377.68115340 1 0 4
377.69786629 1 0 3
377.80575291 1 0 4
377.85716645 1 0 3
377.98683286 1 0 4
378.12430953 1 0 3
378.51323678 1 0 4
378.53857590 1 0 3
378.85472266 1 0 4
378.97769044 1 0 3
379.45878441 1 0 4
379.51017006 1 0 3
379.68911036 1 0 4
379.70717698 1 0 3
379.94388488 1 0 4
379.99246191 1 0 3
380.13986878 1 0 4
380.18602066 1 0 3
380.30607283 1 0 4
380.34749475 1 0 3
380.51443149 1 0 4
380.54741867 1 0 3
380.73369264 1 0 4
380.75850525 1 0 3
380.90777753 1 0 4
380.92852620 1 0 3
381.33705511 1 0 4
381.36063195 1 0 3
382.55823282 1 0 4
382.59153055 1 0 3
382.89637007 1 0 4
382.91353605 1 0 3
383.09712045 1 0 4
383.11554193 1 0 3
383.27486372 1 0 4
383.31782176 1 0 3
383.62068293 1 0 4
383.65096908 1 0 3
383.82218594 1 0 4
383.94922481 1 0 3
384.15221856 1 0 4
384.21975915 1 0 3
384.30931548 1 0 4
384.35190738 1 0 3
384.45662877 1 0 4
384.47829224 1 0 3
384.55096700 1 0 4
384.63861172 1 0 3
384.73040498 1 0 4
384.77648404 1 0 3
384.81714040 1 0 4
384.83492622 1 0 3
385.13812856 1 0 4
385.24565823 1 0 3
385.37806721 1 0 4
385.44890951 1 0 3
385.56855987 1 0 4
385.60581041 1 0 3
385.77265192 1 0 4
385.81079320 1 0 3
386.28063203 1 0 4
386.29615339 1 0 3
386.39148229 1 0 4
386.48657629 1 0 3
386.63492348 1 0 4
386.72857537 1 0 3
387.50907195 1 0 4
387.69350182 1 0 3
388.02558035 1 0 4
388.05092030 1 0 3
388.51012712 1 0 4
388.56679710 1 0 3
388.69110335 1 0 4
388.78692786 1 0 3
389.03534965 1 0 4
389.18062468 1 0 3
389.56818040 1 0 4
389.58111307 1 0 3
389.66010574 1 0 4
389.68596040 1 0 3
389.81053040 1 0 4
389.86764507 1 0 3
389.88484457 1 0 4
389.97795757 1 0 3
390.37281533 1 0 4
390.41943740 1 0 3
390.60576184 1 0 4
390.67909598 1 0 3
390.88921178 1 0 4
390.93656107 1 0 3
391.05594321 1 0 4
391.07242119 1 0 3
391.53573773 1 0 4
391.56321572 1 0 3
391.70954767 1 0 4
391.72441328 1 0 3
391.79603738 1 0 4
391.87325898 1 0 3
392.44541261 1 0 4
392.55483567 1 0 3
392.76569579 1 0 4
392.81241626 1 0 3
393.03761622 1 0 4
393.13117003 1 0 3
393.23777338 1 0 4
393.26048399 1 0 3
393.52169024 1 0 4
393.54959488 1 0 3
393.71127916 1 0 4
393.75148681 1 0 3
393.87532570 1 0 4
394.01598262 1 0 3
394.16743586 1 0 4
394.19258160 1 0 3
394.30864575 1 0 4
394.35000584 1 0 3
394.61278751 1 0 4
394.70098858 1 0 3
394.91774950 1 0 4
394.96928968 1 0 3
395.09963256 1 0 4
395.14210497 1 0 3
395.30644990 1 0 4
395.33302805 1 0 3
395.46137389 1 0 4
395.49753818 1 0 3
395.60594685 1 0 4
395.63366887 1 0 3
395.78875697 1 0 4
395.81305359 1 0 3
395.90473660 1 0 4
395.93410979 1 0 3
396.22746009 1 0 4
396.25145442 1 0 3
396.45956211 1 0 4
396.52405136 1 0 3
397.44828524 1 0 4
397.47985474 1 0 3
397.64631610 1 0 4
397.70128888 1 0 3
397.91658330 1 0 4
398.10020417 1 0 3
398.28965764 1 0 4
398.33889496 1 0 3
398.50230934 1 0 4
398.60299733 1 0 3
398.82531285 1 0 4
398.86593254 1 0 3
399.06115351 1 0 4
399.08132433 1 0 3
399.37554655 1 0 4
399.39183066 1 0 3
399.75632638 1 0 4
399.79154900 1 0 3
399.89985503 1 0 4
399.94761976 1 0 3
400.14632914 1 0 4
400.17054864 1 0 3
400.30370542 1 0 4
400.34240990 1 0 3
400.57883648 1 0 4
400.67413136 1 0 3
401.00249259 1 0 4
401.03703920 1 0 3
401.18942802 1 0 4
401.24043055 1 0 3
401.42312288 1 0 4
401.55642663 1 0 3
402.54322959 1 0 4
402.62627599 1 0 3
402.93495475 1 0 4
402.96012051 1 0 3
403.09122743 1 0 4
403.11494590 1 0 3
403.20922997 1 0 4
403.27874165 1 0 3
403.64095232 1 0 4
403.67264543 1 0 3
403.88616354 1 0 4
403.93009548 1 0 3
404.12351106 1 0 4
404.15047482 1 0 3
404.32551103 1 0 4
404.35285286 1 0 3
404.42589979 1 0 4
404.49262933 1 0 3
404.71916747 1 0 4
404.75268039 1 0 3
405.15382686 1 0 4
405.18663508 1 0 3
405.36615810 1 0 4
405.38587535 1 0 3
405.60046367 1 0 4
405.63926794 1 0 3
405.81192723 1 0 4
405.84688302 1 0 3
406.00518550 1 0 4
406.03984237 1 0 3
406.32843900 1 0 4
406.36135483 1 0 3
406.46648326 1 0 4
406.49973178 1 0 3
406.66906045 1 0 4
406.69370404 1 0 3
406.81560951 1 0 4
406.84354606 1 0 3
407.07053474 1 0 4
407.11154740 1 0 3
407.28186133 1 0 4
407.32789812 1 0 3
407.50521592 1 0 4
407.54402616 1 0 3
407.68967385 1 0 4
407.72937510 1 0 3
408.15902499 1 0 4
408.24036458 1 0 3
408.39336152 1 0 4
408.48608161 1 0 3
408.74005656 1 0 4
408.75892789 1 0 3
408.84262112 1 0 4
409.01287811 1 0 3
409.11915452 1 0 4
409.12745009 1 0 3
409.29057353 1 0 4
409.32897515 1 0 3
409.46078958 1 0 4
409.48350171 1 0 3
409.62443492 1 0 4
409.65738493 1 0 3
409.84754758 1 0 4
409.96889679 1 0 3
410.35495960 1 0 4
410.44243752 1 0 3
410.63225314 1 0 4
410.66205150 1 0 3
411.09940992 1 0 4
411.18058366 1 0 3
411.37415382 1 0 4
411.41661002 1 0 3
411.83342970 1 0 4
411.85232970 1 0 3
411.92964004 1 0 4
412.05832960 1 0 3
412.15636921 1 0 4
412.17970581 1 0 3
412.27452904 1 0 4
412.36754722 1 0 3
412.61430260 1 0 4
412.65292667 1 0 3
412.84167022 1 0 4
412.92146570 1 0 3
413.48606273 1 0 4
413.63032062 1 0 3
413.95746598 1 0 4
414.00333311 1 0 3
414.33278541 1 0 4
414.38396749 1 0 3
414.51467611 1 0 4
414.55771262 1 0 3
414.68701027 1 0 4
414.71742569 1 0 3
414.83682242 1 0 4
414.90009469 1 0 3
415.16267216 1 0 4
415.18699759 1 0 3
415.46409165 1 0 4
415.56069200 1 0 3
415.73676789 1 0 4
415.81241046 1 0 3
415.98077286 1 0 4
416.11020685 1 0 3
416.28445850 1 0 4
416.32503519 1 0 3
416.46880986 1 0 4
416.50044764 1 0 3
416.60142461 1 0 4
416.64976245 1 0 3
416.75936661 1 0 4
416.78125411 1 0 3
417.16336445 1 0 4
417.20774050 1 0 3
417.75416930 1 0 4
417.77698584 1 0 3
417.88957532 1 0 4
417.92078526 1 0 3
418.09767957 1 0 4
418.22365861 1 0 3
418.50948743 1 0 4
418.58118483 1 0 3
418.78712469 1 0 4
418.83481109 1 0 3
418.95107736 1 0 4
418.98219704 1 0 3
419.23725884 1 0 4
419.32091560 1 0 3
419.46494739 1 0 4
419.52259751 1 0 3
419.73259608 1 0 4
419.76549320 1 0 3
420.17198734 1 0 4
420.19575092 1 0 3
420.38411776 1 0 4
420.51561607 1 0 3
420.65325575 1 0 4
420.68038275 1 0 3
420.85429638 1 0 4
420.88408678 1 0 3
421.16855817 1 0 4
421.22736211 1 0 3
421.34220066 1 0 4
421.37888456 1 0 3
421.53783303 1 0 4
421.65900849 1 0 3
421.95810233 1 0 4
422.04714130 1 0 3
422.19139377 1 0 4
422.27952611 1 0 3
422.76650214 1 0 4
422.81740913 1 0 3
422.95996055 1 0 4
422.99093350 1 0 3
423.14070094 1 0 4
423.17302023 1 0 3
423.44718546 1 0 4
423.48069668 1 0 3
423.58813106 1 0 4
423.63321715 1 0 3
423.87165304 1 0 4
423.90644842 1 0 3
424.12172114 1 0 4
424.22034514 1 0 3
424.32648636 1 0 4
424.41973651 1 0 3
424.56116783 1 0 4
424.58768640 1 0 3
424.71335381 1 0 4
424.72768712 1 0 3
424.91789807 1 0 4
424.97689385 1 0 3
425.18426656 1 0 4
425.22442839 1 0 3
425.38463568 1 0 4
425.45441482 1 0 3
425.54096225 1 0 4
425.56981866 1 0 3
425.68845560 1 0 4
425.76007203 1 0 3
425.87848643 1 0 4
426.04022345 1 0 3
426.16425821 1 0 4
426.21511946 1 0 3
426.28299694 1 0 4
426.31686857 1 0 3
426.52549916 1 0 4
426.53969193 1 0 3
426.70204007 1 0 4
426.75445386 1 0 3
426.83522000 1 0 4
426.92237050 1 0 3
427.51802808 1 0 4
427.55309039 1 0 3
427.99469057 1 0 4
428.02134178 1 0 3
428.15138318 1 0 4
428.17349396 1 0 3
428.59165300 1 0 4
428.61304816 1 0 3
428.82050398 1 0 4
428.94064301 1 0 3
429.29928809 1 0 4
429.32978295 1 0 3
429.66630445 1 0 4
429.75043643 1 0 3
429.80594291 1 0 4
429.88685283 1 0 3
429.95818529 1 0 4
430.02838698 1 0 3
430.24639501 1 0 4
430.28268804 1 0 3
430.46135859 1 0 4
430.52724421 1 0 3
430.68962615 1 0 4
430.77402596 1 0 3
430.97619373 1 0 4
431.02298973 1 0 3
431.21953398 1 0 4
431.24277003 1 0 3
431.73925275 1 0 4
431.76026558 1 0 3
431.88096082 1 0 4
431.91364637 1 0 3
432.20108831 1 0 4
432.53461658 1 0 3
432.97845495 1 0 4
433.03605520 1 0 3
433.23405461 1 0 4
433.32803773 1 0 3
433.41644143 1 0 4
433.49058020 1 0 3
433.73106715 1 0 4
433.75710536 1 0 3
433.93190780 1 0 4
434.01971978 1 0 3
434.21507651 1 0 4
434.27040897 1 0 3
434.44202886 1 0 4
434.47256638 1 0 3
434.80174804 1 0 4
434.83949285 1 0 3
434.99422348 1 0 4
435.03898242 1 0 3
435.16447855 1 0 4
435.20163022 1 0 3
435.33749231 1 0 4
435.40877403 1 0 3
435.67994561 1 0 4
435.77905146 1 0 3
435.91182613 1 0 4
435.92449798 1 0 3
436.24181573 1 0 4
436.27619729 1 0 3
436.50743256 1 0 4
436.55122981 1 0 3
436.71706808 1 0 4
436.77116699 1 0 3
437.09310001 1 0 4
437.11664942 1 0 3
437.74421950 1 0 4
437.79484476 1 0 3
437.95407351 1 0 4
437.97595630 1 0 3
438.20988168 1 0 4
438.31054406 1 0 3
438.54009774 1 0 4
438.57311033 1 0 3
438.79755226 1 0 4
438.84326179 1 0 3
439.01300937 1 0 4
439.04610772 1 0 3
439.22621246 1 0 4
439.26453205 1 0 3
439.37974531 1 0 4
439.48722976 1 0 3
439.64164762 1 0 4
439.65531864 1 0 3
439.86274548 1 0 4
439.90191264 1 0 3
440.28554382 1 0 4
440.35252871 1 0 3
440.47720068 1 0 4
440.55643344 1 0 3
440.98169382 1 0 4
441.03300862 1 0 3
441.26065459 1 0 4
441.30900153 1 0 3
441.48592420 1 0 4
441.51516275 1 0 3
441.60074599 1 0 4
441.68576011 1 0 3
442.52798372 1 0 4
442.54199142 1 0 3
442.90270423 1 0 4
442.92646334 1 0 3
443.04407943 1 0 4
443.10188369 1 0 3
443.29904129 1 0 4
443.32373637 1 0 3
443.50209830 1 0 4
443.53724840 1 0 3
443.66267604 1 0 4
443.71228214 1 0 3
443.87034148 1 0 4
443.90923060 1 0 3
444.05933194 1 0 4
444.10763637 1 0 3
444.30962834 1 0 4
444.34443345 1 0 3
444.42794028 1 0 4
444.46801848 1 0 3
444.54079617 1 0 4
444.63676777 1 0 3
444.76768013 1 0 4
444.80292104 1 0 3
444.89013973 1 0 4
444.94811317 1 0 3
445.29133052 1 0 4
445.30118595 1 0 3
445.65156985 1 0 4
445.71719375 1 0 3
445.93229384 1 0 4
446.05016957 1 0 3
446.14351199 1 0 4
446.18607507 1 0 3
446.42445190 1 0 4
446.44389138 1 0 3
446.54622630 1 0 4
446.64770978 1 0 3
447.74773257 1 0 4
447.78381681 1 0 3
447.98106814 1 0 4
448.01061128 1 0 3
448.20269353 1 0 4
448.34632092 1 0 3
448.41211121 1 0 4
448.44765475 1 0 3
448.75710050 1 0 4
448.80252329 1 0 3
448.97128341 1 0 4
449.02276140 1 0 3
449.27569222 1 0 4
449.30125619 1 0 3
449.42997150 1 0 4
449.45697578 1 0 3
449.71879088 1 0 4
449.74648252 1 0 3
449.92613599 1 0 4
450.09271184 1 0 3
450.21175271 1 0 4
450.25537297 1 0 3
450.35101705 1 0 4
450.37318265 1 0 3
450.54953099 1 0 4
450.59101551 1 0 3
450.73153246 1 0 4
450.81530721 1 0 3
451.02328279 1 0 4
451.05397213 1 0 3
451.17970789 1 0 4
451.27608448 1 0 3
451.41450907 1 0 4
451.48693039 1 0 3
451.70603398 1 0 4
452.56130862 1 0 3
452.82136292 1 0 4
452.88396218 1 0 3
453.02515995 1 0 4
453.06502341 1 0 3
453.18452724 1 0 4
453.24941905 1 0 3
453.32875421 1 0 4
453.36605095 1 0 3
453.58233636 1 0 4
453.72115124 1 0 3
454.29514758 1 0 4
454.35672340 1 0 3
454.50210327 1 0 4
454.61306502 1 0 3
454.69630843 1 0 2
454.76117791 1 0 3
454.84559255 1 0 4
454.86087555 1 0 3
455.03226011 1 0 4
455.07409827 1 0 3
455.24579909 1 0 4
455.31530263 1 0 3
455.52687568 1 0 4
455.57665624 1 0 3
455.70713754 1 0 4
455.74581528 1 0 3
455.88122611 1 0 4
455.93051829 1 0 3
456.16031295 1 0 4
456.18912246 1 0 3
456.32051821 1 0 4
456.42016086 1 0 3
456.51058985 1 0 4
456.55290249 1 0 3
457.63951647 1 0 4
457.67650859 1 0 3
457.82900670 1 0 4
457.87736633 1 0 3
458.15710290 1 0 4
458.20394684 1 0 3
458.48803664 1 0 4
458.54994164 1 0 3
458.72139890 1 0 4
458.78308182 1 0 3
459.01526483 1 0 4
459.04164376 1 0 3
459.28763717 1 0 4
459.32185253 1 0 3
459.51307095 1 0 4
459.52988679 1 0 3
459.68478096 1 0 4
459.72525357 1 0 3
459.90485073 1 0 4
459.94775805 1 0 3
460.09906403 1 0 4
460.14359727 1 0 3
460.30724485 1 0 4
460.33874380 1 0 3
460.41333361 1 0 4
460.43659961 1 0 3
460.50074084 1 0 4
460.52460260 1 0 3
460.62724836 1 0 4
460.69344920 1 0 3
460.94591501 1 0 4
460.99080599 1 0 3
461.12273352 1 0 4
461.14195522 1 0 3
461.21863412 1 0 4
461.32548935 1 0 3
462.52483390 1 0 4
462.58517306 1 0 3
462.85248762 1 0 4
462.90696125 1 0 3
463.11096244 1 0 4
463.14252844 1 0 3
463.37109089 1 0 4
463.46370444 1 0 3
463.69159297 1 0 4
463.71936463 1 0 3
463.82045913 1 0 4
463.88612506 1 0 3
464.11492542 1 0 4
464.20684036 1 0 3
464.43998654 1 0 4
464.46113028 1 0 3
464.81811489 1 0 4
464.85370440 1 0 3
465.00310099 1 0 4
465.09909790 1 0 3
465.31085271 1 0 4
465.33854295 1 0 3
465.42979176 1 0 4
465.48582342 1 0 3
465.57573132 1 0 4
465.59795050 1 0 3
465.69635521 1 0 4
465.79347916 1 0 3
465.95701860 1 0 4
465.99177503 1 0 3
466.18731268 1 0 4
466.29373018 1 0 3
466.48024220 1 0 4
466.51183886 1 0 3
466.67402555 1 0 4
466.69235958 1 0 3
467.01287867 1 0 4
467.08312705 1 0 3
467.53163281 1 0 4
467.54951495 1 0 3
467.75470795 1 0 4
467.79980979 1 0 3
467.94116428 1 0 4
467.98190156 1 0 3
468.08201089 1 0 4
468.13004135 1 0 3
468.44528125 1 0 4
468.47216551 1 0 3
468.68954661 1 0 4
468.82067048 1 0 3
469.03160323 1 0 4
469.05313223 1 0 3
469.21121907 1 0 4
469.23414331 1 0 3
469.40407570 1 0 4
469.46982707 1 0 3
469.59065886 1 0 4
469.60325798 1 0 3
470.00280784 1 0 4
470.07626890 1 0 3
470.30190968 1 0 4
470.32911358 1 0 3
470.43266204 1 0 4
470.53818979 1 0 3
470.72043252 1 0 4
470.81086983 1 0 3
470.87431895 1 0 4
470.96176345 1 0 3
471.08295023 1 0 4
471.13598876 1 0 3
471.20863668 1 0 4
471.32027633 1 0 3
471.50394023 1 0 4
471.53464589 1 0 3
471.94595461 1 0 4
471.98431716 1 0 3
472.65755150 1 0 4
472.67899164 1 0 3
473.03905100 1 0 4
473.11884521 1 0 3
473.25898936 1 0 4
473.31038489 1 0 3
473.42644974 1 0 4
473.44423687 1 0 3
473.59793634 1 0 4
473.62601371 1 0 3
474.00277921 1 0 4
474.02397576 1 0 3
474.14901997 1 0 2
474.27265088 1 0 3
474.39388328 1 0 4
474.43514537 1 0 3
474.60922110 1 0 4
474.68659173 1 0 3
474.98852296 1 0 4
475.07813832 1 0 3
475.20437088 1 0 4
475.22546800 1 0 3
475.30025233 1 0 4
475.32083644 1 0 3
475.45494892 1 0 4
475.49276922 1 0 3
475.56797231 1 0 4
475.65656516 1 0 3
475.67375741 1 0 4
475.76679622 1 0 3
475.94404914 1 0 4
475.96500310 1 0 3
476.16697318 1 0 4
476.23924664 1 0 3
476.37925392 1 0 4
476.40285578 1 0 3
477.51727131 1 0 4
477.60766696 1 0 3
477.72724100 1 0 4
477.74964826 1 0 3
477.97255427 1 0 4
477.99848691 1 0 3
478.16089193 1 0 4
478.20011964 1 0 3
478.40496841 1 0 4
478.45550330 1 0 3
478.77156373 1 0 4
478.80336723 1 0 3
478.88973161 1 0 4
478.91740892 1 0 3
479.23391025 1 0 4
479.27292167 1 0 3
479.44014050 1 0 4
479.47864692 1 0 3
479.64441542 1 0 4
479.71668062 1 0 3
479.83937591 1 0 4
479.98201492 1 0 3
480.27546295 1 0 4
480.36414660 1 0 3
480.60478582 1 0 4
480.69910941 1 0 3
480.77757339 1 0 4
480.84763965 1 0 3
480.98999053 1 0 4
481.01843612 1 0 3
481.21684303 1 0 4
481.24297487 1 0 3
481.54570661 1 0 4
481.63879586 1 0 3
481.92446196 1 0 4
481.99114619 1 0 3
482.56438609 1 0 4
482.60391987 1 0 3
482.74028858 1 0 4
482.85891625 1 0 3
482.90492330 1 0 4
482.92849952 1 0 3
483.05573481 1 0 4
483.09784616 1 0 3
483.25883379 1 0 4
483.35427456 1 0 3
483.48995257 1 0 4
483.58430608 1 0 3
483.82618546 1 0 4
483.86061688 1 0 3
484.00048704 1 0 4
484.04892174 1 0 3
484.23899725 1 0 4
484.30015349 1 0 3
484.46321557 1 0 4
484.49930314 1 0 3
484.65789474 1 0 4
484.77063974 1 0 3
484.89483211 1 0 4
484.99139123 1 0 3
485.19319366 1 0 4
485.21937117 1 0 3
485.34880565 1 0 4
485.39846632 1 0 3
485.56696832 1 0 4
485.67542531 1 0 3
485.83335601 1 0 4
485.86718960 1 0 3
485.97074235 1 0 4
486.03567631 1 0 3
486.10612275 1 0 4
486.13783781 1 0 3
486.37597997 1 0 4
486.42816965 1 0 3
487.74187128 1 0 4
487.80841437 1 0 3
487.98344552 1 0 4
488.02438631 1 0 3
488.23539683 1 0 4
488.34844462 1 0 3
488.77391415 1 0 4
488.80827224 1 0 3
488.93402532 1 0 4
489.07397704 1 0 3
489.21824908 1 0 4
489.24394336 1 0 3
489.40995716 1 0 4
489.49751731 1 0 3
489.71665986 1 0 4
489.76333077 1 0 3
489.90275049 1 0 4
489.97953902 1 0 3
490.15337311 1 0 4
490.25958445 1 0 3
490.39422943 1 0 4
490.42832419 1 0 3
490.62817140 1 0 4
490.65824617 1 0 3
490.81285319 1 0 4
490.88294960 1 0 3
491.31141303 1 0 4
491.33258773 1 0 3
491.52355553 1 0 4
491.55205348 1 0 3
491.98077038 1 0 4
492.05728599 1 0 3
492.27248601 1 0 4
492.36753461 1 0 3
492.74315779 1 0 4
492.86751166 1 0 3
493.27662732 1 0 4
493.29388906 1 0 3
493.52573581 1 0 4
493.61062891 1 0 3
493.87033430 1 0 4
493.91099941 1 0 3
494.22191197 1 0 4
494.40557434 1 0 3
494.73567652 1 0 4
494.76058198 1 0 3
494.94853008 1 0 4
495.01976715 1 0 3
495.30991910 1 0 4
495.37124587 1 0 3
495.49519509 1 0 4
495.51580580 1 0 3
495.57525716 1 0 4
495.64756089 1 0 3
495.80399878 1 0 4
495.84298823 1 0 3
495.91856122 1 0 4
495.93507142 1 0 3
496.06702599 1 0 4
496.10823567 1 0 3
496.12792359 1 0 4
496.15156402 1 0 3
496.21392233 1 0 4
496.32206883 1 0 3
496.60671223 1 0 4
496.63331650 1 0 3
498.03555106 1 0 4
498.05780573 1 0 3
498.14542280 1 0 4
498.23810799 1 0 3
498.64362810 1 0 4
498.67503775 1 0 3
499.08677911 1 0 4
499.10656778 1 0 3
499.16972967 1 0 4
499.27127902 1 0 3
499.40164820 1 0 4
499.46804471 1 0 3
499.53686611 1 0 4
499.56782345 1 0 3
499.89968646 1 0 4
499.91945893 1 0 3
500.01239546 1 0 4
500.02898711 1 0 3
500.18846575 1 0 4
500.22030350 1 0 3
500.32181024 1 0 4
500.34565847 1 0 3
500.42801826 1 0 4
500.47028873 1 0 3
500.59454846 1 0 4
500.67683934 1 0 3
500.75076239 1 0 4
500.76602392 1 0 3
500.82879908 1 0 4
500.86979485 1 0 3
500.99543608 1 0 4
501.14749295 1 0 3
501.22645975 1 0 4
501.26038720 1 0 3
501.47283519 1 0 4
501.50654312 1 0 3
502.73205818 1 0 4
502.85194720 1 0 3
502.96494364 1 0 4
503.00966861 1 0 3
503.23010198 1 0 4
503.45716493 1 0 3
503.65245247 1 0 4
504.07265883 1 0 3
504.17903542 1 0 4
504.34884691 1 0 5
504.36869384 1 0 4
504.78561701 1 0 5
504.81595895 1 0 4
508.14581971 1 0 5
508.17455415 1 0 4
508.46609161 1 0 5
508.49331554 1 0 4
508.65517557 1 0 5
508.67828175 1 0 4
509.03210886 1 0 5
509.05207569 1 0 4
509.41787602 1 0 5
509.45857687 1 0 4
509.61208087 1 0 5
509.64141460 1 0 4
510.01546974 1 0 5
510.03169894 1 0 4
510.19586602 1 0 5
510.22422587 1 0 4
510.40026988 1 0 5
510.42223429 1 0 4
510.55489198 1 0 5
510.58336717 1 0 4
510.73870038 1 0 5
510.75808509 1 0 4
510.89690105 1 0 5
510.93551875 1 0 4
512.91566843 1 0 5
512.93871308 1 0 4
513.18284999 1 0 5
513.20653256 1 0 4
513.29147871 1 0 5
513.31132041 1 0 4
513.39385519 1 0 5
513.42574729 1 0 4
513.51574128 1 0 5
513.54344963 1 0 4
513.60425889 1 0 5
513.62684984 1 0 4
513.73575536 1 0 5
513.75194139 1 0 4
513.88083723 1 0 5
513.92186277 1 0 4
514.05082656 1 0 5
514.06789736 1 0 4
514.16014825 1 0 5
514.17938404 1 0 4
514.30578740 1 0 5
514.31965533 1 0 4
514.44670941 1 0 5
514.47493895 1 0 4
514.59194161 1 0 5
514.62290296 1 0 4
514.74500616 1 0 5
514.76437000 1 0 4
514.84284372 1 0 5
514.87735712 1 0 4
514.91106734 1 0 5
514.94147936 1 0 4
514.97881816 1 0 5
514.99794078 1 0 4
517.74915123 1 0 5
517.76928508 1 0 4
517.87548750 1 0 5
517.89943656 1 0 4
518.05083620 1 0 5
518.09501352 1 0 4
518.30913247 1 0 5
518.34795658 1 0 4
518.41550725 1 0 5
518.44409850 1 0 4
518.66628397 1 0 5
518.68967521 1 0 4
518.85125082 1 0 5
518.88716115 1 0 4
518.99919947 1 0 5
519.02207611 1 0 4
519.23266590 1 0 5
519.25527193 1 0 4
519.32058736 1 0 5
519.33107351 1 0 4
519.36652396 1 0 5
519.38353519 1 0 4
519.43674110 1 0 5
519.45329124 1 0 4
519.49103583 1 0 5
519.50622491 1 0 4
519.56171881 1 0 5
519.56926202 1 0 4
519.62409060 1 0 5
519.64186367 1 0 4
519.71646663 1 0 5
519.73099117 1 0 4
519.77104558 1 0 5
519.78596265 1 0 4
519.83160721 1 0 5
519.84277681 1 0 4
520.10370608 1 0 5
520.12838965 1 0 4
520.26474600 1 0 5
520.27553383 1 0 4
520.40097689 1 0 5
520.45329739 1 0 4
520.60688326 1 0 5
520.64275308 1 0 4
522.95678251 1 0 5
522.97837286 1 0 4
523.11159165 1 0 5
523.12391901 1 0 4
523.20885133 1 0 5
523.23503716 1 0 4
523.39140326 1 0 5
523.42081209 1 0 4
523.88469046 1 0 5
523.91928105 1 0 4
524.00261685 1 0 5
524.02951833 1 0 4
524.15482552 1 0 5
524.22440234 1 0 4
524.32751090 1 0 5
524.33461940 1 0 4
524.58873260 1 0 5
524.59125260 1 0 4
524.80055061 1 0 5
524.81210261 1 0 4
525.22448265 1 0 5
525.26100539 1 0 4
525.39719853 1 0 5
525.41585661 1 0 4
525.57610999 1 0 5
525.61314973 1 0 4
525.73937202 1 0 5
525.77474640 1 0 4
525.90040020 1 0 5
525.91490619 1 0 4
525.96635262 1 0 5
526.01363532 1 0 4
526.23748457 1 0 5
526.27244624 1 0 4
526.50391738 1 0 5
526.51542497 1 0 4
526.60790544 1 0 5
526.70348652 1 0 4
526.87115380 1 0 5
526.91321540 1 0 4
527.12534153 1 0 5
527.15098195 1 0 4
527.37710538 1 0 5
527.41649196 1 0 4
527.82283865 1 0 5
527.85382371 1 0 4
528.07742333 1 0 5
528.10132919 1 0 4
528.52292880 1 0 5
528.55823296 1 0 4
528.66024421 1 0 5
528.69404417 1 0 4
528.85812204 1 0 5
528.89462550 1 0 4
529.03462082 1 0 5
529.07942231 1 0 4
529.18348200 1 0 5
529.23280081 1 0 4
529.41389273 1 0 5
529.44799023 1 0 4
529.51562490 1 0 5
529.52615908 1 0 4
529.80411730 1 0 5
529.87355911 1 0 4
530.02946263 1 0 5
530.12214200 1 0 4
530.24413058 1 0 5
530.32434585 1 0 4
530.46793688 1 0 5
530.50705822 1 0 4
530.66289311 1 0 5
530.80405428 1 0 4
530.85028872 1 0 5
530.87139544 1 0 4
531.00393534 1 0 5
531.03972201 1 0 4
531.15771047 1 0 5
531.21777147 1 0 4
531.27480217 1 0 5
531.56202970 1 0 4
531.78541559 1 0 5
531.95316542 1 0 4
532.23785506 1 0 5
532.32170955 1 0 4
533.16676643 1 0 5
533.74241133 1 0 6
533.77426483 1 0 5
534.08364373 1 0 6
534.10517430 1 0 5
534.41283252 1 0 6
534.42521334 1 0 5
534.60278100 1 0 6
534.62569142 1 0 5
534.85398560 1 0 6
534.89102518 1 0 5
535.17567782 1 0 6
535.21305522 1 0 5
535.59856454 1 0 6
535.62180418 1 0 5
536.30187030 1 0 6
538.12172974 1 0 5
538.39428149 1 0 6
538.42007838 1 0 5
538.64331993 1 0 6
538.68711249 1 0 5
538.79206226 1 0 6
538.82059188 1 0 5
538.92787468 1 0 6
538.96134930 1 0 5
539.07782906 1 0 6
539.09068304 1 0 5
539.19609189 1 0 6
539.22783055 1 0 5
539.26973386 1 0 6
539.30086613 1 0 5
539.34095898 1 0 6
539.36363562 1 0 5
539.40256943 1 0 6
539.42384259 1 0 5
539.50560635 1 0 6
539.51997003 1 0 5
539.65583263 1 0 6
539.68616419 1 0 5
539.74523531 1 0 6
539.76598009 1 0 5
539.82243580 1 0 6
539.83725220 1 0 5
539.87919181 1 0 6
539.89576382 1 0 5
539.98857625 1 0 6
540.01995442 1 0 5
540.09973070 1 0 6
540.11871684 1 0 5
540.21504455 1 0 6
540.23974815 1 0 5
540.31143229 1 0 6
540.33490542 1 0 5
540.40465800 1 0 6
540.42102997 1 0 5
540.60087737 1 0 6
543.10525053 1 0 5
543.32586509 1 0 6
543.35492174 1 0 5
543.50499235 1 0 6
543.52806848 1 0 5
543.69642442 1 0 6
543.73015927 1 0 5
543.79612763 1 0 6
543.81949554 1 0 5
543.95336759 1 0 6
543.96827982 1 0 5
544.04307441 1 0 6
544.05935778 1 0 5
544.30204582 1 0 6
544.33061903 1 0 5
544.43107797 1 0 6
544.44697434 1 0 5
544.50812678 1 0 6
544.52518426 1 0 5
544.55909344 1 0 6
544.57256655 1 0 5
544.65009898 1 0 6
544.66086298 1 0 5
544.74329177 1 0 6
544.75335214 1 0 5
544.84444492 1 0 6
544.85626129 1 0 5
544.94523501 1 0 6
544.97303454 1 0 5
545.14274210 1 0 6
545.18922350 1 0 5
545.36305873 1 0 6
545.39133176 1 0 5
545.50433190 1 0 6
545.51903512 1 0 5
545.56310247 1 0 6
545.59182969 1 0 5
545.74958870 1 0 6
545.78401816 1 0 5
545.90412644 1 0 6
545.91845522 1 0 5
545.99252007 1 0 6
546.00029643 1 0 5
546.08575384 1 0 6
546.09185820 1 0 5
546.17033015 1 0 6
546.21968015 1 0 5
548.31771316 1 0 6
548.35732037 1 0 5
548.48901244 1 0 6
548.50367562 1 0 5
548.59653806 1 0 6
548.61739749 1 0 5
548.88690775 1 0 6
548.90522860 1 0 5
549.02626708 1 0 6
549.04295423 1 0 5
549.10892681 1 0 6
549.13149734 1 0 5
549.39210038 1 0 6
549.43005126 1 0 5
549.66181208 1 0 6
549.66759208 1 0 5
549.86056342 1 0 6
549.87590342 1 0 5
550.01639754 1 0 4
550.08849797 1 0 5
550.15478504 1 0 6
550.18702598 1 0 5
550.37950974 1 0 6
550.40530517 1 0 5
550.52416281 1 0 6
550.58687609 1 0 5
550.70252939 1 0 6
550.71770955 1 0 5
550.90945329 1 0 6
550.92470550 1 0 5
551.12246568 1 0 6
551.13312568 1 0 5
551.57145464 1 0 6
551.59968745 1 0 5
551.74983210 1 0 6
551.77467662 1 0 5
551.88439848 1 0 6
551.90190686 1 0 5
552.01657198 1 0 6
552.03869480 1 0 5
552.11928065 1 0 6
552.16063657 1 0 5
552.36184347 1 0 6
552.38688334 1 0 5
552.74689567 1 0 6
552.78452260 1 0 5
552.88646852 1 0 6
552.91488799 1 0 5
553.20909224 1 0 6
553.24471800 1 0 5
553.36274155 1 0 6
553.40106760 1 0 5
553.57145200 1 0 6
553.60275738 1 0 5
553.70233465 1 0 6
553.78502464 1 0 5
553.90915872 1 0 6
553.93852678 1 0 5
554.08308457 1 0 6
554.12861386 1 0 5
554.19943338 1 0 6
554.26672278 1 0 5
554.43733758 1 0 6
554.46494512 1 0 5
554.61848581 1 0 6
554.62754065 1 0 5
554.75926361 1 0 6
554.79144789 1 0 5
554.90157046 1 0 6
554.91398091 1 0 5
555.32890855 1 0 6
555.35983610 1 0 5
555.45696495 1 0 6
555.49882527 1 0 5
555.64549018 1 0 6
555.65977343 1 0 5
555.83161292 1 0 6
555.86338068 1 0 5
556.04586175 1 0 6
556.04944175 1 0 5
556.47695080 1 0 6
556.49825272 1 0 5
556.64033498 1 0 6
556.65924786 1 0 5
556.76416314 1 0 6
556.78651325 1 0 5
557.04267493 1 0 6
557.05883879 1 0 5
557.48287748 1 0 6
557.49502429 1 0 5
557.67040524 1 0 6
557.70893908 1 0 5
557.85708070 1 0 6
557.87736289 1 0 5
557.95825468 1 0 6
557.98963640 1 0 5
558.40738659 1 0 6
558.43087663 1 0 5
558.56481548 1 0 6
558.59802291 1 0 5
558.73068228 1 0 6
558.81796698 1 0 5
559.07001527 1 0 6
559.08377442 1 0 5
559.16427679 1 0 6
559.18452755 1 0 5
559.31551683 1 0 6
559.33597599 1 0 5
559.40118420 1 0 6
559.44148569 1 0 5
559.67153860 1 0 6
559.73284588 1 0 5
559.84585786 1 0 6
559.88880790 1 0 5
560.02915021 1 0 6
560.07573207 1 0 5
560.25439980 1 0 6
560.53319614 1 0 5
560.69326362 1 0 6
560.77872476 1 0 5
560.89149903 1 0 6
561.05003290 1 0 5
561.13923547 1 0 6
563.45345929 1 0 7
563.54183952 1 0 6
563.88761876 1 0 7
563.91667264 1 0 6
564.03495142 1 0 7
564.07924744 1 0 6
564.35153243 1 0 7
564.38519447 1 0 6
564.55039680 1 0 7
564.57658395 1 0 6
564.64412622 1 0 7
564.66401636 1 0 6
564.75750954 1 0 7
564.78709094 1 0 6
564.90225511 1 0 7
564.93185494 1 0 6
565.04811968 1 0 7
565.23645643 1 0 6
565.29902114 1 0 7
885.18481405 1 0 6
885.23742128 1 0 7
