This file contains any messages produced by compilers while
running configure, to aid debugging if configure makes a mistake.

It was created by dei80211mr configure 1.1.4, which was
generated by GNU Autoconf 2.68.  Invocation command line was

  $ ./configure --with-ns-allinone=/home/lapmore/Programs/ns-allinone-2.35 --prefix=/home/lapmore/Programs/ns-allinone-2.35

## --------- ##
## Platform. ##
## --------- ##

hostname = ThinkPad
uname -m = x86_64
uname -r = 3.5.0-26-generic
uname -s = Linux
uname -v = #42~precise1-Ubuntu SMP Mon Mar 11 22:17:58 UTC 2013

/usr/bin/uname -p = unknown
/bin/uname -X     = unknown

/bin/arch              = unknown
/usr/bin/arch -k       = unknown
/usr/convex/getsysinfo = unknown
/usr/bin/hostinfo      = unknown
/bin/machine           = unknown
/usr/bin/oslevel       = unknown
/bin/universe          = unknown

PATH: /home/lapmore/Programs/ns-allinone-2.35/bin
PATH: /usr/local/jdk1.7.0_17/bin
PATH: /home/lapmore/Programs/android/android-sdk-linux/tools
PATH: /home/lapmore/Programs/ns-allinone-2.35/bin
PATH: /home/lapmore/Programs/android/android-sdk-linux/platform-tools
PATH: /usr/lib/lightdm/lightdm
PATH: /usr/local/sbin
PATH: /usr/local/bin
PATH: /usr/sbin
PATH: /usr/bin
PATH: /sbin
PATH: /bin
PATH: /usr/games


## ----------- ##
## Core tests. ##
## ----------- ##

configure:2276: checking for a BSD-compatible install
configure:2344: result: /usr/bin/install -c
configure:2355: checking whether build environment is sane
configure:2405: result: yes
configure:2546: checking for a thread-safe mkdir -p
configure:2585: result: /bin/mkdir -p
configure:2598: checking for gawk
configure:2628: result: no
configure:2598: checking for mawk
configure:2614: found /usr/bin/mawk
configure:2625: result: mawk
configure:2636: checking whether make sets $(MAKE)
configure:2658: result: yes
configure:2796: checking for g++
configure:2812: found /usr/bin/g++
configure:2823: result: g++
configure:2850: checking for C++ compiler version
configure:2859: g++ --version >&5
g++ (Ubuntu/Linaro 4.6.3-1ubuntu5) 4.6.3
Copyright (C) 2011 Free Software Foundation, Inc.
This is free software; see the source for copying conditions.  There is NO
warranty; not even for MERCHANTABILITY or FITNESS FOR A PARTICULAR PURPOSE.

configure:2870: $? = 0
configure:2859: g++ -v >&5
Using built-in specs.
COLLECT_GCC=g++
COLLECT_LTO_WRAPPER=/usr/lib/gcc/x86_64-linux-gnu/4.6/lto-wrapper
Target: x86_64-linux-gnu
Configured with: ../src/configure -v --with-pkgversion='Ubuntu/Linaro 4.6.3-1ubuntu5' --with-bugurl=file:///usr/share/doc/gcc-4.6/README.Bugs --enable-languages=c,c++,fortran,objc,obj-c++ --prefix=/usr --program-suffix=-4.6 --enable-shared --enable-linker-build-id --with-system-zlib --libexecdir=/usr/lib --without-included-gettext --enable-threads=posix --with-gxx-include-dir=/usr/include/c++/4.6 --libdir=/usr/lib --enable-nls --with-sysroot=/ --enable-clocale=gnu --enable-libstdcxx-debug --enable-libstdcxx-time=yes --enable-gnu-unique-object --enable-plugin --enable-objc-gc --disable-werror --with-arch-32=i686 --with-tune=generic --enable-checking=release --build=x86_64-linux-gnu --host=x86_64-linux-gnu --target=x86_64-linux-gnu
Thread model: posix
gcc version 4.6.3 (Ubuntu/Linaro 4.6.3-1ubuntu5) 
configure:2870: $? = 0
configure:2859: g++ -V >&5
g++: error: unrecognized option '-V'
g++: fatal error: no input files
compilation terminated.
configure:2870: $? = 4
configure:2859: g++ -qversion >&5
g++: error: unrecognized option '-qversion'
g++: fatal error: no input files
compilation terminated.
configure:2870: $? = 4
configure:2890: checking whether the C++ compiler works
configure:2912: g++    conftest.cpp  >&5
configure:2916: $? = 0
configure:2964: result: yes
configure:2967: checking for C++ compiler default output file name
configure:2969: result: a.out
configure:2975: checking for suffix of executables
configure:2982: g++ -o conftest    conftest.cpp  >&5
configure:2986: $? = 0
configure:3008: result: 
configure:3030: checking whether we are cross compiling
configure:3038: g++ -o conftest    conftest.cpp  >&5
configure:3042: $? = 0
configure:3049: ./conftest
configure:3053: $? = 0
configure:3068: result: no
configure:3073: checking for suffix of object files
configure:3095: g++ -c   conftest.cpp >&5
configure:3099: $? = 0
configure:3120: result: o
configure:3124: checking whether we are using the GNU C++ compiler
configure:3143: g++ -c   conftest.cpp >&5
configure:3143: $? = 0
configure:3152: result: yes
configure:3161: checking whether g++ accepts -g
configure:3181: g++ -c -g  conftest.cpp >&5
configure:3181: $? = 0
configure:3222: result: yes
configure:3256: checking for style of include used by make
configure:3284: result: GNU
configure:3310: checking dependency style of g++
configure:3421: result: gcc3
configure:3436: checking whether make sets $(MAKE)
configure:3458: result: yes
configure:3505: checking build system type
configure:3519: result: x86_64-unknown-linux-gnu
configure:3539: checking host system type
configure:3552: result: x86_64-unknown-linux-gnu
configure:3921: checking how to print strings
configure:3948: result: printf
configure:4017: checking for gcc
configure:4033: found /usr/bin/gcc
configure:4044: result: gcc
configure:4273: checking for C compiler version
configure:4282: gcc --version >&5
gcc (Ubuntu/Linaro 4.6.3-1ubuntu5) 4.6.3
Copyright (C) 2011 Free Software Foundation, Inc.
This is free software; see the source for copying conditions.  There is NO
warranty; not even for MERCHANTABILITY or FITNESS FOR A PARTICULAR PURPOSE.

configure:4293: $? = 0
configure:4282: gcc -v >&5
Using built-in specs.
COLLECT_GCC=gcc
COLLECT_LTO_WRAPPER=/usr/lib/gcc/x86_64-linux-gnu/4.6/lto-wrapper
Target: x86_64-linux-gnu
Configured with: ../src/configure -v --with-pkgversion='Ubuntu/Linaro 4.6.3-1ubuntu5' --with-bugurl=file:///usr/share/doc/gcc-4.6/README.Bugs --enable-languages=c,c++,fortran,objc,obj-c++ --prefix=/usr --program-suffix=-4.6 --enable-shared --enable-linker-build-id --with-system-zlib --libexecdir=/usr/lib --without-included-gettext --enable-threads=posix --with-gxx-include-dir=/usr/include/c++/4.6 --libdir=/usr/lib --enable-nls --with-sysroot=/ --enable-clocale=gnu --enable-libstdcxx-debug --enable-libstdcxx-time=yes --enable-gnu-unique-object --enable-plugin --enable-objc-gc --disable-werror --with-arch-32=i686 --with-tune=generic --enable-checking=release --build=x86_64-linux-gnu --host=x86_64-linux-gnu --target=x86_64-linux-gnu
Thread model: posix
gcc version 4.6.3 (Ubuntu/Linaro 4.6.3-1ubuntu5) 
configure:4293: $? = 0
configure:4282: gcc -V >&5
gcc: error: unrecognized option '-V'
gcc: fatal error: no input files
compilation terminated.
configure:4293: $? = 4
configure:4282: gcc -qversion >&5
gcc: error: unrecognized option '-qversion'
gcc: fatal error: no input files
compilation terminated.
configure:4293: $? = 4
configure:4297: checking whether we are using the GNU C compiler
configure:4316: gcc -c   conftest.c >&5
configure:4316: $? = 0
configure:4325: result: yes
configure:4334: checking whether gcc accepts -g
configure:4354: gcc -c -g  conftest.c >&5
configure:4354: $? = 0
configure:4395: result: yes
configure:4412: checking for gcc option to accept ISO C89
configure:4476: gcc  -c -g -O2  conftest.c >&5
configure:4476: $? = 0
configure:4489: result: none needed
configure:4511: checking dependency style of gcc
configure:4622: result: gcc3
configure:4637: checking for a sed that does not truncate output
configure:4701: result: /bin/sed
configure:4719: checking for grep that handles long lines and -e
configure:4777: result: /bin/grep
configure:4782: checking for egrep
configure:4844: result: /bin/grep -E
configure:4849: checking for fgrep
configure:4911: result: /bin/grep -F
configure:4946: checking for ld used by gcc
configure:5013: result: /usr/bin/ld
configure:5020: checking if the linker (/usr/bin/ld) is GNU ld
configure:5035: result: yes
configure:5047: checking for BSD- or MS-compatible name lister (nm)
configure:5096: result: /usr/bin/nm -B
configure:5226: checking the name lister (/usr/bin/nm -B) interface
configure:5233: gcc -c -g -O2  conftest.c >&5
configure:5236: /usr/bin/nm -B "conftest.o"
configure:5239: output
0000000000000000 B some_variable
configure:5246: result: BSD nm
configure:5249: checking whether ln -s works
configure:5253: result: yes
configure:5261: checking the maximum length of command line arguments
configure:5391: result: 1572864
configure:5408: checking whether the shell understands some XSI constructs
configure:5418: result: yes
configure:5422: checking whether the shell understands "+="
configure:5428: result: yes
configure:5463: checking how to convert x86_64-unknown-linux-gnu file names to x86_64-unknown-linux-gnu format
configure:5503: result: func_convert_file_noop
configure:5510: checking how to convert x86_64-unknown-linux-gnu file names to toolchain format
configure:5530: result: func_convert_file_noop
configure:5537: checking for /usr/bin/ld option to reload object files
configure:5544: result: -r
configure:5618: checking for objdump
configure:5645: result: objdump
configure:5674: checking how to recognize dependent libraries
configure:5876: result: pass_all
configure:5961: checking for dlltool
configure:5988: result: dlltool
configure:6018: checking how to associate runtime and link libraries
configure:6045: result: printf %s\n
configure:6106: checking for ar
configure:6122: found /usr/bin/ar
configure:6133: result: ar
configure:6170: checking for archiver @FILE support
configure:6187: gcc -c -g -O2  conftest.c >&5
configure:6187: $? = 0
configure:6190: ar cru libconftest.a @conftest.lst >&5
configure:6193: $? = 0
configure:6198: ar cru libconftest.a @conftest.lst >&5
ar: conftest.o: No such file or directory
configure:6201: $? = 1
configure:6213: result: @
configure:6271: checking for strip
configure:6287: found /usr/bin/strip
configure:6298: result: strip
configure:6370: checking for ranlib
configure:6386: found /usr/bin/ranlib
configure:6397: result: ranlib
configure:6499: checking command to parse /usr/bin/nm -B output from gcc object
configure:6619: gcc -c -g -O2  conftest.c >&5
configure:6622: $? = 0
configure:6626: /usr/bin/nm -B conftest.o \| sed -n -e 's/^.*[ ]\([ABCDGIRSTW][ABCDGIRSTW]*\)[ ][ ]*\([_A-Za-z][_A-Za-z0-9]*\)$/\1 \2 \2/p' | sed '/ __gnu_lto/d' \> conftest.nm
configure:6629: $? = 0
configure:6695: gcc -o conftest -g -O2   conftest.c conftstm.o >&5
configure:6698: $? = 0
configure:6736: result: ok
configure:6773: checking for sysroot
configure:6803: result: no
configure:6880: gcc -c -g -O2  conftest.c >&5
configure:6883: $? = 0
configure:7059: checking for mt
configure:7075: found /bin/mt
configure:7086: result: mt
configure:7109: checking if mt is a manifest tool
configure:7115: mt '-?'
configure:7123: result: no
configure:7765: checking how to run the C preprocessor
configure:7796: gcc -E  conftest.c
configure:7796: $? = 0
configure:7810: gcc -E  conftest.c
conftest.c:11:28: fatal error: ac_nonexistent.h: No such file or directory
compilation terminated.
configure:7810: $? = 1
configure: failed program was:
| /* confdefs.h */
| #define PACKAGE_NAME "dei80211mr"
| #define PACKAGE_TARNAME "dei80211mr"
| #define PACKAGE_VERSION "1.1.4"
| #define PACKAGE_STRING "dei80211mr 1.1.4"
| #define PACKAGE_BUGREPORT ""
| #define PACKAGE_URL ""
| #define PACKAGE "dei80211mr"
| #define VERSION "1.1.4"
| /* end confdefs.h.  */
| #include <ac_nonexistent.h>
configure:7835: result: gcc -E
configure:7855: gcc -E  conftest.c
configure:7855: $? = 0
configure:7869: gcc -E  conftest.c
conftest.c:11:28: fatal error: ac_nonexistent.h: No such file or directory
compilation terminated.
configure:7869: $? = 1
configure: failed program was:
| /* confdefs.h */
| #define PACKAGE_NAME "dei80211mr"
| #define PACKAGE_TARNAME "dei80211mr"
| #define PACKAGE_VERSION "1.1.4"
| #define PACKAGE_STRING "dei80211mr 1.1.4"
| #define PACKAGE_BUGREPORT ""
| #define PACKAGE_URL ""
| #define PACKAGE "dei80211mr"
| #define VERSION "1.1.4"
| /* end confdefs.h.  */
| #include <ac_nonexistent.h>
configure:7898: checking for ANSI C header files
configure:7918: gcc -c -g -O2  conftest.c >&5
configure:7918: $? = 0
configure:7991: gcc -o conftest -g -O2   conftest.c  >&5
configure:7991: $? = 0
configure:7991: ./conftest
configure:7991: $? = 0
configure:8002: result: yes
configure:8015: checking for sys/types.h
configure:8015: gcc -c -g -O2  conftest.c >&5
configure:8015: $? = 0
configure:8015: result: yes
configure:8015: checking for sys/stat.h
configure:8015: gcc -c -g -O2  conftest.c >&5
configure:8015: $? = 0
configure:8015: result: yes
configure:8015: checking for stdlib.h
configure:8015: gcc -c -g -O2  conftest.c >&5
configure:8015: $? = 0
configure:8015: result: yes
configure:8015: checking for string.h
configure:8015: gcc -c -g -O2  conftest.c >&5
configure:8015: $? = 0
configure:8015: result: yes
configure:8015: checking for memory.h
configure:8015: gcc -c -g -O2  conftest.c >&5
configure:8015: $? = 0
configure:8015: result: yes
configure:8015: checking for strings.h
configure:8015: gcc -c -g -O2  conftest.c >&5
configure:8015: $? = 0
configure:8015: result: yes
configure:8015: checking for inttypes.h
configure:8015: gcc -c -g -O2  conftest.c >&5
configure:8015: $? = 0
configure:8015: result: yes
configure:8015: checking for stdint.h
configure:8015: gcc -c -g -O2  conftest.c >&5
configure:8015: $? = 0
configure:8015: result: yes
configure:8015: checking for unistd.h
configure:8015: gcc -c -g -O2  conftest.c >&5
configure:8015: $? = 0
configure:8015: result: yes
configure:8029: checking for dlfcn.h
configure:8029: gcc -c -g -O2  conftest.c >&5
configure:8029: $? = 0
configure:8029: result: yes
configure:8214: checking for objdir
configure:8229: result: .libs
configure:8500: checking if gcc supports -fno-rtti -fno-exceptions
configure:8518: gcc -c -g -O2  -fno-rtti -fno-exceptions conftest.c >&5
cc1: warning: command line option '-fno-rtti' is valid for C++/ObjC++ but not for C [enabled by default]
configure:8522: $? = 0
configure:8535: result: no
configure:8862: checking for gcc option to produce PIC
configure:8869: result: -fPIC -DPIC
configure:8877: checking if gcc PIC flag -fPIC -DPIC works
configure:8895: gcc -c -g -O2  -fPIC -DPIC -DPIC conftest.c >&5
configure:8899: $? = 0
configure:8912: result: yes
configure:8941: checking if gcc static flag -static works
configure:8969: result: yes
configure:8984: checking if gcc supports -c -o file.o
configure:9005: gcc -c -g -O2  -o out/conftest2.o conftest.c >&5
configure:9009: $? = 0
configure:9031: result: yes
configure:9039: checking if gcc supports -c -o file.o
configure:9086: result: yes
configure:9119: checking whether the gcc linker (/usr/bin/ld -m elf_x86_64) supports shared libraries
configure:10276: result: yes
configure:10313: checking whether -lc should be explicitly linked in
configure:10321: gcc -c -g -O2  conftest.c >&5
configure:10324: $? = 0
configure:10339: gcc -shared  -fPIC -DPIC conftest.o  -v -Wl,-soname -Wl,conftest -o conftest 2\>\&1 \| /bin/grep  -lc  \>/dev/null 2\>\&1
configure:10342: $? = 0
configure:10356: result: no
configure:10516: checking dynamic linker characteristics
configure:11027: gcc -o conftest -g -O2   -Wl,-rpath -Wl,/foo conftest.c  >&5
configure:11027: $? = 0
configure:11261: result: GNU/Linux ld.so
configure:11368: checking how to hardcode library paths into programs
configure:11393: result: immediate
configure:11933: checking whether stripping libraries is possible
configure:11938: result: yes
configure:11973: checking if libtool supports shared libraries
configure:11975: result: yes
configure:11978: checking whether to build shared libraries
configure:11999: result: yes
configure:12002: checking whether to build static libraries
configure:12006: result: no
configure:12029: checking how to run the C++ preprocessor
configure:12056: g++ -E  conftest.cpp
configure:12056: $? = 0
configure:12070: g++ -E  conftest.cpp
conftest.cpp:23:28: fatal error: ac_nonexistent.h: No such file or directory
compilation terminated.
configure:12070: $? = 1
configure: failed program was:
| /* confdefs.h */
| #define PACKAGE_NAME "dei80211mr"
| #define PACKAGE_TARNAME "dei80211mr"
| #define PACKAGE_VERSION "1.1.4"
| #define PACKAGE_STRING "dei80211mr 1.1.4"
| #define PACKAGE_BUGREPORT ""
| #define PACKAGE_URL ""
| #define PACKAGE "dei80211mr"
| #define VERSION "1.1.4"
| #define STDC_HEADERS 1
| #define HAVE_SYS_TYPES_H 1
| #define HAVE_SYS_STAT_H 1
| #define HAVE_STDLIB_H 1
| #define HAVE_STRING_H 1
| #define HAVE_MEMORY_H 1
| #define HAVE_STRINGS_H 1
| #define HAVE_INTTYPES_H 1
| #define HAVE_STDINT_H 1
| #define HAVE_UNISTD_H 1
| #define HAVE_DLFCN_H 1
| #define LT_OBJDIR ".libs/"
| /* end confdefs.h.  */
| #include <ac_nonexistent.h>
configure:12095: result: g++ -E
configure:12115: g++ -E  conftest.cpp
configure:12115: $? = 0
configure:12129: g++ -E  conftest.cpp
conftest.cpp:23:28: fatal error: ac_nonexistent.h: No such file or directory
compilation terminated.
configure:12129: $? = 1
configure: failed program was:
| /* confdefs.h */
| #define PACKAGE_NAME "dei80211mr"
| #define PACKAGE_TARNAME "dei80211mr"
| #define PACKAGE_VERSION "1.1.4"
| #define PACKAGE_STRING "dei80211mr 1.1.4"
| #define PACKAGE_BUGREPORT ""
| #define PACKAGE_URL ""
| #define PACKAGE "dei80211mr"
| #define VERSION "1.1.4"
| #define STDC_HEADERS 1
| #define HAVE_SYS_TYPES_H 1
| #define HAVE_SYS_STAT_H 1
| #define HAVE_STDLIB_H 1
| #define HAVE_STRING_H 1
| #define HAVE_MEMORY_H 1
| #define HAVE_STRINGS_H 1
| #define HAVE_INTTYPES_H 1
| #define HAVE_STDINT_H 1
| #define HAVE_UNISTD_H 1
| #define HAVE_DLFCN_H 1
| #define LT_OBJDIR ".libs/"
| /* end confdefs.h.  */
| #include <ac_nonexistent.h>
configure:12298: checking for ld used by g++
configure:12365: result: /usr/bin/ld -m elf_x86_64
configure:12372: checking if the linker (/usr/bin/ld -m elf_x86_64) is GNU ld
configure:12387: result: yes
configure:12442: checking whether the g++ linker (/usr/bin/ld -m elf_x86_64) supports shared libraries
configure:13447: result: yes
configure:13483: g++ -c -g -O2  conftest.cpp >&5
configure:13486: $? = 0
configure:14006: checking for g++ option to produce PIC
configure:14013: result: -fPIC -DPIC
configure:14021: checking if g++ PIC flag -fPIC -DPIC works
configure:14039: g++ -c -g -O2  -fPIC -DPIC -DPIC conftest.cpp >&5
configure:14043: $? = 0
configure:14056: result: yes
configure:14079: checking if g++ static flag -static works
configure:14107: result: yes
configure:14119: checking if g++ supports -c -o file.o
configure:14140: g++ -c -g -O2  -o out/conftest2.o conftest.cpp >&5
configure:14144: $? = 0
configure:14166: result: yes
configure:14171: checking if g++ supports -c -o file.o
configure:14218: result: yes
configure:14248: checking whether the g++ linker (/usr/bin/ld -m elf_x86_64) supports shared libraries
configure:14287: result: yes
configure:14428: checking dynamic linker characteristics
configure:15107: result: GNU/Linux ld.so
configure:15160: checking how to hardcode library paths into programs
configure:15185: result: immediate
configure:15315: checking for NS_LDFLAGS and NS_LIBADD type
configure:15330: result: none needed
configure:15363: checking for ns-allinone installation
configure:15386: g++ -E -I/home/lapmore/Programs/ns-allinone-2.35/include -I/home/lapmore/Programs/ns-allinone-2.35/ns-2.35 -I/home/lapmore/Programs/ns-allinone-2.35/tclcl-1.20 -I/home/lapmore/Programs/ns-allinone-2.35/otcl-1.14  -I/home/lapmore/Programs/ns-allinone-2.35/ns-2.35/mac  -I/home/lapmore/Programs/ns-allinone-2.35/ns-2.35/propagation  -I/home/lapmore/Programs/ns-allinone-2.35/ns-2.35/mobile  -I/home/lapmore/Programs/ns-allinone-2.35/ns-2.35/pcap  -I/home/lapmore/Programs/ns-allinone-2.35/ns-2.35/tcp  -I/home/lapmore/Programs/ns-allinone-2.35/ns-2.35/sctp  -I/home/lapmore/Programs/ns-allinone-2.35/ns-2.35/common  -I/home/lapmore/Programs/ns-allinone-2.35/ns-2.35/link  -I/home/lapmore/Programs/ns-allinone-2.35/ns-2.35/queue  -I/home/lapmore/Programs/ns-allinone-2.35/ns-2.35/trace  -I/home/lapmore/Programs/ns-allinone-2.35/ns-2.35/adc  -I/home/lapmore/Programs/ns-allinone-2.35/ns-2.35/apps  -I/home/lapmore/Programs/ns-allinone-2.35/ns-2.35/routing  -I/home/lapmore/Programs/ns-allinone-2.35/ns-2.35/tools  -I/home/lapmore/Programs/ns-allinone-2.35/ns-2.35/classifier  -I/home/lapmore/Programs/ns-allinone-2.35/ns-2.35/mcast  -I/home/lapmore/Programs/ns-allinone-2.35/ns-2.35/diffusion3/lib  -I/home/lapmore/Programs/ns-allinone-2.35/ns-2.35/diffusion3/lib/main  -I/home/lapmore/Programs/ns-allinone-2.35/ns-2.35/diffusion3/lib/nr  -I/home/lapmore/Programs/ns-allinone-2.35/ns-2.35/diffusion3/ns  -I/home/lapmore/Programs/ns-allinone-2.35/ns-2.35/diffusion3/filter_core  -I/home/lapmore/Programs/ns-allinone-2.35/ns-2.35/asim conftest.cpp
configure:15386: $? = 0
configure:15387: result: ok
configure:15399: checking if ns-allinone installation has been patched for dynamic libraries
configure:15420: g++ -E -I/home/lapmore/Programs/ns-allinone-2.35/include -I/home/lapmore/Programs/ns-allinone-2.35/ns-2.35 -I/home/lapmore/Programs/ns-allinone-2.35/tclcl-1.20 -I/home/lapmore/Programs/ns-allinone-2.35/otcl-1.14  -I/home/lapmore/Programs/ns-allinone-2.35/ns-2.35/mac  -I/home/lapmore/Programs/ns-allinone-2.35/ns-2.35/propagation  -I/home/lapmore/Programs/ns-allinone-2.35/ns-2.35/mobile  -I/home/lapmore/Programs/ns-allinone-2.35/ns-2.35/pcap  -I/home/lapmore/Programs/ns-allinone-2.35/ns-2.35/tcp  -I/home/lapmore/Programs/ns-allinone-2.35/ns-2.35/sctp  -I/home/lapmore/Programs/ns-allinone-2.35/ns-2.35/common  -I/home/lapmore/Programs/ns-allinone-2.35/ns-2.35/link  -I/home/lapmore/Programs/ns-allinone-2.35/ns-2.35/queue  -I/home/lapmore/Programs/ns-allinone-2.35/ns-2.35/trace  -I/home/lapmore/Programs/ns-allinone-2.35/ns-2.35/adc  -I/home/lapmore/Programs/ns-allinone-2.35/ns-2.35/apps  -I/home/lapmore/Programs/ns-allinone-2.35/ns-2.35/routing  -I/home/lapmore/Programs/ns-allinone-2.35/ns-2.35/tools  -I/home/lapmore/Programs/ns-allinone-2.35/ns-2.35/classifier  -I/home/lapmore/Programs/ns-allinone-2.35/ns-2.35/mcast  -I/home/lapmore/Programs/ns-allinone-2.35/ns-2.35/diffusion3/lib  -I/home/lapmore/Programs/ns-allinone-2.35/ns-2.35/diffusion3/lib/main  -I/home/lapmore/Programs/ns-allinone-2.35/ns-2.35/diffusion3/lib/nr  -I/home/lapmore/Programs/ns-allinone-2.35/ns-2.35/diffusion3/ns  -I/home/lapmore/Programs/ns-allinone-2.35/ns-2.35/diffusion3/filter_core  -I/home/lapmore/Programs/ns-allinone-2.35/ns-2.35/asim conftest.cpp
configure:15420: $? = 0
configure:15421: result: yes
configure:15452: checking for tcl2c++
configure:15471: found /home/lapmore/Programs/ns-allinone-2.35/tclcl-1.20/tcl2c++
configure:15484: result: /home/lapmore/Programs/ns-allinone-2.35/tclcl-1.20/tcl2c++
configure:15683: creating ./config.status

## ---------------------- ##
## Running config.status. ##
## ---------------------- ##

This file was extended by dei80211mr config.status 1.1.4, which was
generated by GNU Autoconf 2.68.  Invocation command line was

  CONFIG_FILES    = 
  CONFIG_HEADERS  = 
  CONFIG_LINKS    = 
  CONFIG_COMMANDS = 
  $ ./config.status 

on ThinkPad

config.status:1095: creating Makefile
config.status:1095: creating src/Makefile
config.status:1095: creating src/adt/Makefile
config.status:1095: creating m4/Makefile
config.status:1095: creating samples/Makefile
config.status:1267: executing depfiles commands
config.status:1267: executing libtool commands

## ---------------- ##
## Cache variables. ##
## ---------------- ##

ac_cv_build=x86_64-unknown-linux-gnu
ac_cv_c_compiler_gnu=yes
ac_cv_cxx_compiler_gnu=yes
ac_cv_env_CCC_set=
ac_cv_env_CCC_value=
ac_cv_env_CC_set=
ac_cv_env_CC_value=
ac_cv_env_CFLAGS_set=
ac_cv_env_CFLAGS_value=
ac_cv_env_CPPFLAGS_set=
ac_cv_env_CPPFLAGS_value=
ac_cv_env_CPP_set=
ac_cv_env_CPP_value=
ac_cv_env_CXXCPP_set=
ac_cv_env_CXXCPP_value=
ac_cv_env_CXXFLAGS_set=
ac_cv_env_CXXFLAGS_value=
ac_cv_env_CXX_set=
ac_cv_env_CXX_value=
ac_cv_env_LDFLAGS_set=
ac_cv_env_LDFLAGS_value=
ac_cv_env_LIBS_set=
ac_cv_env_LIBS_value=
ac_cv_env_TCL2CPP_set=
ac_cv_env_TCL2CPP_value=
ac_cv_env_build_alias_set=
ac_cv_env_build_alias_value=
ac_cv_env_host_alias_set=
ac_cv_env_host_alias_value=
ac_cv_env_target_alias_set=
ac_cv_env_target_alias_value=
ac_cv_header_dlfcn_h=yes
ac_cv_header_inttypes_h=yes
ac_cv_header_memory_h=yes
ac_cv_header_stdc=yes
ac_cv_header_stdint_h=yes
ac_cv_header_stdlib_h=yes
ac_cv_header_string_h=yes
ac_cv_header_strings_h=yes
ac_cv_header_sys_stat_h=yes
ac_cv_header_sys_types_h=yes
ac_cv_header_unistd_h=yes
ac_cv_host=x86_64-unknown-linux-gnu
ac_cv_objext=o
ac_cv_path_EGREP='/bin/grep -E'
ac_cv_path_FGREP='/bin/grep -F'
ac_cv_path_GREP=/bin/grep
ac_cv_path_SED=/bin/sed
ac_cv_path_TCL2CPP=/home/lapmore/Programs/ns-allinone-2.35/tclcl-1.20/tcl2c++
ac_cv_path_install='/usr/bin/install -c'
ac_cv_path_mkdir=/bin/mkdir
ac_cv_prog_AWK=mawk
ac_cv_prog_CPP='gcc -E'
ac_cv_prog_CXXCPP='g++ -E'
ac_cv_prog_ac_ct_AR=ar
ac_cv_prog_ac_ct_CC=gcc
ac_cv_prog_ac_ct_CXX=g++
ac_cv_prog_ac_ct_DLLTOOL=dlltool
ac_cv_prog_ac_ct_MANIFEST_TOOL=mt
ac_cv_prog_ac_ct_OBJDUMP=objdump
ac_cv_prog_ac_ct_RANLIB=ranlib
ac_cv_prog_ac_ct_STRIP=strip
ac_cv_prog_cc_c89=
ac_cv_prog_cc_g=yes
ac_cv_prog_cxx_g=yes
ac_cv_prog_make_make_set=yes
am_cv_CC_dependencies_compiler_type=gcc3
am_cv_CXX_dependencies_compiler_type=gcc3
lt_cv_ar_at_file=@
lt_cv_archive_cmds_need_lc=no
lt_cv_deplibs_check_method=pass_all
lt_cv_file_magic_cmd='$MAGIC_CMD'
lt_cv_file_magic_test_file=
lt_cv_ld_reload_flag=-r
lt_cv_nm_interface='BSD nm'
lt_cv_objdir=.libs
lt_cv_path_LD=/usr/bin/ld
lt_cv_path_LDCXX='/usr/bin/ld -m elf_x86_64'
lt_cv_path_NM='/usr/bin/nm -B'
lt_cv_path_mainfest_tool=no
lt_cv_prog_compiler_c_o=yes
lt_cv_prog_compiler_c_o_CXX=yes
lt_cv_prog_compiler_pic='-fPIC -DPIC'
lt_cv_prog_compiler_pic_CXX='-fPIC -DPIC'
lt_cv_prog_compiler_pic_works=yes
lt_cv_prog_compiler_pic_works_CXX=yes
lt_cv_prog_compiler_rtti_exceptions=no
lt_cv_prog_compiler_static_works=yes
lt_cv_prog_compiler_static_works_CXX=yes
lt_cv_prog_gnu_ld=yes
lt_cv_prog_gnu_ldcxx=yes
lt_cv_sharedlib_from_linklib_cmd='printf %s\n'
lt_cv_shlibpath_overrides_runpath=no
lt_cv_sys_global_symbol_pipe='sed -n -e '\''s/^.*[	 ]\([ABCDGIRSTW][ABCDGIRSTW]*\)[	 ][	 ]*\([_A-Za-z][_A-Za-z0-9]*\)$/\1 \2 \2/p'\'' | sed '\''/ __gnu_lto/d'\'''
lt_cv_sys_global_symbol_to_c_name_address='sed -n -e '\''s/^: \([^ ]*\)[ ]*$/  {\"\1\", (void *) 0},/p'\'' -e '\''s/^[ABCDGIRSTW]* \([^ ]*\) \([^ ]*\)$/  {"\2", (void *) \&\2},/p'\'''
lt_cv_sys_global_symbol_to_c_name_address_lib_prefix='sed -n -e '\''s/^: \([^ ]*\)[ ]*$/  {\"\1\", (void *) 0},/p'\'' -e '\''s/^[ABCDGIRSTW]* \([^ ]*\) \(lib[^ ]*\)$/  {"\2", (void *) \&\2},/p'\'' -e '\''s/^[ABCDGIRSTW]* \([^ ]*\) \([^ ]*\)$/  {"lib\2", (void *) \&\2},/p'\'''
lt_cv_sys_global_symbol_to_cdecl='sed -n -e '\''s/^T .* \(.*\)$/extern int \1();/p'\'' -e '\''s/^[ABCDGIRSTW]* .* \(.*\)$/extern char \1;/p'\'''
lt_cv_sys_max_cmd_len=1572864
lt_cv_to_host_file_cmd=func_convert_file_noop
lt_cv_to_tool_file_cmd=func_convert_file_noop

## ----------------- ##
## Output variables. ##
## ----------------- ##

ACLOCAL='${SHELL} /home/lapmore/Programs/ns-allinone-2.35/dei80211mr-1.1.4/missing --run aclocal-1.11'
AMDEPBACKSLASH='\'
AMDEP_FALSE='#'
AMDEP_TRUE=''
AMTAR='$${TAR-tar}'
AR='ar'
AS='as'
AUTOCONF='${SHELL} /home/lapmore/Programs/ns-allinone-2.35/dei80211mr-1.1.4/missing --run autoconf'
AUTOHEADER='${SHELL} /home/lapmore/Programs/ns-allinone-2.35/dei80211mr-1.1.4/missing --run autoheader'
AUTOMAKE='${SHELL} /home/lapmore/Programs/ns-allinone-2.35/dei80211mr-1.1.4/missing --run automake-1.11'
AWK='mawk'
CC='gcc'
CCDEPMODE='depmode=gcc3'
CFLAGS='-g -O2 -Wall -g'
CPP='gcc -E'
CPPFLAGS=''
CXX='g++'
CXXCPP='g++ -E'
CXXDEPMODE='depmode=gcc3'
CXXFLAGS='-g -O2'
CYGPATH_W='echo'
DEFS='-DPACKAGE_NAME=\"dei80211mr\" -DPACKAGE_TARNAME=\"dei80211mr\" -DPACKAGE_VERSION=\"1.1.4\" -DPACKAGE_STRING=\"dei80211mr\ 1.1.4\" -DPACKAGE_BUGREPORT=\"\" -DPACKAGE_URL=\"\" -DPACKAGE=\"dei80211mr\" -DVERSION=\"1.1.4\" -DSTDC_HEADERS=1 -DHAVE_SYS_TYPES_H=1 -DHAVE_SYS_STAT_H=1 -DHAVE_STDLIB_H=1 -DHAVE_STRING_H=1 -DHAVE_MEMORY_H=1 -DHAVE_STRINGS_H=1 -DHAVE_INTTYPES_H=1 -DHAVE_STDINT_H=1 -DHAVE_UNISTD_H=1 -DHAVE_DLFCN_H=1 -DLT_OBJDIR=\".libs/\" -DCPP_NAMESPACE=std'
DEPDIR='.deps'
DLLTOOL='dlltool'
DSYMUTIL=''
DUMPBIN=''
ECHO_C=''
ECHO_N='-n'
ECHO_T=''
EGREP='/bin/grep -E'
EXEEXT=''
FGREP='/bin/grep -F'
GREP='/bin/grep'
INSTALL_DATA='${INSTALL} -m 644'
INSTALL_PROGRAM='${INSTALL}'
INSTALL_SCRIPT='${INSTALL}'
INSTALL_STRIP_PROGRAM='$(install_sh) -c -s'
LD='/usr/bin/ld -m elf_x86_64'
LDFLAGS=''
LIBOBJS=''
LIBS=''
LIBTOOL='$(SHELL) $(top_builddir)/libtool'
LIPO=''
LN_S='ln -s'
LTLIBOBJS=''
MAKEINFO='${SHELL} /home/lapmore/Programs/ns-allinone-2.35/dei80211mr-1.1.4/missing --run makeinfo'
MANIFEST_TOOL=':'
MKDIR_P='/bin/mkdir -p'
NM='/usr/bin/nm -B'
NMEDIT=''
NS_ALLINONE_DISTCHECK_CONFIGURE_FLAGS='--with-ns-allinone=/home/lapmore/Programs/ns-allinone-2.35'
NS_CPPFLAGS='-I/home/lapmore/Programs/ns-allinone-2.35/include -I/home/lapmore/Programs/ns-allinone-2.35/ns-2.35 -I/home/lapmore/Programs/ns-allinone-2.35/tclcl-1.20 -I/home/lapmore/Programs/ns-allinone-2.35/otcl-1.14  -I/home/lapmore/Programs/ns-allinone-2.35/ns-2.35/mac  -I/home/lapmore/Programs/ns-allinone-2.35/ns-2.35/propagation  -I/home/lapmore/Programs/ns-allinone-2.35/ns-2.35/mobile  -I/home/lapmore/Programs/ns-allinone-2.35/ns-2.35/pcap  -I/home/lapmore/Programs/ns-allinone-2.35/ns-2.35/tcp  -I/home/lapmore/Programs/ns-allinone-2.35/ns-2.35/sctp  -I/home/lapmore/Programs/ns-allinone-2.35/ns-2.35/common  -I/home/lapmore/Programs/ns-allinone-2.35/ns-2.35/link  -I/home/lapmore/Programs/ns-allinone-2.35/ns-2.35/queue  -I/home/lapmore/Programs/ns-allinone-2.35/ns-2.35/trace  -I/home/lapmore/Programs/ns-allinone-2.35/ns-2.35/adc  -I/home/lapmore/Programs/ns-allinone-2.35/ns-2.35/apps  -I/home/lapmore/Programs/ns-allinone-2.35/ns-2.35/routing  -I/home/lapmore/Programs/ns-allinone-2.35/ns-2.35/tools  -I/home/lapmore/Programs/ns-allinone-2.35/ns-2.35/classifier  -I/home/lapmore/Programs/ns-allinone-2.35/ns-2.35/mcast  -I/home/lapmore/Programs/ns-allinone-2.35/ns-2.35/diffusion3/lib  -I/home/lapmore/Programs/ns-allinone-2.35/ns-2.35/diffusion3/lib/main  -I/home/lapmore/Programs/ns-allinone-2.35/ns-2.35/diffusion3/lib/nr  -I/home/lapmore/Programs/ns-allinone-2.35/ns-2.35/diffusion3/ns  -I/home/lapmore/Programs/ns-allinone-2.35/ns-2.35/diffusion3/filter_core  -I/home/lapmore/Programs/ns-allinone-2.35/ns-2.35/asim'
NS_LDFLAGS=''
NS_LIBADD=''
OBJDUMP='objdump'
OBJEXT='o'
OTOOL64=''
OTOOL=''
PACKAGE='dei80211mr'
PACKAGE_BUGREPORT=''
PACKAGE_NAME='dei80211mr'
PACKAGE_STRING='dei80211mr 1.1.4'
PACKAGE_TARNAME='dei80211mr'
PACKAGE_URL=''
PACKAGE_VERSION='1.1.4'
PATH_SEPARATOR=':'
RANLIB='ranlib'
SED='/bin/sed'
SET_MAKE=''
SHELL='/bin/bash'
STRIP='strip'
TCL2CPP='/home/lapmore/Programs/ns-allinone-2.35/tclcl-1.20/tcl2c++'
VERSION='1.1.4'
ac_ct_AR='ar'
ac_ct_CC='gcc'
ac_ct_CXX='g++'
ac_ct_DUMPBIN=''
am__EXEEXT_FALSE=''
am__EXEEXT_TRUE='#'
am__fastdepCC_FALSE='#'
am__fastdepCC_TRUE=''
am__fastdepCXX_FALSE='#'
am__fastdepCXX_TRUE=''
am__include='include'
am__isrc=''
am__leading_dot='.'
am__nodep='_no'
am__quote=''
am__tar='$${TAR-tar} chof - "$$tardir"'
am__untar='$${TAR-tar} xf -'
bindir='${exec_prefix}/bin'
build='x86_64-unknown-linux-gnu'
build_alias=''
build_cpu='x86_64'
build_os='linux-gnu'
build_vendor='unknown'
datadir='${datarootdir}'
datarootdir='${prefix}/share'
docdir='${datarootdir}/doc/${PACKAGE_TARNAME}'
dvidir='${docdir}'
exec_prefix='${prefix}'
host='x86_64-unknown-linux-gnu'
host_alias=''
host_cpu='x86_64'
host_os='linux-gnu'
host_vendor='unknown'
htmldir='${docdir}'
includedir='${prefix}/include'
infodir='${datarootdir}/info'
install_sh='${SHELL} /home/lapmore/Programs/ns-allinone-2.35/dei80211mr-1.1.4/install-sh'
libdir='${exec_prefix}/lib'
libexecdir='${exec_prefix}/libexec'
localedir='${datarootdir}/locale'
localstatedir='${prefix}/var'
mandir='${datarootdir}/man'
mkdir_p='/bin/mkdir -p'
oldincludedir='/usr/include'
pdfdir='${docdir}'
prefix='/home/lapmore/Programs/ns-allinone-2.35'
program_transform_name='s,x,x,'
psdir='${docdir}'
sbindir='${exec_prefix}/sbin'
sharedstatedir='${prefix}/com'
sysconfdir='${prefix}/etc'
target_alias=''

## ----------- ##
## confdefs.h. ##
## ----------- ##

/* confdefs.h */
#define PACKAGE_NAME "dei80211mr"
#define PACKAGE_TARNAME "dei80211mr"
#define PACKAGE_VERSION "1.1.4"
#define PACKAGE_STRING "dei80211mr 1.1.4"
#define PACKAGE_BUGREPORT ""
#define PACKAGE_URL ""
#define PACKAGE "dei80211mr"
#define VERSION "1.1.4"
#define STDC_HEADERS 1
#define HAVE_SYS_TYPES_H 1
#define HAVE_SYS_STAT_H 1
#define HAVE_STDLIB_H 1
#define HAVE_STRING_H 1
#define HAVE_MEMORY_H 1
#define HAVE_STRINGS_H 1
#define HAVE_INTTYPES_H 1
#define HAVE_STDINT_H 1
#define HAVE_UNISTD_H 1
#define HAVE_DLFCN_H 1
#define LT_OBJDIR ".libs/"
#define CPP_NAMESPACE std

configure: exit 0
