1.09154550 1 0 1
1.12204450 1 0 2
1.12919633 1 0 3
1.13674650 1 0 4
1.19326150 1 0 5
1.20098283 1 0 6
1.21030517 1 0 7
33.93167042 1 0 6
33.98134710 1 0 7
34.01097093 1 0 6
34.11813415 1 0 7
34.31436295 1 0 6
34.37362489 1 0 7
34.41010478 1 0 6
34.45649899 1 0 7
34.58105591 1 0 6
34.70111082 1 0 7
34.79136719 1 0 6
34.85446986 1 0 7
34.94219249 1 0 6
35.00906507 1 0 7
35.02781704 1 0 6
35.11424800 1 0 7
35.14403442 1 0 6
35.19061771 1 0 7
35.21444322 1 0 6
35.29807682 1 0 7
35.32912807 1 0 6
35.39580647 1 0 7
35.41482679 1 0 6
35.53499684 1 0 7
35.57208810 1 0 6
35.64004474 1 0 7
35.67266269 1 0 6
35.77048887 1 0 7
35.81529317 1 0 6
35.90809921 1 0 7
35.92955526 1 0 6
36.07220222 1 0 7
36.11765047 1 0 6
36.45170834 1 0 7
36.51522032 1 0 6
36.65780094 1 0 7
36.68652830 1 0 6
37.66444516 1 0 7
37.69768536 1 0 6
38.15219913 1 0 7
38.17574124 1 0 6
39.03413392 1 0 5
39.45272277 1 0 6
39.56123403 1 0 5
39.84644768 1 0 6
39.87597989 1 0 5
40.21080693 1 0 6
40.32861308 1 0 5
40.66046907 1 0 6
40.70679353 1 0 5
40.85738759 1 0 6
40.88938528 1 0 5
41.15650995 1 0 6
41.19366772 1 0 5
41.52677175 1 0 6
41.55388941 1 0 5
41.84728806 1 0 6
41.87363137 1 0 5
42.30125947 1 0 6
42.34130450 1 0 5
42.54735051 1 0 6
42.58361313 1 0 5
42.73246004 1 0 6
42.75737073 1 0 5
43.08909416 1 0 6
43.12465935 1 0 5
43.30559927 1 0 6
43.33301973 1 0 5
43.49818410 1 0 6
43.52665414 1 0 5
43.93991747 1 0 6
43.96607349 1 0 5
44.11271424 1 0 6
44.13325058 1 0 5
45.03151091 1 0 6
45.06937102 1 0 5
45.48267957 1 0 6
45.51252966 1 0 5
45.92353589 1 0 6
45.96588694 1 0 5
46.13642786 1 0 6
46.17074566 1 0 5
46.32738612 1 0 6
46.35707140 1 0 5
46.57401083 1 0 6
46.60692480 1 0 5
46.85343678 1 0 6
46.89116496 1 0 5
47.24874176 1 0 6
47.28209337 1 0 5
47.79311163 1 0 6
47.82058073 1 0 5
48.16418291 1 0 6
48.19491861 1 0 5
48.39874472 1 0 6
48.43056848 1 0 5
48.69501351 1 0 6
48.73670555 1 0 5
48.92964638 1 0 6
48.96411070 1 0 5
49.32703757 1 0 6
49.36339210 1 0 5
49.62557825 1 0 6
49.65509986 1 0 5
49.93563453 1 0 6
49.96288323 1 0 5
50.40363989 1 0 6
50.43242999 1 0 5
50.56647437 1 0 6
50.60339322 1 0 5
50.76981264 1 0 6
50.78791027 1 0 5
50.98388585 1 0 6
51.00486373 1 0 5
51.41441969 1 0 6
51.43599595 1 0 5
52.28844783 1 0 6
52.31110878 1 0 5
52.48495055 1 0 6
52.52818050 1 0 5
52.91936940 1 0 6
52.94765547 1 0 5
53.09061692 1 0 6
53.15593641 1 0 5
53.33107371 1 0 6
53.35491286 1 0 5
53.63220907 1 0 6
53.66505934 1 0 5
53.96771565 1 0 6
53.99060779 1 0 5
54.29583454 1 0 6
54.33192786 1 0 5
54.78264726 1 0 6
54.80415717 1 0 5
55.18867570 1 0 6
55.21675065 1 0 5
55.41163586 1 0 6
55.43827451 1 0 5
55.53983037 1 0 6
55.58585750 1 0 5
55.70488477 1 0 6
55.73404050 1 0 5
55.83287154 1 0 6
55.86711139 1 0 5
55.98456960 1 0 6
56.01758062 1 0 5
56.17153026 1 0 6
56.20327492 1 0 5
56.36393050 1 0 6
56.38967500 1 0 5
56.63978910 1 0 6
56.67843508 1 0 5
56.79465795 1 0 6
56.82554299 1 0 5
56.93911300 1 0 6
56.95764153 1 0 5
57.03955256 1 0 6
57.06348813 1 0 5
57.19685306 1 0 6
57.23088042 1 0 5
57.44072961 1 0 6
57.45831435 1 0 5
57.52604618 1 0 4
57.59475481 1 0 5
57.76932834 1 0 6
57.79110626 1 0 5
57.94058715 1 0 6
57.96916808 1 0 5
58.32090491 1 0 6
58.34998015 1 0 5
58.59857122 1 0 6
58.62025712 1 0 5
58.72793402 1 0 6
58.74961840 1 0 5
58.91866604 1 0 6
58.93610665 1 0 5
59.01342442 1 0 6
59.03472322 1 0 5
59.19170289 1 0 6
59.22761680 1 0 5
59.37196753 1 0 6
59.39714341 1 0 5
59.47596701 1 0 6
59.49675311 1 0 5
59.56571225 1 0 6
59.59256701 1 0 5
59.69132925 1 0 6
59.71048169 1 0 5
59.81552410 1 0 6
59.84666459 1 0 5
59.93201751 1 0 6
59.96934228 1 0 5
60.02802459 1 0 6
60.03186259 1 0 5
60.27225839 1 0 6
60.29842015 1 0 5
60.45094253 1 0 6
60.47557232 1 0 5
60.60318259 1 0 6
60.63847579 1 0 5
60.75183265 1 0 6
60.78244363 1 0 5
60.98562709 1 0 6
61.01366404 1 0 5
61.16241738 1 0 6
61.17980700 1 0 5
61.27807805 1 0 6
61.31119037 1 0 5
61.58926985 1 0 6
61.61125970 1 0 5
61.77998549 1 0 6
61.84648530 1 0 5
61.99356034 1 0 6
62.02328973 1 0 5
62.20260403 1 0 6
62.24167450 1 0 5
62.40392408 1 0 6
62.42501378 1 0 5
62.56945595 1 0 6
62.60376580 1 0 5
62.73757173 1 0 6
62.76740808 1 0 5
63.01061031 1 0 6
63.03059768 1 0 5
63.37582921 1 0 6
63.39660718 1 0 5
63.59306627 1 0 6
63.63779361 1 0 5
63.86511761 1 0 6
63.90839685 1 0 5
67.94719637 1 0 4
68.17501751 1 0 5
68.38219278 1 0 4
69.08209974 1 0 5
69.23395215 1 0 4
69.38713604 1 0 5
69.47455066 1 0 4
69.77126459 1 0 5
69.80612899 1 0 4
70.03749292 1 0 5
70.15519204 1 0 4
70.44043276 1 0 5
70.48269473 1 0 4
70.76355439 1 0 5
70.84286489 1 0 4
71.07023480 1 0 5
71.12960408 1 0 4
71.29894782 1 0 5
71.32779526 1 0 4
71.80344564 1 0 5
71.83489968 1 0 4
72.13276916 1 0 5
72.17729949 1 0 4
72.68710696 1 0 5
72.75691275 1 0 4
73.23738314 1 0 5
73.25977409 1 0 4
73.71397312 1 0 5
73.75078020 1 0 4
74.21379265 1 0 5
74.24342057 1 0 4
74.55109047 1 0 5
74.58759935 1 0 4
74.92714964 1 0 5
74.96390159 1 0 4
75.30609689 1 0 5
75.34035370 1 0 4
75.50734019 1 0 5
75.52797197 1 0 4
75.66169267 1 0 5
75.69478339 1 0 4
76.01305347 1 0 5
76.05137136 1 0 4
76.25239440 1 0 5
76.27867036 1 0 4
76.44596983 1 0 5
76.47211494 1 0 4
76.82861664 1 0 5
76.84378474 1 0 4
76.99208796 1 0 5
77.02414617 1 0 4
77.21966488 1 0 5
77.25474421 1 0 4
77.41126859 1 0 5
77.45324833 1 0 4
77.61493106 1 0 5
77.63940886 1 0 4
78.01553494 1 0 5
78.04195719 1 0 4
78.30351267 1 0 5
78.32043702 1 0 4
78.82127822 1 0 5
78.85974695 1 0 4
78.97030297 1 0 5
79.01235356 1 0 4
79.12417434 1 0 5
79.15177264 1 0 4
79.30954387 1 0 5
79.33305387 1 0 4
79.53155476 1 0 5
79.56013935 1 0 4
79.73246296 1 0 5
79.75668247 1 0 4
80.44204851 1 0 5
80.48008474 1 0 4
80.92975070 1 0 5
80.96837292 1 0 4
81.14915862 1 0 5
81.18194108 1 0 4
81.54197593 1 0 5
81.57629652 1 0 4
81.74828216 1 0 5
81.78428693 1 0 4
82.34424124 1 0 5
82.37276455 1 0 4
82.55755217 1 0 5
82.58333872 1 0 4
82.88595784 1 0 5
82.91450763 1 0 4
83.13851766 1 0 5
83.17093202 1 0 4
83.33508065 1 0 5
83.37671482 1 0 4
83.51138987 1 0 5
83.54078696 1 0 4
83.67459365 1 0 5
83.70442349 1 0 4
83.92524960 1 0 5
83.95862473 1 0 4
84.17673114 1 0 5
84.19882416 1 0 4
84.35954397 1 0 5
84.38695497 1 0 4
84.51400436 1 0 5
84.54359181 1 0 4
84.65328330 1 0 5
84.67103955 1 0 4
84.82911011 1 0 5
84.84754684 1 0 4
85.00155065 1 0 5
85.03330195 1 0 4
85.29573602 1 0 5
85.32556688 1 0 4
85.42831300 1 0 5
85.44361295 1 0 4
85.83570119 1 0 5
85.86761017 1 0 4
85.94852180 1 0 5
85.97721712 1 0 4
86.24414575 1 0 5
86.26501622 1 0 4
86.39077680 1 0 5
86.41305780 1 0 4
86.71074654 1 0 5
86.73932974 1 0 4
86.85275629 1 0 5
86.89550140 1 0 4
87.04053615 1 0 5
87.07278835 1 0 4
87.23300491 1 0 5
87.27057235 1 0 4
87.46471571 1 0 5
87.49960464 1 0 4
87.83807288 1 0 5
87.86739856 1 0 4
88.05687477 1 0 5
88.07894446 1 0 4
88.44736987 1 0 5
88.48925228 1 0 4
88.97241399 1 0 5
89.01129792 1 0 4
89.28748614 1 0 5
89.32801490 1 0 4
89.53450800 1 0 5
89.57843431 1 0 4
90.27277450 1 0 5
90.31038663 1 0 4
91.43512093 1 0 5
91.46652258 1 0 4
92.00003152 1 0 5
92.04283074 1 0 4
93.50506584 1 0 5
93.53575724 1 0 4
94.52837464 1 0 3
94.93210967 1 0 4
95.42890154 1 0 3
95.62436839 1 0 4
96.81252506 1 0 3
96.99790078 1 0 4
97.18865377 1 0 3
97.45801008 1 0 4
97.49694919 1 0 3
97.80595609 1 0 4
98.30426796 1 0 3
98.51377757 1 0 4
98.63753329 1 0 3
98.94824272 1 0 4
99.04857907 1 0 3
99.33483244 1 0 4
99.44021652 1 0 3
99.79524904 1 0 4
99.95716175 1 0 3
100.33780442 1 0 4
100.42557002 1 0 3
100.66396871 1 0 4
100.72940135 1 0 3
100.87292909 1 0 4
100.91564444 1 0 3
101.22627240 1 0 4
101.27202219 1 0 3
101.80733258 1 0 4
101.90151026 1 0 3
102.18721143 1 0 4
102.28198932 1 0 3
102.44605727 1 0 4
102.46957324 1 0 3
102.74195700 1 0 4
102.80034415 1 0 3
103.06568725 1 0 4
103.12117960 1 0 3
103.38470317 1 0 4
103.48410840 1 0 3
103.99223215 1 0 4
104.05430674 1 0 3
104.71028632 1 0 4
104.75162459 1 0 3
105.01347603 1 0 4
105.08215679 1 0 3
105.59666043 1 0 4
105.63640516 1 0 3
105.86305698 1 0 4
105.92128064 1 0 3
106.14614087 1 0 4
106.20754445 1 0 3
106.43327640 1 0 4
106.47949465 1 0 3
106.91811694 1 0 4
107.01867161 1 0 3
107.24126957 1 0 4
107.30333214 1 0 3
107.58419905 1 0 4
107.70506097 1 0 3
108.03991754 1 0 4
108.11020963 1 0 3
108.45079445 1 0 4
108.49132779 1 0 3
108.75407533 1 0 4
108.81455487 1 0 3
109.00882536 1 0 4
109.06808108 1 0 3
109.31479102 1 0 4
109.33507788 1 0 3
109.72744221 1 0 4
109.76981143 1 0 3
109.97544713 1 0 4
110.00655373 1 0 3
110.91400833 1 0 4
110.96031224 1 0 3
111.32888110 1 0 4
111.37085068 1 0 3
111.61134245 1 0 4
111.68386167 1 0 3
112.04044485 1 0 4
112.08567892 1 0 3
112.43541956 1 0 4
112.55799776 1 0 3
113.09224681 1 0 4
113.15138212 1 0 3
113.40984657 1 0 4
113.64980568 1 0 3
113.98923274 1 0 4
114.16257011 1 0 3
114.54375284 1 0 4
114.72006326 1 0 3
114.94015681 1 0 4
115.02888877 1 0 3
115.26847289 1 0 4
115.38605700 1 0 3
115.75858625 1 0 4
115.85022023 1 0 3
116.07908077 1 0 4
116.10506818 1 0 3
116.28960553 1 0 4
116.32160181 1 0 3
116.49664939 1 0 4
116.53384570 1 0 3
116.77527646 1 0 4
116.81621782 1 0 3
117.20598682 1 0 4
117.26668077 1 0 3
117.55224031 1 0 4
117.64462253 1 0 3
118.24303688 1 0 4
118.34195519 1 0 3
118.87690303 1 0 4
118.90639418 1 0 3
119.14328713 1 0 4
119.37966810 1 0 3
119.88642980 1 0 4
119.91594733 1 0 3
120.11037612 1 0 4
120.20270791 1 0 3
120.63023601 1 0 4
120.70785532 1 0 3
121.17894668 1 0 4
121.22795246 1 0 3
121.64821327 1 0 4
121.74388167 1 0 3
122.17905460 1 0 4
122.20448431 1 0 3
122.38766677 1 0 4
122.42315270 1 0 3
123.27652381 1 0 4
123.35149657 1 0 3
123.70731110 1 0 4
123.73732066 1 0 3
124.09924055 1 0 4
124.15267216 1 0 3
124.62455059 1 0 4
124.84028955 1 0 3
125.37764812 1 0 4
125.42027848 1 0 3
125.66412057 1 0 4
125.69960378 1 0 3
125.84415739 1 0 4
125.86424415 1 0 3
126.37945596 1 0 4
126.46766499 1 0 3
126.75691819 1 0 4
126.83322697 1 0 3
127.07524791 1 0 4
127.23421386 1 0 3
127.56876332 1 0 4
127.62929718 1 0 3
127.86354155 1 0 4
127.94412912 1 0 3
128.16757285 1 0 4
128.20587536 1 0 3
128.59300903 1 0 4
128.79612227 1 0 3
129.02473561 1 0 4
129.05944911 1 0 3
129.55764466 1 0 4
129.60133059 1 0 3
129.89305866 1 0 4
129.91738285 1 0 3
130.07552985 1 0 4
130.20433384 1 0 3
130.39042398 1 0 4
130.50710643 1 0 3
130.66160854 1 0 4
130.68785753 1 0 3
131.01899923 1 0 4
131.06812913 1 0 3
131.55340074 1 0 4
131.63967824 1 0 3
131.86381097 1 0 4
131.91761111 1 0 3
132.41510400 1 0 4
132.49148544 1 0 3
133.12817758 1 0 4
133.19908722 1 0 3
133.63845964 1 0 4
133.71235385 1 0 3
134.16838009 1 0 4
134.20053576 1 0 3
134.48359097 1 0 4
134.56933827 1 0 3
135.05888938 1 0 4
135.11022796 1 0 3
135.47587582 1 0 4
135.50179341 1 0 3
135.82104481 1 0 4
135.90885739 1 0 3
136.26126638 1 0 4
136.29180149 1 0 3
136.89456021 1 0 4
136.93513697 1 0 3
137.16161464 1 0 4
137.33761691 1 0 3
137.50622024 1 0 4
137.53796800 1 0 3
137.83563944 1 0 4
137.87793447 1 0 3
138.45642849 1 0 4
138.57984755 1 0 3
138.75030317 1 0 4
138.81081070 1 0 3
138.96974308 1 0 4
139.02899075 1 0 3
139.44250433 1 0 4
139.49131670 1 0 3
139.91378180 1 0 4
139.99478440 1 0 3
140.22337573 1 0 4
140.28723849 1 0 3
140.45227444 1 0 4
140.51403744 1 0 3
140.91842233 1 0 4
140.93515714 1 0 3
141.13647056 1 0 4
141.21962959 1 0 3
141.37282710 1 0 4
141.50261079 1 0 3
141.93418342 1 0 4
141.99451930 1 0 3
142.23263706 1 0 4
142.25883807 1 0 3
142.45930587 1 0 4
142.61637892 1 0 3
143.45134077 1 0 4
143.53361732 1 0 3
143.85918293 1 0 4
143.91461941 1 0 3
144.21849082 1 0 4
144.36096315 1 0 3
144.83845389 1 0 4
144.92139311 1 0 3
145.08549270 1 0 4
145.12121776 1 0 3
145.27083662 1 0 4
145.30597346 1 0 3
145.47793897 1 0 4
145.60329262 1 0 3
145.89996437 1 0 4
145.94583770 1 0 3
146.54587588 1 0 4
146.78332127 1 0 3
147.44695632 1 0 4
147.48178781 1 0 3
148.06995928 1 0 4
148.12806582 1 0 3
148.57859319 1 0 4
148.62108744 1 0 3
148.89140712 1 0 4
148.92527802 1 0 3
149.29939137 1 0 4
149.33226803 1 0 3
149.62365185 1 0 4
149.68949160 1 0 3
149.86594614 1 0 4
149.93768840 1 0 3
150.17633287 1 0 4
150.23069916 1 0 3
150.48966963 1 0 4
150.53085889 1 0 3
150.84066258 1 0 4
150.87300264 1 0 3
150.98785723 1 0 4
151.05975193 1 0 3
151.32591585 1 0 4
151.37973124 1 0 3
151.65424186 1 0 4
151.69653635 1 0 3
152.16902815 1 0 4
152.23087657 1 0 3
152.71366169 1 0 4
152.84513645 1 0 3
153.09649455 1 0 4
153.23557654 1 0 3
153.53857217 1 0 4
153.70732614 1 0 3
153.94229832 1 0 4
153.99845864 1 0 3
154.37484816 1 0 4
154.51512171 1 0 3
154.87103993 1 0 4
154.93117877 1 0 3
155.12971854 1 0 4
155.16513911 1 0 3
155.53197943 1 0 4
155.63117844 1 0 3
155.74797973 1 0 4
155.81893394 1 0 3
155.98769480 1 0 4
156.01352523 1 0 3
156.28900354 1 0 4
156.31944144 1 0 3
156.56812545 1 0 4
156.62201033 1 0 3
156.83969534 1 0 4
156.89715555 1 0 3
157.02901684 1 0 4
157.05523804 1 0 3
157.19128040 1 0 4
157.28812490 1 0 3
157.39994308 1 0 4
157.45736862 1 0 3
157.74015939 1 0 4
157.82369046 1 0 3
158.07014163 1 0 4
158.11495957 1 0 3
158.65955629 1 0 4
158.73895746 1 0 3
158.93322203 1 0 4
158.95636685 1 0 3
159.29861388 1 0 4
159.33933815 1 0 3
160.05093243 1 0 4
160.17314086 1 0 3
160.39566484 1 0 4
160.43091771 1 0 3
160.75135496 1 0 4
160.79868300 1 0 3
161.12842055 1 0 4
161.15863279 1 0 3
161.32096889 1 0 4
161.39266087 1 0 3
161.81486886 1 0 4
161.86017208 1 0 3
162.16513494 1 0 4
162.20266220 1 0 3
162.47366703 1 0 4
162.51132711 1 0 3
162.99205006 1 0 4
163.03037936 1 0 3
163.34063542 1 0 4
163.41917067 1 0 3
163.67906892 1 0 4
163.79655286 1 0 3
164.17107518 1 0 4
164.25414419 1 0 3
164.62546716 1 0 4
164.66889948 1 0 3
164.96876854 1 0 4
165.10476294 1 0 3
165.42088142 1 0 4
165.52082645 1 0 3
165.78722213 1 0 4
165.83435048 1 0 3
166.32110917 1 0 4
166.34278500 1 0 3
166.68707630 1 0 4
166.72046207 1 0 3
166.93575090 1 0 4
167.04327909 1 0 3
167.22315037 1 0 4
167.28356466 1 0 3
167.47840256 1 0 4
167.51286081 1 0 3
167.72529877 1 0 4
167.75499232 1 0 3
168.05509533 1 0 4
168.12964972 1 0 3
168.36486593 1 0 4
168.39974971 1 0 3
168.59379889 1 0 4
168.62372338 1 0 3
168.79022046 1 0 4
168.91103782 1 0 3
169.05814288 1 0 4
169.13157419 1 0 3
169.43189806 1 0 4
169.53315711 1 0 3
169.73726206 1 0 4
169.89458188 1 0 3
170.21719609 1 0 4
170.25805197 1 0 3
170.61016480 1 0 4
170.65028790 1 0 3
170.84018088 1 0 4
170.97813830 1 0 3
171.24575343 1 0 4
171.27511869 1 0 3
171.51572616 1 0 4
171.56529803 1 0 3
171.85465156 1 0 4
171.91276741 1 0 3
172.13267578 1 0 4
172.16867057 1 0 3
172.92200314 1 0 4
172.97313977 1 0 3
173.32143743 1 0 4
173.41392993 1 0 3
173.67031502 1 0 4
173.71338746 1 0 3
174.07083977 1 0 4
174.12971555 1 0 3
174.27580870 1 0 4
174.39613940 1 0 3
175.03496948 1 0 4
175.14369050 1 0 3
175.61789377 1 0 4
175.71030350 1 0 3
175.94778903 1 0 4
176.03554497 1 0 3
176.28447537 1 0 4
176.35545268 1 0 3
176.58211967 1 0 4
176.68678275 1 0 3
177.00243743 1 0 4
177.03466335 1 0 3
177.45474763 1 0 4
177.50325344 1 0 3
177.70734148 1 0 4
177.75336952 1 0 3
178.01321104 1 0 4
178.06386065 1 0 3
178.34466256 1 0 4
178.40492533 1 0 3
178.67008928 1 0 4
178.73237146 1 0 3
178.92672017 1 0 4
178.98576669 1 0 3
179.16107687 1 0 4
179.20737472 1 0 3
179.38787753 1 0 4
179.44058425 1 0 3
179.69405784 1 0 4
179.72393750 1 0 3
180.09393408 1 0 4
180.13699715 1 0 3
180.36429386 1 0 4
180.44655119 1 0 3
180.66758791 1 0 4
180.72175490 1 0 3
180.87318147 1 0 4
180.95496523 1 0 3
181.56229614 1 0 4
181.67231712 1 0 3
181.93581370 1 0 4
182.10004590 1 0 3
182.27367878 1 0 4
182.30314954 1 0 3
182.52746654 1 0 4
182.57682250 1 0 3
182.78632594 1 0 4
182.85001961 1 0 3
183.02862712 1 0 4
183.07130792 1 0 3
183.26675083 1 0 4
183.42808340 1 0 3
183.77927177 1 0 4
183.92330669 1 0 3
184.31050879 1 0 4
184.38498153 1 0 3
184.66843276 1 0 4
184.76604327 1 0 3
185.04893178 1 0 4
185.23355244 1 0 3
185.52394499 1 0 4
185.62019456 1 0 3
185.81520136 1 0 4
185.92122961 1 0 3
186.29747570 1 0 4
186.40565282 1 0 3
186.83313323 1 0 4
186.86211516 1 0 3
187.39642424 1 0 4
187.47903437 1 0 3
187.72281312 1 0 4
187.88039076 1 0 3
188.22060407 1 0 4
188.26039966 1 0 3
188.52665536 1 0 4
188.56172395 1 0 3
188.92982283 1 0 4
188.98437643 1 0 3
189.36102328 1 0 4
189.41887694 1 0 3
189.68433337 1 0 4
189.76384457 1 0 3
190.01085724 1 0 4
190.08493879 1 0 3
190.22682683 1 0 4
190.24743703 1 0 3
190.88348880 1 0 4
190.93176405 1 0 3
191.65512691 1 0 4
191.67853262 1 0 3
192.01740956 1 0 4
192.05160419 1 0 3
192.37055952 1 0 4
192.44088236 1 0 3
192.82157417 1 0 4
192.89462697 1 0 3
193.28156439 1 0 4
193.32633751 1 0 3
193.68871123 1 0 4
193.88181743 1 0 3
193.93802263 1 0 2
194.37779723 1 0 3
194.65181051 1 0 4
194.70019885 1 0 3
194.93897580 1 0 4
195.16200829 1 0 3
195.48075037 1 0 4
195.59374793 1 0 3
195.99368727 1 0 4
196.04895923 1 0 3
196.30097581 1 0 4
196.33795748 1 0 3
197.01739768 1 0 4
197.05538388 1 0 3
197.28246367 1 0 4
197.36918976 1 0 3
197.51302145 1 0 4
197.57674103 1 0 3
198.15247998 1 0 4
198.17908514 1 0 3
198.42748769 1 0 4
198.45115532 1 0 3
198.79622600 1 0 4
199.04169358 1 0 3
199.37540226 1 0 4
199.40726254 1 0 3
199.69763793 1 0 4
199.79813246 1 0 3
200.01699146 1 0 4
200.05337454 1 0 3
200.21235940 1 0 4
200.30927636 1 0 3
200.65461475 1 0 4
200.72083113 1 0 3
201.07130616 1 0 4
201.15728186 1 0 3
201.47593407 1 0 4
201.58718509 1 0 3
201.97281865 1 0 4
202.07640925 1 0 3
202.39712850 1 0 4
202.42744806 1 0 3
202.98312672 1 0 4
203.02615905 1 0 3
203.30220334 1 0 4
203.46216464 1 0 3
203.84885265 1 0 4
203.91577221 1 0 3
204.38214586 1 0 4
204.42188239 1 0 3
204.71711977 1 0 4
204.75064392 1 0 3
204.96014882 1 0 4
204.99664319 1 0 3
205.38521569 1 0 4
205.60664564 1 0 3
205.85916291 1 0 4
205.93469186 1 0 3
206.16864796 1 0 4
206.38853260 1 0 3
206.52731995 1 0 4
206.55893271 1 0 3
206.92126754 1 0 4
207.01913167 1 0 3
207.22129809 1 0 4
207.29858944 1 0 3
207.49926109 1 0 4
207.63712959 1 0 3
207.90749055 1 0 4
207.96503879 1 0 3
208.20617952 1 0 4
208.26430377 1 0 3
208.72106632 1 0 4
208.86182546 1 0 3
209.31978785 1 0 4
209.35758976 1 0 3
209.60632827 1 0 4
209.67064225 1 0 3
209.87901116 1 0 4
209.95595641 1 0 3
210.16887864 1 0 4
210.20303176 1 0 3
210.42310006 1 0 4
210.44498425 1 0 3
210.70395306 1 0 4
210.75726194 1 0 3
211.01411497 1 0 4
211.04434568 1 0 3
211.59430273 1 0 4
211.72331684 1 0 3
212.08968094 1 0 4
212.27958792 1 0 3
212.81095325 1 0 4
212.85630152 1 0 3
213.03059248 1 0 4
213.19011580 1 0 3
213.37860527 1 0 4
213.40135297 1 0 3
213.58249436 1 0 4
213.60944164 1 0 3
213.95349100 1 0 4
213.97775726 1 0 3
214.42979617 1 0 4
214.48271015 1 0 3
214.78306372 1 0 4
214.86621199 1 0 3
215.61239375 1 0 4
215.76184282 1 0 3
215.96685519 1 0 4
216.02131353 1 0 3
216.22638060 1 0 4
216.26925324 1 0 3
216.51718393 1 0 4
216.57331516 1 0 3
216.90708852 1 0 4
216.97621285 1 0 3
217.15388836 1 0 4
217.22438474 1 0 3
217.39433469 1 0 4
217.53548227 1 0 3
217.69300236 1 0 4
217.72887318 1 0 3
217.94931761 1 0 4
218.02066961 1 0 3
218.20112896 1 0 4
218.26007992 1 0 3
218.45248302 1 0 4
218.56063793 1 0 3
218.86524790 1 0 4
218.89129517 1 0 3
219.23422629 1 0 4
219.31617775 1 0 3
219.52618837 1 0 4
219.60293926 1 0 3
219.92078222 1 0 4
219.98016359 1 0 3
220.22440964 1 0 4
220.27970026 1 0 3
220.79285688 1 0 4
220.84079681 1 0 3
221.07621518 1 0 4
221.12987086 1 0 3
221.37817962 1 0 4
221.52751411 1 0 3
221.90159324 1 0 4
221.95792944 1 0 3
222.16422579 1 0 4
222.29099473 1 0 3
222.61626700 1 0 4
222.67586954 1 0 3
222.94438700 1 0 4
223.00636368 1 0 3
223.20106873 1 0 4
223.27356295 1 0 3
223.46847689 1 0 4
223.51981831 1 0 3
223.71262298 1 0 4
223.95512836 1 0 3
224.15116507 1 0 4
224.19576417 1 0 3
224.43160401 1 0 4
224.46177399 1 0 3
224.92172519 1 0 4
225.01033226 1 0 3
225.40410242 1 0 4
225.43909749 1 0 3
225.69006356 1 0 4
225.89953887 1 0 3
226.28241372 1 0 4
226.39614035 1 0 3
226.92512065 1 0 4
227.19384789 1 0 3
227.47376256 1 0 4
227.50536150 1 0 3
227.84343538 1 0 4
227.88946772 1 0 3
228.28774049 1 0 4
228.34094584 1 0 3
228.56118945 1 0 4
228.60848578 1 0 3
229.01112918 1 0 4
229.11751178 1 0 3
229.39292118 1 0 4
229.49917827 1 0 3
229.97201767 1 0 4
230.02307240 1 0 3
230.32973199 1 0 4
230.38038407 1 0 3
230.57463938 1 0 4
230.63156321 1 0 3
230.78969126 1 0 4
230.83381871 1 0 3
231.02125232 1 0 4
231.07217319 1 0 3
231.45224114 1 0 4
231.49938498 1 0 3
231.69720787 1 0 4
231.72839927 1 0 3
231.96120590 1 0 4
232.03186120 1 0 3
232.20880151 1 0 4
232.27641945 1 0 3
232.83020401 1 0 4
232.95942607 1 0 3
233.24114004 1 0 4
233.27451997 1 0 3
234.03020357 1 0 4
234.06993110 1 0 3
234.28076481 1 0 4
234.40420565 1 0 3
234.65777312 1 0 4
234.73667237 1 0 3
234.96434296 1 0 4
235.09005549 1 0 3
235.25604113 1 0 4
235.34196154 1 0 3
235.67207646 1 0 4
235.77969979 1 0 3
236.01010090 1 0 4
236.12080196 1 0 3
236.35369603 1 0 4
236.41157948 1 0 3
236.62619751 1 0 4
236.67723403 1 0 3
236.97711984 1 0 4
237.04760457 1 0 3
237.52095951 1 0 4
237.57067549 1 0 3
237.75646521 1 0 4
237.84349674 1 0 3
238.03307852 1 0 4
238.05156882 1 0 3
238.39635037 1 0 4
238.54068811 1 0 3
238.78685961 1 0 4
238.85216016 1 0 3
239.03454281 1 0 4
239.11679641 1 0 3
239.36798643 1 0 4
239.45592446 1 0 3
239.65973384 1 0 4
239.79741537 1 0 3
240.14617867 1 0 4
240.18010372 1 0 3
240.43353033 1 0 4
240.45222180 1 0 3
240.83569815 1 0 4
240.92956031 1 0 3
241.19314330 1 0 4
241.24486552 1 0 3
241.58426542 1 0 4
241.64911317 1 0 3
241.86103596 1 0 4
241.90439182 1 0 3
242.32608527 1 0 4
242.41149591 1 0 3
242.81957587 1 0 4
242.85572776 1 0 3
243.16856121 1 0 4
243.20070874 1 0 3
243.45889161 1 0 4
243.48644444 1 0 3
243.72182362 1 0 4
243.75815766 1 0 3
244.02926406 1 0 4
244.06823401 1 0 3
244.35852447 1 0 4
244.46793415 1 0 3
244.64894190 1 0 4
244.72675629 1 0 3
244.88287844 1 0 4
244.93822838 1 0 3
245.28052561 1 0 4
245.31169792 1 0 3
245.86066312 1 0 4
245.89876611 1 0 3
246.27424477 1 0 4
246.32123701 1 0 3
246.52863384 1 0 4
246.73881952 1 0 3
246.94881252 1 0 4
247.03100126 1 0 3
247.32977200 1 0 4
247.35266838 1 0 3
247.79894262 1 0 4
247.84551393 1 0 3
248.12873440 1 0 4
248.17707793 1 0 3
248.69755478 1 0 4
248.73668425 1 0 3
248.93066922 1 0 4
249.06168471 1 0 3
249.32305430 1 0 4
249.36989853 1 0 3
249.53957056 1 0 4
249.56483609 1 0 3
250.17230175 1 0 4
250.19837387 1 0 3
250.36247532 1 0 4
250.46624213 1 0 3
250.83571572 1 0 4
250.88599663 1 0 3
251.29260297 1 0 4
251.35355392 1 0 3
251.60613301 1 0 4
251.68763007 1 0 3
251.99087495 1 0 4
252.02994274 1 0 3
252.59704091 1 0 4
252.74100267 1 0 3
252.97140430 1 0 4
253.00016683 1 0 3
253.56160392 1 0 4
253.65926920 1 0 3
253.99389262 1 0 4
254.03582825 1 0 3
254.37400066 1 0 4
254.41010904 1 0 3
254.61969836 1 0 4
254.64077330 1 0 3
254.83235604 1 0 4
254.90016610 1 0 3
255.40926497 1 0 4
255.46469728 1 0 3
255.88042053 1 0 4
255.94298526 1 0 3
256.47563709 1 0 4
256.50711279 1 0 3
256.88399403 1 0 4
256.92141463 1 0 3
257.09597797 1 0 4
257.22453932 1 0 3
257.48506726 1 0 4
257.55411131 1 0 3
258.06999310 1 0 4
258.15399586 1 0 3
258.37804845 1 0 4
258.69793112 1 0 3
259.18161867 1 0 4
259.38270837 1 0 3
259.70452991 1 0 4
259.75727583 1 0 3
259.97453853 1 0 4
260.00880403 1 0 3
260.38648435 1 0 4
260.42534242 1 0 3
260.70249415 1 0 4
260.81710534 1 0 3
260.99251759 1 0 4
261.12915404 1 0 3
261.44221745 1 0 4
261.48639694 1 0 3
261.72380354 1 0 4
261.75630949 1 0 3
262.05470123 1 0 4
262.08677439 1 0 3
262.31342237 1 0 4
262.34980999 1 0 3
262.64705452 1 0 4
262.84897933 1 0 3
263.30047391 1 0 4
263.34968010 1 0 3
263.69220100 1 0 4
263.78498135 1 0 3
264.14908481 1 0 4
264.19785128 1 0 3
264.42385757 1 0 4
264.46208004 1 0 3
264.67153938 1 0 4
264.69618340 1 0 3
264.95322292 1 0 4
264.98988445 1 0 3
265.18840328 1 0 4
265.31625498 1 0 3
265.64623894 1 0 4
265.68758605 1 0 3
265.91542884 1 0 4
265.97071876 1 0 3
266.16040684 1 0 4
266.19336159 1 0 3
266.70793461 1 0 4
266.75871112 1 0 3
267.02464922 1 0 4
267.07054206 1 0 3
267.41036373 1 0 4
267.50020808 1 0 3
267.74668704 1 0 4
267.82232938 1 0 3
268.62334281 1 0 4
268.67085040 1 0 3
268.82638872 1 0 4
268.86087715 1 0 3
269.03291509 1 0 4
269.11593870 1 0 3
269.42483350 1 0 4
269.49534800 1 0 3
269.81454656 1 0 4
269.84588004 1 0 3
270.05258320 1 0 4
270.08347255 1 0 3
270.28769287 1 0 4
270.35856958 1 0 3
270.64429624 1 0 4
270.68216158 1 0 3
270.99240087 1 0 4
271.02619088 1 0 3
271.24825704 1 0 4
271.27539474 1 0 3
271.46093630 1 0 4
271.54152301 1 0 3
273.33459019 1 0 4
273.37494028 1 0 3
273.59618906 1 0 4
273.64742137 1 0 3
273.86094190 1 0 4
273.89421000 1 0 3
274.20522002 1 0 4
274.28671850 1 0 3
274.43201604 1 0 4
274.47383169 1 0 3
274.70635020 1 0 4
274.82636876 1 0 3
275.03663254 1 0 4
275.11864489 1 0 3
275.26670979 1 0 4
275.34964769 1 0 3
275.72506728 1 0 4
275.78816791 1 0 3
276.09249353 1 0 4
276.15799615 1 0 3
276.43697599 1 0 4
276.48515092 1 0 3
277.31723870 1 0 4
277.39331462 1 0 3
277.57060258 1 0 4
277.66987173 1 0 3
277.96859192 1 0 4
278.04866752 1 0 3
278.28834589 1 0 4
278.34930006 1 0 3
278.85603189 1 0 4
279.04697581 1 0 3
279.33732735 1 0 4
279.37747553 1 0 3
279.95217406 1 0 4
280.03270705 1 0 3
280.69501745 1 0 4
280.73854695 1 0 3
280.95829501 1 0 4
281.00211364 1 0 3
281.35171603 1 0 4
281.44895283 1 0 3
283.66936434 1 0 4
283.74847564 1 0 3
284.00992751 1 0 4
284.06567419 1 0 3
284.45956145 1 0 4
284.48764773 1 0 3
284.91807557 1 0 4
284.98629569 1 0 3
285.09449405 1 0 4
285.15060667 1 0 3
285.46942655 1 0 4
285.53767705 1 0 3
285.75730609 1 0 4
285.84396907 1 0 3
286.70263130 1 0 4
286.90129814 1 0 3
287.20654974 1 0 4
287.24691953 1 0 3
288.33426506 1 0 4
288.43543117 1 0 3
288.77681201 1 0 4
288.81226660 1 0 3
289.07248049 1 0 4
289.15008960 1 0 3
289.43112328 1 0 4
289.49288140 1 0 3
290.12265829 1 0 4
290.18293303 1 0 3
290.67940262 1 0 4
290.72082574 1 0 3
290.86252427 1 0 4
290.88529587 1 0 3
290.99851161 1 0 4
291.05972363 1 0 3
291.27606538 1 0 4
291.32616236 1 0 3
291.60346728 1 0 4
291.64503286 1 0 3
291.99297986 1 0 4
292.06272067 1 0 3
292.34168970 1 0 4
292.38926053 1 0 3
293.44260884 1 0 4
293.48047816 1 0 3
294.09082085 1 0 4
294.18770980 1 0 3
294.66677208 1 0 4
294.70195642 1 0 3
295.05262347 1 0 4
295.13125343 1 0 3
295.17533854 1 0 2
295.40496507 1 0 3
295.83980634 1 0 4
295.86093914 1 0 3
296.09901696 1 0 4
296.14945101 1 0 3
296.37238115 1 0 4
296.43050001 1 0 3
296.66707495 1 0 4
296.77394939 1 0 3
296.91580067 1 0 4
296.93829332 1 0 3
298.38223574 1 0 4
298.44690149 1 0 3
298.81542403 1 0 4
298.91481800 1 0 3
299.26145643 1 0 4
299.32534044 1 0 3
299.62059616 1 0 4
299.69741844 1 0 3
300.02920198 1 0 4
300.16185596 1 0 3
300.64845310 1 0 4
300.73649618 1 0 3
301.05151090 1 0 4
301.13577288 1 0 3
301.50508519 1 0 4
301.53876870 1 0 3
301.83404533 1 0 4
301.90385072 1 0 3
302.22417157 1 0 4
302.31238263 1 0 3
302.62832116 1 0 4
302.72214824 1 0 3
302.92345995 1 0 4
303.00091815 1 0 3
303.37843321 1 0 4
303.42726237 1 0 3
304.06523853 1 0 4
304.10069096 1 0 3
304.29221763 1 0 4
304.33700058 1 0 3
304.50931704 1 0 4
304.61164194 1 0 3
304.84398333 1 0 4
304.91728882 1 0 3
305.14909200 1 0 4
305.18631684 1 0 3
305.37211554 1 0 4
305.44069240 1 0 3
305.84940275 1 0 4
305.93196913 1 0 3
306.23592654 1 0 4
306.26832162 1 0 3
306.58931772 1 0 4
306.65704117 1 0 3
307.03828098 1 0 4
307.09088075 1 0 3
307.44891396 1 0 4
307.50740766 1 0 3
307.70177487 1 0 4
307.82219231 1 0 3
308.64055708 1 0 4
308.74344338 1 0 3
309.10651460 1 0 4
309.14955902 1 0 3
309.37590472 1 0 4
309.43716050 1 0 3
309.68252721 1 0 4
309.99072449 1 0 3
310.30640758 1 0 4
310.45779169 1 0 3
311.16510012 1 0 4
311.21651891 1 0 3
311.55954580 1 0 4
311.65668503 1 0 3
311.96134521 1 0 4
312.04008799 1 0 3
312.24715211 1 0 4
312.34521944 1 0 3
312.70982466 1 0 4
312.74504317 1 0 3
313.15602701 1 0 4
313.24000669 1 0 3
313.53976712 1 0 4
313.70478718 1 0 3
314.05150265 1 0 4
314.12631690 1 0 3
314.39462400 1 0 4
314.42110387 1 0 3
314.87935724 1 0 4
314.92815678 1 0 3
315.23839178 1 0 4
315.28798347 1 0 3
315.50505508 1 0 4
315.53780437 1 0 3
315.75980511 1 0 4
315.79485411 1 0 3
316.26597448 1 0 4
316.38694817 1 0 3
316.80239925 1 0 4
316.83230175 1 0 3
316.98961804 1 0 4
317.16408392 1 0 3
317.44439607 1 0 4
317.47760206 1 0 3
317.99608743 1 0 4
318.03495022 1 0 3
318.36637088 1 0 4
318.40547706 1 0 3
318.65723651 1 0 4
318.85954528 1 0 3
319.31343071 1 0 4
319.45307630 1 0 3
319.68456530 1 0 4
319.74547008 1 0 3
319.97365878 1 0 4
320.00424188 1 0 3
320.24232657 1 0 4
320.28924478 1 0 3
320.65483579 1 0 4
320.77087903 1 0 3
321.02510724 1 0 4
321.05575277 1 0 3
321.20345633 1 0 4
321.28751630 1 0 3
321.63184109 1 0 4
321.66845541 1 0 3
321.91067569 1 0 4
321.93403032 1 0 3
322.61533916 1 0 4
322.65820986 1 0 3
322.95960583 1 0 4
323.05516107 1 0 3
323.55589298 1 0 4
323.61310333 1 0 3
323.88715853 1 0 4
323.91927077 1 0 3
324.27631189 1 0 4
324.44656414 1 0 3
324.79777416 1 0 4
324.94738547 1 0 3
325.15372433 1 0 4
325.29611909 1 0 3
325.76702520 1 0 4
325.80594644 1 0 3
326.05694276 1 0 4
326.08698938 1 0 3
326.53139569 1 0 4
326.61630248 1 0 3
326.85304423 1 0 4
326.93897411 1 0 3
327.46731430 1 0 4
327.61935284 1 0 3
327.79532112 1 0 4
327.93524794 1 0 3
328.18295195 1 0 4
328.22376346 1 0 3
328.89546386 1 0 4
328.99169441 1 0 3
329.49211960 1 0 4
329.56218505 1 0 3
329.90675283 1 0 4
329.97754230 1 0 3
330.21132292 1 0 4
330.40827939 1 0 3
330.65824139 1 0 4
330.80870715 1 0 3
330.92785265 1 0 4
330.96844049 1 0 3
331.29628964 1 0 4
331.32904610 1 0 3
331.76355399 1 0 4
331.82467677 1 0 3
332.06837786 1 0 4
332.14262129 1 0 3
332.37546692 1 0 4
332.45652396 1 0 3
332.78382580 1 0 4
332.87230099 1 0 3
333.05951132 1 0 4
333.09443981 1 0 3
333.44678513 1 0 4
333.47562112 1 0 3
333.69177812 1 0 4
333.75503650 1 0 3
333.93321010 1 0 4
334.04460038 1 0 3
334.26655764 1 0 4
334.30881067 1 0 3
335.25051905 1 0 4
335.28372539 1 0 3
335.62053691 1 0 4
335.70149300 1 0 3
335.94405188 1 0 4
336.01623107 1 0 3
336.70729119 1 0 4
336.74894023 1 0 3
336.89863691 1 0 4
337.00240519 1 0 3
337.41312228 1 0 4
337.55377307 1 0 3
337.75641374 1 0 4
337.84521942 1 0 3
337.99861414 1 0 4
338.06098164 1 0 3
338.67040882 1 0 4
338.71701710 1 0 3
339.20392290 1 0 4
339.23142702 1 0 3
339.75645558 1 0 4
339.81423043 1 0 3
339.97215303 1 0 4
340.02362933 1 0 3
340.22434487 1 0 4
340.39210314 1 0 3
340.59571793 1 0 4
340.67996655 1 0 3
340.92540368 1 0 4
340.99702919 1 0 3
341.16676378 1 0 4
341.20469448 1 0 3
341.35680474 1 0 4
341.46184173 1 0 3
341.66686630 1 0 4
341.71988389 1 0 3
341.94879667 1 0 4
342.12328857 1 0 3
342.41186772 1 0 4
342.45016276 1 0 3
342.81022735 1 0 4
342.87308155 1 0 3
343.36717034 1 0 4
343.40286126 1 0 3
344.06606231 1 0 4
344.09154934 1 0 3
344.28525553 1 0 4
344.40278987 1 0 3
344.65751778 1 0 4
344.68528957 1 0 3
344.87613119 1 0 4
344.93181553 1 0 3
345.31075178 1 0 4
345.35449587 1 0 3
345.75218133 1 0 4
345.78757644 1 0 3
345.92431755 1 0 4
345.96921787 1 0 3
346.27654037 1 0 4
346.59739873 1 0 3
346.83842699 1 0 4
346.87618320 1 0 3
347.26145828 1 0 4
347.28354564 1 0 3
347.62623890 1 0 4
347.66615527 1 0 3
347.89078783 1 0 4
347.94317936 1 0 3
348.17784656 1 0 4
348.27579933 1 0 3
348.61456364 1 0 4
348.73268783 1 0 3
348.97152642 1 0 4
349.03397239 1 0 3
349.22755492 1 0 4
349.25505591 1 0 3
349.49382447 1 0 4
349.60791462 1 0 3
349.89344878 1 0 4
349.95250703 1 0 3
350.37648434 1 0 4
350.41763491 1 0 3
350.58725385 1 0 4
350.63876008 1 0 3
350.92456589 1 0 4
350.97356794 1 0 3
351.42490868 1 0 4
351.45687807 1 0 3
351.72489643 1 0 4
351.78292704 1 0 3
352.21044329 1 0 4
352.31992363 1 0 3
352.60545683 1 0 4
352.64939016 1 0 3
353.04831741 1 0 4
353.18216181 1 0 3
353.57330519 1 0 4
353.63204625 1 0 3
353.88122413 1 0 4
353.96299588 1 0 3
354.23724618 1 0 4
354.27074156 1 0 3
354.42487394 1 0 4
354.48120215 1 0 3
354.64448816 1 0 4
354.71644991 1 0 3
354.93591895 1 0 4
354.98737659 1 0 3
355.20186875 1 0 4
355.26570348 1 0 3
355.36688266 1 0 4
355.51900815 1 0 3
355.91803492 1 0 4
355.97241162 1 0 3
356.22423623 1 0 4
356.30954377 1 0 3
356.53617766 1 0 4
356.58418409 1 0 3
356.90478978 1 0 4
356.98739624 1 0 3
357.32109995 1 0 4
357.38489191 1 0 3
357.64268684 1 0 4
357.70403473 1 0 3
357.87852565 1 0 4
358.08043443 1 0 3
358.27099337 1 0 4
358.33629925 1 0 3
358.56038584 1 0 4
358.67076227 1 0 3
358.87137415 1 0 4
358.90956672 1 0 3
359.11750844 1 0 4
359.15947879 1 0 3
359.65830059 1 0 4
359.72132404 1 0 3
360.55839154 1 0 4
360.64352039 1 0 3
361.10792352 1 0 4
361.18962405 1 0 3
361.64745083 1 0 4
361.70085887 1 0 3
362.45854251 1 0 4
362.48856167 1 0 3
362.78206607 1 0 4
362.81180569 1 0 3
363.05836105 1 0 4
363.11125195 1 0 3
363.34903114 1 0 4
363.37713758 1 0 3
363.56856696 1 0 4
363.60895894 1 0 3
363.81505426 1 0 4
363.95609576 1 0 3
364.48103296 1 0 4
364.61361341 1 0 3
364.87346576 1 0 4
364.94769335 1 0 3
365.35708500 1 0 4
365.43650075 1 0 3
365.77792289 1 0 4
365.85282275 1 0 3
366.15888780 1 0 4
366.24384662 1 0 3
367.31153323 1 0 4
367.37995962 1 0 3
367.58378167 1 0 4
367.63797127 1 0 3
367.88141167 1 0 4
367.91503994 1 0 3
368.15273602 1 0 4
368.28417794 1 0 3
368.59453410 1 0 4
368.71785449 1 0 3
368.94919928 1 0 4
369.07287013 1 0 3
369.34344837 1 0 4
369.37851068 1 0 3
369.94819347 1 0 4
369.98522466 1 0 3
370.50434159 1 0 4
370.72428039 1 0 3
371.14830176 1 0 4
371.19323087 1 0 3
371.45290854 1 0 4
371.51756060 1 0 3
371.91801951 1 0 4
371.95071121 1 0 3
372.12115388 1 0 4
372.22961369 1 0 3
372.48434676 1 0 4
372.53068750 1 0 3
372.93461222 1 0 4
373.01181159 1 0 3
373.28312815 1 0 4
373.32699550 1 0 3
373.64853951 1 0 4
373.74183726 1 0 3
374.35786186 1 0 4
374.38838379 1 0 3
374.57647743 1 0 4
374.70217530 1 0 3
375.02525145 1 0 4
375.11565652 1 0 3
375.31854814 1 0 4
375.36489022 1 0 3
375.59898685 1 0 4
375.68774171 1 0 3
376.00382575 1 0 4
376.11188246 1 0 3
376.37086733 1 0 4
376.42348148 1 0 3
376.78881628 1 0 4
376.87969049 1 0 3
377.17354507 1 0 4
377.37534370 1 0 3
378.36282903 1 0 4
378.44142291 1 0 3
378.75236775 1 0 4
378.85535747 1 0 3
379.01401367 1 0 4
379.06635834 1 0 3
379.41948522 1 0 4
379.45910371 1 0 3
379.69376569 1 0 4
379.74021634 1 0 3
380.19662348 1 0 4
380.23243344 1 0 3
380.63973099 1 0 4
380.67993592 1 0 3
381.14938093 1 0 4
381.18614980 1 0 3
381.58189836 1 0 4
381.61861363 1 0 3
381.81158016 1 0 4
381.90645649 1 0 3
382.38136032 1 0 4
382.45276612 1 0 3
382.58917012 1 0 4
382.69550305 1 0 3
383.01069082 1 0 4
383.05290949 1 0 3
383.35822614 1 0 4
383.39292048 1 0 3
383.63356224 1 0 4
383.66613737 1 0 3
384.03425013 1 0 4
384.14342427 1 0 3
384.70919809 1 0 4
384.79797835 1 0 3
384.98828722 1 0 4
385.04596388 1 0 3
385.69158380 1 0 4
385.85855792 1 0 3
386.19898175 1 0 4
386.29369597 1 0 3
386.96676687 1 0 4
387.05666302 1 0 3
387.41693039 1 0 4
387.45649701 1 0 3
387.68170155 1 0 4
387.71846650 1 0 3
388.16380477 1 0 4
388.25136173 1 0 3
388.47176663 1 0 4
388.52632433 1 0 3
389.01679981 1 0 4
389.14693658 1 0 3
389.41366061 1 0 4
389.56355186 1 0 3
389.81021495 1 0 4
389.85057482 1 0 3
390.05163513 1 0 4
390.22315939 1 0 3
390.82928894 1 0 4
390.87609369 1 0 3
391.13305354 1 0 4
391.25848090 1 0 3
391.57198970 1 0 4
391.61258170 1 0 3
391.87906276 1 0 4
391.90736777 1 0 3
392.10279378 1 0 4
392.14730591 1 0 3
392.38181316 1 0 4
392.44065567 1 0 3
392.62210224 1 0 4
392.69576210 1 0 3
392.89366689 1 0 4
392.92350228 1 0 3
393.30218070 1 0 4
393.39059267 1 0 3
393.70198822 1 0 4
393.75113839 1 0 3
394.28783691 1 0 4
394.31968951 1 0 3
394.65232603 1 0 4
394.68356110 1 0 3
394.83741301 1 0 4
394.87774441 1 0 3
395.06045750 1 0 4
395.08688197 1 0 3
395.24067748 1 0 4
395.30344954 1 0 3
395.51584863 1 0 4
395.55637736 1 0 3
395.73808936 1 0 4
395.80136937 1 0 3
395.99291209 1 0 4
396.05347556 1 0 3
396.27442264 1 0 4
396.31489230 1 0 3
396.40883281 1 0 4
396.50221169 1 0 3
396.79798513 1 0 4
396.85350760 1 0 3
397.04411970 1 0 4
397.07566876 1 0 3
397.53981708 1 0 4
397.64850393 1 0 3
398.03754724 1 0 4
398.07114917 1 0 3
398.29897283 1 0 4
398.36897453 1 0 3
398.88264949 1 0 4
398.97897670 1 0 3
399.45785018 1 0 4
399.59240263 1 0 3
400.01747457 1 0 4
400.12221613 1 0 3
400.78767162 1 0 4
400.82676854 1 0 3
401.11706161 1 0 4
401.18889191 1 0 3
401.48857085 1 0 4
401.52204701 1 0 3
401.81271593 1 0 4
401.91366734 1 0 3
402.29066218 1 0 4
402.32102915 1 0 3
402.49750922 1 0 4
402.60099095 1 0 3
402.79474725 1 0 4
402.86791931 1 0 3
403.19114078 1 0 4
403.30469145 1 0 3
403.49365671 1 0 4
403.51946077 1 0 3
403.88810445 1 0 4
403.92256680 1 0 3
404.18223711 1 0 4
404.24248240 1 0 3
404.47168646 1 0 4
404.52084075 1 0 3
404.77271014 1 0 4
404.81104667 1 0 3
405.61550325 1 0 4
405.70916589 1 0 3
406.03932007 1 0 4
406.08832114 1 0 3
406.34846444 1 0 4
406.47539630 1 0 3
406.66093267 1 0 4
406.79757196 1 0 3
406.93505515 1 0 4
407.09228805 1 0 3
407.56958578 1 0 4
407.60465143 1 0 3
407.81920605 1 0 4
407.85759345 1 0 3
408.08187485 1 0 4
408.12260985 1 0 3
408.30647736 1 0 4
408.34736105 1 0 3
408.70826162 1 0 4
408.83814478 1 0 3
409.30141287 1 0 4
409.33603013 1 0 3
409.80396550 1 0 4
410.00423384 1 0 3
410.17118870 1 0 4
410.23218059 1 0 3
410.40494694 1 0 4
410.60021167 1 0 3
410.85607758 1 0 4
410.94737862 1 0 3
411.30634110 1 0 4
411.39300107 1 0 3
411.75408798 1 0 4
411.83516564 1 0 3
412.15792919 1 0 4
412.21061817 1 0 3
412.42890039 1 0 4
412.47300551 1 0 3
412.69280109 1 0 4
412.75989093 1 0 3
413.03817873 1 0 4
413.15925854 1 0 3
413.47676882 1 0 4
413.65004337 1 0 3
414.41322005 1 0 4
414.58315800 1 0 3
415.06538367 1 0 4
415.10913435 1 0 3
415.33635940 1 0 4
415.36382691 1 0 3
415.66409539 1 0 4
415.89610800 1 0 3
416.38273143 1 0 4
416.40460942 1 0 3
416.70187502 1 0 4
416.73618188 1 0 3
416.93421548 1 0 4
417.01318372 1 0 3
417.23889735 1 0 4
417.28884252 1 0 3
417.67410302 1 0 4
417.81628846 1 0 3
418.47332985 1 0 4
418.50493876 1 0 3
419.01451407 1 0 4
419.04338667 1 0 3
419.26849415 1 0 4
419.32680506 1 0 3
419.63678287 1 0 4
419.68191759 1 0 3
420.07772142 1 0 4
420.13942028 1 0 3
420.34385270 1 0 4
420.46961915 1 0 3
420.71875232 1 0 4
420.79142917 1 0 3
421.21662130 1 0 4
421.36067706 1 0 3
421.64992333 1 0 4
421.68558106 1 0 3
422.33091920 1 0 4
422.36010192 1 0 3
422.50814701 1 0 4
422.62052416 1 0 3
422.79404879 1 0 4
422.84425746 1 0 3
423.18939642 1 0 4
423.30484357 1 0 3
423.80170989 1 0 4
423.84302985 1 0 3
424.01523274 1 0 4
424.04824855 1 0 3
424.60698898 1 0 4
424.65438630 1 0 3
424.89376344 1 0 4
424.93417329 1 0 3
425.19397375 1 0 4
425.24109892 1 0 3
425.43143970 1 0 4
425.48594836 1 0 3
425.69219467 1 0 4
425.71772147 1 0 3
425.89188417 1 0 4
425.94987459 1 0 3
426.15996722 1 0 4
426.21685362 1 0 3
426.40335723 1 0 4
426.43400072 1 0 3
426.79483871 1 0 4
426.85597621 1 0 3
426.98773258 1 0 4
427.02804052 1 0 3
427.26838666 1 0 4
427.32420904 1 0 3
427.48455427 1 0 4
427.51714566 1 0 3
427.75467235 1 0 4
427.79619373 1 0 3
428.40068674 1 0 4
428.46541965 1 0 3
428.76775941 1 0 4
428.82702665 1 0 3
428.98749304 1 0 4
429.01607341 1 0 3
429.39792748 1 0 4
429.54147997 1 0 3
429.77419636 1 0 4
429.85217869 1 0 3
430.28510110 1 0 4
430.38262089 1 0 3
430.69097055 1 0 4
430.74517155 1 0 3
431.20807176 1 0 4
431.27842327 1 0 3
431.56502306 1 0 4
431.60571349 1 0 3
431.75580995 1 0 4
431.83161206 1 0 3
432.04101293 1 0 4
432.07959970 1 0 3
432.39209875 1 0 4
432.44514847 1 0 3
432.63396876 1 0 4
432.66722196 1 0 3
432.82672802 1 0 4
432.85283094 1 0 3
433.19747394 1 0 4
433.23183165 1 0 3
433.49630527 1 0 4
433.54029198 1 0 3
433.76937312 1 0 4
433.80458267 1 0 3
434.02180893 1 0 4
434.11583811 1 0 3
434.39034627 1 0 4
434.45922310 1 0 3
434.67041528 1 0 4
434.73112610 1 0 3
434.94552295 1 0 4
434.98126445 1 0 3
435.46968075 1 0 4
435.50185767 1 0 3
435.73693119 1 0 4
435.93052819 1 0 3
436.12044227 1 0 4
436.15955010 1 0 3
436.32397718 1 0 4
436.38241641 1 0 3
436.51489369 1 0 4
436.59785185 1 0 3
436.92946256 1 0 4
436.97113345 1 0 3
437.10567926 1 0 4
437.28085057 1 0 3
437.50159792 1 0 4
437.55074890 1 0 3
437.84011377 1 0 4
437.88376408 1 0 3
438.21881639 1 0 4
438.24047596 1 0 3
438.43528937 1 0 4
438.45888242 1 0 3
439.04975616 1 0 4
439.17894585 1 0 3
439.41943416 1 0 4
439.52695657 1 0 3
439.66318140 1 0 4
439.79386456 1 0 3
439.99453507 1 0 4
440.02629247 1 0 3
440.19971799 1 0 4
440.26954958 1 0 3
440.45889712 1 0 4
440.50459948 1 0 3
441.02287528 1 0 4
441.07751520 1 0 3
441.20874070 1 0 4
441.23711251 1 0 3
441.51671840 1 0 4
441.64201221 1 0 3
442.61276583 1 0 4
442.65230370 1 0 3
442.95290229 1 0 4
442.98992767 1 0 3
443.31668905 1 0 4
443.36142314 1 0 3
443.60527466 1 0 4
443.63941445 1 0 3
443.81619482 1 0 4
443.88517701 1 0 3
444.28824111 1 0 4
444.42019961 1 0 3
444.99461100 1 0 4
445.04429550 1 0 3
445.50521089 1 0 4
445.67069271 1 0 3
445.94675588 1 0 4
445.98429956 1 0 3
446.19670605 1 0 4
446.33762258 1 0 3
446.54656848 1 0 4
446.68314723 1 0 3
447.02843817 1 0 4
447.12467914 1 0 3
447.60806849 1 0 4
447.71393547 1 0 3
448.28380956 1 0 4
448.32148885 1 0 3
448.45324000 1 0 4
448.50714435 1 0 3
448.68640753 1 0 4
448.73402675 1 0 3
448.92066979 1 0 4
448.96979999 1 0 3
449.38473043 1 0 4
449.42775618 1 0 3
449.65595291 1 0 4
449.68754464 1 0 3
449.90996230 1 0 4
449.95697024 1 0 3
450.21209552 1 0 4
450.24589850 1 0 3
450.65107822 1 0 4
450.70354853 1 0 3
450.93231448 1 0 4
450.96526731 1 0 3
451.17809330 1 0 4
451.20860723 1 0 3
451.36895779 1 0 4
451.48333571 1 0 3
451.94380983 1 0 4
452.04942956 1 0 3
452.27837924 1 0 4
452.33788387 1 0 3
452.77858252 1 0 4
452.89502256 1 0 3
453.20168244 1 0 4
453.25255159 1 0 3
453.84152428 1 0 4
453.91305522 1 0 3
454.21797850 1 0 4
454.34334592 1 0 3
454.78985948 1 0 4
454.89097096 1 0 3
455.19012800 1 0 4
455.25287989 1 0 3
455.54152176 1 0 4
455.58474340 1 0 3
455.88577364 1 0 4
455.94614676 1 0 3
456.26305855 1 0 4
456.44694675 1 0 3
456.71962716 1 0 4
456.78035642 1 0 3
456.94677446 1 0 4
457.03058260 1 0 3
457.29200598 1 0 4
457.55783420 1 0 3
458.27688151 1 0 4
458.33776815 1 0 3
458.67375815 1 0 4
458.73012820 1 0 3
458.85036283 1 0 4
458.92268716 1 0 3
459.15962868 1 0 4
459.18997248 1 0 3
459.38063138 1 0 4
459.41118873 1 0 3
459.74401937 1 0 4
459.77721469 1 0 3
460.27661185 1 0 4
460.42214475 1 0 3
460.58967143 1 0 4
460.61881440 1 0 3
460.93957241 1 0 4
461.00797597 1 0 3
461.54841773 1 0 4
461.60635342 1 0 3
461.84082205 1 0 4
461.95442602 1 0 3
462.41015532 1 0 4
462.45038929 1 0 3
462.75101839 1 0 4
462.78620886 1 0 3
463.08828418 1 0 4
463.15954113 1 0 3
463.41055373 1 0 4
463.49921181 1 0 3
464.19813540 1 0 4
464.29560520 1 0 3
464.48290078 1 0 4
464.52097788 1 0 3
464.88467085 1 0 4
464.91606757 1 0 3
465.16094132 1 0 4
465.19414195 1 0 3
465.33051500 1 0 4
465.47792577 1 0 3
465.86090609 1 0 4
465.87744257 1 0 3
466.03896622 1 0 4
466.06653784 1 0 3
466.18852143 1 0 4
466.29205606 1 0 3
466.50313317 1 0 4
466.56350887 1 0 3
467.28787766 1 0 4
467.32340387 1 0 3
467.53863279 1 0 4
467.77331978 1 0 3
468.08925345 1 0 4
468.16856798 1 0 3
468.43680583 1 0 4
468.52336657 1 0 3
468.75822948 1 0 4
468.79317355 1 0 3
469.03676162 1 0 4
469.06447854 1 0 3
469.31368796 1 0 4
469.34716636 1 0 3
469.60609703 1 0 4
469.76431283 1 0 3
470.05089055 1 0 4
470.14501975 1 0 3
470.70030310 1 0 4
470.73282130 1 0 3
471.04875201 1 0 4
471.07488973 1 0 3
471.25008898 1 0 4
471.28026596 1 0 3
471.63229811 1 0 4
471.72245944 1 0 3
471.91466017 1 0 4
471.95836670 1 0 3
472.12432029 1 0 4
472.27060645 1 0 3
472.57533520 1 0 4
472.61696825 1 0 3
473.05380201 1 0 4
473.17506508 1 0 3
473.86122629 1 0 4
473.99903849 1 0 3
474.21232655 1 0 4
474.23658190 1 0 3
474.53465362 1 0 4
474.56254541 1 0 3
474.78546305 1 0 4
474.83558439 1 0 3
475.11776282 1 0 4
475.16202725 1 0 3
475.32920932 1 0 4
475.36005350 1 0 3
475.64239615 1 0 4
475.68265246 1 0 3
476.31969115 1 0 4
476.51767516 1 0 3
476.83122713 1 0 4
476.88922338 1 0 3
477.11697882 1 0 4
477.16594491 1 0 3
477.68218996 1 0 4
477.74887084 1 0 3
477.97385668 1 0 4
478.07952482 1 0 3
478.26790355 1 0 4
478.30511095 1 0 3
478.49137827 1 0 4
478.53469726 1 0 3
478.85273056 1 0 4
478.91466753 1 0 3
479.46552612 1 0 4
479.50674969 1 0 3
479.74718777 1 0 4
479.77890808 1 0 3
480.08084262 1 0 4
480.13884906 1 0 3
480.37803323 1 0 4
480.52349116 1 0 3
481.06452995 1 0 4
481.09575232 1 0 3
481.57672051 1 0 4
481.64384665 1 0 3
482.58847367 1 0 4
482.62377024 1 0 3
482.86484513 1 0 4
482.91942410 1 0 3
483.17776265 1 0 4
483.25743729 1 0 3
483.61407181 1 0 4
483.71082555 1 0 3
483.96793152 1 0 4
484.02824733 1 0 3
484.18670364 1 0 4
484.21385542 1 0 3
484.52326018 1 0 4
484.55594963 1 0 3
484.73480898 1 0 4
484.78316637 1 0 3
484.97055542 1 0 4
485.00131212 1 0 3
485.18526022 1 0 4
485.26871459 1 0 3
485.88581888 1 0 4
485.92506221 1 0 3
486.40460265 1 0 4
486.44329251 1 0 3
486.67743049 1 0 4
486.71929150 1 0 3
487.06291757 1 0 4
487.10087255 1 0 3
487.43671381 1 0 4
487.50847497 1 0 3
487.93259824 1 0 4
488.11017363 1 0 3
488.60042058 1 0 4
488.64026541 1 0 3
489.13898074 1 0 4
489.18742461 1 0 3
489.54281987 1 0 4
489.63852722 1 0 3
490.09348600 1 0 4
490.22152280 1 0 3
490.76185614 1 0 4
490.82645949 1 0 3
491.16712611 1 0 4
491.20336221 1 0 3
491.60490461 1 0 4
491.64128877 1 0 3
491.88351899 1 0 4
491.93650386 1 0 3
492.25115548 1 0 4
492.33384679 1 0 3
492.47270237 1 0 4
492.57294320 1 0 3
493.02151743 1 0 4
493.08480236 1 0 3
493.42015502 1 0 4
493.52830012 1 0 3
493.67827843 1 0 4
493.75880919 1 0 3
493.95278500 1 0 4
493.99333912 1 0 3
494.40747138 1 0 4
494.52583839 1 0 3
495.01001755 1 0 4
495.05135305 1 0 3
495.52063390 1 0 4
495.56153855 1 0 3
495.88452222 1 0 4
495.99579490 1 0 3
496.18091514 1 0 4
496.21515022 1 0 3
496.39993065 1 0 4
496.50988806 1 0 3
496.74276659 1 0 4
496.78432154 1 0 3
496.97153459 1 0 4
497.09177294 1 0 3
497.28689206 1 0 4
497.30526804 1 0 3
497.62212001 1 0 4
497.68762119 1 0 3
497.90122140 1 0 4
497.96935926 1 0 3
498.61177993 1 0 4
498.64565652 1 0 3
499.20749107 1 0 4
499.23874016 1 0 3
499.54617477 1 0 4
499.57147748 1 0 3
499.79310104 1 0 4
499.83442348 1 0 3
500.06445179 1 0 4
500.09186498 1 0 3
500.28696798 1 0 4
500.31613225 1 0 3
500.48893083 1 0 4
500.63840966 1 0 3
500.88280794 1 0 4
500.90338250 1 0 3
501.31260128 1 0 4
501.38844889 1 0 3
501.58514130 1 0 4
501.72876721 1 0 3
502.16392286 1 0 4
502.25668818 1 0 3
502.48451352 1 0 4
506.29148363 1 0 5
506.33232568 1 0 4
508.03623622 1 0 5
508.07542268 1 0 4
509.04212153 1 0 5
509.08831696 1 0 4
509.35005960 1 0 5
509.38404866 1 0 4
510.04815838 1 0 5
510.12268564 1 0 4
510.31182008 1 0 5
510.34216546 1 0 4
510.79028315 1 0 5
510.81866665 1 0 4
511.05447957 1 0 5
511.09327397 1 0 4
511.39248945 1 0 5
511.42174951 1 0 4
511.59277870 1 0 5
511.61234039 1 0 4
511.78525159 1 0 5
511.81721147 1 0 4
511.98250414 1 0 5
512.02382987 1 0 4
512.20935251 1 0 5
512.24632564 1 0 4
512.52363931 1 0 5
512.55980787 1 0 4
512.72124955 1 0 5
512.75456725 1 0 4
513.08875166 1 0 5
513.13420960 1 0 4
513.68892098 1 0 5
513.73278583 1 0 4
513.88915008 1 0 5
513.92301172 1 0 4
514.10375594 1 0 5
514.14662069 1 0 4
514.64332760 1 0 5
514.66862664 1 0 4
514.98787989 1 0 5
515.01154659 1 0 4
515.21199583 1 0 5
515.23914446 1 0 4
515.50244317 1 0 5
515.52822480 1 0 4
515.64229055 1 0 5
515.67967082 1 0 4
515.79499273 1 0 5
515.82233688 1 0 4
516.01934879 1 0 5
516.05205415 1 0 4
516.16547832 1 0 5
516.20672495 1 0 4
516.31599810 1 0 5
516.34555299 1 0 4
516.44691723 1 0 5
516.48540434 1 0 4
518.35959198 1 0 5
518.39248105 1 0 4
518.53187081 1 0 5
518.54671861 1 0 4
518.66308509 1 0 5
518.69935563 1 0 4
518.79908297 1 0 5
518.81196370 1 0 4
518.92478436 1 0 5
518.94981617 1 0 4
519.09976352 1 0 5
519.12604393 1 0 4
519.27033572 1 0 5
519.31801775 1 0 4
519.41419283 1 0 5
519.47525121 1 0 4
519.58816334 1 0 5
519.65032540 1 0 4
519.90462254 1 0 5
519.93242426 1 0 4
520.15010162 1 0 5
520.16876284 1 0 4
520.31797123 1 0 5
520.34109646 1 0 4
520.48937058 1 0 5
520.51733417 1 0 4
520.80978656 1 0 5
520.84089099 1 0 4
520.98096177 1 0 5
521.01445276 1 0 4
521.20718303 1 0 5
521.24271381 1 0 4
521.59975587 1 0 5
521.63901202 1 0 4
521.97210475 1 0 5
521.99815233 1 0 4
522.23223235 1 0 5
522.26432636 1 0 4
522.53335639 1 0 5
522.56378149 1 0 4
522.78322557 1 0 5
522.81554319 1 0 4
522.99598562 1 0 5
523.01556621 1 0 4
523.25604133 1 0 5
523.28244528 1 0 4
523.49952196 1 0 5
523.52764536 1 0 4
523.67405145 1 0 5
523.70455229 1 0 4
523.83650924 1 0 5
523.87364006 1 0 4
524.00152510 1 0 5
524.04216020 1 0 4
524.14777934 1 0 5
524.17143720 1 0 4
524.30440386 1 0 5
524.33423440 1 0 4
524.57794821 1 0 5
524.61843121 1 0 4
524.82817674 1 0 5
524.85964161 1 0 4
524.98290732 1 0 5
525.00807495 1 0 4
525.31463567 1 0 5
525.36481394 1 0 4
525.65623826 1 0 5
525.69834360 1 0 4
525.93129641 1 0 5
525.97631734 1 0 4
526.28333627 1 0 5
526.32674558 1 0 4
526.60844015 1 0 5
526.64992465 1 0 4
526.90963358 1 0 5
526.93586609 1 0 4
527.54991143 1 0 5
527.57828633 1 0 4
527.93821175 1 0 5
527.96674318 1 0 4
528.32135192 1 0 5
528.36201083 1 0 4
529.00857387 1 0 5
529.05389246 1 0 4
529.22881567 1 0 5
529.28106641 1 0 4
529.47699280 1 0 5
529.52009238 1 0 4
530.09106666 1 0 5
530.22387541 1 0 4
530.36831882 1 0 5
530.46770531 1 0 4
530.84603964 1 0 5
530.94602231 1 0 4
531.02631019 1 0 5
531.10601182 1 0 4
531.17932506 1 0 5
531.24598693 1 0 4
531.35931509 1 0 5
531.48060378 1 0 4
531.60569738 1 0 5
531.67744011 1 0 4
531.81357092 1 0 5
531.90084306 1 0 4
532.15485149 1 0 5
532.90186609 1 0 6
532.92829649 1 0 5
532.96166317 1 0 4
533.24570028 1 0 5
534.53793575 1 0 4
534.68077845 1 0 5
536.09238424 1 0 6
536.13763874 1 0 5
537.03312595 1 0 6
537.06445344 1 0 5
537.23095512 1 0 6
537.25973604 1 0 5
537.40725883 1 0 6
537.45016828 1 0 5
537.64333442 1 0 6
537.67996866 1 0 5
537.81951103 1 0 6
537.84760256 1 0 5
538.36108146 1 0 6
538.39271116 1 0 5
538.60319379 1 0 6
538.64073489 1 0 5
538.83119489 1 0 6
538.86178140 1 0 5
538.98597231 1 0 6
539.01579997 1 0 5
539.11664036 1 0 6
539.15544694 1 0 5
539.25924962 1 0 6
539.27997777 1 0 5
539.48793515 1 0 6
539.51972594 1 0 5
539.69974574 1 0 6
539.73092914 1 0 5
539.82406418 1 0 6
539.86172823 1 0 5
539.94610766 1 0 6
539.97419056 1 0 5
540.08359584 1 0 6
540.11577850 1 0 5
540.23679211 1 0 6
540.27233949 1 0 5
540.38333517 1 0 6
540.40883944 1 0 5
540.50053799 1 0 6
540.53525387 1 0 5
540.61803800 1 0 6
540.64582142 1 0 5
540.73928751 1 0 6
540.77140089 1 0 5
540.87311885 1 0 6
540.90769677 1 0 5
541.05564222 1 0 6
541.09308428 1 0 5
541.16792841 1 0 6
541.19113123 1 0 5
541.28841217 1 0 6
541.31271522 1 0 5
541.46958355 1 0 6
541.49445718 1 0 5
541.58993833 1 0 6
541.61638421 1 0 5
541.71480668 1 0 6
541.73241403 1 0 5
541.81379559 1 0 6
541.83952106 1 0 5
541.90851860 1 0 6
541.93253429 1 0 5
542.05840422 1 0 6
542.09549736 1 0 5
542.17011341 1 0 6
542.19258882 1 0 5
542.26980880 1 0 6
542.29672953 1 0 5
542.40679412 1 0 6
542.42174342 1 0 5
542.58016830 1 0 6
542.61305315 1 0 5
543.05208082 1 0 6
543.12138355 1 0 5
543.53192848 1 0 6
543.55969254 1 0 5
543.65053396 1 0 6
543.68023629 1 0 5
543.90342748 1 0 6
543.93655749 1 0 5
544.36500720 1 0 6
544.39628507 1 0 5
544.67156832 1 0 6
544.69727461 1 0 5
544.82307643 1 0 6
544.85828352 1 0 5
544.97522321 1 0 6
545.00865659 1 0 5
545.16596668 1 0 6
545.19283207 1 0 5
545.36148250 1 0 6
545.39168769 1 0 5
545.67941138 1 0 6
545.70887155 1 0 5
545.86221833 1 0 6
545.88401296 1 0 5
545.98045051 1 0 6
546.00923239 1 0 5
546.37330350 1 0 6
546.41539939 1 0 5
546.57911764 1 0 6
546.61709598 1 0 5
546.72861498 1 0 6
546.77095767 1 0 5
547.14148393 1 0 6
547.17276035 1 0 5
547.48668628 1 0 6
547.52983203 1 0 5
547.79294330 1 0 6
547.83212100 1 0 5
548.49370765 1 0 6
548.53383310 1 0 5
548.79144934 1 0 6
548.81641899 1 0 5
548.97205641 1 0 6
549.05611547 1 0 5
549.32097535 1 0 6
549.36877223 1 0 5
549.86246498 1 0 6
549.89350185 1 0 5
550.04507336 1 0 6
550.06557640 1 0 5
550.18045840 1 0 6
550.20888770 1 0 5
550.79858330 1 0 6
550.81559949 1 0 5
550.93462758 1 0 6
550.94804645 1 0 5
551.26240436 1 0 6
551.28648918 1 0 5
551.64085329 1 0 6
551.67143979 1 0 5
551.82893860 1 0 6
551.85612149 1 0 5
552.32688672 1 0 6
552.36443036 1 0 5
552.57881034 1 0 6
552.60518775 1 0 5
552.87417095 1 0 6
552.91569304 1 0 5
553.49693600 1 0 6
553.52798002 1 0 5
553.74766872 1 0 6
553.78350787 1 0 5
554.02065841 1 0 6
554.05206393 1 0 5
554.27583180 1 0 6
554.30839347 1 0 5
554.56229870 1 0 6
554.60741614 1 0 5
554.79722875 1 0 6
554.82254720 1 0 5
555.15552806 1 0 6
555.20587428 1 0 5
555.50314783 1 0 6
555.52232129 1 0 5
555.80309821 1 0 6
555.83565195 1 0 5
556.04718698 1 0 6
556.07267878 1 0 5
556.55552921 1 0 6
556.59891050 1 0 5
556.99425262 1 0 6
557.03025100 1 0 5
557.56954015 1 0 6
557.60248562 1 0 5
557.88021772 1 0 6
557.91151380 1 0 5
558.07269104 1 0 6
558.12660238 1 0 5
558.33279290 1 0 6
558.36313629 1 0 5
558.59097996 1 0 6
558.64875564 1 0 5
558.77125711 1 0 6
558.81029314 1 0 5
559.14419734 1 0 6
559.20843164 1 0 5
559.52520476 1 0 6
559.59688259 1 0 5
560.02051448 1 0 6
560.07086219 1 0 5
560.20056338 1 0 6
560.36151672 1 0 5
560.59279983 1 0 6
562.27448417 1 0 7
562.30459796 1 0 6
562.73024105 1 0 7
562.76597925 1 0 6
563.07081018 1 0 7
563.10278059 1 0 6
563.60677742 1 0 7
563.63757500 1 0 6
564.01174568 1 0 7
564.04223502 1 0 6
564.21799740 1 0 7
564.25487516 1 0 6
564.68333236 1 0 7
564.73185636 1 0 6
564.94055303 1 0 7
564.96092561 1 0 6
565.12654991 1 0 7
565.17915433 1 0 6
565.28648842 1 0 7
565.37916335 1 0 6
565.50291787 1 0 7
565.89896282 1 0 6
565.97951147 1 0 7
566.38558634 1 0 6
566.45087351 1 0 7
