1.07085225 0 1 1
1.09128242 0 1 2
1.10627842 0 1 3
1.11943975 0 1 4
1.12901225 0 1 5
1.13936058 0 1 6
1.19627142 0 1 7
29.44346509 0 1 6
29.50812968 0 1 7
30.68544416 0 1 6
30.79861041 0 1 7
30.81183026 0 1 6
30.91072180 0 1 7
30.99318825 0 1 6
31.05571116 0 1 7
31.17488100 0 1 6
31.61415511 0 1 7
31.65684061 0 1 6
31.86158889 0 1 7
31.87262796 0 1 6
31.97076960 0 1 7
31.99839526 0 1 6
33.07905762 0 1 7
33.09333327 0 1 6
33.37947427 0 1 7
33.39560806 0 1 6
34.90046192 0 1 5
34.96247573 0 1 6
35.16216591 0 1 5
35.36106571 0 1 6
35.49366178 0 1 5
35.61367207 0 1 6
35.63695724 0 1 5
35.70080551 0 1 6
35.73933490 0 1 5
35.82598454 0 1 6
35.84374450 0 1 5
36.05720959 0 1 6
36.14439280 0 1 5
36.30898909 0 1 6
36.32622684 0 1 5
36.45113822 0 1 6
36.46823671 0 1 5
36.63199664 0 1 6
36.68549017 0 1 5
37.25207911 0 1 6
37.28496191 0 1 5
37.53231682 0 1 6
37.55183986 0 1 5
37.70434411 0 1 6
37.78422394 0 1 5
38.24281023 0 1 6
38.26080607 0 1 5
38.46817335 0 1 6
38.48442818 0 1 5
38.67452894 0 1 6
38.69081523 0 1 5
38.80608804 0 1 6
38.82299368 0 1 5
38.97569506 0 1 6
38.99163570 0 1 5
39.20795219 0 1 6
39.22456389 0 1 5
39.37393058 0 1 6
39.39379794 0 1 5
39.58414237 0 1 6
39.64224475 0 1 5
39.94173071 0 1 6
39.95693527 0 1 5
40.08629179 0 1 6
40.10711222 0 1 5
40.23558551 0 1 6
40.25394662 0 1 5
40.45163942 0 1 6
40.46439889 0 1 5
40.80743352 0 1 6
40.82639354 0 1 5
41.10177745 0 1 6
41.12067473 0 1 5
41.66193605 0 1 6
41.68496875 0 1 5
41.86482902 0 1 6
41.88963589 0 1 5
42.24352659 0 1 6
42.26669197 0 1 5
42.66380679 0 1 6
42.68004220 0 1 5
42.84171329 0 1 6
42.85799622 0 1 5
43.43873878 0 1 6
43.45351395 0 1 5
43.63219435 0 1 6
43.64723802 0 1 5
43.75026033 0 1 6
43.76308215 0 1 5
43.87054950 0 1 6
43.88206057 0 1 5
44.05275077 0 1 6
44.06535835 0 1 5
44.38602673 0 1 6
44.40723246 0 1 5
44.93149979 0 1 6
44.95111697 0 1 5
45.15509978 0 1 6
45.17337734 0 1 5
45.33937506 0 1 6
45.36168295 0 1 5
45.48792821 0 1 6
45.69057638 0 1 5
45.82004163 0 1 6
45.83884138 0 1 5
46.03758830 0 1 6
46.05203896 0 1 5
46.21182753 0 1 6
46.22532634 0 1 5
46.35904169 0 1 6
46.43329655 0 1 5
46.60320969 0 1 6
46.62150408 0 1 5
46.93007876 0 1 6
46.97395524 0 1 5
47.12977909 0 1 6
47.14999711 0 1 5
47.39541154 0 1 6
47.41662770 0 1 5
47.57136137 0 1 6
47.59044148 0 1 5
47.74465414 0 1 6
47.76315250 0 1 5
48.04564776 0 1 6
48.06477688 0 1 5
48.33270722 0 1 6
48.35015242 0 1 5
48.55398830 0 1 6
48.57649596 0 1 5
48.83703082 0 1 6
48.85574369 0 1 5
49.08166027 0 1 6
49.09977146 0 1 5
49.27660590 0 1 6
49.29684804 0 1 5
49.56986030 0 1 6
49.58438682 0 1 5
49.85960670 0 1 6
49.87884539 0 1 5
50.27348413 0 1 6
50.28899693 0 1 5
50.72650874 0 1 6
50.74246296 0 1 5
50.91965337 0 1 6
50.93972500 0 1 5
51.20546472 0 1 6
51.22490925 0 1 5
51.36242457 0 1 6
51.38150451 0 1 5
51.67061703 0 1 6
51.69320721 0 1 5
51.85904129 0 1 6
51.88238598 0 1 5
52.04640264 0 1 6
52.06708742 0 1 5
52.37690319 0 1 6
52.39822227 0 1 5
52.62928855 0 1 6
52.64695185 0 1 5
53.09004274 0 1 6
53.10586761 0 1 5
53.27551194 0 1 6
53.29202626 0 1 5
53.56758128 0 1 6
53.58776797 0 1 5
53.89629507 0 1 6
53.91695471 0 1 5
54.21104485 0 1 6
54.23545870 0 1 5
54.79327295 0 1 6
54.81173475 0 1 5
55.05322764 0 1 6
55.07149476 0 1 5
55.53905648 0 1 6
55.55344288 0 1 5
55.72038005 0 1 6
55.73528169 0 1 5
56.10652145 0 1 6
56.11985561 0 1 5
56.46493492 0 1 6
56.48192133 0 1 5
57.05671444 0 1 6
57.07144944 0 1 5
57.31944437 0 1 6
57.33446992 0 1 5
57.59417262 0 1 6
57.61174646 0 1 5
57.99882647 0 1 6
58.04723703 0 1 5
58.45473498 0 1 6
58.47030084 0 1 5
58.48986203 0 1 4
58.60719317 0 1 5
60.01502901 0 1 6
60.02432439 0 1 5
60.20023999 0 1 4
60.27083621 0 1 5
60.41564306 0 1 4
60.50616716 0 1 5
60.81835745 0 1 4
60.93156367 0 1 5
61.12484013 0 1 4
61.22457401 0 1 5
61.32914576 0 1 4
61.45561271 0 1 5
61.66169523 0 1 4
61.77918469 0 1 5
61.79795289 0 1 4
61.95237634 0 1 5
62.09637177 0 1 4
62.37174957 0 1 5
62.56051232 0 1 4
62.76109450 0 1 5
62.81055549 0 1 4
62.93383981 0 1 5
62.97085621 0 1 4
63.12565006 0 1 5
63.14415360 0 1 4
63.51283125 0 1 5
63.54821003 0 1 4
63.78352654 0 1 5
63.80578662 0 1 4
64.27525379 0 1 5
64.29765390 0 1 4
64.67946898 0 1 5
64.70117951 0 1 4
64.89706818 0 1 5
64.92306275 0 1 4
65.13816039 0 1 5
65.16472173 0 1 4
65.50829094 0 1 5
65.53414655 0 1 4
65.73942678 0 1 5
65.76684466 0 1 4
65.96240980 0 1 5
65.98962627 0 1 4
66.27808224 0 1 5
66.30329015 0 1 4
66.48148129 0 1 5
66.50237938 0 1 4
66.69702585 0 1 5
66.71591189 0 1 4
66.88468395 0 1 5
66.90493266 0 1 4
67.05349922 0 1 5
67.07517373 0 1 4
67.22180843 0 1 5
67.24159678 0 1 4
67.45249799 0 1 5
67.47650863 0 1 4
67.61827427 0 1 5
67.63742910 0 1 4
67.78814111 0 1 5
67.80895188 0 1 4
68.02144709 0 1 5
68.04449098 0 1 4
68.22259121 0 1 5
68.24404869 0 1 4
68.54255663 0 1 5
68.55131481 0 1 4
68.88824021 0 1 5
68.90789571 0 1 4
69.38655381 0 1 5
69.40950758 0 1 4
69.61265642 0 1 5
69.63676845 0 1 4
69.81952787 0 1 5
69.88957764 0 1 4
70.06580172 0 1 5
70.08866412 0 1 4
70.37885256 0 1 5
70.40098312 0 1 4
70.68470943 0 1 5
70.70666899 0 1 4
70.95143997 0 1 5
70.97343657 0 1 4
71.12650632 0 1 5
71.14586123 0 1 4
71.31289584 0 1 5
71.33229597 0 1 4
71.66373897 0 1 5
71.68194715 0 1 4
72.04145979 0 1 5
72.06523087 0 1 4
72.48399675 0 1 5
72.51081046 0 1 4
72.68626205 0 1 5
72.70933717 0 1 4
72.99785432 0 1 5
73.01713226 0 1 4
73.17526334 0 1 5
73.19384299 0 1 4
73.48218149 0 1 5
73.50125715 0 1 4
73.65093655 0 1 5
73.66986762 0 1 4
73.95158977 0 1 5
73.97211771 0 1 4
74.14818733 0 1 5
74.16959072 0 1 4
74.47098603 0 1 5
74.49362733 0 1 4
74.94472868 0 1 5
74.97003884 0 1 4
75.70353748 0 1 5
75.72316156 0 1 4
75.87601112 0 1 5
75.89428510 0 1 4
76.14574250 0 1 5
76.15932149 0 1 4
76.27977729 0 1 5
76.33283169 0 1 4
76.45516181 0 1 5
76.47050169 0 1 4
76.93715219 0 1 5
76.95056503 0 1 4
77.45636227 0 1 5
77.47529845 0 1 4
77.73129660 0 1 5
77.75316283 0 1 4
77.97082832 0 1 5
77.99262238 0 1 4
78.27008224 0 1 5
78.28572357 0 1 4
78.56934595 0 1 5
78.58576068 0 1 4
79.04077606 0 1 5
79.05849024 0 1 4
79.20685550 0 1 5
79.21957155 0 1 4
79.46868396 0 1 5
79.48483590 0 1 4
79.67369825 0 1 5
79.69040895 0 1 4
79.98935356 0 1 5
80.00647045 0 1 4
80.36697997 0 1 5
80.38758067 0 1 4
80.75404867 0 1 5
80.77815873 0 1 4
80.96183460 0 1 5
80.98731105 0 1 4
81.27325386 0 1 5
81.29517825 0 1 4
81.63458934 0 1 5
81.65750190 0 1 4
81.95796350 0 1 5
81.98013799 0 1 4
82.15499532 0 1 5
82.17472333 0 1 4
82.49700429 0 1 5
82.51487747 0 1 4
83.18362389 0 1 5
83.20301279 0 1 4
84.97086301 0 1 3
85.22257283 0 1 4
85.24940362 0 1 3
85.35505269 0 1 4
85.50911251 0 1 3
85.61369403 0 1 4
86.38625919 0 1 3
86.49032307 0 1 4
86.76951526 0 1 3
86.87337261 0 1 4
86.98460689 0 1 3
87.09775631 0 1 4
87.39498012 0 1 3
87.52721628 0 1 4
87.68487799 0 1 3
87.81085154 0 1 4
88.40025983 0 1 3
88.52834342 0 1 4
88.54988660 0 1 3
88.71271082 0 1 4
88.90056904 0 1 3
89.05479951 0 1 4
89.11360083 0 1 3
89.26347872 0 1 4
89.35927195 0 1 3
89.71170685 0 1 4
89.73538958 0 1 3
89.92891644 0 1 4
89.97363436 0 1 3
90.13731748 0 1 4
90.17533013 0 1 3
90.84860431 0 1 4
90.88763491 0 1 3
91.58103964 0 1 4
91.63629700 0 1 3
91.88213684 0 1 4
91.91099193 0 1 3
92.37267860 0 1 4
92.40403077 0 1 3
92.68441908 0 1 4
92.70357828 0 1 3
92.85548295 0 1 4
92.87481638 0 1 3
93.03640464 0 1 4
93.05736211 0 1 3
93.31666143 0 1 4
93.33994440 0 1 3
93.52331336 0 1 4
93.55028580 0 1 3
93.73833766 0 1 4
93.76202640 0 1 3
93.97104640 0 1 4
93.99779838 0 1 3
94.32960570 0 1 4
94.35584875 0 1 3
94.85640190 0 1 4
94.87990942 0 1 3
95.06655388 0 1 4
95.09128521 0 1 3
95.26888357 0 1 4
95.29097817 0 1 3
95.50340673 0 1 4
95.52172796 0 1 3
95.64009082 0 1 4
95.65659574 0 1 3
95.79137511 0 1 4
95.81004233 0 1 3
95.92117984 0 1 4
95.93659151 0 1 3
96.07781374 0 1 4
96.09662889 0 1 3
96.20912922 0 1 4
96.22808505 0 1 3
96.36122941 0 1 4
96.38440712 0 1 3
96.57317427 0 1 4
96.59956941 0 1 3
96.79117891 0 1 4
96.81822103 0 1 3
97.01635047 0 1 4
97.03793350 0 1 3
97.30693227 0 1 4
97.33484659 0 1 3
97.52454797 0 1 4
97.55067898 0 1 3
97.88545480 0 1 4
97.90730084 0 1 3
98.09087308 0 1 4
98.11373287 0 1 3
98.34913062 0 1 4
98.37207336 0 1 3
98.56602688 0 1 4
98.58905938 0 1 3
98.89178668 0 1 4
98.91384171 0 1 3
99.20001071 0 1 4
99.22314004 0 1 3
99.41816940 0 1 4
99.44313085 0 1 3
99.79371735 0 1 4
99.81922061 0 1 3
100.07762764 0 1 4
100.09748819 0 1 3
100.28778217 0 1 4
100.30760318 0 1 3
100.54368153 0 1 4
100.56595397 0 1 3
100.72770768 0 1 4
100.78629186 0 1 3
101.00312584 0 1 4
101.02389990 0 1 3
101.52259567 0 1 4
101.54310610 0 1 3
101.83153589 0 1 4
101.85264570 0 1 3
102.14349316 0 1 4
102.16112886 0 1 3
102.33390646 0 1 4
102.35290028 0 1 3
102.59684287 0 1 4
102.62217657 0 1 3
102.88872315 0 1 4
102.91180529 0 1 3
103.11799626 0 1 4
103.14594144 0 1 3
103.49327585 0 1 4
103.51774307 0 1 3
103.69423124 0 1 4
103.71499848 0 1 3
103.89984273 0 1 4
103.92171650 0 1 3
104.20307110 0 1 4
104.23218925 0 1 3
104.40474653 0 1 4
104.42809031 0 1 3
104.62122058 0 1 4
104.64790648 0 1 3
104.92596920 0 1 4
104.95339127 0 1 3
105.35012584 0 1 4
105.37605378 0 1 3
105.75237256 0 1 4
105.77327791 0 1 3
106.09017446 0 1 4
106.11067421 0 1 3
106.49721805 0 1 4
106.52136448 0 1 3
106.70448807 0 1 4
106.72409496 0 1 3
106.93353555 0 1 4
106.95709678 0 1 3
107.18643635 0 1 4
107.20689148 0 1 3
107.39722870 0 1 4
107.41874971 0 1 3
107.58278879 0 1 4
107.60121873 0 1 3
108.12259239 0 1 4
108.14484805 0 1 3
108.32845963 0 1 4
108.34929020 0 1 3
108.61557193 0 1 4
108.63473148 0 1 3
108.81910770 0 1 4
108.84309778 0 1 3
109.19243216 0 1 4
109.21484638 0 1 3
109.43751233 0 1 4
109.46244775 0 1 3
109.81259606 0 1 4
109.83863336 0 1 3
110.14626973 0 1 4
110.17256690 0 1 3
110.37541725 0 1 4
110.40216683 0 1 3
110.62233121 0 1 4
110.64407985 0 1 3
110.82510673 0 1 4
110.84704835 0 1 3
111.17188629 0 1 4
111.18854153 0 1 3
111.44785388 0 1 4
111.47676799 0 1 3
111.68631934 0 1 4
111.70989660 0 1 3
111.87842787 0 1 4
111.89819887 0 1 3
112.06904826 0 1 4
112.09312092 0 1 3
112.43424228 0 1 4
112.45734864 0 1 3
112.84244366 0 1 4
112.86938854 0 1 3
113.29492176 0 1 4
113.32577523 0 1 3
113.56873396 0 1 4
113.59693445 0 1 3
113.90719838 0 1 4
113.93490245 0 1 3
114.24199312 0 1 4
114.26586818 0 1 3
114.46524931 0 1 4
114.48873707 0 1 3
114.71355371 0 1 4
114.74107269 0 1 3
114.93943850 0 1 4
114.96367718 0 1 3
115.44619176 0 1 4
115.48654217 0 1 3
115.66841441 0 1 4
115.69392100 0 1 3
115.94139227 0 1 4
115.95535230 0 1 3
116.08814128 0 1 4
116.10613351 0 1 3
116.40053376 0 1 4
116.42309114 0 1 3
116.64709037 0 1 4
116.67024855 0 1 3
116.82564806 0 1 4
116.91830915 0 1 3
117.12932213 0 1 4
117.15457262 0 1 3
117.45344022 0 1 4
117.48069684 0 1 3
117.76226046 0 1 4
117.78395189 0 1 3
118.04889402 0 1 4
118.08242754 0 1 3
118.53690363 0 1 4
118.56824390 0 1 3
118.92928220 0 1 4
118.98849253 0 1 3
119.17859057 0 1 4
119.20245829 0 1 3
119.52041916 0 1 4
119.54531326 0 1 3
119.81134149 0 1 4
119.83532289 0 1 3
120.03748407 0 1 4
120.06069514 0 1 3
120.36337798 0 1 4
120.38847733 0 1 3
120.58329889 0 1 4
120.60599471 0 1 3
120.95021651 0 1 4
120.96514152 0 1 3
121.30944036 0 1 4
121.32807682 0 1 3
121.56767888 0 1 4
121.58642465 0 1 3
121.75450158 0 1 4
121.83613482 0 1 3
122.22909428 0 1 4
122.24916361 0 1 3
122.44232957 0 1 4
122.46422841 0 1 3
122.79516636 0 1 4
122.81728966 0 1 3
123.01168612 0 1 4
123.03652314 0 1 3
123.48717244 0 1 4
123.50797960 0 1 3
123.72286281 0 1 4
123.74833965 0 1 3
124.09793838 0 1 4
124.11880831 0 1 3
124.39229689 0 1 4
124.41173237 0 1 3
124.54395045 0 1 4
124.56247960 0 1 3
124.71837743 0 1 4
124.74411693 0 1 3
125.07897716 0 1 4
125.10024733 0 1 3
125.40811247 0 1 4
125.43450202 0 1 3
125.69366297 0 1 4
125.71705268 0 1 3
125.86788631 0 1 4
125.88824575 0 1 3
126.22963726 0 1 4
126.25522406 0 1 3
126.61138068 0 1 4
126.63473572 0 1 3
126.85689819 0 1 4
126.88738959 0 1 3
127.11212956 0 1 4
127.13605763 0 1 3
127.48289318 0 1 4
127.50438447 0 1 3
127.73854087 0 1 4
127.75989755 0 1 3
128.05496550 0 1 4
128.08026073 0 1 3
128.32954381 0 1 4
128.35407595 0 1 3
128.68794415 0 1 4
128.71304691 0 1 3
128.95944483 0 1 4
128.98645869 0 1 3
129.28004546 0 1 4
129.30146916 0 1 3
129.48177772 0 1 4
129.50677843 0 1 3
129.79959045 0 1 4
129.81906184 0 1 3
130.08871211 0 1 4
130.11338284 0 1 3
130.49731791 0 1 4
130.51881422 0 1 3
130.68867353 0 1 4
130.71153243 0 1 3
131.11979941 0 1 4
131.14220292 0 1 3
131.27247165 0 1 4
131.29059527 0 1 3
131.44811909 0 1 4
131.46781459 0 1 3
131.62412440 0 1 4
131.64308757 0 1 3
131.80608304 0 1 4
131.82875699 0 1 3
132.17343781 0 1 4
132.19416325 0 1 3
132.56249941 0 1 4
132.59017861 0 1 3
132.79492618 0 1 4
132.81954163 0 1 3
133.03253904 0 1 4
133.05823370 0 1 3
133.30674564 0 1 4
133.32944055 0 1 3
133.51763288 0 1 4
133.54135999 0 1 3
133.83000740 0 1 4
133.85517342 0 1 3
134.04731330 0 1 4
134.07233202 0 1 3
134.40515150 0 1 4
134.43279339 0 1 3
134.69173450 0 1 4
134.71939107 0 1 3
134.94878219 0 1 4
134.97285393 0 1 3
135.24564918 0 1 4
135.27211981 0 1 3
135.58377801 0 1 4
135.61108156 0 1 3
135.81965150 0 1 4
135.84097268 0 1 3
136.20096970 0 1 4
136.22526222 0 1 3
136.52883057 0 1 4
136.54839923 0 1 3
136.74141115 0 1 4
136.76519020 0 1 3
136.98558557 0 1 4
137.01057230 0 1 3
137.51756351 0 1 4
137.53553667 0 1 3
137.68933971 0 1 4
137.70771552 0 1 3
137.86250892 0 1 4
137.88028580 0 1 3
138.37131342 0 1 4
138.39402612 0 1 3
138.57080167 0 1 4
138.59345681 0 1 3
138.91660913 0 1 4
138.94081345 0 1 3
139.22207617 0 1 4
139.24866003 0 1 3
139.60843137 0 1 4
139.63407920 0 1 3
139.79584908 0 1 4
139.82114246 0 1 3
140.08838418 0 1 4
140.11176837 0 1 3
140.34095613 0 1 4
140.36105977 0 1 3
140.52492008 0 1 4
140.58312996 0 1 3
140.75642742 0 1 4
140.77637159 0 1 3
141.04239942 0 1 4
141.06315048 0 1 3
141.24820326 0 1 4
141.26602672 0 1 3
141.43237659 0 1 4
141.45379284 0 1 3
141.78276853 0 1 4
141.80931120 0 1 3
142.03039266 0 1 4
142.05989720 0 1 3
142.26834230 0 1 4
142.29304464 0 1 3
142.49446855 0 1 4
142.51653264 0 1 3
142.89420761 0 1 4
142.91492920 0 1 3
143.23520153 0 1 4
143.25750067 0 1 3
143.44983027 0 1 4
143.47395046 0 1 3
143.70936148 0 1 4
143.73860872 0 1 3
144.03060003 0 1 4
144.05894086 0 1 3
144.28023328 0 1 4
144.30478704 0 1 3
144.72140809 0 1 4
144.74384312 0 1 3
144.91791495 0 1 4
144.93911474 0 1 3
145.11558165 0 1 4
145.13889935 0 1 3
145.29981365 0 1 4
145.32470103 0 1 3
145.49131835 0 1 4
145.51342035 0 1 3
145.82197329 0 1 4
145.84437001 0 1 3
146.19848065 0 1 4
146.21998992 0 1 3
146.54383536 0 1 4
146.56958069 0 1 3
146.92946432 0 1 4
146.95137146 0 1 3
147.11903011 0 1 4
147.13883882 0 1 3
147.31301839 0 1 4
147.33583152 0 1 3
147.57074480 0 1 4
147.59126110 0 1 3
147.80991906 0 1 4
147.83395827 0 1 3
148.14510836 0 1 4
148.17070490 0 1 3
148.37955892 0 1 4
148.40496955 0 1 3
148.82868824 0 1 4
148.85585916 0 1 3
149.19717970 0 1 4
149.22126870 0 1 3
149.47768094 0 1 4
149.50497045 0 1 3
149.86265275 0 1 4
149.88780978 0 1 3
150.11282966 0 1 4
150.13607967 0 1 3
150.69267647 0 1 4
150.71316064 0 1 3
150.86056997 0 1 4
150.88011098 0 1 3
150.99592500 0 1 4
151.01581965 0 1 3
151.28511009 0 1 4
151.30120808 0 1 3
151.57259445 0 1 4
151.59349259 0 1 3
152.30033336 0 1 4
152.32658148 0 1 3
152.53168499 0 1 4
152.55925760 0 1 3
152.74047456 0 1 4
152.75881949 0 1 3
153.13601882 0 1 4
153.15772010 0 1 3
153.35434030 0 1 4
153.37656113 0 1 3
153.53663065 0 1 4
153.55744391 0 1 3
153.81917322 0 1 4
153.84150306 0 1 3
154.02255808 0 1 4
154.09228956 0 1 3
154.28618598 0 1 4
154.30948329 0 1 3
154.51178026 0 1 4
154.53387473 0 1 3
154.69950503 0 1 4
154.72512272 0 1 3
155.30594504 0 1 4
155.33058544 0 1 3
155.56380055 0 1 4
155.58701574 0 1 3
155.82358052 0 1 4
155.89683963 0 1 3
156.09201415 0 1 4
156.10823155 0 1 3
156.23925757 0 1 4
156.25868575 0 1 3
156.73547333 0 1 4
156.75715718 0 1 3
156.88910374 0 1 4
156.90593655 0 1 3
157.05321132 0 1 4
157.07509807 0 1 3
157.21499174 0 1 4
157.23431475 0 1 3
157.39935275 0 1 4
157.42128932 0 1 3
157.69601987 0 1 4
157.71858492 0 1 3
157.95934525 0 1 4
157.98148229 0 1 3
158.38628510 0 1 4
158.40857014 0 1 3
158.74773189 0 1 4
158.82524588 0 1 3
158.97440149 0 1 4
159.05522499 0 1 3
159.22929891 0 1 4
159.24874728 0 1 3
159.58733629 0 1 4
159.60981096 0 1 3
159.94827383 0 1 4
159.97726135 0 1 3
160.43405402 0 1 4
160.45842809 0 1 3
160.68688791 0 1 4
160.71464108 0 1 3
160.98273496 0 1 4
160.99871071 0 1 3
161.15247131 0 1 4
161.17269350 0 1 3
161.32002554 0 1 4
161.34406893 0 1 3
161.93637332 0 1 4
161.95735790 0 1 3
162.10449552 0 1 4
162.12679509 0 1 3
162.40000129 0 1 4
162.41542505 0 1 3
162.75232773 0 1 4
162.77231524 0 1 3
163.19917424 0 1 4
163.22288101 0 1 3
163.44697533 0 1 4
163.49329649 0 1 3
163.72233292 0 1 4
163.75087130 0 1 3
164.00059744 0 1 4
164.02125884 0 1 3
164.18356718 0 1 4
164.20265642 0 1 3
164.50888954 0 1 4
164.52818013 0 1 3
164.98195412 0 1 4
165.00541291 0 1 3
165.22494469 0 1 4
165.24621393 0 1 3
165.42029109 0 1 4
165.44169439 0 1 3
165.81673768 0 1 4
165.83588381 0 1 3
165.97324831 0 1 4
165.99347232 0 1 3
166.16443476 0 1 4
166.18797748 0 1 3
166.38693448 0 1 4
166.41213142 0 1 3
166.60153195 0 1 4
166.62726281 0 1 3
166.85150478 0 1 4
166.87333395 0 1 3
167.06543810 0 1 4
167.09004803 0 1 3
167.40200198 0 1 4
167.42713623 0 1 3
167.64388233 0 1 4
167.66894845 0 1 3
167.96388065 0 1 4
167.98813904 0 1 3
168.82926019 0 1 4
168.85530910 0 1 3
169.05684851 0 1 4
169.07359295 0 1 3
169.44167367 0 1 4
169.45770418 0 1 3
169.67314877 0 1 4
169.69052888 0 1 3
169.80847836 0 1 4
169.82529213 0 1 3
170.12052680 0 1 4
170.14297268 0 1 3
170.66697109 0 1 4
170.69268853 0 1 3
170.89415485 0 1 4
170.91981168 0 1 3
171.20015274 0 1 4
171.22198666 0 1 3
171.46045965 0 1 4
171.48304514 0 1 3
171.78225819 0 1 4
171.80705902 0 1 3
172.03820635 0 1 4
172.06219191 0 1 3
172.30153189 0 1 4
172.32383104 0 1 3
172.53435930 0 1 4
172.55462082 0 1 3
172.74566003 0 1 4
172.76831036 0 1 3
172.95442137 0 1 4
172.97663411 0 1 3
173.32070132 0 1 4
173.34429190 0 1 3
173.70207733 0 1 4
173.72333936 0 1 3
174.06998642 0 1 4
174.09349172 0 1 3
174.27482048 0 1 4
174.29755109 0 1 3
174.64743665 0 1 4
174.66802032 0 1 3
174.96963572 0 1 4
174.99192932 0 1 3
175.16011201 0 1 4
175.20111494 0 1 3
175.40712629 0 1 4
175.42352094 0 1 3
175.85723813 0 1 4
175.87901197 0 1 3
176.14558181 0 1 4
176.16741269 0 1 3
176.35200168 0 1 4
176.38317737 0 1 3
176.59984699 0 1 4
176.62530004 0 1 3
176.93808175 0 1 4
176.96306552 0 1 3
177.27683674 0 1 4
177.30034332 0 1 3
177.48950231 0 1 4
177.51307160 0 1 3
177.93457079 0 1 4
177.96099832 0 1 3
178.23119046 0 1 4
178.25599022 0 1 3
178.51353796 0 1 4
178.53775779 0 1 3
178.74067796 0 1 4
178.79124809 0 1 3
178.97775851 0 1 4
179.00153532 0 1 3
179.19402293 0 1 4
179.21572587 0 1 3
179.54148333 0 1 4
179.56825937 0 1 3
179.74730210 0 1 4
179.80432367 0 1 3
180.12801248 0 1 4
180.15153389 0 1 3
180.36370353 0 1 4
180.38362895 0 1 3
180.71062427 0 1 4
180.73157249 0 1 3
180.88653981 0 1 4
180.90751865 0 1 3
181.18081838 0 1 4
181.20384762 0 1 3
181.50689901 0 1 4
181.52889774 0 1 3
181.74388140 0 1 4
181.76822885 0 1 3
181.95090508 0 1 4
181.97631759 0 1 3
182.17143871 0 1 4
182.19426613 0 1 3
182.41310934 0 1 4
182.43733739 0 1 3
182.68104937 0 1 4
182.70392942 0 1 3
182.89905582 0 1 4
182.92383912 0 1 3
183.12106940 0 1 4
183.14323984 0 1 3
183.32949424 0 1 4
183.35347120 0 1 3
183.68222018 0 1 4
183.71037030 0 1 3
183.98056163 0 1 4
184.01133641 0 1 3
184.24626584 0 1 4
184.27262192 0 1 3
184.58372030 0 1 4
184.61055117 0 1 3
184.98027650 0 1 4
185.00871587 0 1 3
185.38229890 0 1 4
185.40826784 0 1 3
185.60731249 0 1 4
185.63331395 0 1 3
185.83065991 0 1 4
185.85424241 0 1 3
186.09425496 0 1 4
186.11873774 0 1 3
186.30981417 0 1 4
186.33297608 0 1 3
186.67486865 0 1 4
186.69787223 0 1 3
186.88377804 0 1 4
186.97049791 0 1 3
187.28452579 0 1 4
187.30648916 0 1 3
187.57415992 0 1 4
187.59547873 0 1 3
187.76951028 0 1 4
187.79407797 0 1 3
188.04644197 0 1 4
188.07065603 0 1 3
188.24726325 0 1 4
188.27021349 0 1 3
188.45625402 0 1 4
188.48003882 0 1 3
188.81363858 0 1 4
188.84424003 0 1 3
189.40533933 0 1 4
189.43815604 0 1 3
189.68336327 0 1 4
189.71073548 0 1 3
190.00999509 0 1 4
190.03484207 0 1 3
190.23909144 0 1 4
190.26038629 0 1 3
190.60016596 0 1 4
190.62248148 0 1 3
190.81849690 0 1 4
190.84480256 0 1 3
191.14886218 0 1 4
191.16886508 0 1 3
191.36003632 0 1 4
191.38601753 0 1 3
191.59576756 0 1 4
191.62272457 0 1 3
191.93359013 0 1 4
191.95789514 0 1 3
192.26987318 0 1 4
192.29760997 0 1 3
192.59403468 0 1 4
192.61823695 0 1 3
192.82023595 0 1 4
192.84648670 0 1 3
193.13960743 0 1 4
193.16092206 0 1 3
193.34671995 0 1 4
193.42019551 0 1 3
193.72053318 0 1 4
193.74253294 0 1 3
194.02595644 0 1 4
194.05254166 0 1 3
194.28950926 0 1 4
194.31558415 0 1 3
194.55539470 0 1 4
194.58337076 0 1 3
194.86738294 0 1 4
194.89389575 0 1 3
195.07908886 0 1 4
195.10587927 0 1 3
195.40796527 0 1 4
195.43336060 0 1 3
195.69165909 0 1 4
195.71744017 0 1 3
195.89039918 0 1 4
195.91242562 0 1 3
196.14647850 0 1 4
196.16899179 0 1 3
196.69745915 0 1 4
196.72359951 0 1 3
197.07512419 0 1 4
197.09525079 0 1 3
197.41469968 0 1 4
197.43551940 0 1 3
197.73967614 0 1 4
197.75846351 0 1 3
197.93009928 0 1 4
197.95078873 0 1 3
198.09754066 0 1 4
198.11442245 0 1 3
198.43765335 0 1 4
198.45726458 0 1 3
198.79406533 0 1 4
198.81561884 0 1 3
199.56236363 0 1 4
199.58755790 0 1 3
199.79313427 0 1 4
199.82053170 0 1 3
200.03563760 0 1 4
200.05781688 0 1 3
200.22445899 0 1 4
200.24549038 0 1 3
200.53050263 0 1 4
200.54990844 0 1 3
200.93311824 0 1 4
200.95546587 0 1 3
201.21139562 0 1 4
201.23683671 0 1 3
201.40439068 0 1 4
201.42887211 0 1 3
201.68226410 0 1 4
201.70845504 0 1 3
201.89848471 0 1 4
201.92080397 0 1 3
202.14274136 0 1 4
202.16743192 0 1 3
202.33973474 0 1 4
202.35974418 0 1 3
202.64648743 0 1 4
202.66657110 0 1 3
202.83600688 0 1 4
202.85783810 0 1 3
203.02404084 0 1 4
203.11657954 0 1 3
203.34712691 0 1 4
203.38065176 0 1 3
203.71262715 0 1 4
203.74010607 0 1 3
204.05897932 0 1 4
204.08725120 0 1 3
204.29686556 0 1 4
204.32392747 0 1 3
204.52840671 0 1 4
204.55437100 0 1 3
204.75320661 0 1 4
204.77491734 0 1 3
204.97744524 0 1 4
205.00425119 0 1 3
205.48001007 0 1 4
205.50871625 0 1 3
205.77427273 0 1 4
205.80050304 0 1 3
206.36981913 0 1 4
206.39092093 0 1 3
206.54212070 0 1 4
206.56358471 0 1 3
206.91984678 0 1 4
206.94050722 0 1 3
207.14941035 0 1 4
207.16819735 0 1 3
207.34946685 0 1 4
207.37436949 0 1 3
207.54652573 0 1 4
207.56883583 0 1 3
208.00103152 0 1 4
208.02415012 0 1 3
208.20541626 0 1 4
208.22890347 0 1 3
208.40515987 0 1 4
208.43221416 0 1 3
208.63681636 0 1 4
208.65804831 0 1 3
208.83845594 0 1 4
208.86428579 0 1 3
209.21637806 0 1 4
209.23936594 0 1 3
209.49361337 0 1 4
209.51846412 0 1 3
209.73847018 0 1 4
209.76728478 0 1 3
209.99993446 0 1 4
210.02546340 0 1 3
210.37526155 0 1 4
210.39617448 0 1 3
210.57567383 0 1 4
210.59645209 0 1 3
210.76140274 0 1 4
210.79201237 0 1 3
210.94129623 0 1 4
210.96243131 0 1 3
211.24885694 0 1 4
211.27027905 0 1 3
211.50615671 0 1 4
211.53344814 0 1 3
211.75805188 0 1 4
211.78590776 0 1 3
212.18636094 0 1 4
212.21514242 0 1 3
212.41509654 0 1 4
212.43942778 0 1 3
212.63369649 0 1 4
212.65661453 0 1 3
212.84623774 0 1 4
212.87196512 0 1 3
213.06430095 0 1 4
213.08598912 0 1 3
213.44041173 0 1 4
213.46446019 0 1 3
213.68497084 0 1 4
213.70859418 0 1 3
213.87960534 0 1 4
213.90536528 0 1 3
214.28091759 0 1 4
214.30357021 0 1 3
214.70061385 0 1 4
214.72604998 0 1 3
215.03997676 0 1 4
215.06379710 0 1 3
215.43681543 0 1 4
215.45703503 0 1 3
215.61180342 0 1 4
215.63076916 0 1 3
215.89256156 0 1 4
215.91269510 0 1 3
216.11182545 0 1 4
216.13242232 0 1 3
216.36201582 0 1 4
216.38617379 0 1 3
216.56402312 0 1 4
216.58688514 0 1 3
216.76668084 0 1 4
216.78982745 0 1 3
217.21599044 0 1 4
217.24181063 0 1 3
217.40960704 0 1 4
217.43453686 0 1 3
217.82219459 0 1 4
217.84111189 0 1 3
218.15320366 0 1 4
218.17845008 0 1 3
218.37412711 0 1 4
218.39777729 0 1 3
218.61374803 0 1 4
218.63577673 0 1 3
218.80666910 0 1 4
218.83053553 0 1 3
219.11451978 0 1 4
219.13674741 0 1 3
219.31377159 0 1 4
219.33473336 0 1 3
219.52502620 0 1 4
219.55212658 0 1 3
219.85794626 0 1 4
219.88244038 0 1 3
220.15467153 0 1 4
220.18346545 0 1 3
220.55111105 0 1 4
220.57535178 0 1 3
220.93536099 0 1 4
220.95748157 0 1 3
221.14677357 0 1 4
221.22321222 0 1 3
221.45095189 0 1 4
221.47332404 0 1 3
221.70323963 0 1 4
221.73021687 0 1 3
221.94085420 0 1 4
221.96740653 0 1 3
222.18224759 0 1 4
222.21193175 0 1 3
222.53096621 0 1 4
222.55380668 0 1 3
222.82868341 0 1 4
222.85070493 0 1 3
223.02026593 0 1 4
223.07588502 0 1 3
223.41937695 0 1 4
223.43956091 0 1 3
223.62767293 0 1 4
223.65159730 0 1 3
223.83772780 0 1 4
223.86565626 0 1 3
224.08025431 0 1 4
224.10348093 0 1 3
224.35923766 0 1 4
224.38080073 0 1 3
224.68719126 0 1 4
224.71200112 0 1 3
224.92046683 0 1 4
224.94324161 0 1 3
225.24985852 0 1 4
225.27661737 0 1 3
225.51077244 0 1 4
225.53738921 0 1 3
225.74877633 0 1 4
225.77601795 0 1 3
226.21514407 0 1 4
226.24458783 0 1 3
226.62968771 0 1 4
226.64899370 0 1 3
226.93922862 0 1 4
226.96010885 0 1 3
227.11412944 0 1 4
227.13899308 0 1 3
227.41458653 0 1 4
227.43444791 0 1 3
227.79804610 0 1 4
227.81897524 0 1 3
228.06577236 0 1 4
228.08967343 0 1 3
228.41445115 0 1 4
228.43854747 0 1 3
228.62929261 0 1 4
228.71929295 0 1 3
229.12821998 0 1 4
229.15163121 0 1 3
229.33735239 0 1 4
229.35869713 0 1 3
229.73673105 0 1 4
229.75900978 0 1 3
230.14110726 0 1 4
230.15841880 0 1 3
230.51346597 0 1 4
230.53302826 0 1 3
230.69521169 0 1 4
230.71692084 0 1 3
230.92822593 0 1 4
230.95020426 0 1 3
231.14504876 0 1 4
231.16472037 0 1 3
231.31279767 0 1 4
231.33373379 0 1 3
231.54597100 0 1 4
231.56780703 0 1 3
231.82112569 0 1 4
231.84737877 0 1 3
232.05184512 0 1 4
232.07798183 0 1 3
232.25806315 0 1 4
232.27886978 0 1 3
232.46245197 0 1 4
232.48810626 0 1 3
232.67988060 0 1 4
232.70540986 0 1 3
233.06974192 0 1 4
233.09658393 0 1 3
233.29635548 0 1 4
233.32523403 0 1 3
233.68438068 0 1 4
233.71134667 0 1 3
233.91250765 0 1 4
233.93439201 0 1 3
234.29784468 0 1 4
234.32421994 0 1 3
234.56585197 0 1 4
234.58966120 0 1 3
234.83911173 0 1 4
234.85807907 0 1 3
235.02063108 0 1 4
235.04144498 0 1 3
235.25499864 0 1 4
235.27412815 0 1 3
235.67133115 0 1 4
235.69431117 0 1 3
235.93222240 0 1 4
235.95516675 0 1 3
236.25497759 0 1 4
236.28097868 0 1 3
236.50943660 0 1 4
236.53449014 0 1 3
236.82486058 0 1 4
236.85089975 0 1 3
237.14151456 0 1 4
237.16714375 0 1 3
237.39206870 0 1 4
237.42267375 0 1 3
237.84184672 0 1 4
237.86828106 0 1 3
238.06325681 0 1 4
238.08767973 0 1 3
238.25460115 0 1 4
238.27591867 0 1 3
238.45788057 0 1 4
238.48058538 0 1 3
239.10738325 0 1 4
239.12953845 0 1 3
239.28358324 0 1 4
239.30786160 0 1 3
239.55278592 0 1 4
239.57137961 0 1 3
239.73184433 0 1 4
239.75910449 0 1 3
240.04100042 0 1 4
240.06285362 0 1 3
240.32125549 0 1 4
240.33841747 0 1 3
240.51598597 0 1 4
240.53960847 0 1 3
240.70017117 0 1 4
240.72351711 0 1 3
241.12009233 0 1 4
241.14100814 0 1 3
241.32275708 0 1 4
241.34408566 0 1 3
241.80508259 0 1 4
241.83416256 0 1 3
242.08304010 0 1 4
242.10328716 0 1 3
242.27179451 0 1 4
242.29325413 0 1 3
242.51476867 0 1 4
242.53654470 0 1 3
242.70650704 0 1 4
242.72439561 0 1 3
242.99690373 0 1 4
243.01920640 0 1 3
243.22673865 0 1 4
243.29439101 0 1 3
243.51820525 0 1 4
243.55888635 0 1 3
243.78029660 0 1 4
243.85146626 0 1 3
244.06904101 0 1 4
244.09597803 0 1 3
244.35782131 0 1 4
244.37932899 0 1 3
244.73995753 0 1 4
244.75945989 0 1 3
244.92801619 0 1 4
244.94894105 0 1 3
245.29350953 0 1 4
245.31693492 0 1 3
245.74854345 0 1 4
245.77287780 0 1 3
246.00846987 0 1 4
246.02763206 0 1 3
246.33432349 0 1 4
246.39268563 0 1 3
246.57848469 0 1 4
246.60346909 0 1 3
246.83805807 0 1 4
246.86026174 0 1 3
247.05571493 0 1 4
247.14383529 0 1 3
247.45414436 0 1 4
247.47901763 0 1 3
247.67742096 0 1 4
247.70168440 0 1 3
247.99887799 0 1 4
248.02163042 0 1 3
248.22964901 0 1 4
248.25749396 0 1 3
248.45222784 0 1 4
248.47702484 0 1 3
248.73231772 0 1 4
248.75481065 0 1 3
248.94984830 0 1 4
248.97432185 0 1 3
249.42705277 0 1 4
249.44591091 0 1 3
249.59537729 0 1 4
249.61543289 0 1 3
249.88494607 0 1 4
249.90620235 0 1 3
250.06485761 0 1 4
250.08539404 0 1 3
250.26044929 0 1 4
250.28207461 0 1 3
250.44486459 0 1 4
250.46813547 0 1 3
251.04601976 0 1 4
251.06879193 0 1 3
251.22909001 0 1 4
251.25067212 0 1 3
251.53106405 0 1 4
251.55219538 0 1 3
251.71977492 0 1 4
251.74219536 0 1 3
251.90788018 0 1 4
251.92769122 0 1 3
252.27927533 0 1 4
252.29961060 0 1 3
252.63438128 0 1 4
252.66281892 0 1 3
252.91276810 0 1 4
252.93578040 0 1 3
253.24981676 0 1 4
253.27452633 0 1 3
253.47060908 0 1 4
253.49581544 0 1 3
253.70103972 0 1 4
253.72287197 0 1 3
253.90284867 0 1 4
253.92594717 0 1 3
254.43115385 0 1 4
254.50265822 0 1 3
254.66144579 0 1 4
254.71742947 0 1 3
254.97186783 0 1 4
254.99404290 0 1 3
255.14389289 0 1 4
255.16677666 0 1 3
255.30680277 0 1 4
255.32295827 0 1 3
255.58459664 0 1 4
255.60887068 0 1 3
255.80612297 0 1 4
255.82914930 0 1 3
256.20033152 0 1 4
256.22726149 0 1 3
256.61440094 0 1 4
256.64023988 0 1 3
256.89971019 0 1 4
256.92295697 0 1 3
257.11215429 0 1 4
257.13458962 0 1 3
257.41240900 0 1 4
257.43715403 0 1 3
257.82732151 0 1 4
257.85119442 0 1 3
258.21046073 0 1 4
258.23762068 0 1 3
258.43405014 0 1 4
258.46218010 0 1 3
259.01063396 0 1 4
259.03465690 0 1 3
259.23845877 0 1 4
259.26281606 0 1 3
259.52331071 0 1 4
259.54418421 0 1 3
259.73316574 0 1 4
259.75549249 0 1 3
259.92087027 0 1 4
259.94447475 0 1 3
260.15912967 0 1 4
260.18291652 0 1 3
260.33836407 0 1 4
260.35591163 0 1 3
260.86173119 0 1 4
260.89540464 0 1 3
261.04982018 0 1 4
261.07346001 0 1 3
261.37577881 0 1 4
261.40466891 0 1 3
261.66017084 0 1 4
261.68280572 0 1 3
261.97947545 0 1 4
262.00408220 0 1 3
262.24871520 0 1 4
262.27004937 0 1 3
262.52228052 0 1 4
262.54095616 0 1 3
262.74498016 0 1 4
262.77292052 0 1 3
263.05399844 0 1 4
263.06092445 0 1 3
263.69161067 0 1 4
263.71458713 0 1 3
264.00350995 0 1 4
264.02268849 0 1 3
264.19268334 0 1 4
264.26718871 0 1 3
264.52426890 0 1 4
264.55014060 0 1 3
264.77646932 0 1 4
264.80383968 0 1 3
265.00828759 0 1 4
265.06463732 0 1 3
265.23191587 0 1 4
265.25499511 0 1 3
265.57053894 0 1 4
265.59495162 0 1 3
265.84914238 0 1 4
265.86803089 0 1 3
266.09439046 0 1 4
266.11070179 0 1 3
266.46944530 0 1 4
266.49155180 0 1 3
266.88731705 0 1 4
266.90797554 0 1 3
267.09890532 0 1 4
267.12114810 0 1 3
267.28764459 0 1 4
267.31165488 0 1 3
267.48584713 0 1 4
267.50678143 0 1 3
267.86105231 0 1 4
268.36239087 0 1 3
268.84235527 0 1 4
268.86493449 0 1 3
269.03232475 0 1 4
269.05527917 0 1 3
269.34533196 0 1 4
269.37050795 0 1 3
269.60312231 0 1 4
269.62454440 0 1 3
270.10072164 0 1 4
270.12173097 0 1 3
270.28680376 0 1 4
270.31132906 0 1 3
270.74211304 0 1 4
270.76636404 0 1 3
270.90263506 0 1 4
270.91908475 0 1 3
271.03008207 0 1 4
271.10459508 0 1 3
271.26738905 0 1 4
271.28444307 0 1 3
271.39803130 0 1 4
271.41786505 0 1 3
271.68685137 0 1 4
271.70525008 0 1 3
273.45383533 0 1 4
273.46822448 0 1 3
273.55699022 0 1 4
273.57212583 0 1 3
273.80837848 0 1 4
273.82454966 0 1 3
274.16491551 0 1 4
274.17588590 0 1 3
274.28868695 0 1 4
274.33005284 0 1 3
274.48061494 0 1 4
274.55535915 0 1 3
274.91400426 0 1 4
274.93746572 0 1 3
275.10435992 0 1 4
275.12414239 0 1 3
275.28017129 0 1 4
275.30096456 0 1 3
275.60052962 0 1 4
275.62618756 0 1 3
275.77344821 0 1 4
275.79580291 0 1 3
276.09190320 0 1 4
276.10938551 0 1 3
276.28192186 0 1 4
276.30054745 0 1 3
276.46677487 0 1 4
276.49083092 0 1 3
276.85179622 0 1 4
276.87915671 0 1 3
277.08331244 0 1 4
277.10717223 0 1 3
277.31664837 0 1 4
277.34147257 0 1 3
277.56987543 0 1 4
277.59615276 0 1 3
277.90056845 0 1 4
277.92908628 0 1 3
278.18814643 0 1 4
278.21175681 0 1 3
278.48622755 0 1 4
278.50485419 0 1 3
278.90015625 0 1 4
278.93121225 0 1 3
279.22183190 0 1 4
279.25127636 0 1 3
279.55874141 0 1 4
279.59049259 0 1 3
279.82799971 0 1 4
279.85461784 0 1 3
280.09545522 0 1 4
280.11539725 0 1 3
280.29774261 0 1 4
280.32039475 0 1 3
280.52983890 0 1 4
280.55785762 0 1 3
280.81115980 0 1 4
280.83484738 0 1 3
281.08453562 0 1 4
281.10345035 0 1 3
281.25278150 0 1 4
281.27498964 0 1 3
281.46196437 0 1 4
281.49151915 0 1 3
283.50567502 0 1 4
283.52943981 0 1 3
283.56472080 0 1 2
283.74658392 0 1 3
284.14158941 0 1 4
284.18676518 0 1 3
284.39561337 0 1 4
284.41173770 0 1 3
284.77271955 0 1 4
284.78952052 0 1 3
284.91697640 0 1 4
284.93723705 0 1 3
285.09339761 0 1 4
285.11260108 0 1 3
285.36783244 0 1 4
285.38821308 0 1 3
285.62442656 0 1 4
285.64875043 0 1 3
285.79716232 0 1 4
285.81094613 0 1 3
286.10414978 0 1 4
286.12380648 0 1 3
286.34872162 0 1 4
286.37841251 0 1 3
286.58564084 0 1 4
286.60714275 0 1 3
286.78376090 0 1 4
286.80842158 0 1 3
287.12180667 0 1 4
287.14687666 0 1 3
287.49799958 0 1 4
287.51679699 0 1 3
288.56972878 0 1 4
288.59025630 0 1 3
288.73526014 0 1 4
288.75191625 0 1 3
289.07094302 0 1 4
289.09223746 0 1 3
289.37178744 0 1 4
289.39135978 0 1 3
289.73994916 0 1 4
289.76344627 0 1 3
290.05623531 0 1 4
290.07622415 0 1 3
290.44074127 0 1 4
290.46588246 0 1 3
290.87059888 0 1 4
290.88663120 0 1 3
291.19268749 0 1 4
291.21269479 0 1 3
291.43193742 0 1 4
291.46189323 0 1 3
291.62995305 0 1 4
291.65444124 0 1 3
291.99228570 0 1 4
292.01408935 0 1 3
292.28998227 0 1 4
292.31160997 0 1 3
292.72478192 0 1 4
292.74655110 0 1 3
293.45966451 0 1 4
293.48369849 0 1 3
293.82594394 0 1 4
293.84568659 0 1 3
294.01950806 0 1 4
294.04098565 0 1 3
294.27295386 0 1 4
294.29564921 0 1 3
294.46834523 0 1 4
294.49259047 0 1 3
294.68316277 0 1 4
294.70489375 0 1 3
295.05203313 0 1 4
295.07399536 0 1 3
295.42305183 0 1 4
295.44827793 0 1 3
295.63802131 0 1 4
295.65373639 0 1 3
295.80327261 0 1 4
295.81941759 0 1 3
295.94247656 0 1 4
295.95485644 0 1 3
296.31435760 0 1 4
296.33497051 0 1 3
296.58004872 0 1 4
296.60077200 0 1 3
296.76507389 0 1 4
296.78754008 0 1 3
296.94054096 0 1 4
296.96057883 0 1 3
298.42592023 0 1 4
298.45382499 0 1 3
298.83784610 0 1 4
298.86471782 0 1 3
299.19730623 0 1 4
299.22592040 0 1 3
299.52809012 0 1 4
299.55199879 0 1 3
299.83877126 0 1 4
299.86217783 0 1 3
300.02781731 0 1 4
300.05132104 0 1 3
300.41051778 0 1 4
300.43253903 0 1 3
300.72460540 0 1 4
300.74663783 0 1 3
301.05087385 0 1 4
301.07071336 0 1 3
301.29147083 0 1 4
301.31620216 0 1 3
301.52058812 0 1 4
301.54499903 0 1 3
301.73517053 0 1 4
301.75578724 0 1 3
302.01348460 0 1 4
302.03840966 0 1 3
302.23946302 0 1 4
302.26430283 0 1 3
302.50871511 0 1 4
302.53631137 0 1 3
302.74446591 0 1 4
302.76960198 0 1 3
302.97865129 0 1 4
303.00295948 0 1 3
303.41452070 0 1 4
303.44346192 0 1 3
303.64520791 0 1 4
303.67037499 0 1 3
303.87922211 0 1 4
303.90703860 0 1 3
304.10037353 0 1 4
304.12840971 0 1 3
304.32652231 0 1 4
304.35411133 0 1 3
304.53886016 0 1 4
304.56019994 0 1 3
304.95975698 0 1 4
304.97878043 0 1 3
305.26309270 0 1 4
305.28269552 0 1 3
305.42929986 0 1 4
305.44976490 0 1 3
305.77071535 0 1 4
305.79242766 0 1 3
305.93805793 0 1 4
305.95983923 0 1 3
306.07642845 0 1 4
306.09064731 0 1 3
306.20406241 0 1 4
306.22040263 0 1 3
306.50786424 0 1 4
306.53040984 0 1 3
306.77623817 0 1 4
306.79692897 0 1 3
306.98069626 0 1 4
307.00075690 0 1 3
307.29181175 0 1 4
307.31719028 0 1 3
307.49605651 0 1 4
307.51812466 0 1 3
307.71716385 0 1 4
307.74029173 0 1 3
308.04225656 0 1 4
308.06487667 0 1 3
308.26012450 0 1 4
308.28776210 0 1 3
308.49950296 0 1 4
308.52401327 0 1 3
308.73371130 0 1 4
308.76038724 0 1 3
308.96727423 0 1 4
308.99028368 0 1 3
309.23549340 0 1 4
309.25920042 0 1 3
309.48457177 0 1 4
309.50674037 0 1 3
309.72467220 0 1 4
309.75439354 0 1 3
310.11436348 0 1 4
310.14357120 0 1 3
310.36020986 0 1 4
310.38733113 0 1 3
310.62666342 0 1 4
310.64798866 0 1 3
310.82082649 0 1 4
310.83888100 0 1 3
311.04328556 0 1 4
311.06891356 0 1 3
311.21896462 0 1 4
311.23851921 0 1 3
311.57468912 0 1 4
311.59936502 0 1 3
311.89807424 0 1 4
311.91947639 0 1 3
312.15589526 0 1 4
312.17814253 0 1 3
312.36154452 0 1 4
312.40252631 0 1 3
312.58484076 0 1 4
312.60699457 0 1 3
312.84122476 0 1 4
312.86494400 0 1 3
313.05431783 0 1 4
313.07929580 0 1 3
313.35379081 0 1 4
313.37825734 0 1 3
313.57442311 0 1 4
313.59818183 0 1 3
313.89778942 0 1 4
313.92364937 0 1 3
314.11700785 0 1 4
314.14236511 0 1 3
314.33829682 0 1 4
314.36173188 0 1 3
314.68742471 0 1 4
314.71499780 0 1 3
314.94608782 0 1 4
315.04315788 0 1 3
315.27695487 0 1 4
315.30068039 0 1 3
315.54655772 0 1 4
315.57457231 0 1 3
315.77555024 0 1 4
315.79920344 0 1 3
316.13046439 0 1 4
316.15015718 0 1 3
316.30682381 0 1 4
316.32912782 0 1 3
316.62999380 0 1 4
316.65356218 0 1 3
316.81548125 0 1 4
316.83381208 0 1 3
317.00114716 0 1 4
317.02265605 0 1 3
317.36592324 0 1 4
317.38900921 0 1 3
317.75485154 0 1 4
317.77772515 0 1 3
318.19101169 0 1 4
318.21706243 0 1 3
318.50390250 0 1 4
318.52895872 0 1 3
318.72779542 0 1 4
318.75054627 0 1 3
319.03724747 0 1 4
319.06031443 0 1 3
319.26602661 0 1 4
319.29012841 0 1 3
319.49597203 0 1 4
319.51871356 0 1 3
319.77712650 0 1 4
319.82474824 0 1 3
320.03038912 0 1 4
320.08584437 0 1 3
320.26909181 0 1 4
320.29038212 0 1 3
320.65424546 0 1 4
320.67896420 0 1 3
321.03863440 0 1 4
321.06194711 0 1 3
321.21759095 0 1 4
321.23886986 0 1 3
321.55265991 0 1 4
321.57850254 0 1 3
321.81030403 0 1 4
321.83305003 0 1 3
322.09451275 0 1 4
322.12057507 0 1 3
322.28813090 0 1 4
322.30967235 0 1 3
322.48743844 0 1 4
322.50895912 0 1 3
322.67545945 0 1 4
322.76916109 0 1 3
322.97816482 0 1 4
323.00589113 0 1 3
323.34883314 0 1 4
323.37667041 0 1 3
323.68015555 0 1 4
323.70732686 0 1 3
323.90276367 0 1 4
323.92687893 0 1 3
324.27542270 0 1 4
324.29770284 0 1 3
324.51946938 0 1 4
324.54629998 0 1 3
324.72554170 0 1 4
324.74699321 0 1 3
324.95189950 0 1 4
324.97744752 0 1 3
325.18373574 0 1 4
325.20796357 0 1 3
325.65770205 0 1 4
325.68430611 0 1 3
325.93673633 0 1 4
325.95275569 0 1 3
326.15334366 0 1 4
326.17514468 0 1 3
326.34401405 0 1 4
326.36668427 0 1 3
326.54611831 0 1 4
326.57126161 0 1 3
326.75782206 0 1 4
326.78224128 0 1 3
327.16796556 0 1 4
327.19430220 0 1 3
327.54582393 0 1 4
327.56958349 0 1 3
327.79336169 0 1 4
327.81909146 0 1 3
328.08195190 0 1 4
328.10534944 0 1 3
328.36772352 0 1 4
328.39444418 0 1 3
328.60630143 0 1 4
328.63137121 0 1 3
328.89487353 0 1 4
328.91551139 0 1 3
329.15556860 0 1 4
329.17697872 0 1 3
329.34497146 0 1 4
329.36758710 0 1 3
329.53782099 0 1 4
329.56525938 0 1 3
329.90475598 0 1 4
329.92606732 0 1 3
330.20998328 0 1 4
330.23239726 0 1 3
330.49688381 0 1 4
330.52060529 0 1 3
330.70776135 0 1 4
330.73259733 0 1 3
331.11511134 0 1 4
331.13424879 0 1 3
331.30965027 0 1 4
331.33324343 0 1 3
331.70651275 0 1 4
331.73069174 0 1 3
331.99537285 0 1 4
332.02101798 0 1 3
332.29651562 0 1 4
332.31631094 0 1 3
332.50632852 0 1 4
332.52914794 0 1 3
332.78199072 0 1 4
332.80623393 0 1 3
332.98953616 0 1 4
333.01134534 0 1 3
333.24780753 0 1 4
333.27165329 0 1 3
333.59491281 0 1 4
333.61801990 0 1 3
333.81018845 0 1 4
333.83167213 0 1 3
334.18963092 0 1 4
334.21193217 0 1 3
334.42071696 0 1 4
334.44153845 0 1 3
334.74643738 0 1 4
334.76715299 0 1 3
334.94883035 0 1 4
334.97188102 0 1 3
335.11835014 0 1 4
335.13750853 0 1 3
335.27108612 0 1 4
335.29021689 0 1 3
335.61909849 0 1 4
335.64343418 0 1 3
336.21432901 0 1 4
336.23798428 0 1 3
336.41625403 0 1 4
336.44282802 0 1 3
336.64357128 0 1 4
336.66929410 0 1 3
336.91667584 0 1 4
336.94144688 0 1 3
337.24974422 0 1 4
337.27631252 0 1 3
337.46333967 0 1 4
337.48692256 0 1 3
337.75582341 0 1 4
337.77883799 0 1 3
338.24311445 0 1 4
338.26818704 0 1 3
338.58601986 0 1 4
338.60850999 0 1 3
338.96809893 0 1 4
338.98877663 0 1 3
339.37206181 0 1 4
339.39532677 0 1 3
339.81879893 0 1 4
339.83889602 0 1 3
340.15273238 0 1 4
340.17153060 0 1 3
340.31419964 0 1 4
340.33345111 0 1 3
340.59512760 0 1 4
340.61757802 0 1 3
340.85347868 0 1 4
340.87254839 0 1 3
341.05774181 0 1 4
341.07556102 0 1 3
341.19509775 0 1 4
341.21699461 0 1 3
341.37052299 0 1 4
341.39204758 0 1 3
341.58468966 0 1 4
341.60282210 0 1 3
341.82863695 0 1 4
341.85112480 0 1 3
342.04878339 0 1 4
342.07331902 0 1 3
342.61633270 0 1 4
342.63704905 0 1 3
342.84959476 0 1 4
342.87814688 0 1 3
343.23201854 0 1 4
343.25648095 0 1 3
343.49492291 0 1 4
343.51229623 0 1 3
343.68110987 0 1 4
343.70276957 0 1 3
344.02122929 0 1 4
344.04063342 0 1 3
344.23210815 0 1 4
344.25630080 0 1 3
344.50383108 0 1 4
344.52817477 0 1 3
344.73646918 0 1 4
344.76068728 0 1 3
344.94415883 0 1 4
345.02857929 0 1 3
345.19908513 0 1 4
345.22084648 0 1 3
345.48062914 0 1 4
345.50492185 0 1 3
345.79167604 0 1 4
345.81301584 0 1 3
345.96299836 0 1 4
345.98160309 0 1 3
346.15750732 0 1 4
346.17932470 0 1 3
346.37593970 0 1 4
346.39952245 0 1 3
346.72823459 0 1 4
346.75607132 0 1 3
347.30539881 0 1 4
347.32872502 0 1 3
347.50624487 0 1 4
347.52886345 0 1 3
347.76651368 0 1 4
347.79074619 0 1 3
347.95195996 0 1 4
347.99801246 0 1 3
348.37581334 0 1 4
348.40353981 0 1 3
348.64897961 0 1 4
348.67479210 0 1 3
348.92177859 0 1 4
348.94306620 0 1 3
349.15211155 0 1 4
349.17584946 0 1 3
349.41524409 0 1 4
349.43694086 0 1 3
349.74558841 0 1 4
349.76819122 0 1 3
349.96542934 0 1 4
350.03299289 0 1 3
350.28287268 0 1 4
350.30310208 0 1 3
350.76510913 0 1 4
350.78803667 0 1 3
350.95483831 0 1 4
350.97985294 0 1 3
351.30236282 0 1 4
351.32173353 0 1 3
351.50359541 0 1 4
351.52342117 0 1 3
351.67388516 0 1 4
351.69757970 0 1 3
352.03670342 0 1 4
352.05832575 0 1 3
352.22452936 0 1 4
352.24566446 0 1 3
352.47417319 0 1 4
352.49740323 0 1 3
352.76606236 0 1 4
352.78969355 0 1 3
352.98947784 0 1 4
353.01458372 0 1 3
353.23351426 0 1 4
353.25621567 0 1 3
353.50746223 0 1 4
353.53337868 0 1 3
353.88063380 0 1 4
353.90378607 0 1 3
354.30990734 0 1 4
354.32829774 0 1 3
354.47804991 0 1 4
354.52415542 0 1 3
354.86532177 0 1 4
354.88882743 0 1 3
355.07891579 0 1 4
355.09771946 0 1 3
355.38397179 0 1 4
355.40523504 0 1 3
355.65873297 0 1 4
355.68166746 0 1 3
355.87383914 0 1 4
355.89464612 0 1 3
356.15539774 0 1 4
356.17149666 0 1 3
356.42104045 0 1 4
356.44430378 0 1 3
356.76054663 0 1 4
356.78726758 0 1 3
357.19362151 0 1 4
357.22031760 0 1 3
357.45687498 0 1 4
357.48136863 0 1 3
357.82055242 0 1 4
357.84506777 0 1 3
358.14919768 0 1 4
358.17237336 0 1 3
358.48832609 0 1 4
358.51316764 0 1 3
358.74857827 0 1 4
358.77542355 0 1 3
359.15029636 0 1 4
359.17339091 0 1 3
359.34637324 0 1 4
359.36868336 0 1 3
359.59900989 0 1 4
359.62368227 0 1 3
359.99567466 0 1 4
360.01737039 0 1 3
360.33157788 0 1 4
360.35336416 0 1 3
360.55755636 0 1 4
360.58334936 0 1 3
360.89321234 0 1 4
360.91909321 0 1 3
361.19984558 0 1 4
361.22032411 0 1 3
361.41004668 0 1 4
361.43749221 0 1 3
361.80737196 0 1 4
361.83159923 0 1 3
362.03293308 0 1 4
362.05639313 0 1 3
362.26306078 0 1 4
362.29020831 0 1 3
362.48977112 0 1 4
362.51347726 0 1 3
362.67938572 0 1 4
362.69960680 0 1 3
362.93700957 0 1 4
362.95671542 0 1 3
363.11571342 0 1 4
363.19119832 0 1 3
363.36276002 0 1 4
363.38472200 0 1 3
363.58642739 0 1 4
363.61500528 0 1 3
363.83330051 0 1 4
363.85976115 0 1 3
364.18258077 0 1 4
364.20653957 0 1 3
364.42395837 0 1 4
364.45410597 0 1 3
364.67580700 0 1 4
364.70612807 0 1 3
364.93200049 0 1 4
364.96274111 0 1 3
365.35560274 0 1 4
365.38344787 0 1 3
365.71078063 0 1 4
365.74000582 0 1 3
366.05382761 0 1 4
366.08343094 0 1 3
366.54174483 0 1 4
366.56756477 0 1 3
366.76599377 0 1 4
366.78877155 0 1 3
366.99414216 0 1 4
367.01569479 0 1 3
367.20207170 0 1 4
367.22436441 0 1 3
367.45526863 0 1 4
367.47924550 0 1 3
367.71577128 0 1 4
367.74112132 0 1 3
367.92946530 0 1 4
367.99280774 0 1 3
368.18781040 0 1 4
368.21305132 0 1 3
368.51215783 0 1 4
368.53409143 0 1 3
368.79160048 0 1 4
368.82014597 0 1 3
369.19189838 0 1 4
369.21871537 0 1 3
369.49336743 0 1 4
369.52164232 0 1 3
369.84440219 0 1 4
369.87002746 0 1 3
370.25947788 0 1 4
370.28346899 0 1 3
370.61045300 0 1 4
370.63622832 0 1 3
371.00877844 0 1 4
371.03694274 0 1 3
371.28154635 0 1 4
371.30549608 0 1 3
371.51168310 0 1 4
371.53967035 0 1 3
371.75745311 0 1 4
371.78653147 0 1 3
372.03267824 0 1 4
372.05695179 0 1 3
372.24349225 0 1 4
372.33665602 0 1 3
372.51382149 0 1 4
372.53543302 0 1 3
372.72331613 0 1 4
372.74639549 0 1 3
372.93348604 0 1 4
372.95651598 0 1 3
373.23122304 0 1 4
373.25459712 0 1 3
373.44531377 0 1 4
373.46627413 0 1 3
373.64730035 0 1 4
373.66918771 0 1 3
373.96634675 0 1 4
373.99074067 0 1 3
374.18463740 0 1 4
374.21223003 0 1 3
374.41278644 0 1 4
374.43797918 0 1 3
374.63179747 0 1 4
374.65755256 0 1 3
374.96719009 0 1 4
374.99035198 0 1 3
375.22095965 0 1 4
375.24284739 0 1 3
375.49590677 0 1 4
375.51920959 0 1 3
375.69795574 0 1 4
375.73822692 0 1 3
375.91081728 0 1 4
375.93544137 0 1 3
376.13405719 0 1 4
376.21740381 0 1 3
376.40459928 0 1 4
376.42845415 0 1 3
376.78822595 0 1 4
376.81358608 0 1 3
377.25819136 0 1 4
377.28623547 0 1 3
377.75280951 0 1 4
377.78080135 0 1 3
377.99985761 0 1 4
378.02951257 0 1 3
378.36193084 0 1 4
378.38713116 0 1 3
378.59060194 0 1 4
378.61101269 0 1 3
378.84618152 0 1 4
378.86977256 0 1 3
379.04742844 0 1 4
379.06983767 0 1 3
379.46178076 0 1 4
379.48468735 0 1 3
379.64504182 0 1 4
379.66507322 0 1 3
379.94542485 0 1 4
379.96829346 0 1 3
380.14800059 0 1 4
380.17177635 0 1 3
380.65808253 0 1 4
380.68252626 0 1 3
381.02769434 0 1 4
381.05175363 0 1 3
381.20546028 0 1 4
381.29070438 0 1 3
381.65224871 0 1 4
381.67597245 0 1 3
381.83950407 0 1 4
381.86321463 0 1 3
382.17575293 0 1 4
382.19688781 0 1 3
382.38076998 0 1 4
382.40560913 0 1 3
382.58844311 0 1 4
382.61415864 0 1 3
382.90803364 0 1 4
382.93397787 0 1 3
383.19137865 0 1 4
383.21289037 0 1 3
383.41183854 0 1 4
383.47335413 0 1 3
383.82089266 0 1 4
383.84376403 0 1 3
384.03291979 0 1 4
384.05941128 0 1 3
384.35871595 0 1 4
384.38314468 0 1 3
384.58036336 0 1 4
384.60309812 0 1 3
384.79408779 0 1 4
384.81933666 0 1 3
385.02267393 0 1 4
385.04783922 0 1 3
385.26008508 0 1 4
385.28434303 0 1 3
385.50157327 0 1 4
385.52852646 0 1 3
385.74895343 0 1 4
385.77299987 0 1 3
386.08827936 0 1 4
386.11001757 0 1 3
386.85957405 0 1 4
386.88620299 0 1 3
387.18627649 0 1 4
387.20533524 0 1 3
387.31644884 0 1 4
387.33555373 0 1 3
387.45830953 0 1 4
387.47601031 0 1 3
387.58981619 0 1 4
387.61011719 0 1 3
387.78605254 0 1 4
387.80545764 0 1 3
387.93165152 0 1 4
387.95293484 0 1 3
388.08589360 0 1 4
388.10115567 0 1 3
388.31544998 0 1 4
388.33890760 0 1 3
388.54793871 0 1 4
388.61939946 0 1 3
388.82426100 0 1 4
388.85151141 0 1 3
389.12780544 0 1 4
389.15255091 0 1 3
389.33383019 0 1 4
389.35653109 0 1 3
389.56829746 0 1 4
389.64354701 0 1 3
389.84640505 0 1 4
389.87068407 0 1 3
390.06720070 0 1 4
390.09427603 0 1 3
390.35362038 0 1 4
390.38111121 0 1 3
390.57569556 0 1 4
390.60268036 0 1 3
390.98162671 0 1 4
391.00591277 0 1 3
391.18519507 0 1 4
391.20622112 0 1 3
391.50747854 0 1 4
391.53233436 0 1 3
391.76708310 0 1 4
391.79203508 0 1 3
391.98761616 0 1 4
392.01525239 0 1 3
392.25280322 0 1 4
392.27383343 0 1 3
392.47291463 0 1 4
392.49881076 0 1 3
392.69163192 0 1 4
392.71369133 0 1 3
392.90946056 0 1 4
392.93280528 0 1 3
393.30071526 0 1 4
393.32886493 0 1 3
393.64583495 0 1 4
393.67428564 0 1 3
394.09871989 0 1 4
394.12359097 0 1 3
394.31460872 0 1 4
394.33798886 0 1 3
394.66834583 0 1 4
394.68926044 0 1 3
394.90656082 0 1 4
394.94881645 0 1 3
395.43164585 0 1 4
395.44938125 0 1 3
395.63299681 0 1 4
395.65548186 0 1 3
395.89321470 0 1 4
395.91015585 0 1 3
396.04809714 0 1 4
396.13888772 0 1 3
396.43483088 0 1 4
396.45407459 0 1 3
396.61932322 0 1 4
396.64004409 0 1 3
396.88138139 0 1 4
396.91481425 0 1 3
397.07234510 0 1 4
397.09275223 0 1 3
397.44156814 0 1 4
397.46807888 0 1 3
397.73201850 0 1 4
397.75599843 0 1 3
397.95626367 0 1 4
397.98240380 0 1 3
398.21721569 0 1 4
398.24103753 0 1 3
398.64057010 0 1 4
398.66583398 0 1 3
398.99409690 0 1 4
399.06102364 0 1 3
399.30598490 0 1 4
399.33092692 0 1 3
399.57402084 0 1 4
399.60229142 0 1 3
400.17833119 0 1 4
400.21149886 0 1 3
400.42464352 0 1 4
400.44436732 0 1 3
400.84774645 0 1 4
400.86807141 0 1 3
401.03652566 0 1 4
401.05735136 0 1 3
401.35423324 0 1 4
401.37438733 0 1 3
401.57173336 0 1 4
401.59398838 0 1 3
401.81055703 0 1 4
401.83225469 0 1 3
402.04072415 0 1 4
402.06176370 0 1 3
402.23896697 0 1 4
402.26256341 0 1 3
402.58037126 0 1 4
402.60635329 0 1 3
402.79369614 0 1 4
402.81641306 0 1 3
403.11415606 0 1 4
403.13719013 0 1 3
403.35846477 0 1 4
403.38570748 0 1 3
403.58398198 0 1 4
403.60902842 0 1 3
403.78138946 0 1 4
403.80401260 0 1 3
404.06717292 0 1 4
404.09001211 0 1 3
404.38356404 0 1 4
404.40788276 0 1 3
404.68447392 0 1 4
404.70707741 0 1 3
405.07390357 0 1 4
405.09790427 0 1 3
405.39577800 0 1 4
405.42142533 0 1 3
405.63388202 0 1 4
405.66443531 0 1 3
405.98038967 0 1 4
406.00291879 0 1 3
406.57664701 0 1 4
406.59677577 0 1 3
406.80442540 0 1 4
406.82364499 0 1 3
406.97412506 0 1 4
406.99208223 0 1 3
407.33466314 0 1 4
407.35114291 0 1 3
407.70199202 0 1 4
407.72893098 0 1 3
408.15194722 0 1 4
408.17902594 0 1 3
408.37909761 0 1 4
408.41778185 0 1 3
408.77455825 0 1 4
408.80043087 0 1 3
409.11496212 0 1 4
409.13374376 0 1 3
409.31707214 0 1 4
409.34123946 0 1 3
409.81686328 0 1 4
409.83940520 0 1 3
410.01334235 0 1 4
410.04319738 0 1 3
410.21738703 0 1 4
410.24035609 0 1 3
410.41806956 0 1 4
410.43828360 0 1 3
410.61868755 0 1 4
410.69230292 0 1 3
410.87013118 0 1 4
410.88848086 0 1 3
411.17638175 0 1 4
411.19568732 0 1 3
411.36966546 0 1 4
411.39506541 0 1 3
411.75160464 0 1 4
411.77322166 0 1 3
412.25165428 0 1 4
412.31309365 0 1 3
412.56470878 0 1 4
412.58854546 0 1 3
412.78200937 0 1 4
412.84781560 0 1 3
413.05548775 0 1 4
413.08292155 0 1 3
413.47617849 0 1 4
413.50244452 0 1 3
413.76476211 0 1 4
413.79213039 0 1 3
414.11676916 0 1 4
414.14368068 0 1 3
414.34787557 0 1 4
414.37007727 0 1 3
414.67366937 0 1 4
414.70122761 0 1 3
414.91295634 0 1 4
414.93968803 0 1 3
415.20224343 0 1 4
415.22810854 0 1 3
415.47898073 0 1 4
415.50591112 0 1 3
415.74425957 0 1 4
415.77154883 0 1 3
416.12982968 0 1 4
416.15196244 0 1 3
416.53079396 0 1 4
416.54954212 0 1 3
416.73309399 0 1 4
416.75693218 0 1 3
417.06431505 0 1 4
417.09408528 0 1 3
417.36432260 0 1 4
417.39251818 0 1 3
417.73754471 0 1 4
417.76607258 0 1 3
418.14679352 0 1 4
418.17303040 0 1 3
418.38194640 0 1 4
418.40598259 0 1 3
418.77386293 0 1 4
418.79843627 0 1 3
419.14519341 0 1 4
419.16946114 0 1 3
419.45063132 0 1 4
419.47675422 0 1 3
419.67191117 0 1 4
419.69820767 0 1 3
419.89394984 0 1 4
419.91699865 0 1 3
420.16100436 0 1 4
420.24111227 0 1 3
420.39129324 0 1 4
420.41259310 0 1 3
420.66034905 0 1 4
420.67975515 0 1 3
420.91279142 0 1 4
420.92953393 0 1 3
421.12770115 0 1 4
421.14309509 0 1 3
421.27223676 0 1 4
421.28934570 0 1 3
421.57129506 0 1 4
421.59158864 0 1 3
421.94482974 0 1 4
421.96609139 0 1 3
422.28271557 0 1 4
422.30726480 0 1 3
422.62822088 0 1 4
422.65273411 0 1 3
422.82799851 0 1 4
422.84948114 0 1 3
423.18764892 0 1 4
423.20797000 0 1 3
423.56698359 0 1 4
423.58938150 0 1 3
423.91358496 0 1 4
423.93556196 0 1 3
424.17046688 0 1 4
424.19120750 0 1 3
424.49564160 0 1 4
424.51839268 0 1 3
424.73254587 0 1 4
424.75804174 0 1 3
425.04365751 0 1 4
425.07099073 0 1 3
425.23825974 0 1 4
425.25853766 0 1 3
425.50472672 0 1 4
425.52759040 0 1 3
425.75297499 0 1 4
425.77222250 0 1 3
426.06935352 0 1 4
426.08337752 0 1 3
426.43667038 0 1 4
426.46053018 0 1 3
426.79326490 0 1 4
426.81875595 0 1 3
427.14167080 0 1 4
427.16178501 0 1 3
427.36247618 0 1 4
427.38538752 0 1 3
427.61634597 0 1 4
427.63988065 0 1 3
427.78053422 0 1 4
427.80092607 0 1 3
428.14199665 0 1 4
428.16692199 0 1 3
428.34101638 0 1 4
428.36135439 0 1 3
428.61890424 0 1 4
428.64212853 0 1 3
428.81044147 0 1 4
428.83163365 0 1 3
428.99389124 0 1 4
429.20032529 0 1 3
429.51714165 0 1 4
429.54062363 0 1 3
429.77360603 0 1 4
429.80211874 0 1 3
430.11841984 0 1 4
430.14371430 0 1 3
430.58326837 0 1 4
430.60463284 0 1 3
430.78881251 0 1 4
430.80800560 0 1 3
431.11782902 0 1 4
431.13735511 0 1 3
431.34745077 0 1 4
431.36589143 0 1 3
431.51725389 0 1 4
431.53916383 0 1 3
431.86183652 0 1 4
431.92177080 0 1 3
432.06472563 0 1 4
432.08410970 0 1 3
432.25892686 0 1 4
432.27816543 0 1 3
432.43488682 0 1 4
432.45619180 0 1 3
432.64823570 0 1 4
432.67136530 0 1 3
432.84077493 0 1 4
432.86046485 0 1 3
433.42503096 0 1 4
433.44937268 0 1 3
433.68485254 0 1 4
433.70956938 0 1 3
434.02091079 0 1 4
434.04681336 0 1 3
434.32947195 0 1 4
434.35138118 0 1 3
434.60095778 0 1 4
434.62373520 0 1 3
434.86324595 0 1 4
434.88860656 0 1 3
435.22381092 0 1 4
435.24340296 0 1 3
435.79951103 0 1 4
435.82876939 0 1 3
436.18469506 0 1 4
436.20642149 0 1 3
436.36245062 0 1 4
436.37973808 0 1 3
436.52696156 0 1 4
436.54616936 0 1 3
436.83868264 0 1 4
436.85892467 0 1 3
437.14596258 0 1 4
437.16903190 0 1 3
437.41170488 0 1 4
437.43695634 0 1 3
437.75576660 0 1 4
437.77995414 0 1 3
438.04064812 0 1 4
438.06093731 0 1 3
438.24816724 0 1 4
438.27061698 0 1 3
438.45054760 0 1 4
438.47261069 0 1 3
438.98898260 0 1 4
439.01143280 0 1 3
439.44795086 0 1 4
439.47067557 0 1 3
439.66925085 0 1 4
439.69585851 0 1 3
439.94717347 0 1 4
439.96865423 0 1 3
440.15210909 0 1 4
440.17546387 0 1 3
440.38285641 0 1 4
440.40216786 0 1 3
440.75224765 0 1 4
440.77199454 0 1 3
441.06069417 0 1 4
441.08142654 0 1 3
441.21985886 0 1 4
441.23920384 0 1 3
441.39907947 0 1 4
441.42524784 0 1 3
441.85255196 0 1 4
441.87877615 0 1 3
442.08067313 0 1 4
442.10440429 0 1 3
442.32603075 0 1 4
442.34984790 0 1 3
442.55265490 0 1 4
442.57680236 0 1 3
442.87735184 0 1 4
442.90551979 0 1 3
443.20761429 0 1 4
443.23259045 0 1 3
443.46025303 0 1 4
443.48226204 0 1 3
443.67889512 0 1 4
443.70041507 0 1 3
443.87517775 0 1 4
443.89706978 0 1 3
444.06978267 0 1 4
444.09136990 0 1 3
444.31800672 0 1 4
444.34098098 0 1 3
444.58331643 0 1 4
444.60768675 0 1 3
444.83056079 0 1 4
444.85717825 0 1 3
445.15084258 0 1 4
445.17842672 0 1 3
445.55306023 0 1 4
445.57517713 0 1 3
445.89203715 0 1 4
445.91558330 0 1 3
446.14336074 0 1 4
446.16857602 0 1 3
446.33955511 0 1 4
446.36652575 0 1 3
446.56578710 0 1 4
446.59095517 0 1 3
446.93873709 0 1 4
446.96504261 0 1 3
447.20506294 0 1 4
447.23064616 0 1 3
447.55009004 0 1 4
447.57394839 0 1 3
447.81667181 0 1 4
447.84017031 0 1 3
448.02893395 0 1 4
448.05157476 0 1 3
448.23493302 0 1 4
448.25972497 0 1 3
448.48635082 0 1 4
448.50686402 0 1 3
448.77512942 0 1 4
448.79921802 0 1 3
448.99287686 0 1 4
449.01905802 0 1 3
449.23250214 0 1 4
449.25730781 0 1 3
449.49426886 0 1 4
449.51804440 0 1 3
449.70272219 0 1 4
449.76610323 0 1 3
450.05336190 0 1 4
450.07588708 0 1 3
450.24422163 0 1 4
450.26799277 0 1 3
450.71888319 0 1 4
450.74165000 0 1 3
450.88307713 0 1 4
450.90538410 0 1 3
451.06154229 0 1 4
451.08372511 0 1 3
451.29482056 0 1 4
451.31423737 0 1 3
451.48766368 0 1 4
451.54769114 0 1 3
451.72620018 0 1 4
451.75378885 0 1 3
451.94277350 0 1 4
451.96540864 0 1 3
452.22051224 0 1 4
452.24488631 0 1 3
452.54391490 0 1 4
452.56805179 0 1 3
452.90995440 0 1 4
452.93742451 0 1 3
453.13793519 0 1 4
453.16195316 0 1 3
453.41989631 0 1 4
453.44870571 0 1 3
453.76957132 0 1 4
453.78946294 0 1 3
454.14045572 0 1 4
454.16266376 0 1 3
454.32957032 0 1 4
454.35308177 0 1 3
454.71069123 0 1 4
454.73306504 0 1 3
455.00217402 0 1 4
455.02641589 0 1 3
455.18953766 0 1 4
455.21159119 0 1 3
455.49468982 0 1 4
455.51465538 0 1 3
455.81912174 0 1 4
455.84246321 0 1 3
456.10014345 0 1 4
456.12535138 0 1 3
456.30685547 0 1 4
456.33175611 0 1 3
456.62469143 0 1 4
456.64667548 0 1 3
457.08625418 0 1 4
457.11180802 0 1 3
457.30815283 0 1 4
457.33135018 0 1 3
458.14476151 0 1 4
458.16742221 0 1 3
458.31784010 0 1 4
458.33877948 0 1 3
458.67211373 0 1 4
458.69222579 0 1 3
458.84977249 0 1 4
458.86799153 0 1 3
459.04285965 0 1 4
459.06085178 0 1 3
459.26658275 0 1 4
459.28565311 0 1 3
459.52306080 0 1 4
459.54364662 0 1 3
459.70385413 0 1 4
459.72272558 0 1 3
460.01249189 0 1 4
460.03481184 0 1 3
460.21017060 0 1 4
460.22880100 0 1 3
460.40459868 0 1 4
460.42716575 0 1 3
460.60306345 0 1 4
460.62245273 0 1 3
460.93866520 0 1 4
460.95922935 0 1 3
461.25292933 0 1 4
461.27657948 0 1 3
461.58941446 0 1 4
461.62196034 0 1 3
461.83913270 0 1 4
461.86973268 0 1 3
462.13892472 0 1 4
462.16488955 0 1 3
462.34590055 0 1 4
462.36981618 0 1 3
462.66955387 0 1 4
462.69721338 0 1 3
462.99534582 0 1 4
463.01557290 0 1 3
463.26358094 0 1 4
463.28923741 0 1 3
463.69113397 0 1 4
463.71802107 0 1 3
464.07661742 0 1 4
464.09750662 0 1 3
464.38712296 0 1 4
464.40955594 0 1 3
464.61293954 0 1 4
464.63176483 0 1 3
464.92419556 0 1 4
465.02760308 0 1 3
465.18411497 0 1 4
465.20352508 0 1 3
465.40155737 0 1 4
465.42411987 0 1 3
465.71790392 0 1 4
465.73764994 0 1 3
465.88744628 0 1 4
465.90555289 0 1 3
466.04984824 0 1 4
466.06779217 0 1 3
466.20025088 0 1 4
466.22189634 0 1 3
466.43114320 0 1 4
466.45528349 0 1 3
466.71445476 0 1 4
466.73546700 0 1 3
466.95693963 0 1 4
466.98036587 0 1 3
467.16167054 0 1 4
467.18506818 0 1 3
467.53711453 0 1 4
467.54872162 0 1 3
468.14860102 0 1 4
468.17538898 0 1 3
468.34851706 0 1 4
468.37121647 0 1 3
468.62113406 0 1 4
468.64247637 0 1 3
468.88724811 0 1 4
468.90906345 0 1 3
469.07794801 0 1 4
469.13957841 0 1 3
469.35727744 0 1 4
469.38507960 0 1 3
469.62638051 0 1 4
469.65612658 0 1 3
469.95430021 0 1 4
469.98521301 0 1 3
470.21875765 0 1 4
470.23965836 0 1 3
470.43234194 0 1 4
470.46162823 0 1 3
470.76128167 0 1 4
470.78635511 0 1 3
471.06417370 0 1 4
471.08897118 0 1 3
471.26345828 0 1 4
471.28206496 0 1 3
471.63170777 0 1 4
471.65490784 0 1 3
471.85984589 0 1 4
471.88382672 0 1 3
472.07060398 0 1 4
472.09345709 0 1 3
472.38266492 0 1 4
472.41041027 0 1 3
472.98027638 0 1 4
473.00706196 0 1 3
473.20227883 0 1 4
473.25991868 0 1 3
473.66855048 0 1 4
473.68850689 0 1 3
473.85967073 0 1 4
473.88108358 0 1 3
474.09403840 0 1 4
474.11777055 0 1 3
474.41350442 0 1 4
474.43578733 0 1 3
474.65625066 0 1 4
474.67728239 0 1 3
474.84102601 0 1 4
474.88338710 0 1 3
475.04741703 0 1 4
475.07131799 0 1 3
475.25958031 0 1 4
475.27669992 0 1 3
475.53589609 0 1 4
475.56348494 0 1 3
475.94728381 0 1 4
475.96777753 0 1 3
476.26899416 0 1 4
476.28802349 0 1 3
476.74618309 0 1 4
476.77237960 0 1 3
477.01776216 0 1 4
477.04268046 0 1 3
477.43998391 0 1 4
477.46829532 0 1 3
477.83896438 0 1 4
477.86587709 0 1 3
478.06369952 0 1 4
478.09098140 0 1 3
478.28325138 0 1 4
478.30649128 0 1 3
478.59841066 0 1 4
478.62107855 0 1 3
478.79764548 0 1 4
478.82138513 0 1 3
479.18121283 0 1 4
479.20389650 0 1 3
479.51082256 0 1 4
479.58892510 0 1 3
479.77771732 0 1 4
479.80088421 0 1 3
480.13043847 0 1 4
480.15256322 0 1 3
480.29376158 0 1 4
480.31515498 0 1 3
480.50366347 0 1 4
480.52872749 0 1 3
480.89277320 0 1 4
480.91700450 0 1 3
481.09031563 0 1 4
481.10792529 0 1 3
481.49343101 0 1 4
481.51669495 0 1 3
481.91597492 0 1 4
481.94239047 0 1 3
482.27583153 0 1 4
482.30102292 0 1 3
482.51092768 0 1 4
482.53541474 0 1 3
482.81087608 0 1 4
482.83425337 0 1 3
483.09590248 0 1 4
483.12181403 0 1 3
483.41315458 0 1 4
483.44122571 0 1 3
483.64229809 0 1 4
483.66573757 0 1 3
483.88214737 0 1 4
483.90590709 0 1 3
484.09236992 0 1 4
484.11123021 0 1 3
484.28035895 0 1 4
484.30111067 0 1 3
484.47208956 0 1 4
484.49332910 0 1 3
484.82915694 0 1 4
484.85556188 0 1 3
485.05758213 0 1 4
485.08227947 0 1 3
485.24170833 0 1 4
485.26981593 0 1 3
485.64977066 0 1 4
485.67138072 0 1 3
485.82277632 0 1 4
485.84033200 0 1 3
486.17047683 0 1 4
486.18821654 0 1 3
486.56376763 0 1 4
486.58445318 0 1 3
486.88332266 0 1 4
486.90895558 0 1 3
487.32337828 0 1 4
487.34808417 0 1 3
487.57709743 0 1 4
487.60321764 0 1 3
487.78993249 0 1 4
487.81285377 0 1 3
487.97925755 0 1 4
488.00356626 0 1 3
488.36456106 0 1 4
488.38599331 0 1 3
488.76631993 0 1 4
488.78970067 0 1 3
488.96993252 0 1 4
488.99306284 0 1 3
489.16950937 0 1 4
489.19035294 0 1 3
489.37370161 0 1 4
489.39305303 0 1 3
489.57369304 0 1 4
489.59770133 0 1 3
489.91546829 0 1 4
489.94189669 0 1 3
490.13929567 0 1 4
490.16398638 0 1 3
490.47312084 0 1 4
490.49825009 0 1 3
490.70683486 0 1 4
490.72674565 0 1 3
491.12160473 0 1 4
491.13622622 0 1 3
491.36079534 0 1 4
491.38564343 0 1 3
491.55043398 0 1 4
491.57228558 0 1 3
491.79110278 0 1 4
491.81611429 0 1 3
492.06217963 0 1 4
492.09010536 0 1 3
492.26444852 0 1 4
492.28973513 0 1 3
492.47121886 0 1 4
492.49669212 0 1 3
492.87452904 0 1 4
492.90103169 0 1 3
493.09320729 0 1 4
493.13268358 0 1 3
493.45594886 0 1 4
493.48041290 0 1 3
493.85076555 0 1 4
493.87322572 0 1 3
494.10443308 0 1 4
494.12724507 0 1 3
494.59070485 0 1 4
494.61398176 0 1 3
494.93421720 0 1 4
494.95681499 0 1 3
495.24956735 0 1 4
495.27153195 0 1 3
495.41363892 0 1 4
495.43657830 0 1 3
495.71392964 0 1 4
495.73132148 0 1 3
495.88393189 0 1 4
495.90453611 0 1 3
496.11748134 0 1 4
496.13495992 0 1 3
496.43015726 0 1 4
496.45271992 0 1 3
496.64103094 0 1 4
496.66463805 0 1 3
496.87911294 0 1 4
496.90119819 0 1 3
497.12658221 0 1 4
497.15962261 0 1 3
497.32959841 0 1 4
497.35664242 0 1 3
497.51774900 0 1 4
497.54063103 0 1 3
497.75184588 0 1 4
497.77462851 0 1 3
497.95293401 0 1 4
497.97457509 0 1 3
498.33448615 0 1 4
498.35764056 0 1 3
498.66467571 0 1 4
498.68945954 0 1 3
498.94630213 0 1 4
498.96827014 0 1 3
499.44480680 0 1 4
499.46688584 0 1 3
499.66040930 0 1 4
499.68435023 0 1 3
499.94409723 0 1 4
499.96205847 0 1 3
500.16844127 0 1 4
500.18901917 0 1 3
500.31691225 0 1 4
500.36705095 0 1 3
500.51359938 0 1 4
500.53059110 0 1 3
500.77244205 0 1 4
500.79407145 0 1 3
500.99541099 0 1 4
501.01540768 0 1 3
501.18687462 0 1 4
501.21277142 0 1 3
501.40077733 0 1 4
501.43657327 0 1 3
501.63909426 0 1 4
501.66733881 0 1 3
501.93817988 0 1 4
501.96307185 0 1 3
502.16326787 0 1 4
502.19112202 0 1 3
502.42608570 0 1 4
502.45088335 0 1 3
502.65974390 0 1 4
502.68740617 0 1 3
502.91408682 0 1 4
502.93980357 0 1 3
503.15699966 0 1 4
503.18112198 0 1 3
503.39739053 0 1 4
503.41938837 0 1 3
503.63019116 0 1 4
503.65388629 0 1 3
504.03575132 0 1 4
504.06085883 0 1 3
504.25558427 0 1 4
504.27762754 0 1 3
504.46104091 0 1 4
504.48172037 0 1 3
504.66680938 0 1 4
504.69141076 0 1 3
504.88826319 0 1 4
504.91220355 0 1 3
505.12400940 0 1 4
505.14995394 0 1 3
505.34721713 0 1 4
505.37260260 0 1 3
505.57749457 0 1 4
505.60190659 0 1 3
505.81685975 0 1 4
505.84316759 0 1 3
506.11162932 0 1 4
506.13202969 0 1 3
506.32296582 0 1 4
506.34433649 0 1 3
506.61325205 0 1 4
506.63505139 0 1 3
506.90053869 0 1 4
506.92665215 0 1 3
507.10758604 0 1 4
507.15093376 0 1 3
507.35195620 0 1 4
507.37413204 0 1 3
507.55516925 0 1 4
507.59727756 0 1 3
507.78190850 0 1 4
507.80705944 0 1 3
507.97919118 0 1 4
508.00358402 0 1 3
508.32605548 0 1 4
508.35150673 0 1 3
508.67153449 0 1 4
508.69553018 0 1 3
508.86631356 0 1 4
508.89044993 0 1 3
509.07601773 0 1 4
509.18972404 0 1 3
509.30979145 0 1 4
509.32870151 0 1 3
509.47980897 0 1 4
509.51091969 0 1 3
509.65537450 0 1 4
509.69305373 0 1 3
509.83701572 0 1 4
509.86069208 0 1 3
509.99442096 0 1 4
510.06912656 0 1 3
510.25331732 0 1 4
510.27811218 0 1 3
510.59203456 0 1 4
510.61829999 0 1 3
510.99422248 0 1 4
511.09683328 0 1 3
511.23535968 0 1 4
511.37461694 0 1 3
511.49973046 0 1 4
511.56145092 0 1 3
511.74646558 0 1 4
511.88712701 0 1 3
512.03691996 0 1 4
512.16726275 0 1 3
512.33832503 0 1 4
512.36083267 0 1 3
512.52212389 0 1 4
512.94262858 0 1 3
513.52543670 0 1 4
513.55091856 0 1 3
513.72532638 0 1 4
514.58318880 0 1 5
514.60230770 0 1 4
515.92691157 0 1 5
515.94343663 0 1 4
516.49538568 0 1 5
516.51267744 0 1 4
518.76205614 0 1 5
518.77634118 0 1 4
519.04698602 0 1 5
519.05921862 0 1 4
519.41329101 0 1 5
519.42956529 0 1 4
519.58758107 0 1 5
519.60498874 0 1 4
519.85720075 0 1 5
519.87184697 0 1 4
520.39993362 0 1 5
520.41639937 0 1 4
520.82255455 0 1 5
520.84167625 0 1 4
521.12409311 0 1 5
521.14469540 0 1 4
521.35328638 0 1 5
521.37025664 0 1 4
521.81804142 0 1 5
521.83797464 0 1 4
522.11847991 0 1 5
522.14016530 0 1 4
522.39560522 0 1 5
522.41231186 0 1 4
522.57773310 0 1 5
522.63233153 0 1 4
522.81148046 0 1 5
522.83559613 0 1 4
523.09733572 0 1 5
523.11764766 0 1 4
523.43603086 0 1 5
523.45549413 0 1 4
523.95802801 0 1 5
523.97996931 0 1 4
524.31918420 0 1 5
524.34254515 0 1 4
524.46806184 0 1 5
524.48759711 0 1 4
524.61171487 0 1 5
524.70925507 0 1 4
524.84884200 0 1 5
524.86395195 0 1 4
524.99196957 0 1 5
525.00928320 0 1 4
525.31270124 0 1 5
525.32756050 0 1 4
525.79732519 0 1 5
525.81957515 0 1 4
526.12218515 0 1 5
526.14359055 0 1 4
526.31224856 0 1 5
526.33595897 0 1 4
526.53675013 0 1 5
526.55820238 0 1 4
526.83386792 0 1 5
526.85035499 0 1 4
527.18944269 0 1 5
527.20936936 0 1 4
527.50944153 0 1 5
527.52710807 0 1 4
527.86201436 0 1 5
527.88784684 0 1 4
528.21926713 0 1 5
528.24633311 0 1 4
528.60679799 0 1 5
528.62586021 0 1 4
528.90525819 0 1 5
528.92667502 0 1 4
529.15313826 0 1 5
529.16968784 0 1 4
529.36664397 0 1 5
529.38347067 0 1 4
529.60082399 0 1 5
529.61839418 0 1 4
529.78099786 0 1 5
529.80433966 0 1 4
529.96508664 0 1 5
529.98737836 0 1 4
530.45774142 0 1 5
530.47626717 0 1 4
530.64332053 0 1 5
530.66321818 0 1 4
530.80999920 0 1 5
530.82510445 0 1 4
531.03421875 0 1 5
531.04740669 0 1 4
531.24877633 0 1 5
531.26378714 0 1 4
531.39694458 0 1 5
531.41611726 0 1 4
531.71205687 0 1 5
531.74890197 0 1 4
532.07784974 0 1 5
532.09781143 0 1 4
532.45167991 0 1 5
532.46757948 0 1 4
532.62678333 0 1 5
532.64347318 0 1 4
532.77635041 0 1 5
532.79287970 0 1 4
532.91353564 0 1 5
532.93123272 0 1 4
533.24443218 0 1 5
533.26079758 0 1 4
533.38954125 0 1 5
533.40329644 0 1 4
533.55957710 0 1 5
533.57652037 0 1 4
533.73725248 0 1 5
533.75928705 0 1 4
534.13410818 0 1 5
534.16186914 0 1 4
534.34678019 0 1 5
534.36871729 0 1 4
534.69144052 0 1 5
534.70908712 0 1 4
534.84937046 0 1 5
534.86962689 0 1 4
535.00991864 0 1 5
535.02672856 0 1 4
535.22701893 0 1 5
535.24207900 0 1 4
535.42668513 0 1 5
535.44310210 0 1 4
535.61293769 0 1 5
535.62986082 0 1 4
535.80005867 0 1 5
535.82249678 0 1 4
536.01131087 0 1 5
536.03247461 0 1 4
536.38446477 0 1 5
536.40857528 0 1 4
536.79486148 0 1 5
536.83917597 0 1 4
536.99350969 0 1 5
537.01502106 0 1 4
537.30156762 0 1 5
537.38497810 0 1 4
537.54579198 0 1 5
537.58384352 0 1 4
537.73257033 0 1 5
537.75259096 0 1 4
537.87096483 0 1 5
537.94093053 0 1 4
538.08997940 0 1 5
538.25950274 0 1 4
538.42606069 0 1 5
538.55305932 0 1 4
538.67955395 0 1 5
539.81187512 0 1 4
539.90213615 0 1 5
539.92966380 0 1 4
540.02729556 0 1 5
541.74080862 0 1 6
541.75489925 0 1 5
542.42511703 0 1 6
542.43989758 0 1 5
542.52663102 0 1 6
542.53757569 0 1 5
542.69173223 0 1 6
542.70359175 0 1 5
543.05126192 0 1 6
543.06772085 0 1 5
543.54744980 0 1 6
543.56223873 0 1 5
543.82431642 0 1 6
543.83986671 0 1 5
544.07256934 0 1 6
544.09312935 0 1 5
544.49506956 0 1 6
544.51548423 0 1 5
544.84409973 0 1 6
544.86013671 0 1 5
545.28786443 0 1 6
545.30383858 0 1 5
545.48875687 0 1 6
545.50678669 0 1 5
545.88574612 0 1 6
545.90215808 0 1 5
545.99838338 0 1 6
546.01304493 0 1 5
546.29276629 0 1 6
546.30652140 0 1 5
546.62019937 0 1 6
546.63835806 0 1 5
546.75950035 0 1 6
546.85463146 0 1 5
547.23486196 0 1 6
547.25136810 0 1 5
547.41685557 0 1 6
547.43483869 0 1 5
547.71456162 0 1 6
547.73480934 0 1 5
548.09010351 0 1 6
548.11055665 0 1 5
548.42234700 0 1 6
548.44245744 0 1 5
548.97026347 0 1 6
548.99491269 0 1 5
549.28077929 0 1 6
549.30042604 0 1 5
549.58137075 0 1 6
549.60255656 0 1 5
549.75859188 0 1 6
549.77707420 0 1 5
550.07464566 0 1 6
550.08895541 0 1 5
550.19702424 0 1 6
550.21204586 0 1 5
550.69101008 0 1 6
550.70527208 0 1 5
550.81608398 0 1 6
550.83258536 0 1 5
550.94006387 0 1 6
550.95415662 0 1 5
551.27132563 0 1 6
551.29059234 0 1 5
551.66677059 0 1 6
551.68637225 0 1 5
551.84188815 0 1 6
551.86036865 0 1 5
552.18712531 0 1 6
552.20561199 0 1 5
552.37363376 0 1 6
552.42865012 0 1 5
552.74702216 0 1 6
552.76647465 0 1 5
553.02940156 0 1 6
553.05046998 0 1 5
553.23338448 0 1 6
553.25618915 0 1 5
553.40868212 0 1 6
553.43014613 0 1 5
553.64680715 0 1 6
553.66591009 0 1 5
553.91114622 0 1 6
553.92855130 0 1 5
554.14502372 0 1 6
554.16382627 0 1 5
554.32322513 0 1 6
554.41953510 0 1 5
554.59299952 0 1 6
554.61709339 0 1 5
554.81101417 0 1 6
554.83188498 0 1 5
555.15383578 0 1 6
555.17192301 0 1 5
555.45732104 0 1 6
555.47675103 0 1 5
555.73996841 0 1 6
555.75833909 0 1 5
555.99608380 0 1 6
556.00935290 0 1 5
556.31792736 0 1 6
556.34137918 0 1 5
556.76188987 0 1 6
556.78160143 0 1 5
556.94730321 0 1 6
556.96446158 0 1 5
557.25761294 0 1 6
557.27759023 0 1 5
557.44115510 0 1 6
557.46242359 0 1 5
557.74006501 0 1 6
557.75999800 0 1 5
557.99525334 0 1 6
558.01437132 0 1 5
558.22804694 0 1 6
558.24820002 0 1 5
558.47512588 0 1 6
558.49116708 0 1 5
558.64065551 0 1 6
558.65454661 0 1 5
558.79360482 0 1 6
558.81618455 0 1 5
559.15561744 0 1 6
559.17553254 0 1 5
559.44282151 0 1 6
559.45858516 0 1 5
559.67121950 0 1 6
559.69283574 0 1 5
559.87342332 0 1 6
559.89339570 0 1 5
560.05906621 0 1 6
560.07625791 0 1 5
560.29418063 0 1 6
560.31312062 0 1 5
560.49298920 0 1 6
560.51446895 0 1 5
560.62742007 0 1 6
560.64243344 0 1 5
560.76405176 0 1 6
560.77785476 0 1 5
560.88776929 0 1 6
560.90050859 0 1 5
561.00949239 0 1 6
561.02648109 0 1 5
561.18051155 0 1 6
561.19554289 0 1 5
561.31411074 0 1 6
561.32578186 0 1 5
561.66285964 0 1 6
561.68494482 0 1 5
561.86233568 0 1 6
561.88347631 0 1 5
562.08011547 0 1 6
562.10534823 0 1 5
562.28914173 0 1 6
562.31051059 0 1 5
562.65528499 0 1 6
562.67497843 0 1 5
563.06998664 0 1 6
563.10215647 0 1 5
563.42554786 0 1 6
563.44466454 0 1 5
563.61949426 0 1 6
563.75957841 0 1 5
563.98199130 0 1 6
564.08944347 0 1 5
564.25973554 0 1 6
564.60118171 0 1 5
564.71664192 0 1 6
565.92057695 0 1 7
565.93320104 0 1 6
566.48545111 0 1 7
566.50226814 0 1 6
566.63474870 0 1 7
566.65155575 0 1 6
566.76233331 0 1 7
566.77511328 0 1 6
567.02759388 0 1 7
567.04090482 0 1 6
567.18748479 0 1 7
567.20121488 0 1 6
567.41351371 0 1 7
567.42791887 0 1 6
568.43970329 0 1 7
568.55078891 0 1 6
568.66846355 0 1 7
568.69590809 0 1 6
568.82100657 0 1 7
568.84932155 0 1 6
568.97252906 0 1 7
569.00640961 0 1 6
569.09856649 0 1 7
569.14484472 0 1 6
569.25532531 0 1 7
569.41469953 0 1 6
569.56942781 0 1 7
569.63863626 0 1 6
569.75864631 0 1 7
