1.09154550 1 0 1
1.12204450 1 0 2
1.12919633 1 0 3
1.13674650 1 0 4
1.19326150 1 0 5
1.20098283 1 0 6
1.21030517 1 0 7
32.18830887 1 0 6
32.23233419 1 0 7
33.52887381 1 0 6
33.64533426 1 0 7
34.02463912 1 0 6
34.09148038 1 0 7
34.28544924 1 0 6
34.35108994 1 0 7
34.38158045 1 0 6
34.42799387 1 0 7
34.57852640 1 0 6
34.62029467 1 0 7
34.67890876 1 0 6
34.73272060 1 0 7
34.80512769 1 0 6
34.82570423 1 0 7
34.85686002 1 0 6
34.95092927 1 0 7
35.00477842 1 0 6
35.08750596 1 0 7
35.10709586 1 0 6
35.17448256 1 0 7
35.22745197 1 0 6
35.26652416 1 0 7
35.29436234 1 0 6
35.36846639 1 0 7
35.39603397 1 0 6
35.43263263 1 0 7
35.47046534 1 0 6
35.50559838 1 0 7
35.52202384 1 0 6
35.67728954 1 0 7
35.69921217 1 0 6
35.75761762 1 0 7
35.77270042 1 0 6
35.91915851 1 0 7
35.94752590 1 0 6
36.15910460 1 0 7
36.18045114 1 0 6
36.32601162 1 0 7
36.35040352 1 0 6
36.48108127 1 0 7
36.49791413 1 0 6
36.56703372 1 0 7
36.59593724 1 0 6
36.90628061 1 0 7
36.93377621 1 0 6
37.09395277 1 0 7
37.11901720 1 0 6
37.27111365 1 0 7
37.30036360 1 0 6
37.53919360 1 0 7
37.59250468 1 0 6
37.81579842 1 0 7
37.88178180 1 0 6
39.38932389 1 0 5
39.44609855 1 0 6
39.46325645 1 0 5
39.51375500 1 0 6
39.52835524 1 0 5
39.67345512 1 0 6
39.77734365 1 0 5
39.83190614 1 0 6
39.86194648 1 0 5
39.91776740 1 0 6
39.93286701 1 0 5
40.04473601 1 0 6
40.10452448 1 0 5
40.25701394 1 0 6
40.30992100 1 0 5
40.42277453 1 0 6
40.54944469 1 0 5
40.62592239 1 0 6
40.64459853 1 0 5
40.71638480 1 0 6
40.77127642 1 0 5
40.84393423 1 0 6
40.87371406 1 0 5
41.10556463 1 0 6
41.12673039 1 0 5
41.54557171 1 0 6
41.57180101 1 0 5
41.67674324 1 0 6
41.70675723 1 0 5
41.86584059 1 0 6
41.88118538 1 0 5
42.05789324 1 0 6
42.07935655 1 0 5
42.19768398 1 0 6
42.22218211 1 0 5
42.34870545 1 0 6
42.36213124 1 0 5
42.41802379 1 0 6
42.42795792 1 0 5
42.79510899 1 0 6
42.80810379 1 0 5
43.24745117 1 0 6
43.27269991 1 0 5
43.47587119 1 0 6
43.50545621 1 0 5
43.59645668 1 0 6
43.61550838 1 0 5
43.73127313 1 0 6
43.75959647 1 0 5
43.88861759 1 0 6
43.91322776 1 0 5
44.32645901 1 0 6
44.33838944 1 0 5
44.42179739 1 0 6
44.44326149 1 0 5
44.58951205 1 0 6
44.60073282 1 0 5
44.65361893 1 0 6
44.67239264 1 0 5
44.78188588 1 0 6
44.80817754 1 0 5
44.93813676 1 0 6
44.96309795 1 0 5
45.08372569 1 0 6
45.10687453 1 0 5
45.29146746 1 0 6
45.31829674 1 0 5
45.53567001 1 0 6
45.56326438 1 0 5
45.66538303 1 0 6
45.68120186 1 0 5
45.74217472 1 0 6
45.75586654 1 0 5
46.10332350 1 0 6
46.12936875 1 0 5
46.24894746 1 0 6
46.27976024 1 0 5
46.42334815 1 0 6
46.45248361 1 0 5
46.62447813 1 0 6
46.64065310 1 0 5
46.88572558 1 0 6
46.91061935 1 0 5
47.42489902 1 0 6
47.44318532 1 0 5
47.52760260 1 0 6
47.54968280 1 0 5
47.65686175 1 0 6
47.67046189 1 0 5
47.85830097 1 0 6
47.87285842 1 0 5
48.31639199 1 0 6
48.33376697 1 0 5
48.39609242 1 0 6
48.40560261 1 0 5
48.66179280 1 0 6
48.72058567 1 0 5
48.92421061 1 0 6
48.96150927 1 0 5
49.20719025 1 0 6
49.22080772 1 0 5
49.48178432 1 0 6
49.49730397 1 0 5
49.64363051 1 0 6
49.65314003 1 0 5
49.76587770 1 0 6
49.78606801 1 0 5
49.91410824 1 0 6
49.94313453 1 0 5
50.09452375 1 0 6
50.10687313 1 0 5
50.28137550 1 0 6
50.30574768 1 0 5
50.52237243 1 0 6
50.53864694 1 0 5
50.78864840 1 0 6
50.80663408 1 0 5
50.96654695 1 0 6
50.97875002 1 0 5
51.11172099 1 0 6
51.12221392 1 0 5
51.22467364 1 0 6
51.23426535 1 0 5
51.29503742 1 0 6
51.31291476 1 0 5
51.39427330 1 0 6
51.41102569 1 0 5
51.50113131 1 0 6
51.52008785 1 0 5
51.73684822 1 0 6
51.76447803 1 0 5
52.27058637 1 0 6
52.28855850 1 0 5
52.39494639 1 0 6
52.41132970 1 0 5
52.56743793 1 0 6
52.59212978 1 0 5
52.72790954 1 0 6
52.74273381 1 0 5
52.86229715 1 0 6
52.89455427 1 0 5
53.02695136 1 0 6
53.05065904 1 0 5
53.11067293 1 0 6
53.13623094 1 0 5
53.18769113 1 0 6
53.20534182 1 0 5
53.32047170 1 0 6
53.33980899 1 0 5
53.50805427 1 0 6
53.52586552 1 0 5
53.60225691 1 0 6
53.61706771 1 0 5
53.86653621 1 0 6
53.89314085 1 0 5
54.07003816 1 0 6
54.10283959 1 0 5
54.17386106 1 0 6
54.19771696 1 0 5
54.30453384 1 0 6
54.32738521 1 0 5
54.40005942 1 0 6
54.42212545 1 0 5
54.56051853 1 0 6
54.58750920 1 0 5
54.64673311 1 0 6
54.67516163 1 0 5
54.80612838 1 0 6
54.82853578 1 0 5
54.89678942 1 0 6
54.91820499 1 0 5
55.04672369 1 0 6
55.05921350 1 0 5
55.20093268 1 0 6
55.22685781 1 0 5
55.32653111 1 0 6
55.34203626 1 0 5
55.43118215 1 0 6
55.46400641 1 0 5
55.58953281 1 0 6
55.61427291 1 0 5
55.67635208 1 0 6
55.68987715 1 0 5
55.87212219 1 0 6
55.89092705 1 0 5
56.08832977 1 0 6
56.10421743 1 0 5
56.44138331 1 0 6
56.46330805 1 0 5
56.68003005 1 0 6
56.69706258 1 0 5
56.80110425 1 0 6
56.85531419 1 0 5
56.93500203 1 0 6
56.96766568 1 0 5
57.06713061 1 0 6
57.07872680 1 0 5
57.21578658 1 0 6
57.23958456 1 0 5
57.35313474 1 0 6
57.38370445 1 0 5
57.59721334 1 0 6
57.61498101 1 0 5
57.68973404 1 0 6
57.70623555 1 0 5
57.79673558 1 0 6
57.81104914 1 0 5
57.85374782 1 0 6
57.86852135 1 0 5
57.98198166 1 0 6
58.01675555 1 0 5
58.05473121 1 0 6
58.08029473 1 0 5
58.26091297 1 0 6
58.27859394 1 0 5
58.37458006 1 0 6
58.39760028 1 0 5
58.45190237 1 0 6
58.46669368 1 0 5
58.57344973 1 0 6
58.59754969 1 0 5
58.71172442 1 0 6
58.74022925 1 0 5
58.81958001 1 0 6
58.82966280 1 0 5
58.88577649 1 0 6
58.90663059 1 0 5
58.99591638 1 0 6
59.01959551 1 0 5
59.05465210 1 0 6
59.06969138 1 0 5
59.21413774 1 0 6
59.24198946 1 0 5
59.40893061 1 0 6
59.43721053 1 0 5
59.66422193 1 0 6
59.68985044 1 0 5
59.72500420 1 0 6
59.74955853 1 0 5
60.04903833 1 0 6
60.08322949 1 0 5
60.18085543 1 0 6
60.21025626 1 0 5
60.31243277 1 0 6
60.34021234 1 0 5
60.41794025 1 0 6
60.43402895 1 0 5
60.51281527 1 0 6
60.54038742 1 0 5
60.59905959 1 0 6
60.61976592 1 0 5
60.68944812 1 0 6
60.71411504 1 0 5
60.79224853 1 0 6
60.81272610 1 0 5
60.91011143 1 0 6
60.92700200 1 0 5
60.99894455 1 0 6
61.01922121 1 0 5
61.05964522 1 0 6
61.07909554 1 0 5
61.16546539 1 0 6
61.18154241 1 0 5
61.36205847 1 0 6
61.37717838 1 0 5
61.45731355 1 0 6
61.47114797 1 0 5
61.53266549 1 0 6
61.55620819 1 0 5
61.68186179 1 0 6
61.70559515 1 0 5
61.77274559 1 0 6
61.78964274 1 0 5
61.84436775 1 0 6
61.86636357 1 0 5
61.94143722 1 0 6
61.95225344 1 0 5
62.07275096 1 0 6
62.08829271 1 0 5
62.19584864 1 0 6
62.21347629 1 0 5
62.33530472 1 0 6
62.35707084 1 0 5
62.49089537 1 0 6
62.50549807 1 0 5
62.94002904 1 0 6
62.96694713 1 0 5
63.15572150 1 0 6
63.18350427 1 0 5
63.46375891 1 0 6
63.48336120 1 0 5
63.57821170 1 0 6
63.59844348 1 0 5
64.00884948 1 0 6
64.01772735 1 0 5
64.27470925 1 0 6
64.30320400 1 0 5
64.43907879 1 0 6
64.45785900 1 0 5
64.68373956 1 0 6
64.70812435 1 0 5
64.80263908 1 0 6
64.81784219 1 0 5
65.31561220 1 0 6
65.33037296 1 0 5
65.51516450 1 0 6
65.56194820 1 0 5
65.93409575 1 0 6
65.95658464 1 0 5
66.02162968 1 0 4
66.16001358 1 0 5
66.32880141 1 0 4
66.51000266 1 0 5
66.57007618 1 0 4
66.65250490 1 0 5
67.17236936 1 0 4
67.33211860 1 0 5
67.70071571 1 0 4
67.81415453 1 0 5
67.90344133 1 0 4
68.04656296 1 0 5
68.07640140 1 0 4
68.13519735 1 0 5
68.22402868 1 0 4
68.28562857 1 0 5
68.32801297 1 0 4
68.42821826 1 0 5
68.49334746 1 0 4
68.56410959 1 0 5
68.71669444 1 0 4
68.82077023 1 0 5
68.86296160 1 0 4
68.91428292 1 0 5
68.97840419 1 0 4
69.13852505 1 0 5
69.22695003 1 0 4
69.43970850 1 0 5
69.48493975 1 0 4
69.58150287 1 0 5
69.62987311 1 0 4
69.91323397 1 0 5
69.92708488 1 0 4
69.99010888 1 0 5
70.00668829 1 0 4
70.15987591 1 0 5
70.39923182 1 0 4
70.62004302 1 0 5
70.63632853 1 0 4
70.70140464 1 0 5
70.74713792 1 0 4
71.00278953 1 0 5
71.03624402 1 0 4
71.31708970 1 0 5
71.35917680 1 0 4
71.49205086 1 0 5
71.50737772 1 0 4
71.59447924 1 0 5
71.60814803 1 0 4
71.72264667 1 0 5
71.73884628 1 0 4
71.94073541 1 0 5
71.96542959 1 0 4
72.19673240 1 0 5
72.20969635 1 0 4
72.28240258 1 0 5
72.30351637 1 0 4
72.45881430 1 0 5
72.47491443 1 0 4
72.61125283 1 0 5
72.62638638 1 0 4
72.76091784 1 0 5
72.77705067 1 0 4
72.89261201 1 0 5
72.91099474 1 0 4
73.00502813 1 0 5
73.01882494 1 0 4
73.15162553 1 0 5
73.17558368 1 0 4
73.29541118 1 0 5
73.30638316 1 0 4
73.44641470 1 0 5
73.47617380 1 0 4
73.58135682 1 0 5
73.63687886 1 0 4
73.76213968 1 0 5
73.78293970 1 0 4
73.91389174 1 0 5
73.92693733 1 0 4
74.22645632 1 0 5
74.25856975 1 0 4
74.35618945 1 0 5
74.38157891 1 0 4
74.51234195 1 0 5
74.53761752 1 0 4
74.71536278 1 0 5
74.73054967 1 0 4
74.98286435 1 0 5
75.00494550 1 0 4
75.10314312 1 0 5
75.12381991 1 0 4
75.25347771 1 0 5
75.27115120 1 0 4
75.31161411 1 0 3
75.37503970 1 0 4
75.52848771 1 0 5
75.53929974 1 0 4
75.68921419 1 0 5
75.71466781 1 0 4
75.81865577 1 0 5
75.84845529 1 0 4
75.96549860 1 0 5
75.98262648 1 0 4
76.22604187 1 0 5
76.24456241 1 0 4
76.36716649 1 0 5
76.39022080 1 0 4
76.51005008 1 0 5
76.52708808 1 0 4
76.69199400 1 0 5
76.73214033 1 0 4
76.96351029 1 0 5
76.97756047 1 0 4
77.41489789 1 0 5
77.43692782 1 0 4
77.56425591 1 0 5
77.58500570 1 0 4
77.76085038 1 0 5
77.77971956 1 0 4
77.90612157 1 0 5
77.91945697 1 0 4
78.02462516 1 0 5
78.07340904 1 0 4
78.17409134 1 0 5
78.20226278 1 0 4
78.39255521 1 0 5
78.40463353 1 0 4
78.69591623 1 0 5
78.71346556 1 0 4
78.78787312 1 0 5
78.81824647 1 0 4
78.95705372 1 0 5
78.97127462 1 0 4
79.13579949 1 0 5
79.14532307 1 0 4
79.20355305 1 0 5
79.21963664 1 0 4
79.41356854 1 0 5
79.43186215 1 0 4
79.58740254 1 0 5
79.61419831 1 0 4
79.69698934 1 0 5
79.72155153 1 0 4
79.79936048 1 0 5
79.82887669 1 0 4
79.98256195 1 0 5
80.01532473 1 0 4
80.06131010 1 0 5
80.08828654 1 0 4
80.30265519 1 0 5
80.35421343 1 0 4
80.48022393 1 0 5
80.50087189 1 0 4
80.56851479 1 0 5
80.58781502 1 0 4
80.67331277 1 0 5
80.70451825 1 0 4
81.00640679 1 0 5
81.02055235 1 0 4
81.09426809 1 0 5
81.11354928 1 0 4
81.23030778 1 0 5
81.25070821 1 0 4
81.34409565 1 0 5
81.36237863 1 0 4
81.44510608 1 0 5
81.47717250 1 0 4
81.60674904 1 0 5
81.62858585 1 0 4
81.69933579 1 0 5
81.71609250 1 0 4
81.77718245 1 0 5
81.81008033 1 0 4
81.88632015 1 0 5
81.91385718 1 0 4
81.97789737 1 0 5
82.00354047 1 0 4
82.06081500 1 0 5
82.08268481 1 0 4
82.18012797 1 0 5
82.23151976 1 0 4
82.32058575 1 0 5
82.33673817 1 0 4
82.42823123 1 0 5
82.45098625 1 0 4
82.64033113 1 0 5
82.65598280 1 0 4
82.78974912 1 0 5
82.82349781 1 0 4
82.95499287 1 0 5
82.97009017 1 0 4
83.02924207 1 0 5
83.03961314 1 0 4
83.12165542 1 0 5
83.14329786 1 0 4
83.21191517 1 0 5
83.22790433 1 0 4
83.28296748 1 0 5
83.31598530 1 0 4
83.43364428 1 0 5
83.44448177 1 0 4
83.52523131 1 0 5
83.54764791 1 0 4
83.63180436 1 0 5
83.64407841 1 0 4
83.72316296 1 0 5
83.74805374 1 0 4
83.85141337 1 0 5
83.86230481 1 0 4
83.94561545 1 0 5
83.95949720 1 0 4
84.03493203 1 0 5
84.05532688 1 0 4
84.13742611 1 0 5
84.17195071 1 0 4
84.29414349 1 0 5
84.31164313 1 0 4
84.36132917 1 0 5
84.38527100 1 0 4
84.48731686 1 0 5
84.51035408 1 0 4
84.60139452 1 0 5
84.61703027 1 0 4
84.68644403 1 0 5
84.70293495 1 0 4
84.80505074 1 0 5
84.83706207 1 0 4
84.92958594 1 0 5
84.94927588 1 0 4
85.03367217 1 0 5
85.04363726 1 0 4
85.08249279 1 0 5
85.09904850 1 0 4
85.16093772 1 0 5
85.18941718 1 0 4
85.27364208 1 0 5
85.28631175 1 0 4
85.39696246 1 0 5
85.41958963 1 0 4
85.49250165 1 0 5
85.50498555 1 0 4
85.59982222 1 0 5
85.62912519 1 0 4
85.68230427 1 0 5
85.69595434 1 0 4
85.81716780 1 0 5
85.82300547 1 0 4
85.88258713 1 0 5
85.90760820 1 0 4
85.99753961 1 0 5
86.00790768 1 0 4
86.08935453 1 0 5
86.11462064 1 0 4
86.18270230 1 0 5
86.20500218 1 0 4
86.26626366 1 0 5
86.28654657 1 0 4
86.36339697 1 0 5
86.39056941 1 0 4
86.43561360 1 0 5
86.45107081 1 0 4
86.58613478 1 0 5
86.61438763 1 0 4
86.67777181 1 0 5
86.70126218 1 0 4
86.77251753 1 0 5
86.79160544 1 0 4
86.85308473 1 0 5
86.87622170 1 0 4
86.93739133 1 0 5
86.95247471 1 0 4
87.01066393 1 0 5
87.02246314 1 0 4
87.06330218 1 0 5
87.08210422 1 0 4
87.16872028 1 0 5
87.18748916 1 0 4
87.33040908 1 0 5
87.38384360 1 0 4
87.54305285 1 0 5
87.57609944 1 0 4
87.70242762 1 0 5
87.72375859 1 0 4
87.83474672 1 0 5
87.85302249 1 0 4
88.00533305 1 0 5
88.03188040 1 0 4
88.08168039 1 0 5
88.10977748 1 0 4
88.25434177 1 0 5
88.28236130 1 0 4
88.40725895 1 0 5
88.42578687 1 0 4
88.53298869 1 0 5
88.55013291 1 0 4
88.74326640 1 0 5
88.76263273 1 0 4
88.81550906 1 0 5
88.85593131 1 0 4
88.98027605 1 0 5
88.99498524 1 0 4
89.09013219 1 0 5
89.10369732 1 0 4
89.21451361 1 0 5
89.23028919 1 0 4
89.34614436 1 0 5
89.37406996 1 0 4
89.43102805 1 0 5
89.45446870 1 0 4
89.57212633 1 0 5
89.60054560 1 0 4
89.68992780 1 0 3
89.73286005 1 0 4
89.77625034 1 0 5
89.81273160 1 0 4
90.14167752 1 0 5
90.15537879 1 0 4
90.27825047 1 0 5
90.30506300 1 0 4
90.34581626 1 0 5
90.35935165 1 0 4
90.47837897 1 0 5
90.50317578 1 0 4
90.88257047 1 0 5
90.89520972 1 0 4
91.48814453 1 0 5
91.49695190 1 0 4
91.74275248 1 0 5
91.76230393 1 0 4
91.99604001 1 0 5
92.02572637 1 0 4
92.49711246 1 0 5
92.51190803 1 0 4
92.89037665 1 0 5
92.91195359 1 0 4
95.87156787 1 0 3
95.94193593 1 0 4
96.06741893 1 0 3
96.28475721 1 0 4
96.96296949 1 0 3
97.02146474 1 0 4
97.09655433 1 0 3
97.19247123 1 0 4
97.21930208 1 0 3
97.38797961 1 0 4
97.68704710 1 0 3
97.80843289 1 0 4
97.87590568 1 0 3
97.93404699 1 0 4
97.97162101 1 0 3
98.12919116 1 0 4
98.28267552 1 0 3
98.34863134 1 0 4
98.43202740 1 0 3
98.61675557 1 0 4
98.75674952 1 0 3
98.87112733 1 0 4
98.93842563 1 0 3
99.01295721 1 0 4
99.06631702 1 0 3
99.16916904 1 0 4
99.24320812 1 0 3
99.32373685 1 0 4
99.39574554 1 0 3
99.64597186 1 0 4
99.65935009 1 0 3
99.91035346 1 0 4
99.96422381 1 0 3
100.06387502 1 0 4
100.12381834 1 0 3
100.34159593 1 0 4
100.40599185 1 0 3
100.52088702 1 0 4
100.59264227 1 0 3
100.80425097 1 0 4
100.81334746 1 0 3
100.89665788 1 0 4
100.91662601 1 0 3
101.34479160 1 0 4
101.37527374 1 0 3
101.47651536 1 0 4
101.51113345 1 0 3
101.72550741 1 0 4
101.80633914 1 0 3
102.10157791 1 0 4
102.12983082 1 0 3
102.36479410 1 0 4
102.40203916 1 0 3
102.54656751 1 0 4
102.60669468 1 0 3
102.74704527 1 0 4
102.76870280 1 0 3
102.83240050 1 0 4
102.86449448 1 0 3
102.96386160 1 0 4
103.04221965 1 0 3
103.35038054 1 0 4
103.37093432 1 0 3
103.60936452 1 0 4
103.63558741 1 0 3
103.72752028 1 0 4
103.75862407 1 0 3
103.88152082 1 0 4
103.94115369 1 0 3
104.06189882 1 0 4
104.09526602 1 0 3
104.51148570 1 0 4
104.54111407 1 0 3
104.82135761 1 0 4
104.87057350 1 0 3
105.11353906 1 0 4
105.14648495 1 0 3
105.30062949 1 0 4
105.31939223 1 0 3
105.44623484 1 0 4
105.47564146 1 0 3
105.59132718 1 0 4
105.61293513 1 0 3
105.70673210 1 0 4
105.72422590 1 0 3
105.78210450 1 0 4
105.83433569 1 0 3
105.93356767 1 0 4
105.97407606 1 0 3
106.05867448 1 0 4
106.10880518 1 0 3
106.77397849 1 0 4
106.79948063 1 0 3
107.00789981 1 0 4
107.05310707 1 0 3
107.27268727 1 0 4
107.29155502 1 0 3
107.78923944 1 0 4
107.82043590 1 0 3
108.03876553 1 0 4
108.08265054 1 0 3
108.25464506 1 0 4
108.27456139 1 0 3
108.56734069 1 0 4
108.59302105 1 0 3
108.64645206 1 0 4
108.74440428 1 0 3
108.85416848 1 0 4
108.95822388 1 0 3
109.22730349 1 0 4
109.29993826 1 0 3
109.73025646 1 0 4
109.75044940 1 0 3
109.87497435 1 0 4
109.88947474 1 0 3
110.03415512 1 0 4
110.10689196 1 0 3
110.44495459 1 0 4
110.47434714 1 0 3
110.53675863 1 0 4
110.55544456 1 0 3
110.89374962 1 0 4
110.91920557 1 0 3
111.15859136 1 0 4
111.18500912 1 0 3
111.37562237 1 0 4
111.39844771 1 0 3
111.52629879 1 0 4
111.65511512 1 0 3
111.88086622 1 0 4
111.90137410 1 0 3
112.33946788 1 0 4
112.35621291 1 0 3
112.43546298 1 0 4
112.49976702 1 0 3
112.68260666 1 0 4
112.73228387 1 0 3
112.98400301 1 0 4
113.04322650 1 0 3
113.29663206 1 0 4
113.35021447 1 0 3
113.45480129 1 0 4
113.51450083 1 0 3
113.57954581 1 0 4
113.66145567 1 0 3
113.78604181 1 0 4
113.85008702 1 0 3
113.94777672 1 0 4
113.96934002 1 0 3
114.17008180 1 0 4
114.21647969 1 0 3
114.28878135 1 0 4
114.30388535 1 0 3
114.41937583 1 0 4
114.43956377 1 0 3
114.65249593 1 0 4
114.69667091 1 0 3
115.12023159 1 0 4
115.15019447 1 0 3
115.20703521 1 0 4
115.22209720 1 0 3
115.46838939 1 0 4
115.52059033 1 0 3
115.74632246 1 0 4
115.75619335 1 0 3
115.89360515 1 0 4
115.91781071 1 0 3
116.15974309 1 0 4
116.17584897 1 0 3
116.60211731 1 0 4
116.62657684 1 0 3
116.76810319 1 0 4
116.79257282 1 0 3
117.07157688 1 0 4
117.09647136 1 0 3
117.40446895 1 0 4
117.42354535 1 0 3
117.57301634 1 0 4
117.61944699 1 0 3
117.66433604 1 0 4
117.68738010 1 0 3
118.02497520 1 0 4
118.07590806 1 0 3
118.37847799 1 0 4
118.39681654 1 0 3
118.52178009 1 0 4
118.55052059 1 0 3
118.64075995 1 0 4
118.65894589 1 0 3
118.80612307 1 0 4
118.88666150 1 0 3
119.00561073 1 0 4
119.06141287 1 0 3
119.13162171 1 0 4
119.19478701 1 0 3
119.41295963 1 0 4
119.45323889 1 0 3
119.63638362 1 0 4
119.64922439 1 0 3
119.96596181 1 0 4
119.99943948 1 0 3
120.12822337 1 0 4
120.15605275 1 0 3
120.24161398 1 0 4
120.27323417 1 0 3
120.36938022 1 0 4
120.39390638 1 0 3
120.53960537 1 0 4
120.55690393 1 0 3
120.67993056 1 0 4
120.72182849 1 0 3
120.93439137 1 0 4
120.96544655 1 0 3
121.09110123 1 0 4
121.11093775 1 0 3
121.19172106 1 0 4
121.21973753 1 0 3
121.33504054 1 0 4
121.39428570 1 0 3
121.47180571 1 0 4
121.49125661 1 0 3
121.62651811 1 0 4
121.65872246 1 0 3
121.86828011 1 0 4
121.89466775 1 0 3
122.07695499 1 0 4
122.13021092 1 0 3
122.29192699 1 0 4
122.30539724 1 0 3
122.55048944 1 0 4
122.57693113 1 0 3
122.73188325 1 0 4
122.74971475 1 0 3
122.96047515 1 0 4
122.97361080 1 0 3
123.03277979 1 0 4
123.07918135 1 0 3
123.30721035 1 0 4
123.32425855 1 0 3
123.72061336 1 0 4
123.74156453 1 0 3
123.85177046 1 0 4
123.89514661 1 0 3
124.06261699 1 0 4
124.20222115 1 0 3
124.52498132 1 0 4
124.56323357 1 0 3
124.71843003 1 0 4
124.73462867 1 0 3
124.82791583 1 0 4
124.92113835 1 0 3
125.08820012 1 0 4
125.14904167 1 0 3
125.35199720 1 0 4
125.37964669 1 0 3
125.56662740 1 0 4
125.59441889 1 0 3
125.68144702 1 0 4
125.73033676 1 0 3
125.87664180 1 0 4
125.91064280 1 0 3
125.97075404 1 0 4
126.03093693 1 0 3
126.10411592 1 0 4
126.15423023 1 0 3
126.29517934 1 0 4
126.31460779 1 0 3
126.53526503 1 0 4
126.60221797 1 0 3
126.66220058 1 0 2
126.82777486 1 0 3
127.02133757 1 0 4
127.03942563 1 0 3
127.09859235 1 0 4
127.11820286 1 0 3
127.24314490 1 0 4
127.25990183 1 0 3
127.36219267 1 0 4
127.40002733 1 0 3
127.61808016 1 0 4
127.64278672 1 0 3
127.73223212 1 0 4
127.77640428 1 0 3
127.87910591 1 0 4
127.94158938 1 0 3
128.23484297 1 0 4
128.30637525 1 0 3
128.42846594 1 0 4
128.44696641 1 0 3
128.50137610 1 0 4
128.51234630 1 0 3
128.65312051 1 0 4
128.66589782 1 0 3
128.88141838 1 0 4
128.91864069 1 0 3
129.00682619 1 0 4
129.02143679 1 0 3
129.15251172 1 0 4
129.16756495 1 0 3
129.27186132 1 0 4
129.29917315 1 0 3
129.47196087 1 0 4
129.53978074 1 0 3
129.65392642 1 0 4
129.68702428 1 0 3
129.75216916 1 0 4
129.78139568 1 0 3
129.92084932 1 0 4
129.94052937 1 0 3
130.10061267 1 0 4
130.12782461 1 0 3
130.39078524 1 0 4
130.45829160 1 0 3
130.87811233 1 0 4
130.92242781 1 0 3
131.02015024 1 0 4
131.08762613 1 0 3
131.34468490 1 0 4
131.36173048 1 0 3
131.49655029 1 0 4
131.51969983 1 0 3
131.66586484 1 0 4
131.69425558 1 0 3
131.96718703 1 0 4
131.99267521 1 0 3
132.16865563 1 0 4
132.21817013 1 0 3
132.45201962 1 0 4
132.47965055 1 0 3
132.58887577 1 0 4
132.60761654 1 0 3
132.73572568 1 0 4
132.74809069 1 0 3
133.15082243 1 0 4
133.19571182 1 0 3
133.44289512 1 0 4
133.46408781 1 0 3
133.51130913 1 0 4
133.56839211 1 0 3
133.70024959 1 0 4
133.73470928 1 0 3
134.05890416 1 0 4
134.12150389 1 0 3
134.37933771 1 0 4
134.40014530 1 0 3
134.46051233 1 0 4
134.48680511 1 0 3
134.57051411 1 0 4
134.59621952 1 0 3
134.77300387 1 0 4
134.79097408 1 0 3
134.93263042 1 0 4
134.96588927 1 0 3
135.14180283 1 0 4
135.17290222 1 0 3
135.33274155 1 0 4
135.35962535 1 0 3
135.56136668 1 0 4
135.62263005 1 0 3
135.66374019 1 0 4
135.68048388 1 0 3
135.73354860 1 0 4
135.79124011 1 0 3
136.02621030 1 0 4
136.06987331 1 0 3
136.18113734 1 0 4
136.23551133 1 0 3
136.33741359 1 0 4
136.36237273 1 0 3
136.63167599 1 0 4
136.71014171 1 0 3
136.90697207 1 0 4
136.95593214 1 0 3
137.04812679 1 0 4
137.07718215 1 0 3
137.18378068 1 0 4
137.26576065 1 0 3
137.43824508 1 0 4
137.48052782 1 0 3
137.59106668 1 0 4
137.65384011 1 0 3
137.92439844 1 0 4
138.01228311 1 0 3
138.12145259 1 0 4
138.14410773 1 0 3
138.24787254 1 0 4
138.27047259 1 0 3
138.31656630 1 0 4
138.32729086 1 0 3
138.42288666 1 0 4
138.47904006 1 0 3
138.59301873 1 0 4
138.61270400 1 0 3
138.71030339 1 0 4
138.72781581 1 0 3
138.90304425 1 0 4
138.91975070 1 0 3
139.08888865 1 0 4
139.13014984 1 0 3
139.29228643 1 0 4
139.32013388 1 0 3
139.38956637 1 0 4
139.43290658 1 0 3
139.53443224 1 0 4
139.56864146 1 0 3
139.78844573 1 0 4
139.84403791 1 0 3
140.02505080 1 0 4
140.04742542 1 0 3
140.10695738 1 0 4
140.12869435 1 0 3
140.28699451 1 0 4
140.30609386 1 0 3
140.70138654 1 0 4
140.71639066 1 0 3
140.77429012 1 0 4
140.78953870 1 0 3
141.09825603 1 0 4
141.12945226 1 0 3
141.27510375 1 0 4
141.30192384 1 0 3
141.43469639 1 0 4
141.49001838 1 0 3
141.66509005 1 0 4
141.70918206 1 0 3
141.99381216 1 0 4
142.03858488 1 0 3
142.28466421 1 0 4
142.35103748 1 0 3
142.57080515 1 0 4
142.59123963 1 0 3
143.01284205 1 0 4
143.03631399 1 0 3
143.07498551 1 0 4
143.14417828 1 0 3
143.45255102 1 0 4
143.48434098 1 0 3
143.71262615 1 0 4
143.74770725 1 0 3
143.96894118 1 0 4
143.99584004 1 0 3
144.13515269 1 0 4
144.15594412 1 0 3
144.26141752 1 0 4
144.29727969 1 0 3
144.58530691 1 0 4
144.61130859 1 0 3
144.72528073 1 0 4
144.74034921 1 0 3
144.84058532 1 0 4
144.88771541 1 0 3
145.16867077 1 0 4
145.22123781 1 0 3
145.64301625 1 0 4
145.68379330 1 0 3
145.93323057 1 0 4
145.96947469 1 0 3
146.07722766 1 0 4
146.11197203 1 0 3
146.40623212 1 0 4
146.45437523 1 0 3
146.63558305 1 0 4
146.66852330 1 0 3
146.84407482 1 0 4
146.96855105 1 0 3
147.03137823 1 0 4
147.08292790 1 0 3
147.13999784 1 0 4
147.17544251 1 0 3
147.35361803 1 0 4
147.37996477 1 0 3
147.51495383 1 0 4
147.58664094 1 0 3
147.99704191 1 0 4
148.05994697 1 0 3
148.18427371 1 0 4
148.22041973 1 0 3
148.31973292 1 0 4
148.34884706 1 0 3
148.49973356 1 0 4
148.54244127 1 0 3
148.73854797 1 0 4
148.75130714 1 0 3
148.80694959 1 0 4
148.87611125 1 0 3
149.19439210 1 0 4
149.23327603 1 0 3
149.49908511 1 0 4
149.55537575 1 0 3
149.76805856 1 0 4
149.82909448 1 0 3
149.94089512 1 0 4
149.95424177 1 0 3
150.14474706 1 0 4
150.20324399 1 0 3
150.28994624 1 0 4
150.30703333 1 0 3
150.38027569 1 0 4
150.41054339 1 0 3
150.58514004 1 0 4
150.60722986 1 0 3
150.73554276 1 0 4
150.76015250 1 0 3
150.81053299 1 0 4
150.82775734 1 0 3
150.88768806 1 0 4
150.90341390 1 0 3
151.08746346 1 0 4
151.14866794 1 0 3
151.28829274 1 0 4
151.31541923 1 0 3
151.39755044 1 0 4
151.48901042 1 0 3
151.54820117 1 0 4
151.67443180 1 0 3
151.95540653 1 0 4
151.96966056 1 0 3
152.34071764 1 0 4
152.37726887 1 0 3
152.48662800 1 0 4
152.53127649 1 0 3
152.67049158 1 0 4
152.73833969 1 0 3
152.96742778 1 0 4
153.00245368 1 0 3
153.15767062 1 0 4
153.19620905 1 0 3
153.30991696 1 0 4
153.35062481 1 0 3
153.56502601 1 0 4
153.58902598 1 0 3
153.81052598 1 0 4
153.83156177 1 0 3
154.25574240 1 0 4
154.35341999 1 0 3
154.69876716 1 0 4
154.73229384 1 0 3
154.80094793 1 0 4
154.86816580 1 0 3
154.99837183 1 0 4
155.04714784 1 0 3
155.22531087 1 0 4
155.25424796 1 0 3
155.36021886 1 0 4
155.39487637 1 0 3
155.80187274 1 0 4
155.81510593 1 0 3
155.89674845 1 0 4
155.92530647 1 0 3
156.05768041 1 0 4
156.07770964 1 0 3
156.17062951 1 0 4
156.19131086 1 0 3
156.41257144 1 0 4
156.47223373 1 0 3
156.57808994 1 0 4
156.64595513 1 0 3
156.77257977 1 0 4
156.79811811 1 0 3
156.91296364 1 0 4
156.98965675 1 0 3
157.11352422 1 0 4
157.14594171 1 0 3
157.24957771 1 0 4
157.31011134 1 0 3
157.51609100 1 0 4
157.54478225 1 0 3
157.77737747 1 0 4
157.88971942 1 0 3
158.02001296 1 0 4
158.06392093 1 0 3
158.11282742 1 0 4
158.12912043 1 0 3
158.29979222 1 0 4
158.33613592 1 0 3
158.39265426 1 0 4
158.45239078 1 0 3
158.62138828 1 0 4
158.63003828 1 0 3
159.01439456 1 0 4
159.03820880 1 0 3
159.16529671 1 0 4
159.21563572 1 0 3
159.31044865 1 0 4
159.38339888 1 0 3
159.66910085 1 0 4
159.69387849 1 0 3
159.78239222 1 0 4
159.81459705 1 0 3
159.99966840 1 0 4
160.07683555 1 0 3
160.38046612 1 0 4
160.43297730 1 0 3
160.49899235 1 0 4
160.54422477 1 0 3
160.68552779 1 0 4
160.72983019 1 0 3
160.84417938 1 0 4
160.86029663 1 0 3
160.94714527 1 0 4
160.97594464 1 0 3
161.17987150 1 0 4
161.19061009 1 0 3
161.63552838 1 0 4
161.70707431 1 0 3
161.74095671 1 0 4
161.81189424 1 0 3
162.24863125 1 0 4
162.30646095 1 0 3
162.55525900 1 0 4
162.59715021 1 0 3
162.64706768 1 0 4
162.70352057 1 0 3
162.91711366 1 0 4
162.94043027 1 0 3
163.03180725 1 0 4
163.11447517 1 0 3
163.20342520 1 0 4
163.22011475 1 0 3
163.51756517 1 0 4
163.55446488 1 0 3
163.89123377 1 0 4
163.93527821 1 0 3
164.07828827 1 0 4
164.11045648 1 0 3
164.26141798 1 0 4
164.32962539 1 0 3
164.50486707 1 0 4
164.54600487 1 0 3
164.74098416 1 0 4
164.80062878 1 0 3
165.02162517 1 0 4
165.04072632 1 0 3
165.28515102 1 0 4
165.37032696 1 0 3
165.69517877 1 0 4
165.73975512 1 0 3
165.84071308 1 0 4
165.87801659 1 0 3
166.22789386 1 0 4
166.25549436 1 0 3
166.62665695 1 0 4
166.65027486 1 0 3
166.84687450 1 0 4
166.86428649 1 0 3
166.99343059 1 0 4
167.01605597 1 0 3
167.11149628 1 0 4
167.14229448 1 0 3
167.26267066 1 0 4
167.27730967 1 0 3
167.50310113 1 0 4
167.53202499 1 0 3
167.61274803 1 0 4
167.63846146 1 0 3
168.11481199 1 0 4
168.12642297 1 0 3
168.26609672 1 0 4
168.28822379 1 0 3
168.39923378 1 0 4
168.44191822 1 0 3
168.59236018 1 0 4
168.64390974 1 0 3
168.75174541 1 0 4
168.77412631 1 0 3
168.97328434 1 0 4
168.99394296 1 0 3
169.12613137 1 0 4
169.14920478 1 0 3
169.23290909 1 0 4
169.26444502 1 0 3
169.33961357 1 0 4
169.44050486 1 0 3
169.68275506 1 0 4
169.71831614 1 0 3
169.87843732 1 0 4
169.89982396 1 0 3
169.95842768 1 0 4
170.03570082 1 0 3
170.34393910 1 0 4
170.39713852 1 0 3
170.58912586 1 0 4
170.61202492 1 0 3
170.75731643 1 0 4
170.78499783 1 0 3
171.19350949 1 0 4
171.23968227 1 0 3
171.37555564 1 0 4
171.39702197 1 0 3
171.55553444 1 0 4
171.60594092 1 0 3
171.96302878 1 0 4
171.99597623 1 0 3
172.31602631 1 0 4
172.34470709 1 0 3
172.49789098 1 0 4
172.55639201 1 0 3
172.64372852 1 0 4
172.70239074 1 0 3
172.78870132 1 0 4
172.81646070 1 0 3
173.01123881 1 0 4
173.09159838 1 0 3
173.40874676 1 0 4
173.43594930 1 0 3
173.55626536 1 0 4
173.58155056 1 0 3
173.66751195 1 0 4
173.73714635 1 0 3
173.81635922 1 0 4
173.84641597 1 0 3
173.98612585 1 0 4
173.99398011 1 0 3
174.22726000 1 0 4
174.26494406 1 0 3
174.38497581 1 0 4
174.42804273 1 0 3
174.62961138 1 0 4
174.66114878 1 0 3
174.74708979 1 0 4
174.81275728 1 0 3
174.92768855 1 0 4
174.95839583 1 0 3
175.05297036 1 0 4
175.08560202 1 0 3
175.26718193 1 0 4
175.32878830 1 0 3
175.42604749 1 0 4
175.44771205 1 0 3
175.71216324 1 0 4
175.77752055 1 0 3
175.96664337 1 0 4
175.99360488 1 0 3
176.08958608 1 0 4
176.15963361 1 0 3
176.43523959 1 0 4
176.48137275 1 0 3
176.68659737 1 0 4
176.74166898 1 0 3
176.83033739 1 0 4
176.86476945 1 0 3
176.97139344 1 0 4
177.00485193 1 0 3
177.07366321 1 0 4
177.09116751 1 0 3
177.29278385 1 0 4
177.30248687 1 0 3
177.59133072 1 0 4
177.62187352 1 0 3
177.76225665 1 0 4
177.81627688 1 0 3
178.03795505 1 0 4
178.08661212 1 0 3
178.22804824 1 0 4
178.24585848 1 0 3
178.41418011 1 0 4
178.43988476 1 0 3
178.58027144 1 0 4
178.59814244 1 0 3
178.67136782 1 0 4
178.72882116 1 0 3
178.93622179 1 0 4
178.96826201 1 0 3
179.18219094 1 0 4
179.21415420 1 0 3
179.32537956 1 0 4
179.39484028 1 0 3
179.51148821 1 0 4
179.53477840 1 0 3
179.72296916 1 0 4
179.73626710 1 0 3
179.98691087 1 0 4
180.08495262 1 0 3
180.15218535 1 0 4
180.16486245 1 0 3
180.49582274 1 0 4
180.52039709 1 0 3
180.61702548 1 0 4
180.65562180 1 0 3
180.98156524 1 0 4
181.02180758 1 0 3
181.08034196 1 0 4
181.10450409 1 0 3
181.39315482 1 0 4
181.41926509 1 0 3
181.53047666 1 0 4
181.54990368 1 0 3
181.76703193 1 0 4
181.78778599 1 0 3
182.21188788 1 0 4
182.24575425 1 0 3
182.35876613 1 0 4
182.38602568 1 0 3
182.50280614 1 0 4
182.56699785 1 0 3
182.88991113 1 0 4
182.91909679 1 0 3
183.08422420 1 0 4
183.16338474 1 0 3
183.47387042 1 0 4
183.53576146 1 0 3
183.59720725 1 0 4
183.61770193 1 0 3
184.02973618 1 0 4
184.04636091 1 0 3
184.12023208 1 0 4
184.16694225 1 0 3
184.31371118 1 0 4
184.37143504 1 0 3
184.59451326 1 0 4
184.62301831 1 0 3
184.83361993 1 0 4
184.85662256 1 0 3
184.93938835 1 0 4
185.03045772 1 0 3
185.13963191 1 0 4
185.15211109 1 0 3
185.26641406 1 0 4
185.28519568 1 0 3
185.70629431 1 0 4
185.73677397 1 0 3
185.87315349 1 0 4
185.91068096 1 0 3
186.01638205 1 0 4
186.06749310 1 0 3
186.34959194 1 0 4
186.36995750 1 0 3
186.41971220 1 0 4
186.46053713 1 0 3
186.56557053 1 0 4
186.61955577 1 0 3
186.70792309 1 0 4
186.74198840 1 0 3
187.09148338 1 0 4
187.12318973 1 0 3
187.24403343 1 0 4
187.26975924 1 0 3
187.39284660 1 0 4
187.42827191 1 0 3
187.72642140 1 0 4
187.75039711 1 0 3
187.90809042 1 0 4
187.92554706 1 0 3
187.99449987 1 0 4
188.03315157 1 0 3
188.28521807 1 0 4
188.29881798 1 0 3
188.44279132 1 0 4
188.53516635 1 0 3
188.79414675 1 0 4
188.84921570 1 0 3
188.99064755 1 0 4
189.04613800 1 0 3
189.23019240 1 0 4
189.25281479 1 0 3
189.31771574 1 0 4
189.37359473 1 0 3
189.67955742 1 0 4
189.69987092 1 0 3
189.82884677 1 0 4
189.91434187 1 0 3
190.33057949 1 0 4
190.36073620 1 0 3
190.76797929 1 0 4
190.82600599 1 0 3
191.07217881 1 0 4
191.17666814 1 0 3
191.36896187 1 0 4
191.42936784 1 0 3
191.57779258 1 0 4
191.65488435 1 0 3
191.72123528 1 0 4
191.76260085 1 0 3
191.81031524 1 0 4
191.82394635 1 0 3
192.04061684 1 0 4
192.05552564 1 0 3
192.12087192 1 0 4
192.15049961 1 0 3
192.20483040 1 0 4
192.26246183 1 0 3
192.38603107 1 0 4
192.41968719 1 0 3
192.83191511 1 0 4
192.91434077 1 0 3
193.17432311 1 0 4
193.22350744 1 0 3
193.44142894 1 0 4
193.45993408 1 0 3
193.57139408 1 0 4
193.61788077 1 0 3
194.02472870 1 0 4
194.04272244 1 0 3
194.18646495 1 0 4
194.21424752 1 0 3
194.30209282 1 0 4
194.33764317 1 0 3
194.48503587 1 0 4
194.57299778 1 0 3
194.78250528 1 0 4
194.80811789 1 0 3
194.98896893 1 0 4
195.01689995 1 0 3
195.13396060 1 0 4
195.16474487 1 0 3
195.38166131 1 0 4
195.42660152 1 0 3
195.57498875 1 0 4
195.58957198 1 0 3
195.66153238 1 0 4
195.73240026 1 0 3
195.95073655 1 0 4
196.00974424 1 0 3
196.12208480 1 0 4
196.14012024 1 0 3
196.19557715 1 0 4
196.21945535 1 0 3
196.37714765 1 0 4
196.43650657 1 0 3
196.49816009 1 0 4
196.54172449 1 0 3
196.77439914 1 0 4
196.78963193 1 0 3
196.90789330 1 0 4
196.96120560 1 0 3
197.21899866 1 0 4
197.31038555 1 0 3
197.40886852 1 0 4
197.50969039 1 0 3
197.70907019 1 0 4
197.83283382 1 0 3
198.08710802 1 0 4
198.12945333 1 0 3
198.24095313 1 0 4
198.33254917 1 0 3
198.41049155 1 0 4
198.42398974 1 0 3
198.48415547 1 0 4
198.53235271 1 0 3
198.74603582 1 0 4
198.81831555 1 0 3
198.96368061 1 0 4
199.02297291 1 0 3
199.12242149 1 0 4
199.16088395 1 0 3
199.64041023 1 0 4
199.66772674 1 0 3
199.77205723 1 0 4
199.79143399 1 0 3
199.86722872 1 0 4
199.89993884 1 0 3
200.01580827 1 0 4
200.05241070 1 0 3
200.17764255 1 0 4
200.22910537 1 0 3
200.34652585 1 0 4
200.37152088 1 0 3
200.56152778 1 0 4
200.59569242 1 0 3
200.79565428 1 0 4
200.83250540 1 0 3
200.94573877 1 0 4
200.97635916 1 0 3
201.10059734 1 0 4
201.12053113 1 0 3
201.23774317 1 0 4
201.28164791 1 0 3
201.56381769 1 0 4
201.59641095 1 0 3
201.74400254 1 0 4
201.80872652 1 0 3
201.95394888 1 0 4
202.01269414 1 0 3
202.17983564 1 0 4
202.22689460 1 0 3
202.38252821 1 0 4
202.43810140 1 0 3
202.65150361 1 0 4
202.69440413 1 0 3
203.11728368 1 0 4
203.15215596 1 0 3
203.34759774 1 0 4
203.36813966 1 0 3
203.47352183 1 0 4
203.52131513 1 0 3
203.75046487 1 0 4
203.75964896 1 0 3
203.82715919 1 0 4
203.87472855 1 0 3
204.04333624 1 0 4
204.06737549 1 0 3
204.49758753 1 0 4
204.52833817 1 0 3
204.67065597 1 0 4
204.69593895 1 0 3
204.94580410 1 0 4
205.00080227 1 0 3
205.18936964 1 0 4
205.21868107 1 0 3
205.57208664 1 0 4
205.58674131 1 0 3
205.84686698 1 0 4
205.92633774 1 0 3
206.10630645 1 0 4
206.14465884 1 0 3
206.32106835 1 0 4
206.40611760 1 0 3
206.56043736 1 0 4
206.57491286 1 0 3
206.71884197 1 0 4
206.75548567 1 0 3
206.87396602 1 0 4
206.90932802 1 0 3
207.27724745 1 0 4
207.30602826 1 0 3
207.40616016 1 0 4
207.42830028 1 0 3
207.56559558 1 0 4
207.60454152 1 0 3
207.75127297 1 0 4
207.81400550 1 0 3
207.86369930 1 0 4
207.90886016 1 0 3
208.00358608 1 0 4
208.06508751 1 0 3
208.21114989 1 0 4
208.23552022 1 0 3
208.31417064 1 0 4
208.33584990 1 0 3
208.40483341 1 0 4
208.45667583 1 0 3
208.66264462 1 0 4
208.74466885 1 0 3
208.86494945 1 0 4
208.89057926 1 0 3
209.04793072 1 0 4
209.08073830 1 0 3
209.20394950 1 0 4
209.24730879 1 0 3
209.48165983 1 0 4
209.54059031 1 0 3
209.73674792 1 0 4
209.80054510 1 0 3
210.21657344 1 0 4
210.24182752 1 0 3
210.31241443 1 0 4
210.33202100 1 0 3
210.43273651 1 0 4
210.44787895 1 0 3
210.51445258 1 0 4
210.52500855 1 0 3
210.59127533 1 0 4
210.65591232 1 0 3
210.78905066 1 0 4
210.80081448 1 0 3
211.19820556 1 0 4
211.23654993 1 0 3
211.50611717 1 0 4
211.56376615 1 0 3
211.74541125 1 0 4
211.86274965 1 0 3
211.96989037 1 0 4
211.98200995 1 0 3
212.19455126 1 0 4
212.22332591 1 0 3
212.34456597 1 0 4
212.37519392 1 0 3
212.44408428 1 0 4
212.47836422 1 0 3
212.74227913 1 0 4
212.80580511 1 0 3
213.03434690 1 0 4
213.07772779 1 0 3
213.18410080 1 0 4
213.20555218 1 0 3
213.33057436 1 0 4
213.35768287 1 0 3
213.43174000 1 0 4
213.46345399 1 0 3
213.58806766 1 0 4
213.61683499 1 0 3
213.68179212 1 0 4
213.73678294 1 0 3
213.96496265 1 0 4
213.99527278 1 0 3
214.05280464 1 0 4
214.09856342 1 0 3
214.23610925 1 0 4
214.28889107 1 0 3
214.37652587 1 0 4
214.41645213 1 0 3
214.57891414 1 0 4
214.60424608 1 0 3
214.71506441 1 0 4
214.74228240 1 0 3
214.95331321 1 0 4
214.96687766 1 0 3
215.03204303 1 0 4
215.09054183 1 0 3
215.34526423 1 0 4
215.40598601 1 0 3
215.62760444 1 0 4
215.66765909 1 0 3
215.74604443 1 0 4
215.77521799 1 0 3
216.01719521 1 0 4
216.03643781 1 0 3
216.20398996 1 0 4
216.22613869 1 0 3
216.37433207 1 0 4
216.41811752 1 0 3
216.52822165 1 0 4
216.54612043 1 0 3
216.67395473 1 0 4
216.73600231 1 0 3
216.87384481 1 0 4
216.89525346 1 0 3
216.96710836 1 0 4
216.97943422 1 0 3
217.04873730 1 0 4
217.06192784 1 0 3
217.16761859 1 0 4
217.22498300 1 0 3
217.36986493 1 0 4
217.39580042 1 0 3
217.49707031 1 0 4
217.57234212 1 0 3
217.71642904 1 0 4
217.74071085 1 0 3
217.79801650 1 0 4
217.88176907 1 0 3
218.29114853 1 0 4
218.32822697 1 0 3
218.46842270 1 0 4
218.48710614 1 0 3
218.54895467 1 0 4
218.60928146 1 0 3
218.82804846 1 0 4
218.89153295 1 0 3
218.97294282 1 0 4
219.00034235 1 0 3
219.15682461 1 0 4
219.18882237 1 0 3
219.24936699 1 0 4
219.29772364 1 0 3
219.56369282 1 0 4
219.58351986 1 0 3
219.71848228 1 0 4
219.77497302 1 0 3
219.90090244 1 0 4
219.92131242 1 0 3
220.06651537 1 0 4
220.09318073 1 0 3
220.23149420 1 0 4
220.25678764 1 0 3
220.31548918 1 0 2
220.39520021 1 0 3
220.53342901 1 0 4
220.59009496 1 0 3
220.64209799 1 0 4
220.65881270 1 0 3
220.72286663 1 0 4
220.79395863 1 0 3
221.10038264 1 0 4
221.12583541 1 0 3
221.23178606 1 0 4
221.25062230 1 0 3
221.42751395 1 0 4
221.44281415 1 0 3
221.51403240 1 0 4
221.55802331 1 0 3
221.85308083 1 0 4
221.91178922 1 0 3
221.96419393 1 0 4
221.97881289 1 0 3
222.04677662 1 0 4
222.06947208 1 0 3
222.27509116 1 0 4
222.72253300 1 0 3
223.14026193 1 0 4
223.16036691 1 0 3
223.24348933 1 0 4
223.31420103 1 0 3
223.42600101 1 0 4
223.46175736 1 0 3
223.57216779 1 0 4
223.63263423 1 0 3
223.71136617 1 0 4
223.78011049 1 0 3
223.86509659 1 0 4
223.88934203 1 0 3
224.09787030 1 0 4
224.15331340 1 0 3
224.31236930 1 0 4
224.38628542 1 0 3
224.48231567 1 0 4
224.49860577 1 0 3
224.72286676 1 0 4
224.79951579 1 0 3
224.88173894 1 0 4
224.90094175 1 0 3
225.21203863 1 0 4
225.29546342 1 0 3
225.48807626 1 0 4
225.50728541 1 0 3
225.67597582 1 0 4
225.73084691 1 0 3
225.82656142 1 0 4
225.85111005 1 0 3
226.15898737 1 0 4
226.17406515 1 0 3
226.53539419 1 0 4
226.56030780 1 0 3
226.82196842 1 0 4
226.96751071 1 0 3
227.06611042 1 0 4
227.10967808 1 0 3
227.21360056 1 0 4
227.24634008 1 0 3
227.45378515 1 0 4
227.46637702 1 0 3
227.70714314 1 0 4
227.73007276 1 0 3
227.86955593 1 0 4
227.89627562 1 0 3
228.10835967 1 0 4
228.14974923 1 0 3
228.25257370 1 0 4
228.29840024 1 0 3
228.55746013 1 0 4
228.59834685 1 0 3
228.63963239 1 0 4
228.66511977 1 0 3
228.78795227 1 0 4
228.89984892 1 0 3
229.04755215 1 0 4
229.06453472 1 0 3
229.21343958 1 0 4
229.24033473 1 0 3
229.55637867 1 0 4
229.61689567 1 0 3
229.71653732 1 0 4
229.73708285 1 0 3
230.02588020 1 0 4
230.03999715 1 0 3
230.26168828 1 0 4
230.28249939 1 0 3
230.72121689 1 0 4
230.73358985 1 0 3
230.87563351 1 0 4
230.89577189 1 0 3
230.97518173 1 0 4
230.99790126 1 0 3
231.18646648 1 0 4
231.24085301 1 0 3
231.44307226 1 0 4
231.47871078 1 0 3
231.61540606 1 0 4
231.63778764 1 0 3
231.75374754 1 0 4
231.77794013 1 0 3
231.85009073 1 0 4
231.92366825 1 0 3
231.99972269 1 0 4
232.06633252 1 0 3
232.15887704 1 0 4
232.25295536 1 0 3
232.36314485 1 0 4
232.42321384 1 0 3
232.93566283 1 0 4
232.95524386 1 0 3
233.09143872 1 0 4
233.11162724 1 0 3
233.21118005 1 0 4
233.23290661 1 0 3
233.27945719 1 0 4
233.31267538 1 0 3
233.45150056 1 0 4
233.48492753 1 0 3
233.55075844 1 0 4
233.59494177 1 0 3
233.69113013 1 0 4
233.74556862 1 0 3
233.85006099 1 0 4
233.86867864 1 0 3
233.92535244 1 0 4
233.94718986 1 0 3
234.07686066 1 0 4
234.09059868 1 0 3
234.34348518 1 0 4
234.37921818 1 0 3
234.44149046 1 0 4
234.47837501 1 0 3
234.55346408 1 0 4
234.59266792 1 0 3
234.78930302 1 0 4
234.86051760 1 0 3
234.95778471 1 0 4
234.99430941 1 0 3
235.07369892 1 0 4
235.14867040 1 0 3
235.28081396 1 0 4
235.31263758 1 0 3
235.41061123 1 0 4
235.42997815 1 0 3
235.52140448 1 0 4
235.53507886 1 0 3
235.66123068 1 0 4
235.69995397 1 0 3
235.81744092 1 0 4
235.83921012 1 0 3
236.00884630 1 0 4
236.02902484 1 0 3
237.70752294 1 0 4
237.74737308 1 0 3
238.02192350 1 0 4
238.08140107 1 0 3
238.28760863 1 0 4
238.31747390 1 0 3
238.40879818 1 0 4
238.44632024 1 0 3
238.52604397 1 0 4
238.55496831 1 0 3
238.68230272 1 0 4
238.72172934 1 0 3
238.85784129 1 0 4
238.91911815 1 0 3
239.13028143 1 0 4
239.26132193 1 0 3
239.56573636 1 0 4
239.61980256 1 0 3
239.68380027 1 0 4
239.74246070 1 0 3
239.76715213 1 0 4
239.83108917 1 0 3
239.95358294 1 0 4
239.99535277 1 0 3
240.14538799 1 0 4
240.22233557 1 0 3
240.35077552 1 0 4
240.37396132 1 0 3
240.64345547 1 0 4
240.68582764 1 0 3
240.90634835 1 0 4
240.97730456 1 0 3
241.10432336 1 0 4
241.13268793 1 0 3
241.22673375 1 0 4
241.25963093 1 0 3
241.32898071 1 0 4
241.34835525 1 0 3
241.41378863 1 0 4
241.44238238 1 0 3
241.54482240 1 0 4
241.55878291 1 0 3
241.69372931 1 0 4
241.71388511 1 0 3
241.79192933 1 0 4
241.84831524 1 0 3
241.99561961 1 0 4
242.01378679 1 0 3
242.08600039 1 0 4
242.13684195 1 0 3
242.35897624 1 0 4
242.38347135 1 0 3
242.56882401 1 0 4
242.66820808 1 0 3
242.86194498 1 0 4
242.87961880 1 0 3
243.00713886 1 0 4
243.02732593 1 0 3
243.17797646 1 0 2
243.26126946 1 0 3
243.32855716 1 0 4
243.36840750 1 0 3
243.54405486 1 0 4
243.57283975 1 0 3
243.63750542 1 0 4
243.65012113 1 0 3
243.97151049 1 0 4
243.99206168 1 0 3
244.05195529 1 0 4
244.14984594 1 0 3
244.30577863 1 0 4
244.40214000 1 0 3
244.51994640 1 0 4
244.55694449 1 0 3
244.77128206 1 0 4
244.78991117 1 0 3
244.90491283 1 0 4
244.93406210 1 0 3
245.00255850 1 0 4
245.03803652 1 0 3
245.14367337 1 0 4
245.16874560 1 0 3
245.26337667 1 0 4
245.29702480 1 0 3
245.49193276 1 0 4
245.51687812 1 0 3
245.93745825 1 0 4
245.97817484 1 0 3
246.20165614 1 0 4
246.25836722 1 0 3
246.35588899 1 0 4
246.37782714 1 0 3
246.48212737 1 0 4
246.53287815 1 0 3
246.64362548 1 0 4
246.74915601 1 0 3
246.85298907 1 0 4
246.87585295 1 0 3
247.12623738 1 0 4
247.14952342 1 0 3
247.23654642 1 0 4
247.28863811 1 0 3
247.41033705 1 0 4
247.44975003 1 0 3
248.01567899 1 0 4
248.04567993 1 0 3
248.26708256 1 0 4
248.35310206 1 0 3
248.50681871 1 0 4
248.57509256 1 0 3
248.70918511 1 0 4
248.74018160 1 0 3
249.21808551 1 0 4
249.28964181 1 0 3
249.39050810 1 0 4
249.41130639 1 0 3
249.78282084 1 0 4
249.80358636 1 0 3
249.91451903 1 0 4
249.95479976 1 0 3
250.10447861 1 0 4
250.14384109 1 0 3
250.27023526 1 0 4
250.36277576 1 0 3
250.47127169 1 0 4
250.54883666 1 0 3
250.64894987 1 0 4
250.66873320 1 0 3
250.76430622 1 0 4
250.82351134 1 0 3
250.96407808 1 0 4
250.98929346 1 0 3
251.29782963 1 0 4
251.31625941 1 0 3
251.52347245 1 0 4
251.57375165 1 0 3
251.72976814 1 0 4
251.76301708 1 0 3
251.98471197 1 0 4
252.07534408 1 0 3
252.37332825 1 0 4
252.41461454 1 0 3
252.49465447 1 0 4
252.51809915 1 0 3
252.57898185 1 0 4
252.63910759 1 0 3
252.93798100 1 0 4
252.99855273 1 0 3
253.26854333 1 0 4
253.33325535 1 0 3
253.43031042 1 0 4
253.47475274 1 0 3
253.58194498 1 0 4
253.63650249 1 0 3
253.73872401 1 0 4
253.80913045 1 0 3
253.88419501 1 0 4
253.89794691 1 0 3
253.95498991 1 0 4
253.96629575 1 0 3
254.03429944 1 0 4
254.15711547 1 0 3
254.24628544 1 0 4
254.28742565 1 0 3
254.57190333 1 0 4
254.59929943 1 0 3
254.76450869 1 0 4
254.77904724 1 0 3
254.85508794 1 0 4
254.91021355 1 0 3
255.12339766 1 0 4
255.14429718 1 0 3
255.36866104 1 0 4
255.41303362 1 0 3
255.49876586 1 0 4
255.51512984 1 0 3
255.59890586 1 0 4
255.62192219 1 0 3
255.70529957 1 0 4
255.72169457 1 0 3
256.04208628 1 0 4
256.06760275 1 0 3
256.18617988 1 0 4
256.28019513 1 0 3
256.36435266 1 0 4
256.43694786 1 0 3
256.63406144 1 0 4
256.66600032 1 0 3
256.74131145 1 0 4
256.75459020 1 0 3
257.78483801 1 0 4
257.81034446 1 0 3
257.88802096 1 0 4
257.95260278 1 0 3
258.04866762 1 0 4
258.07557608 1 0 3
258.24756324 1 0 4
258.26400023 1 0 3
258.38110065 1 0 4
258.40415035 1 0 3
258.46395294 1 0 4
258.53446529 1 0 3
258.76991739 1 0 4
258.82162035 1 0 3
259.11035380 1 0 4
259.14893546 1 0 3
259.31735652 1 0 4
259.44767496 1 0 3
259.60610472 1 0 4
259.63625055 1 0 3
259.77156402 1 0 4
259.81969808 1 0 3
259.94021615 1 0 4
259.96294668 1 0 3
260.04546441 1 0 4
260.06518457 1 0 3
260.13455533 1 0 4
260.18986418 1 0 3
260.27060850 1 0 4
260.30258957 1 0 3
260.37998222 1 0 4
260.42068505 1 0 3
260.69714386 1 0 4
260.73039866 1 0 3
260.81515917 1 0 4
260.84338350 1 0 3
260.93030765 1 0 4
260.96531866 1 0 3
261.14338771 1 0 4
261.20145569 1 0 3
261.44047543 1 0 4
261.47488068 1 0 3
261.57916149 1 0 4
261.59645784 1 0 3
261.90101445 1 0 4
261.92482478 1 0 3
262.18119396 1 0 4
262.22581901 1 0 3
262.36343122 1 0 4
262.37854969 1 0 3
262.67613175 1 0 4
262.72405107 1 0 3
262.97295869 1 0 4
262.99882332 1 0 3
263.10950066 1 0 4
263.14340800 1 0 3
263.24110241 1 0 4
263.31983388 1 0 3
263.42175248 1 0 4
263.43514112 1 0 3
263.63604663 1 0 4
263.64970093 1 0 3
263.74594559 1 0 4
263.76740845 1 0 3
263.88812012 1 0 4
263.90362442 1 0 3
263.99397539 1 0 4
264.01131898 1 0 3
264.25155311 1 0 4
264.32174324 1 0 3
264.36976866 1 0 4
264.46728836 1 0 3
264.61262661 1 0 4
264.68738848 1 0 3
264.92330617 1 0 4
264.94229774 1 0 3
264.99148810 1 0 4
265.01055495 1 0 3
265.13151209 1 0 4
265.16860290 1 0 3
265.28851574 1 0 4
265.32228697 1 0 3
265.44136501 1 0 4
265.47299871 1 0 3
265.82913247 1 0 4
265.87096331 1 0 3
265.92985776 1 0 4
266.01067127 1 0 3
266.08897711 1 0 4
266.10914646 1 0 3
266.20556286 1 0 4
266.24733914 1 0 3
266.49850772 1 0 4
266.54635461 1 0 3
266.64842372 1 0 4
266.67045763 1 0 3
266.81382304 1 0 4
266.84215948 1 0 3
266.93339252 1 0 4
266.95772223 1 0 3
267.10088716 1 0 4
267.12104119 1 0 3
267.26641115 1 0 4
267.30345728 1 0 3
267.66837661 1 0 4
267.70662507 1 0 3
267.85094752 1 0 4
267.90733655 1 0 3
268.12923368 1 0 4
268.19449914 1 0 3
268.38775840 1 0 4
268.40630901 1 0 3
268.52742118 1 0 4
268.54654247 1 0 3
268.72190896 1 0 4
268.77719519 1 0 3
268.82023755 1 0 4
268.88331682 1 0 3
268.98142076 1 0 4
268.99837428 1 0 3
269.09819162 1 0 4
269.14534167 1 0 3
269.24868931 1 0 4
269.27856626 1 0 3
269.34604568 1 0 4
269.40198644 1 0 3
269.64402940 1 0 4
269.69090865 1 0 3
269.74357124 1 0 4
269.79018226 1 0 3
269.88012088 1 0 4
269.90062970 1 0 3
269.95790218 1 0 4
269.97365348 1 0 3
270.34673846 1 0 4
270.36232977 1 0 3
270.61849635 1 0 4
270.68135620 1 0 3
270.89778020 1 0 4
270.91346827 1 0 3
271.01090489 1 0 4
271.03912027 1 0 3
271.15958850 1 0 4
271.17453615 1 0 3
271.60369250 1 0 4
271.62183499 1 0 3
271.79683045 1 0 4
271.87888829 1 0 3
271.96607722 1 0 4
271.98098075 1 0 3
272.70726467 1 0 4
272.76811824 1 0 3
272.92959588 1 0 4
273.02858423 1 0 3
273.15974197 1 0 4
273.23726961 1 0 3
273.48751613 1 0 4
273.55034335 1 0 3
273.61862537 1 0 4
273.67067787 1 0 3
273.86610019 1 0 4
273.89381758 1 0 3
273.99666375 1 0 4
274.02225328 1 0 3
274.20985389 1 0 4
274.23132077 1 0 3
274.52054973 1 0 4
274.55582866 1 0 3
274.72668509 1 0 4
274.75900423 1 0 3
275.07675275 1 0 4
275.11945994 1 0 3
275.34573168 1 0 4
275.37679271 1 0 3
275.56192360 1 0 4
275.58699385 1 0 3
275.65282731 1 0 4
275.71779920 1 0 3
275.93146784 1 0 4
275.94994459 1 0 3
276.16889831 1 0 4
276.18526986 1 0 3
276.40736252 1 0 4
276.45295679 1 0 3
276.56714077 1 0 4
276.58697842 1 0 3
276.63902932 1 0 4
276.65262884 1 0 3
276.85491267 1 0 4
276.87830659 1 0 3
277.04391942 1 0 4
277.07684200 1 0 3
277.14998070 1 0 4
277.17432608 1 0 3
277.39783358 1 0 4
277.41253872 1 0 3
277.71369726 1 0 4
277.73421825 1 0 3
278.18581189 1 0 4
278.20154040 1 0 3
278.32113638 1 0 4
278.33944063 1 0 3
278.56428699 1 0 4
278.58324025 1 0 3
278.64685884 1 0 4
278.66784979 1 0 3
279.01061661 1 0 4
279.05169910 1 0 3
279.35117971 1 0 4
279.36551513 1 0 3
279.47467264 1 0 4
279.49206865 1 0 3
279.61954135 1 0 4
279.63165290 1 0 3
279.81678341 1 0 4
279.84584906 1 0 3
280.03369308 1 0 4
280.04869089 1 0 3
280.21975870 1 0 4
280.24195125 1 0 3
280.38575900 1 0 4
280.43762870 1 0 3
280.63723029 1 0 4
280.69161185 1 0 3
280.79003477 1 0 4
280.80368344 1 0 3
280.86670740 1 0 4
280.88382240 1 0 3
281.20467068 1 0 4
281.22709855 1 0 3
281.41943048 1 0 4
281.43459458 1 0 3
281.50614058 1 0 4
282.72413123 1 0 3
283.14489958 1 0 4
283.21427379 1 0 3
283.31243926 1 0 4
283.35066355 1 0 3
283.41791156 1 0 4
283.44617790 1 0 3
283.75115316 1 0 4
283.76959153 1 0 3
283.83655494 1 0 4
283.85072889 1 0 3
283.90483247 1 0 4
283.95492619 1 0 3
284.03265398 1 0 4
284.06316961 1 0 3
284.15973115 1 0 4
284.17198244 1 0 3
284.31280361 1 0 4
284.33214059 1 0 3
284.53960274 1 0 4
284.59368019 1 0 3
284.66879951 1 0 4
284.68576253 1 0 3
284.75802634 1 0 4
284.83893181 1 0 3
284.90931807 1 0 4
284.98816144 1 0 3
285.07380135 1 0 4
285.09690696 1 0 3
285.28351573 1 0 4
285.33819816 1 0 3
285.40357115 1 0 4
285.41407859 1 0 3
285.61549025 1 0 4
285.63194773 1 0 3
285.68347606 1 0 4
285.74579298 1 0 3
285.95838994 1 0 4
285.98528868 1 0 3
286.18512262 1 0 4
286.21052019 1 0 3
286.43962442 1 0 4
286.47768707 1 0 3
286.55598980 1 0 4
286.58097088 1 0 3
286.70781671 1 0 4
286.76401241 1 0 3
286.86236453 1 0 4
286.91326031 1 0 3
287.01072794 1 0 4
287.03081183 1 0 3
287.11450877 1 0 4
287.16759363 1 0 3
287.28242967 1 0 4
287.30000579 1 0 3
287.73577421 1 0 4
287.77600008 1 0 3
287.93235074 1 0 4
287.97005767 1 0 3
288.06876255 1 0 4
288.10589137 1 0 3
288.34232704 1 0 4
288.47847427 1 0 3
288.53215606 1 0 4
288.58194030 1 0 3
288.68700967 1 0 4
288.75373225 1 0 3
288.86447098 1 0 4
288.96184062 1 0 3
289.08680415 1 0 4
289.12890460 1 0 3
289.33754546 1 0 4
289.39543859 1 0 3
289.65235393 1 0 4
289.70944652 1 0 3
290.27194772 1 0 4
290.31031168 1 0 3
290.41871632 1 0 4
290.46197536 1 0 3
290.52286342 1 0 4
290.57433724 1 0 3
290.82955037 1 0 4
290.89338415 1 0 3
291.09777126 1 0 4
291.11829541 1 0 3
291.22994265 1 0 4
291.26930437 1 0 3
291.76281261 1 0 4
291.78044345 1 0 3
292.08906170 1 0 4
292.10370191 1 0 3
292.24471597 1 0 4
292.28741171 1 0 3
292.72719943 1 0 4
292.77167561 1 0 3
292.86859334 1 0 4
292.90505567 1 0 3
293.22261195 1 0 4
293.25280055 1 0 3
293.36718239 1 0 4
293.40645715 1 0 3
293.51596139 1 0 4
293.53660147 1 0 3
293.65802777 1 0 4
293.73087401 1 0 3
293.90991058 1 0 4
293.95816438 1 0 3
294.19470010 1 0 4
294.21416344 1 0 3
294.41835551 1 0 4
294.42968828 1 0 3
294.49349201 1 0 4
294.56411548 1 0 3
294.88832275 1 0 4
294.92785603 1 0 3
295.09576083 1 0 4
295.12431149 1 0 3
295.32822555 1 0 4
295.36420126 1 0 3
295.51523952 1 0 4
295.55133057 1 0 3
295.65947334 1 0 4
295.69564990 1 0 3
295.96220529 1 0 4
295.99842956 1 0 3
296.08303168 1 0 4
296.09876893 1 0 3
296.20865534 1 0 4
296.26188674 1 0 3
296.52273108 1 0 4
296.54015818 1 0 3
296.62677636 1 0 4
296.66288051 1 0 3
296.80082967 1 0 4
296.81818846 1 0 3
296.97049567 1 0 4
296.99184647 1 0 3
297.29505686 1 0 4
297.33209000 1 0 3
297.74018327 1 0 4
297.87817899 1 0 3
298.02294708 1 0 4
298.04456221 1 0 3
298.12324150 1 0 4
298.15630903 1 0 3
298.39218488 1 0 4
298.43812484 1 0 3
298.69756149 1 0 4
298.76854825 1 0 3
298.93867021 1 0 4
299.01213321 1 0 3
299.18870302 1 0 4
299.21383668 1 0 3
299.34762445 1 0 4
299.37867186 1 0 3
299.46909904 1 0 4
299.48217001 1 0 3
299.54355114 1 0 4
299.57890737 1 0 3
299.70813255 1 0 4
299.74331013 1 0 3
299.83991636 1 0 4
299.89385546 1 0 3
300.03985026 1 0 4
300.06665402 1 0 3
300.23751075 1 0 4
300.27669617 1 0 3
300.47148297 1 0 4
300.51489774 1 0 3
300.70133110 1 0 4
300.72942362 1 0 3
300.89848501 1 0 4
300.96318982 1 0 3
301.02111740 1 0 4
301.03939100 1 0 3
301.13763069 1 0 4
301.16414544 1 0 3
301.25333944 1 0 4
301.27715342 1 0 3
301.36282771 1 0 4
301.40349530 1 0 3
302.92134966 1 0 4
302.94418894 1 0 3
303.00007869 1 0 4
303.01406863 1 0 3
303.06635828 1 0 4
303.21772378 1 0 3
303.64885761 1 0 4
303.66180646 1 0 3
303.95837595 1 0 4
303.97345255 1 0 3
304.13853980 1 0 4
304.17778037 1 0 3
304.27182062 1 0 4
304.32204823 1 0 3
304.39277910 1 0 4
304.47501512 1 0 3
304.52400977 1 0 4
304.54346452 1 0 3
304.67402403 1 0 4
304.77371246 1 0 3
304.84635681 1 0 4
304.88823634 1 0 3
305.01768803 1 0 4
305.07192359 1 0 3
305.13888845 1 0 4
305.15237883 1 0 3
305.20763781 1 0 4
305.32171288 1 0 3
305.38182509 1 0 4
305.44711605 1 0 3
305.74262702 1 0 4
305.76132065 1 0 3
305.93307511 1 0 4
305.97658477 1 0 3
306.30476803 1 0 4
306.33514309 1 0 3
306.43107746 1 0 4
306.50002514 1 0 3
306.79419025 1 0 4
306.81607285 1 0 3
306.95356547 1 0 4
306.98092200 1 0 3
307.10481446 1 0 4
307.14196367 1 0 3
307.43443429 1 0 4
307.52457607 1 0 3
307.58870439 1 0 4
307.63422096 1 0 3
307.73734573 1 0 4
307.75378910 1 0 3
307.85590513 1 0 4
307.87645504 1 0 3
307.93211549 1 0 4
307.97731776 1 0 3
308.16857696 1 0 4
308.18634512 1 0 3
308.43547515 1 0 4
308.45540518 1 0 3
308.50339585 1 0 4
308.54943195 1 0 3
308.67135544 1 0 4
308.73816653 1 0 3
308.86765102 1 0 4
308.89665588 1 0 3
308.94587216 1 0 4
309.00564929 1 0 3
309.12580225 1 0 4
309.16768044 1 0 3
309.59036857 1 0 4
309.61677656 1 0 3
309.74770919 1 0 4
309.83086051 1 0 3
309.90411498 1 0 4
309.94359574 1 0 3
310.04921618 1 0 4
310.07361976 1 0 3
310.20072561 1 0 4
310.21364439 1 0 3
310.27387462 1 0 4
310.28885713 1 0 3
310.66679465 1 0 4
310.69732521 1 0 3
310.80524745 1 0 4
310.83089148 1 0 3
310.94596580 1 0 4
310.97822154 1 0 3
311.10019835 1 0 4
311.14501025 1 0 3
311.24541238 1 0 4
311.28138317 1 0 3
311.31821119 1 0 4
311.33318151 1 0 3
311.40973144 1 0 4
311.42222201 1 0 3
311.76080136 1 0 4
311.78376716 1 0 3
311.89116381 1 0 4
311.90767200 1 0 3
312.05517521 1 0 4
312.07726473 1 0 3
312.12186043 1 0 4
312.13378490 1 0 3
312.19117848 1 0 4
312.25163361 1 0 3
312.29846463 1 0 4
312.31374531 1 0 3
312.76506053 1 0 4
312.80799733 1 0 3
312.92712233 1 0 4
312.95618488 1 0 3
313.17024359 1 0 4
313.21518975 1 0 3
313.38789051 1 0 4
313.41568955 1 0 3
313.61832895 1 0 4
313.66282013 1 0 3
313.80678560 1 0 4
313.82938522 1 0 3
313.89263854 1 0 4
313.95745343 1 0 3
314.16948398 1 0 4
314.19164982 1 0 3
314.43068179 1 0 4
314.52340075 1 0 3
314.74062772 1 0 4
314.77714395 1 0 3
314.91123491 1 0 4
314.93988541 1 0 3
315.02033941 1 0 4
315.03158688 1 0 3
315.08228657 1 0 4
315.15335244 1 0 3
315.23342940 1 0 4
315.30055961 1 0 3
315.39420725 1 0 4
315.41561442 1 0 3
315.66188355 1 0 4
315.68742574 1 0 3
315.87062526 1 0 4
315.88513512 1 0 3
315.94848565 1 0 4
316.00894168 1 0 3
316.23995427 1 0 4
316.26299158 1 0 3
316.31532350 1 0 4
316.40981870 1 0 3
316.69768474 1 0 4
316.76150439 1 0 3
316.98608288 1 0 4
317.03404627 1 0 3
317.23451847 1 0 4
317.25144469 1 0 3
317.29524842 1 0 4
317.30777696 1 0 3
317.45363176 1 0 4
317.47805340 1 0 3
317.54977692 1 0 4
317.58741549 1 0 3
317.75078496 1 0 4
317.78108838 1 0 3
318.01657060 1 0 4
318.02628846 1 0 3
318.13413173 1 0 4
318.19175755 1 0 3
318.40207809 1 0 4
318.41794994 1 0 3
318.63472035 1 0 4
318.71008808 1 0 3
318.74450439 1 0 4
318.77327672 1 0 3
318.87534042 1 0 4
318.88635057 1 0 3
319.06964706 1 0 4
319.17704204 1 0 3
319.25465103 1 0 4
319.30332174 1 0 3
319.40467800 1 0 4
319.44121936 1 0 3
319.56970558 1 0 4
319.62277985 1 0 3
319.67755929 1 0 4
319.74646481 1 0 3
319.96481122 1 0 4
319.99499047 1 0 3
320.18874895 1 0 4
320.20442363 1 0 3
320.53212210 1 0 4
320.58589716 1 0 3
320.64773392 1 0 4
320.67268465 1 0 3
320.82262373 1 0 4
320.88024581 1 0 3
321.16794796 1 0 4
321.21589840 1 0 3
321.34219859 1 0 4
321.37414233 1 0 3
321.48473559 1 0 4
321.55381286 1 0 3
321.78019809 1 0 4
321.81733991 1 0 3
321.95082845 1 0 4
322.03198588 1 0 3
322.13516401 1 0 4
322.15534356 1 0 3
322.23585716 1 0 4
322.27103112 1 0 3
322.38889330 1 0 4
322.40648681 1 0 3
322.92193090 1 0 4
322.97273465 1 0 3
323.02887567 1 0 4
323.09099701 1 0 3
323.29574008 1 0 4
323.33945070 1 0 3
323.42319585 1 0 4
323.44294238 1 0 3
323.56845320 1 0 4
323.58987781 1 0 3
323.64125093 1 0 4
323.69646862 1 0 3
324.08530368 1 0 4
324.10750903 1 0 3
324.27813117 1 0 4
324.34140389 1 0 3
324.55814556 1 0 4
324.57701660 1 0 3
324.62794406 1 0 4
324.65585818 1 0 3
324.79836210 1 0 4
324.85080390 1 0 3
324.92143366 1 0 4
325.00504153 1 0 3
325.13544207 1 0 4
325.19038343 1 0 3
325.30100839 1 0 4
325.32238051 1 0 3
325.39054379 1 0 4
325.41471014 1 0 3
325.52230060 1 0 4
325.57169541 1 0 3
325.60324510 1 0 4
325.69251191 1 0 3
325.84631519 1 0 4
325.87297544 1 0 3
326.14011850 1 0 4
326.19905364 1 0 3
326.29533669 1 0 4
326.32723846 1 0 3
326.43815431 1 0 4
326.50642846 1 0 3
326.63040607 1 0 4
326.68424693 1 0 3
326.88890544 1 0 4
326.90616249 1 0 3
326.99632436 1 0 4
327.01535331 1 0 3
327.43889009 1 0 4
327.46584890 1 0 3
327.55806640 1 0 4
327.61917457 1 0 3
327.78049484 1 0 4
327.81821592 1 0 3
327.93205989 1 0 4
327.95086970 1 0 3
328.12204141 1 0 4
328.14459139 1 0 3
328.24561055 1 0 4
328.27006344 1 0 3
328.32351955 1 0 4
328.37791429 1 0 3
328.58558160 1 0 4
328.60688737 1 0 3
328.73413589 1 0 4
328.77938145 1 0 3
328.93184214 1 0 4
328.97559039 1 0 3
329.19563337 1 0 4
329.22105832 1 0 3
329.40842068 1 0 4
329.44946089 1 0 3
329.52574275 1 0 4
329.54722739 1 0 3
329.84622644 1 0 4
329.88318126 1 0 3
330.09814249 1 0 4
330.12903990 1 0 3
330.27038168 1 0 4
330.28387672 1 0 3
330.42468207 1 0 4
330.44565149 1 0 3
330.50873123 1 0 4
330.54685039 1 0 3
330.76819834 1 0 4
330.78729310 1 0 3
331.05175725 1 0 4
331.09208039 1 0 3
331.47530221 1 0 4
331.49970688 1 0 3
331.66718525 1 0 4
332.72291204 1 0 3
333.13200649 1 0 4
333.15000796 1 0 3
333.32310535 1 0 4
333.33971519 1 0 3
333.47050059 1 0 4
333.50642728 1 0 3
333.62292265 1 0 4
333.71415229 1 0 3
333.89976561 1 0 4
333.91622964 1 0 3
334.13079921 1 0 4
334.14564109 1 0 3
334.22669519 1 0 4
334.25515005 1 0 3
334.34307606 1 0 4
334.36510884 1 0 3
334.47461478 1 0 4
334.51622730 1 0 3
334.72173417 1 0 4
334.73180753 1 0 3
334.94539865 1 0 4
335.01072472 1 0 3
335.43272939 1 0 4
335.46428400 1 0 3
335.61050327 1 0 4
335.64839510 1 0 3
335.70116016 1 0 4
335.74465817 1 0 3
335.80768728 1 0 4
335.84623858 1 0 3
335.99907913 1 0 4
336.05619196 1 0 3
336.26923998 1 0 4
336.28996837 1 0 3
336.51425106 1 0 4
336.54008042 1 0 3
336.62778581 1 0 4
336.70675265 1 0 3
336.88985581 1 0 4
336.90858214 1 0 3
337.00961776 1 0 4
337.04009645 1 0 3
337.24545255 1 0 4
337.26297192 1 0 3
337.35996687 1 0 4
337.37604446 1 0 3
337.43397707 1 0 4
337.46292797 1 0 3
337.50416270 1 0 4
337.60347496 1 0 3
337.85340849 1 0 4
337.87915245 1 0 3
337.92788967 1 0 4
337.94018006 1 0 3
338.18793111 1 0 4
338.23921530 1 0 3
338.33805854 1 0 4
338.38774490 1 0 3
338.44089003 1 0 2
338.64857138 1 0 3
338.74402052 1 0 4
338.76830971 1 0 3
338.83264539 1 0 4
338.85305187 1 0 3
338.92138865 1 0 4
338.97925003 1 0 3
339.19459003 1 0 4
339.20416585 1 0 3
339.44678718 1 0 4
339.46198779 1 0 3
339.52084204 1 0 4
339.57872999 1 0 3
339.78869617 1 0 4
339.85020550 1 0 3
339.91270936 1 0 4
339.94542487 1 0 3
340.05249191 1 0 4
340.07864786 1 0 3
340.13898029 1 0 4
340.18814635 1 0 3
340.43644726 1 0 4
340.45039772 1 0 3
340.64567353 1 0 4
340.68072471 1 0 3
340.84239110 1 0 4
340.87060621 1 0 3
341.07513559 1 0 4
341.11653400 1 0 3
341.23230352 1 0 4
341.27667194 1 0 3
341.38032407 1 0 4
341.40939589 1 0 3
341.52009413 1 0 4
341.54423207 1 0 3
341.58635526 1 0 4
341.61425885 1 0 3
341.92127151 1 0 4
342.01925228 1 0 3
342.73688457 1 0 4
342.77642459 1 0 3
342.99960012 1 0 4
343.02844363 1 0 3
343.18526975 1 0 4
343.20328209 1 0 3
343.29116721 1 0 4
343.32024553 1 0 3
343.39669368 1 0 4
343.41104081 1 0 3
343.51208342 1 0 4
343.52821442 1 0 3
343.61929728 1 0 4
343.68746908 1 0 3
343.82265630 1 0 4
343.85779587 1 0 3
343.98243967 1 0 4
344.03784404 1 0 3
344.14568796 1 0 4
344.21639403 1 0 3
344.44994600 1 0 4
344.51286686 1 0 3
344.63889268 1 0 4
344.69616253 1 0 3
344.74453807 1 0 4
344.77494743 1 0 3
344.91326504 1 0 4
344.95118354 1 0 3
345.06534602 1 0 4
345.10904605 1 0 3
345.18994060 1 0 4
345.21989887 1 0 3
345.31066143 1 0 4
345.39503098 1 0 3
345.64598423 1 0 4
345.67672115 1 0 3
345.78074677 1 0 4
345.84265331 1 0 3
346.04954310 1 0 4
346.06674034 1 0 3
346.27761793 1 0 4
346.31352926 1 0 3
346.45526398 1 0 4
346.49202591 1 0 3
346.56822904 1 0 4
346.59329586 1 0 3
347.01157013 1 0 4
347.03291218 1 0 3
347.18700770 1 0 4
347.20682258 1 0 3
347.26886812 1 0 4
347.28553834 1 0 3
347.33844274 1 0 4
347.36759009 1 0 3
347.48608117 1 0 4
347.51748051 1 0 3
347.75673366 1 0 4
347.77695598 1 0 3
347.93538846 1 0 4
348.01058147 1 0 3
348.12733922 1 0 4
348.19868386 1 0 3
348.34147324 1 0 4
348.37686078 1 0 3
348.65118959 1 0 4
348.67622726 1 0 3
348.78437546 1 0 4
348.81843918 1 0 3
348.93548468 1 0 4
349.03335479 1 0 3
349.23832635 1 0 4
349.26870725 1 0 3
349.45931193 1 0 4
349.48275091 1 0 3
349.55362604 1 0 4
349.60092985 1 0 3
349.72308404 1 0 4
349.76545393 1 0 3
349.86609622 1 0 4
349.91315470 1 0 3
350.02689440 1 0 4
350.05031460 1 0 3
350.14881239 1 0 4
350.16116288 1 0 3
350.25548198 1 0 4
350.30398145 1 0 3
350.47440649 1 0 4
350.49284983 1 0 3
350.58102891 1 0 4
350.62004647 1 0 3
350.69102832 1 0 4
350.70765331 1 0 3
350.79281720 1 0 4
350.82162303 1 0 3
350.94751886 1 0 4
351.00654079 1 0 3
351.12240147 1 0 4
351.14239866 1 0 3
351.24612856 1 0 4
351.25723755 1 0 3
351.37311782 1 0 4
351.42658323 1 0 3
351.46342149 1 0 4
351.48087109 1 0 3
351.54650275 1 0 4
351.56227935 1 0 3
351.82792794 1 0 4
351.89028502 1 0 3
352.09380121 1 0 4
352.11631427 1 0 3
352.32865134 1 0 4
352.37457329 1 0 3
352.71185112 1 0 4
352.75420039 1 0 3
352.89223844 1 0 4
352.90792834 1 0 3
353.01000916 1 0 4
353.02615151 1 0 3
353.24445901 1 0 4
353.27525815 1 0 3
353.41355734 1 0 4
353.43784321 1 0 3
353.52726542 1 0 4
353.55761340 1 0 3
353.70541094 1 0 4
353.74364369 1 0 3
354.09803116 1 0 4
354.11097010 1 0 3
354.33391740 1 0 4
354.38020349 1 0 3
354.48446010 1 0 4
354.49865406 1 0 3
354.64776036 1 0 4
354.70688520 1 0 3
354.80483285 1 0 4
354.83852899 1 0 3
355.25294290 1 0 4
355.39513626 1 0 3
355.82247202 1 0 4
355.86289934 1 0 3
356.00335239 1 0 4
356.03101454 1 0 3
356.21658365 1 0 4
356.34447500 1 0 3
356.51339296 1 0 4
356.58263508 1 0 3
357.15646660 1 0 4
357.17048628 1 0 3
357.32968152 1 0 4
357.34884761 1 0 3
357.48193350 1 0 4
357.54517320 1 0 3
357.66044210 1 0 4
357.68312740 1 0 3
358.14600836 1 0 4
358.17436258 1 0 3
358.26860608 1 0 4
358.30459671 1 0 3
358.40887974 1 0 4
358.44206752 1 0 3
358.61045919 1 0 4
358.70805154 1 0 3
358.91720548 1 0 4
358.97190773 1 0 3
359.18213112 1 0 4
359.23304158 1 0 3
359.41510611 1 0 4
359.45693572 1 0 3
359.56620433 1 0 4
359.58147751 1 0 3
359.74264642 1 0 4
359.78368892 1 0 3
359.89882983 1 0 4
359.94964779 1 0 3
360.17776006 1 0 4
360.20190178 1 0 3
360.32695476 1 0 4
360.33576380 1 0 3
360.48229651 1 0 4
360.50655068 1 0 3
360.71248680 1 0 4
360.73194516 1 0 3
360.83002314 1 0 4
360.85492122 1 0 3
360.94418325 1 0 4
360.96427672 1 0 3
361.02830754 1 0 4
361.05855486 1 0 3
361.21037341 1 0 4
361.23778240 1 0 3
361.33073092 1 0 4
361.37375378 1 0 3
361.52657927 1 0 4
361.53786143 1 0 3
361.65825334 1 0 4
361.72153964 1 0 3
362.94291513 1 0 4
362.95949295 1 0 3
363.04413074 1 0 4
363.08437301 1 0 3
363.21925816 1 0 4
363.23766037 1 0 3
363.29411831 1 0 4
363.31273028 1 0 3
363.37535700 1 0 4
363.46582414 1 0 3
363.64431192 1 0 4
363.66210420 1 0 3
363.81626441 1 0 4
363.86100177 1 0 3
363.94959874 1 0 4
363.97291455 1 0 3
364.04342183 1 0 4
364.05686906 1 0 3
364.42046785 1 0 4
364.43881854 1 0 3
364.79845698 1 0 4
364.81653562 1 0 3
364.96469160 1 0 4
365.01620958 1 0 3
365.24440658 1 0 4
365.27180496 1 0 3
365.48062023 1 0 4
365.50102877 1 0 3
365.62028841 1 0 4
365.70857701 1 0 3
365.80690471 1 0 4
365.84443191 1 0 3
366.00464577 1 0 4
366.02040436 1 0 3
366.14373823 1 0 4
366.18216737 1 0 3
366.24326372 1 0 4
366.26123377 1 0 3
366.39785227 1 0 4
366.41821112 1 0 3
366.57428724 1 0 4
366.58890977 1 0 3
366.80447331 1 0 4
366.84413026 1 0 3
367.34777724 1 0 4
367.37972030 1 0 3
367.50242204 1 0 4
367.51594582 1 0 3
367.63287485 1 0 4
367.66468940 1 0 3
367.73692252 1 0 4
367.77473305 1 0 3
367.84849432 1 0 4
367.98311932 1 0 3
368.04775170 1 0 4
368.14735100 1 0 3
368.26921746 1 0 4
368.29701169 1 0 3
368.41267942 1 0 4
368.44518073 1 0 3
368.90981264 1 0 4
368.94166903 1 0 3
369.03706704 1 0 4
369.05155782 1 0 3
369.18574373 1 0 4
369.22718173 1 0 3
369.32222178 1 0 4
369.35659824 1 0 3
369.51026781 1 0 4
369.57202296 1 0 3
369.79615511 1 0 4
369.85619780 1 0 3
370.05773754 1 0 4
370.10288797 1 0 3
370.31972612 1 0 4
370.40068495 1 0 3
370.58765965 1 0 4
370.62298362 1 0 3
370.74376577 1 0 4
370.76010761 1 0 3
370.85011116 1 0 4
370.89125884 1 0 3
371.02702000 1 0 4
371.04556895 1 0 3
371.16978495 1 0 4
371.20938205 1 0 3
371.29080212 1 0 4
371.31101339 1 0 3
371.43799702 1 0 4
371.48197302 1 0 3
371.62251083 1 0 4
371.66014066 1 0 3
371.95613976 1 0 4
372.01769337 1 0 3
372.22915174 1 0 4
372.24941619 1 0 3
372.52392229 1 0 4
372.57117713 1 0 3
372.78247793 1 0 4
372.80902455 1 0 3
373.19486646 1 0 4
373.22467041 1 0 3
373.37934715 1 0 4
373.40480137 1 0 3
373.51047760 1 0 4
373.53525023 1 0 3
373.82181427 1 0 4
373.87361252 1 0 3
374.16800936 1 0 4
374.17829714 1 0 3
374.45414199 1 0 4
374.48715056 1 0 3
374.69886640 1 0 4
374.75243773 1 0 3
374.95342726 1 0 4
374.97871823 1 0 3
375.09919860 1 0 4
375.12845504 1 0 3
375.23447569 1 0 4
375.26727653 1 0 3
375.43334873 1 0 4
375.46706894 1 0 3
375.60165705 1 0 4
375.61570420 1 0 3
375.76545283 1 0 4
375.78336221 1 0 3
375.83965638 1 0 4
375.89845316 1 0 3
376.01461504 1 0 4
376.03992397 1 0 3
376.16907074 1 0 4
376.21871208 1 0 3
378.08610573 1 0 4
378.10474966 1 0 3
378.20629407 1 0 4
378.32593942 1 0 3
378.43653679 1 0 4
378.51442561 1 0 3
378.80104555 1 0 4
378.86212848 1 0 3
379.32546898 1 0 4
379.34162756 1 0 3
379.51319647 1 0 4
379.53082334 1 0 3
379.79106478 1 0 4
379.83356839 1 0 3
379.95589243 1 0 4
379.98657544 1 0 3
380.13263583 1 0 4
380.15398562 1 0 3
380.21740379 1 0 4
380.29824527 1 0 3
380.51363255 1 0 4
380.54305782 1 0 3
380.70555553 1 0 4
380.74649637 1 0 3
381.01118563 1 0 4
381.05655586 1 0 3
381.20374054 1 0 4
381.23400339 1 0 3
381.31194426 1 0 4
381.34832417 1 0 3
381.46497925 1 0 4
381.49007758 1 0 3
381.55937257 1 0 4
381.58684649 1 0 3
381.61078031 1 0 4
381.62347010 1 0 3
381.67779685 1 0 4
381.71794190 1 0 3
381.82412525 1 0 4
381.83665814 1 0 3
382.08563023 1 0 4
382.14564741 1 0 3
382.19009151 1 0 4
382.23936267 1 0 3
382.62681708 1 0 4
382.72829942 1 0 3
383.00333477 1 0 4
383.02711754 1 0 3
383.15362914 1 0 4
383.17866249 1 0 3
383.25371140 1 0 4
383.27737551 1 0 3
383.36148664 1 0 4
383.42635208 1 0 3
383.56429665 1 0 4
383.69831553 1 0 3
383.81162238 1 0 4
383.83599271 1 0 3
383.92519483 1 0 4
383.95097461 1 0 3
384.27712584 1 0 4
384.31924386 1 0 3
384.45037388 1 0 4
384.49359728 1 0 3
384.64695597 1 0 4
384.66969531 1 0 3
384.82132546 1 0 4
384.86545602 1 0 3
384.97329377 1 0 4
385.02968425 1 0 3
385.22171997 1 0 4
385.27548131 1 0 3
385.55217330 1 0 4
385.56561360 1 0 3
385.72669785 1 0 4
385.77832381 1 0 3
386.07367622 1 0 4
386.16127400 1 0 3
386.35999637 1 0 4
386.38369385 1 0 3
386.52732174 1 0 2
386.70292869 1 0 3
386.92689155 1 0 4
386.95906598 1 0 3
387.02589631 1 0 4
387.04870821 1 0 3
387.09746214 1 0 4
387.12134191 1 0 3
387.39319231 1 0 4
387.39964135 1 0 3
387.44931908 1 0 4
387.47814754 1 0 3
387.59696119 1 0 4
387.62127953 1 0 3
387.99092393 1 0 4
388.02729114 1 0 3
388.14559886 1 0 4
388.17595948 1 0 3
388.29342160 1 0 4
388.36800755 1 0 3
388.52366816 1 0 4
388.54010341 1 0 3
388.68426769 1 0 4
388.70133984 1 0 3
388.74925051 1 0 4
388.81648960 1 0 3
389.23401636 1 0 4
389.27507209 1 0 3
389.51162957 1 0 4
389.52875303 1 0 3
389.63470155 1 0 4
389.67767673 1 0 3
389.78475430 1 0 4
389.81128706 1 0 3
389.97396523 1 0 4
390.01504369 1 0 3
390.06554997 1 0 4
390.08774231 1 0 3
390.16618550 1 0 4
390.20192255 1 0 3
390.62135955 1 0 4
390.69259190 1 0 3
390.94976394 1 0 4
390.96758126 1 0 3
391.10205301 1 0 4
391.13041387 1 0 3
391.38933958 1 0 4
391.41311841 1 0 3
391.50260901 1 0 4
391.58330267 1 0 3
391.87878003 1 0 4
391.90336771 1 0 3
392.03121861 1 0 4
392.04403724 1 0 3
392.17674539 1 0 4
392.20282394 1 0 3
392.50589704 1 0 4
392.57549718 1 0 3
392.87383971 1 0 4
392.94989853 1 0 3
393.34698721 1 0 4
393.37689118 1 0 3
393.50366726 1 0 4
393.53383046 1 0 3
393.72809764 1 0 4
393.79447886 1 0 3
393.89618020 1 0 4
393.91377480 1 0 3
393.99723922 1 0 4
394.03658991 1 0 3
394.23568993 1 0 4
394.25033796 1 0 3
394.34041908 1 0 4
394.37472665 1 0 3
394.49544029 1 0 4
394.54995185 1 0 3
394.64938761 1 0 4
394.67403053 1 0 3
394.77474245 1 0 4
394.79368992 1 0 3
394.99035088 1 0 4
395.04189534 1 0 3
395.26796147 1 0 4
395.31728925 1 0 3
395.42082008 1 0 4
395.49913407 1 0 3
395.60948158 1 0 4
395.63459003 1 0 3
395.75135387 1 0 4
395.76853169 1 0 3
395.83171091 1 0 4
395.86366837 1 0 3
395.94371297 1 0 4
396.01788145 1 0 3
396.13773506 1 0 4
396.16705265 1 0 3
396.27386996 1 0 4
396.30610624 1 0 3
396.34929607 1 0 4
396.39981096 1 0 3
396.53073109 1 0 4
396.54866108 1 0 3
396.63017237 1 0 4
396.64121175 1 0 3
397.70636282 1 0 4
397.94865684 1 0 3
398.13805293 1 0 4
398.14883707 1 0 3
398.35885756 1 0 4
398.38754352 1 0 3
398.50892615 1 0 4
398.66952845 1 0 3
398.71834747 1 0 4
398.73869527 1 0 3
398.79396931 1 0 4
398.87101537 1 0 3
399.18896543 1 0 4
399.23865841 1 0 3
399.48270438 1 0 4
399.51361831 1 0 3
399.56787820 1 0 4
399.61255627 1 0 3
399.94725370 1 0 4
399.96951174 1 0 3
400.14602636 1 0 4
400.17921478 1 0 3
400.24563247 1 0 4
400.25647638 1 0 3
400.40764839 1 0 4
400.43084747 1 0 3
400.49812917 1 0 4
400.51208062 1 0 3
400.54745574 1 0 4
400.60268054 1 0 3
400.66432044 1 0 4
400.69875787 1 0 3
400.90629614 1 0 4
400.94886016 1 0 3
401.00559823 1 0 4
401.04205650 1 0 3
401.19011531 1 0 4
401.25008341 1 0 3
401.38575523 1 0 4
401.40815137 1 0 3
401.48002123 1 0 4
401.50509360 1 0 3
401.62651289 1 0 4
401.70820861 1 0 3
401.87419428 1 0 4
401.91459995 1 0 3
402.14609358 1 0 4
402.20437030 1 0 3
402.30363531 1 0 4
402.36768344 1 0 3
402.55558186 1 0 4
402.58623614 1 0 3
402.62737483 1 0 4
402.64589990 1 0 3
402.73197948 1 0 4
402.76663422 1 0 3
403.17894692 1 0 4
403.25062378 1 0 3
403.38198995 1 0 4
403.46581560 1 0 3
403.59298467 1 0 4
403.64466416 1 0 3
403.90824725 1 0 4
403.92393576 1 0 3
404.05357439 1 0 4
404.07761758 1 0 3
404.21848338 1 0 4
404.24288775 1 0 3
404.36588669 1 0 4
404.43164477 1 0 3
404.64320288 1 0 4
404.66035056 1 0 3
404.71450326 1 0 4
404.78730553 1 0 3
404.94232597 1 0 4
404.98523023 1 0 3
405.08985354 1 0 4
405.11561873 1 0 3
405.24515240 1 0 4
405.27464170 1 0 3
405.41729754 1 0 4
405.46346124 1 0 3
405.55313857 1 0 4
405.58269555 1 0 3
405.69400924 1 0 4
405.72314407 1 0 3
405.85741008 1 0 4
405.89800667 1 0 3
406.05324169 1 0 4
406.08452641 1 0 3
406.17240903 1 0 4
406.24449565 1 0 3
406.45648270 1 0 4
406.49118110 1 0 3
406.63139312 1 0 4
406.65668177 1 0 3
407.09370786 1 0 4
407.16062851 1 0 3
407.41140070 1 0 4
407.43718187 1 0 3
407.53430896 1 0 4
407.57202926 1 0 3
407.69787121 1 0 4
407.71387637 1 0 3
407.75270929 1 0 4
407.78576255 1 0 3
407.92114074 1 0 4
407.96075266 1 0 3
408.06809082 1 0 4
408.10139881 1 0 3
408.53036882 1 0 4
408.63006691 1 0 3
408.79743560 1 0 4
408.80910922 1 0 3
408.84645902 1 0 2
408.96308253 1 0 3
409.17399779 1 0 4
409.19030458 1 0 3
409.29022649 1 0 4
409.33057480 1 0 3
409.73022920 1 0 4
409.78490943 1 0 3
409.83329456 1 0 4
409.85307728 1 0 3
410.10931042 1 0 4
410.16146000 1 0 3
410.39704610 1 0 4
410.46314997 1 0 3
410.69053805 1 0 4
410.78218033 1 0 3
410.89037992 1 0 4
410.90775835 1 0 3
410.99111546 1 0 4
411.05684404 1 0 3
411.22553485 1 0 4
411.26674806 1 0 3
411.45223720 1 0 4
411.50649938 1 0 3
411.67944202 1 0 4
411.75816203 1 0 3
411.85765122 1 0 4
411.89232934 1 0 3
411.95007201 1 0 4
411.96930851 1 0 3
412.14866877 1 0 4
412.17065410 1 0 3
412.33432026 1 0 4
412.35984833 1 0 3
412.42354073 1 0 4
412.72693256 1 0 3
413.00307414 1 0 4
413.05322702 1 0 3
413.40759570 1 0 4
413.43272557 1 0 3
413.58213737 1 0 4
413.59860401 1 0 3
414.02182675 1 0 4
414.06871234 1 0 3
414.14863651 1 0 4
414.16112244 1 0 3
414.23494610 1 0 4
414.25692918 1 0 3
414.36561649 1 0 4
414.39479163 1 0 3
414.56347367 1 0 4
414.58256343 1 0 3
414.83858907 1 0 4
414.89533825 1 0 3
415.11032568 1 0 4
415.18506834 1 0 3
415.30728590 1 0 4
415.36086774 1 0 3
415.43081735 1 0 4
415.49952820 1 0 3
415.61685725 1 0 4
415.64091297 1 0 3
415.87448153 1 0 4
415.91219483 1 0 3
416.05573171 1 0 4
416.09067348 1 0 3
416.27672396 1 0 4
416.29990229 1 0 3
416.60951931 1 0 4
416.66332631 1 0 3
416.78689581 1 0 4
416.84844289 1 0 3
417.09682715 1 0 4
417.11150614 1 0 3
417.70674029 1 0 4
417.96416626 1 0 3
418.26320793 1 0 4
418.29082026 1 0 3
418.50201908 1 0 4
418.52180824 1 0 3
418.62238228 1 0 4
418.65338393 1 0 3
418.74175347 1 0 4
418.75500016 1 0 3
418.80497355 1 0 4
418.82672392 1 0 3
419.12914805 1 0 4
419.18838106 1 0 3
419.29001579 1 0 4
419.35154955 1 0 3
419.55086993 1 0 4
419.57350090 1 0 3
419.82840469 1 0 4
419.88485225 1 0 3
420.00118777 1 0 4
420.05290272 1 0 3
420.30634169 1 0 4
420.36041145 1 0 3
420.45263248 1 0 4
420.52939892 1 0 3
420.69125517 1 0 4
420.72195079 1 0 3
420.85963660 1 0 4
420.92411589 1 0 3
421.14012099 1 0 4
421.15929622 1 0 3
421.41921503 1 0 4
421.48423493 1 0 3
421.90911907 1 0 4
421.93819983 1 0 3
422.05539827 1 0 4
422.08307613 1 0 3
422.23165089 1 0 4
422.27057657 1 0 3
422.43240262 1 0 4
422.46487883 1 0 3
422.64504457 1 0 4
422.66320129 1 0 3
422.75892221 1 0 4
422.79640232 1 0 3
422.92276061 1 0 4
422.95347872 1 0 3
423.07244997 1 0 4
423.09605789 1 0 3
423.18525962 1 0 4
423.21397272 1 0 3
423.42346251 1 0 4
423.46385926 1 0 3
423.87295322 1 0 4
423.88885728 1 0 3
424.04685745 1 0 4
424.10195205 1 0 3
424.30026037 1 0 4
424.31559531 1 0 3
424.57225184 1 0 4
424.61990595 1 0 3
424.83459802 1 0 4
424.88694460 1 0 3
424.99032905 1 0 4
425.02852825 1 0 3
425.30351843 1 0 4
425.32251656 1 0 3
425.49953276 1 0 4
425.54482305 1 0 3
425.61257021 1 0 4
425.67733604 1 0 3
425.77180520 1 0 4
425.80167367 1 0 3
425.95341592 1 0 4
425.98090480 1 0 3
426.20153188 1 0 4
426.22106924 1 0 3
426.33638186 1 0 4
426.40399208 1 0 3
427.93064382 1 0 4
428.00123425 1 0 3
428.06026222 1 0 4
428.12364389 1 0 3
428.32373932 1 0 4
428.42886664 1 0 3
428.55355845 1 0 4
428.57797604 1 0 3
428.78743046 1 0 4
428.82479318 1 0 3
428.94984107 1 0 4
428.97718008 1 0 3
429.09365588 1 0 4
429.13948510 1 0 3
429.20519560 1 0 4
429.21773587 1 0 3
429.47523963 1 0 4
429.48669897 1 0 3
429.61501075 1 0 4
429.63026304 1 0 3
429.91660183 1 0 4
429.99557067 1 0 3
430.07615570 1 0 4
430.10240121 1 0 3
430.37014425 1 0 4
430.38281077 1 0 3
430.44037693 1 0 4
430.45553760 1 0 3
430.53039712 1 0 4
430.59132324 1 0 3
430.75576036 1 0 4
430.81779920 1 0 3
430.91925983 1 0 4
430.98663670 1 0 3
431.07250718 1 0 4
431.09276351 1 0 3
431.18094148 1 0 4
431.20426875 1 0 3
431.30750942 1 0 4
431.36473037 1 0 3
431.54810205 1 0 4
431.64688351 1 0 3
431.68551546 1 0 4
431.76870663 1 0 3
432.72222464 1 0 4
432.75385659 1 0 3
432.79973791 1 0 4
432.82538396 1 0 3
432.93909126 1 0 4
433.10332651 1 0 3
433.20859636 1 0 4
433.23209539 1 0 3
433.46048342 1 0 4
433.55894583 1 0 3
433.76217306 1 0 4
433.79254023 1 0 3
433.91123767 1 0 4
433.97756178 1 0 3
434.08755917 1 0 4
434.12609119 1 0 3
434.43848947 1 0 4
434.47911304 1 0 3
434.56858752 1 0 4
434.59243834 1 0 3
434.71637984 1 0 4
434.72981831 1 0 3
434.95166428 1 0 4
435.01288387 1 0 3
435.07191897 1 0 4
435.16285494 1 0 3
435.30400732 1 0 4
435.36100029 1 0 3
435.57319656 1 0 4
435.58524408 1 0 3
435.67234685 1 0 4
435.70999521 1 0 3
436.20482185 1 0 4
436.24192123 1 0 3
436.34131053 1 0 4
436.36727916 1 0 3
436.46301955 1 0 4
436.48202902 1 0 3
436.59043493 1 0 4
436.61750263 1 0 3
437.71684425 1 0 4
437.73480320 1 0 3
437.86142299 1 0 4
437.91471349 1 0 3
437.99335166 1 0 4
438.04980277 1 0 3
438.32126633 1 0 4
438.34206278 1 0 3
438.44773902 1 0 4
438.47291135 1 0 3
438.53432113 1 0 4
438.63226403 1 0 3
438.70211191 1 0 4
438.71731667 1 0 3
438.82737979 1 0 4
438.88173710 1 0 3
438.95759779 1 0 4
438.99212177 1 0 3
439.09867701 1 0 4
439.14230807 1 0 3
439.43031361 1 0 4
439.47977255 1 0 3
439.59704444 1 0 4
439.64310256 1 0 3
439.90915687 1 0 4
439.97186333 1 0 3
440.20843522 1 0 4
440.22413510 1 0 3
440.29154420 1 0 4
440.30661854 1 0 3
440.41643053 1 0 4
440.44176655 1 0 3
440.56783326 1 0 4
440.62947202 1 0 3
440.75301951 1 0 4
440.79655000 1 0 3
440.99073708 1 0 4
441.11862174 1 0 3
441.21357800 1 0 4
441.24140378 1 0 3
441.36192163 1 0 4
441.41270394 1 0 3
441.69420899 1 0 4
441.70270612 1 0 3
441.80164132 1 0 4
441.82832013 1 0 3
442.10105617 1 0 4
442.15498804 1 0 3
442.21932862 1 0 4
442.24988799 1 0 3
442.33594900 1 0 4
442.36781687 1 0 3
442.49088004 1 0 4
442.54346637 1 0 3
442.62668987 1 0 4
442.64237966 1 0 3
442.99290940 1 0 4
443.03582085 1 0 3
443.24130378 1 0 4
443.26850259 1 0 3
443.48121114 1 0 4
443.51632404 1 0 3
443.64301471 1 0 4
443.65723386 1 0 3
443.72580790 1 0 4
443.74134248 1 0 3
443.78979829 1 0 4
443.80667609 1 0 3
443.89353451 1 0 4
443.94483960 1 0 3
444.08686253 1 0 4
444.25243199 1 0 3
444.37564150 1 0 4
444.39608323 1 0 3
444.45487041 1 0 4
444.53227193 1 0 3
444.72361708 1 0 4
444.76536039 1 0 3
444.86208990 1 0 4
444.88545181 1 0 3
445.28348136 1 0 4
445.33049391 1 0 3
445.40796463 1 0 4
445.46628803 1 0 3
445.58590879 1 0 4
445.61286054 1 0 3
445.82963142 1 0 4
445.86120559 1 0 3
445.95634385 1 0 4
446.02393714 1 0 3
446.22479578 1 0 4
446.28196984 1 0 3
446.40220329 1 0 4
446.42056555 1 0 3
446.51158180 1 0 4
446.54865889 1 0 3
446.59460864 1 0 4
446.61881384 1 0 3
446.72789615 1 0 4
447.71631827 1 0 3
448.26711462 1 0 4
448.31069025 1 0 3
448.45528176 1 0 4
448.54110015 1 0 3
448.75634479 1 0 4
448.77244318 1 0 3
449.00898056 1 0 4
449.06814266 1 0 3
449.15599555 1 0 4
449.18169722 1 0 3
449.26055082 1 0 4
449.34180423 1 0 3
449.52311760 1 0 4
449.54248979 1 0 3
449.75741785 1 0 4
449.80115787 1 0 3
449.92245741 1 0 4
449.96134482 1 0 3
450.09050788 1 0 4
450.12609457 1 0 3
450.49363937 1 0 4
450.51934068 1 0 3
450.59775616 1 0 4
450.65739232 1 0 3
450.81847302 1 0 4
450.83872833 1 0 3
450.94652853 1 0 4
450.97751759 1 0 3
451.07271224 1 0 4
451.14413203 1 0 3
451.29064262 1 0 4
451.31184257 1 0 3
451.57521556 1 0 4
451.60342221 1 0 3
451.70701214 1 0 4
451.72913812 1 0 3
451.93610955 1 0 4
451.97670611 1 0 3
452.07682245 1 0 4
452.15639926 1 0 3
452.22593529 1 0 4
452.24279851 1 0 3
452.29188119 1 0 4
452.31365809 1 0 3
452.59782034 1 0 4
452.64988272 1 0 3
452.86848495 1 0 4
452.90305931 1 0 3
452.99093049 1 0 4
453.04114457 1 0 3
453.16050985 1 0 4
453.17755337 1 0 3
453.29000509 1 0 4
453.30098584 1 0 3
453.35608268 1 0 4
453.38039719 1 0 3
453.48717739 1 0 4
453.49972088 1 0 3
453.59059056 1 0 4
453.64419201 1 0 3
453.79443372 1 0 4
453.82039585 1 0 3
454.02874230 1 0 4
454.05009482 1 0 3
454.28303003 1 0 4
454.30049096 1 0 3
454.47788870 1 0 4
454.50131184 1 0 3
454.60827453 1 0 4
454.65564855 1 0 3
454.77395369 1 0 4
454.86124915 1 0 3
454.97415537 1 0 4
455.00382023 1 0 3
455.14382017 1 0 4
455.19932695 1 0 3
455.31528174 1 0 4
455.34786972 1 0 3
455.66502415 1 0 4
455.70550291 1 0 3
455.86292945 1 0 4
455.88810412 1 0 3
455.97169488 1 0 4
456.00419155 1 0 3
456.13091443 1 0 4
456.16922829 1 0 3
456.58560870 1 0 4
456.68191082 1 0 3
456.89198556 1 0 4
456.92810943 1 0 3
457.39044930 1 0 4
457.42642529 1 0 3
457.55066205 1 0 4
457.56929021 1 0 3
457.67901548 1 0 4
457.73476047 1 0 3
457.82714814 1 0 4
457.84423385 1 0 3
457.95801906 1 0 4
457.97688727 1 0 3
458.42820981 1 0 4
458.44908461 1 0 3
458.64021488 1 0 4
458.70807758 1 0 3
458.83294207 1 0 4
458.85547529 1 0 3
459.02602810 1 0 4
459.06447646 1 0 3
459.17935175 1 0 4
459.23717325 1 0 3
459.29400777 1 0 4
459.41816603 1 0 3
459.57564227 1 0 4
459.64043102 1 0 3
459.73937350 1 0 4
459.76775142 1 0 3
459.97204128 1 0 4
460.01298741 1 0 3
460.17918121 1 0 4
460.22569449 1 0 3
460.43522165 1 0 4
460.48175401 1 0 3
460.59502815 1 0 4
460.61451722 1 0 3
460.76179106 1 0 4
460.78665223 1 0 3
461.03088823 1 0 4
461.07225134 1 0 3
461.22516618 1 0 4
461.24528463 1 0 3
461.45456183 1 0 4
461.47869046 1 0 3
461.90324237 1 0 4
461.92411086 1 0 3
462.03271400 1 0 4
462.09116811 1 0 3
462.19235970 1 0 4
462.23140856 1 0 3
462.48353488 1 0 4
462.53128197 1 0 3
462.63151654 1 0 4
462.65729499 1 0 3
462.79880481 1 0 4
462.89858713 1 0 3
463.02147271 1 0 4
463.05769291 1 0 3
463.16899087 1 0 4
463.19288451 1 0 3
463.23831003 1 0 4
463.28632250 1 0 3
463.39846868 1 0 4
463.41804836 1 0 3
463.50159137 1 0 4
463.52405433 1 0 3
463.62435350 1 0 4
463.64711471 1 0 3
463.78122716 1 0 4
463.80460526 1 0 3
463.91831899 1 0 4
463.93218195 1 0 3
464.14969532 1 0 4
464.17642774 1 0 3
464.41319303 1 0 4
464.43742897 1 0 3
464.52151429 1 0 4
464.53992675 1 0 3
464.79383474 1 0 4
464.87788026 1 0 3
464.96905122 1 0 4
465.00027086 1 0 3
465.11516182 1 0 4
465.13283593 1 0 3
465.24226050 1 0 4
465.26300434 1 0 3
465.33452590 1 0 4
465.37153330 1 0 3
465.55181214 1 0 4
465.63513177 1 0 3
465.83122006 1 0 4
465.85577335 1 0 3
466.07027444 1 0 4
466.10696944 1 0 3
466.23394223 1 0 4
466.28447465 1 0 3
467.93418147 1 0 4
467.97399875 1 0 3
468.04970662 1 0 4
468.09878692 1 0 3
468.19210686 1 0 4
468.22381835 1 0 3
468.37747704 1 0 4
468.39045409 1 0 3
468.48964599 1 0 4
468.51282797 1 0 3
468.92641852 1 0 4
468.95714499 1 0 3
469.10558511 1 0 4
469.13620455 1 0 3
469.72282381 1 0 4
469.74332086 1 0 3
470.17129009 1 0 4
470.18139974 1 0 3
470.32360269 1 0 4
470.35466278 1 0 3
470.47686413 1 0 4
470.52889010 1 0 3
470.60396683 1 0 4
470.70203064 1 0 3
470.84832742 1 0 4
470.90520638 1 0 3
471.19275120 1 0 4
471.20458344 1 0 3
471.31849661 1 0 4
471.34012432 1 0 3
471.43267695 1 0 4
471.50456531 1 0 3
471.59333095 1 0 4
471.65608719 1 0 3
471.78063107 1 0 4
471.80894594 1 0 3
472.00316750 1 0 4
472.03262164 1 0 3
472.09802394 1 0 4
472.12308791 1 0 3
472.22273023 1 0 4
472.24534594 1 0 3
472.29535839 1 0 4
472.35241539 1 0 3
472.49231641 1 0 4
472.52033604 1 0 3
472.57101156 1 0 4
472.58600962 1 0 3
472.86636606 1 0 4
472.91893110 1 0 3
473.07879411 1 0 4
473.10094969 1 0 3
473.23749658 1 0 4
473.28748286 1 0 3
473.56866777 1 0 4
473.62455088 1 0 3
473.77853599 1 0 4
473.86140757 1 0 3
474.13971274 1 0 4
474.19321537 1 0 3
474.29160313 1 0 4
474.32875480 1 0 3
474.46264025 1 0 4
474.50621590 1 0 3
474.63069588 1 0 4
474.64617447 1 0 3
474.77203759 1 0 4
474.78747562 1 0 3
474.89478654 1 0 4
474.91730514 1 0 3
475.16796287 1 0 4
475.24020808 1 0 3
475.34989244 1 0 4
475.39102319 1 0 3
475.46350559 1 0 4
475.48330355 1 0 3
475.60068266 1 0 4
475.61649676 1 0 3
475.73466013 1 0 4
475.79361575 1 0 3
476.02024257 1 0 4
476.04025872 1 0 3
476.24494232 1 0 4
476.28155120 1 0 3
476.42419451 1 0 4
476.44701456 1 0 3
477.73281311 1 0 4
477.76593774 1 0 3
477.85832840 1 0 4
477.89957554 1 0 3
478.31640123 1 0 4
478.40957063 1 0 3
478.52525516 1 0 4
478.54198827 1 0 3
478.64222933 1 0 4
478.66578599 1 0 3
478.91225548 1 0 4
478.97788810 1 0 3
479.10448092 1 0 4
479.22312415 1 0 3
479.31090158 1 0 4
479.36535505 1 0 3
479.45630446 1 0 4
479.51156618 1 0 3
479.72152510 1 0 4
479.75718380 1 0 3
479.82650928 1 0 4
479.87727472 1 0 3
479.96641226 1 0 4
479.99793404 1 0 3
480.17651781 1 0 4
480.19185816 1 0 3
480.44808246 1 0 4
480.48154861 1 0 3
480.65303909 1 0 4
480.67754528 1 0 3
480.79080045 1 0 4
480.81593995 1 0 3
481.23641096 1 0 4
481.24730135 1 0 3
481.39637484 1 0 4
481.41181357 1 0 3
481.47675611 1 0 4
481.59203593 1 0 3
482.00442006 1 0 4
482.05221866 1 0 3
482.93314860 1 0 4
482.95953754 1 0 3
483.02849016 1 0 4
483.09054379 1 0 3
483.18636042 1 0 4
483.21185230 1 0 3
483.41806024 1 0 4
483.53808829 1 0 3
483.75789630 1 0 4
483.86190772 1 0 3
483.93572426 1 0 4
483.98084422 1 0 3
484.16919990 1 0 4
484.19872207 1 0 3
484.31910483 1 0 4
484.34369280 1 0 3
484.60493883 1 0 4
484.64594486 1 0 3
484.80362947 1 0 4
484.83578243 1 0 3
485.06016070 1 0 4
485.12057693 1 0 3
485.31313714 1 0 4
485.34410291 1 0 3
485.49516961 1 0 4
485.53833673 1 0 3
485.64497460 1 0 4
485.67792556 1 0 3
485.74505239 1 0 4
485.78120752 1 0 3
485.83184495 1 0 4
485.84530495 1 0 3
486.02736820 1 0 4
486.05127421 1 0 3
486.22968679 1 0 4
486.28945725 1 0 3
486.37976724 1 0 4
486.41737407 1 0 3
486.57924119 1 0 4
486.61969887 1 0 3
487.08194032 1 0 4
487.10830530 1 0 3
487.21809389 1 0 4
487.23938164 1 0 3
487.32943730 1 0 4
487.38247412 1 0 3
487.75370315 1 0 4
487.77802805 1 0 3
487.85599254 1 0 4
487.87436329 1 0 3
487.97923322 1 0 4
488.07441177 1 0 3
488.23931327 1 0 4
488.26449511 1 0 3
488.41462440 1 0 4
488.43049026 1 0 3
488.58560637 1 0 4
488.66106393 1 0 3
488.75135192 1 0 4
488.83341772 1 0 3
488.92298342 1 0 4
488.94985811 1 0 3
489.23558585 1 0 4
489.25777154 1 0 3
489.39135201 1 0 4
489.44454142 1 0 3
489.63693077 1 0 4
489.65707130 1 0 3
489.88447203 1 0 4
489.94383039 1 0 3
490.19653901 1 0 4
490.21752934 1 0 3
490.39195745 1 0 4
490.44157855 1 0 3
490.66135275 1 0 4
490.73686126 1 0 3
490.93933690 1 0 4
490.98345595 1 0 3
491.14126794 1 0 4
491.20561609 1 0 3
491.33833050 1 0 4
491.37218407 1 0 3
491.64232186 1 0 4
491.66289018 1 0 3
491.80779727 1 0 4
491.84228702 1 0 3
491.97964553 1 0 4
492.00396654 1 0 3
492.09853180 1 0 4
492.19826338 1 0 3
492.71844773 1 0 4
492.75540573 1 0 3
492.81969303 1 0 4
492.83320387 1 0 3
493.00571829 1 0 4
493.03503661 1 0 3
493.15840765 1 0 4
493.19431128 1 0 3
493.42874088 1 0 4
493.49980296 1 0 3
493.57741264 1 0 4
493.67476264 1 0 3
493.77308043 1 0 4
493.83241079 1 0 3
493.96175926 1 0 4
494.00180563 1 0 3
494.10986851 1 0 4
494.13242857 1 0 3
494.31919708 1 0 4
494.35234563 1 0 3
494.62816009 1 0 4
494.64238836 1 0 3
494.70453963 1 0 4
494.77314385 1 0 3
494.87830656 1 0 4
494.91512759 1 0 3
495.10076876 1 0 4
495.12210103 1 0 3
495.21227348 1 0 4
495.22320504 1 0 3
495.28520255 1 0 4
495.36144282 1 0 3
495.54426440 1 0 4
495.57455870 1 0 3
495.62717079 1 0 4
495.67048868 1 0 3
495.84884941 1 0 4
495.86876089 1 0 3
496.02948030 1 0 4
496.13090804 1 0 3
496.26045185 1 0 4
496.29954372 1 0 3
497.94401905 1 0 4
497.95302366 1 0 3
498.02096054 1 0 4
498.05681556 1 0 3
498.15427142 1 0 4
498.17581878 1 0 3
498.54011733 1 0 4
498.57274153 1 0 3
498.76044331 1 0 4
498.78801822 1 0 3
498.85841966 1 0 4
498.87891539 1 0 3
499.32899785 1 0 4
499.36115617 1 0 3
499.51498238 1 0 4
499.56465090 1 0 3
499.70708600 1 0 4
499.72272601 1 0 3
499.85449582 1 0 4
499.86575356 1 0 3
499.97840247 1 0 4
500.03602647 1 0 3
500.08174028 1 0 4
500.15157284 1 0 3
500.28811666 1 0 4
500.38231779 1 0 3
500.44528483 1 0 4
500.45720185 1 0 3
500.58048563 1 0 4
500.63134742 1 0 3
500.80092938 1 0 4
500.82244767 1 0 3
501.06039536 1 0 4
501.08033741 1 0 3
501.14213005 1 0 4
501.16373317 1 0 3
501.22797645 1 0 4
501.27411412 1 0 3
501.36551288 1 0 4
501.45727078 1 0 3
501.50969240 1 0 4
501.60587455 1 0 3
501.69527619 1 0 4
501.75592856 1 0 3
501.94741608 1 0 4
502.07822916 1 0 3
502.39513964 1 0 4
502.48917477 1 0 3
502.60181771 1 0 4
502.64186978 1 0 3
502.71145232 1 0 4
502.76489769 1 0 3
502.84337080 1 0 4
502.86470620 1 0 3
503.10339662 1 0 4
503.49786126 1 0 3
503.54394716 1 0 4
504.52581427 1 0 3
504.57698261 1 0 4
504.74462744 1 0 3
505.01645779 1 0 4
505.19770137 1 0 5
505.22628245 1 0 4
505.50647087 1 0 3
505.64368468 1 0 4
505.93415712 1 0 5
505.94616425 1 0 4
508.14949179 1 0 5
508.17151955 1 0 4
508.25265527 1 0 5
508.28360163 1 0 4
508.47332267 1 0 5
508.49957328 1 0 4
508.61505740 1 0 5
508.64820078 1 0 4
508.88698081 1 0 5
508.90597930 1 0 4
508.95880382 1 0 5
508.97673114 1 0 4
509.18308806 1 0 5
509.25293800 1 0 4
509.56778175 1 0 5
509.59018812 1 0 4
509.76077307 1 0 5
509.79034430 1 0 4
510.00022485 1 0 5
510.03142415 1 0 4
510.30246670 1 0 5
510.33764215 1 0 4
510.42733149 1 0 5
510.44469801 1 0 4
510.53314018 1 0 5
510.55178792 1 0 4
510.95119657 1 0 5
510.96437158 1 0 4
511.23223872 1 0 5
511.26890388 1 0 4
511.30699039 1 0 5
511.34124176 1 0 4
511.42890274 1 0 5
511.45371967 1 0 4
511.56064425 1 0 5
511.57520972 1 0 4
511.64900938 1 0 5
511.66223388 1 0 4
511.73792355 1 0 5
511.76492920 1 0 4
511.92417409 1 0 5
511.94663619 1 0 4
512.01670003 1 0 5
512.03605002 1 0 4
512.15984350 1 0 5
512.17183523 1 0 4
512.31672472 1 0 5
512.33683172 1 0 4
512.38796423 1 0 5
512.40382712 1 0 4
512.58835605 1 0 5
512.62082690 1 0 4
512.67827816 1 0 5
512.69589358 1 0 4
512.74186519 1 0 5
512.77612914 1 0 4
512.87236245 1 0 5
512.91784929 1 0 4
512.98034937 1 0 5
512.99700474 1 0 4
513.12676847 1 0 5
513.15268062 1 0 4
513.22003208 1 0 5
513.25193303 1 0 4
513.29193462 1 0 5
513.32049676 1 0 4
513.35188470 1 0 5
513.39112732 1 0 4
513.45101664 1 0 5
513.46759501 1 0 4
513.51960042 1 0 5
513.54590895 1 0 4
513.63357824 1 0 5
513.64163459 1 0 4
513.70539646 1 0 5
513.71457822 1 0 4
513.74769724 1 0 5
513.77050286 1 0 4
513.90390961 1 0 5
513.93383032 1 0 4
514.01419055 1 0 5
514.02674440 1 0 4
514.16798672 1 0 5
514.18212362 1 0 4
514.24087170 1 0 5
514.25225134 1 0 4
514.32800283 1 0 5
514.35304026 1 0 4
514.43317346 1 0 5
514.45653404 1 0 4
514.50135045 1 0 5
514.51227986 1 0 4
514.57843389 1 0 5
514.60347167 1 0 4
514.64585583 1 0 5
514.67697476 1 0 4
514.70676703 1 0 5
514.72083047 1 0 4
514.80023516 1 0 5
514.81170365 1 0 4
514.88245206 1 0 5
514.89403176 1 0 4
514.93194166 1 0 5
514.93552223 1 0 4
515.11683525 1 0 5
515.13692222 1 0 4
515.20371990 1 0 5
515.21629184 1 0 4
515.27154530 1 0 5
515.28816765 1 0 4
515.32429198 1 0 5
515.35612956 1 0 4
515.40772550 1 0 5
515.43818057 1 0 4
517.73618211 1 0 5
517.75790242 1 0 4
517.80074551 1 0 5
517.82787164 1 0 4
517.94721516 1 0 5
517.97785031 1 0 4
518.07954130 1 0 5
518.10101652 1 0 4
518.20236176 1 0 5
518.22920142 1 0 4
518.30858495 1 0 5
518.32610886 1 0 4
518.45364272 1 0 5
518.47282482 1 0 4
518.58153133 1 0 5
518.60073781 1 0 4
518.68683634 1 0 5
518.70980710 1 0 4
518.80640575 1 0 5
518.83492685 1 0 4
518.92173547 1 0 5
518.93979497 1 0 4
519.04774770 1 0 5
519.08255562 1 0 4
519.24347966 1 0 5
519.28022237 1 0 4
519.41775423 1 0 5
519.43415978 1 0 4
519.49882698 1 0 5
519.50960309 1 0 4
519.76608471 1 0 5
519.80609628 1 0 4
519.99792797 1 0 5
520.01264512 1 0 4
520.10503901 1 0 5
520.11542102 1 0 4
520.19938203 1 0 5
520.21961370 1 0 4
520.31937069 1 0 5
520.37496354 1 0 4
520.43904044 1 0 5
520.47240562 1 0 4
520.68729964 1 0 5
520.72772390 1 0 4
520.86972971 1 0 5
520.89375012 1 0 4
521.01338562 1 0 5
521.04617150 1 0 4
521.15806329 1 0 5
521.17796931 1 0 4
521.34206299 1 0 5
521.36397974 1 0 4
521.54261571 1 0 5
521.55752961 1 0 4
521.68261721 1 0 5
521.71685741 1 0 4
521.83276362 1 0 5
521.85135209 1 0 4
521.97692818 1 0 5
522.00285082 1 0 4
522.47636533 1 0 5
522.49257551 1 0 4
522.62223350 1 0 5
522.63756730 1 0 4
522.73097126 1 0 5
522.78784243 1 0 4
522.91390707 1 0 5
522.93405784 1 0 4
523.14248112 1 0 5
523.17112914 1 0 4
523.41041012 1 0 5
523.42246178 1 0 4
523.74859640 1 0 5
523.76173018 1 0 4
523.85459194 1 0 5
523.87331844 1 0 4
524.00606950 1 0 5
524.02576694 1 0 4
524.17972807 1 0 5
524.21498443 1 0 4
524.30868688 1 0 5
524.33463416 1 0 4
524.58404060 1 0 5
524.64361398 1 0 4
524.92020083 1 0 5
524.94466759 1 0 4
525.15020590 1 0 5
525.17595759 1 0 4
525.41203186 1 0 5
525.42823233 1 0 4
525.49095069 1 0 5
525.50052503 1 0 4
525.75289610 1 0 5
525.79105015 1 0 4
525.99056059 1 0 5
526.01738734 1 0 4
526.12205608 1 0 5
526.15095098 1 0 4
526.28665673 1 0 5
526.32098734 1 0 4
526.46840338 1 0 5
526.48644838 1 0 4
526.64877051 1 0 5
526.67094279 1 0 4
526.79192124 1 0 5
526.80487341 1 0 4
526.86300554 1 0 5
526.87487973 1 0 4
527.13824836 1 0 5
527.15801175 1 0 4
527.27427040 1 0 5
527.30391126 1 0 4
527.42415805 1 0 5
527.45412749 1 0 4
527.54892024 1 0 5
527.57531147 1 0 4
527.70224957 1 0 5
527.73629340 1 0 4
527.84982583 1 0 5
527.88242067 1 0 4
528.01097392 1 0 5
528.03730382 1 0 4
528.40119995 1 0 5
528.42836201 1 0 4
528.55148259 1 0 5
528.56528207 1 0 4
528.62036988 1 0 5
528.63000645 1 0 4
528.93876217 1 0 5
528.95546459 1 0 4
529.15314198 1 0 5
529.18326799 1 0 4
529.30809401 1 0 5
529.34093234 1 0 4
529.55557564 1 0 5
529.61479355 1 0 4
529.82349818 1 0 5
529.84309578 1 0 4
529.92698068 1 0 5
529.96282404 1 0 4
530.03964518 1 0 5
530.08240118 1 0 4
530.19236947 1 0 5
530.24076119 1 0 4
530.32363851 1 0 5
530.35942928 1 0 4
530.41743929 1 0 5
530.45268218 1 0 4
530.51005042 1 0 5
530.54086858 1 0 4
530.65088435 1 0 5
530.67190069 1 0 4
530.81285703 1 0 5
530.90808015 1 0 4
531.15585319 1 0 5
531.19370933 1 0 4
531.24764055 1 0 5
531.27932683 1 0 4
531.33776006 1 0 5
531.59854624 1 0 4
531.63893360 1 0 5
531.86363629 1 0 4
531.92764806 1 0 5
532.11305564 1 0 4
532.20799490 1 0 5
532.34751774 1 0 4
532.46324587 1 0 5
532.81538369 1 0 4
532.86975112 1 0 5
533.29101494 1 0 6
533.31016055 1 0 5
534.60121231 1 0 6
534.61832375 1 0 5
535.05324257 1 0 6
535.06593842 1 0 5
535.28343313 1 0 6
535.29972087 1 0 5
535.55670351 1 0 6
535.57027473 1 0 5
535.89765291 1 0 6
535.91628743 1 0 5
536.40042499 1 0 6
536.42800510 1 0 5
536.54678822 1 0 6
536.56905282 1 0 5
536.87657311 1 0 6
536.89295757 1 0 5
537.34519849 1 0 6
537.36181865 1 0 5
537.43800189 1 0 6
537.46233501 1 0 5
537.76214396 1 0 6
537.78641835 1 0 5
537.95045671 1 0 6
537.96857779 1 0 5
538.48521985 1 0 6
538.50288952 1 0 5
538.59324233 1 0 6
538.62176792 1 0 5
538.68423032 1 0 6
538.69641831 1 0 5
538.78291922 1 0 6
538.80431609 1 0 5
538.84470629 1 0 6
538.86859860 1 0 5
538.98585053 1 0 6
539.00902034 1 0 5
539.14398108 1 0 6
539.16071729 1 0 5
539.24805892 1 0 6
539.26037682 1 0 5
539.30703782 1 0 6
539.31894204 1 0 5
539.41225106 1 0 6
539.43633598 1 0 5
539.49131783 1 0 6
539.50437107 1 0 5
539.60508925 1 0 6
539.62441337 1 0 5
539.70766500 1 0 6
539.72911223 1 0 5
539.78423809 1 0 6
539.79379564 1 0 5
539.85616340 1 0 6
539.87544269 1 0 5
539.94019839 1 0 6
539.96407340 1 0 5
540.07248523 1 0 6
540.10326966 1 0 5
540.17165777 1 0 6
540.18961668 1 0 5
540.24217354 1 0 6
540.24777624 1 0 5
540.30534218 1 0 6
540.32163801 1 0 5
540.33564929 1 0 6
540.36314061 1 0 5
540.42938318 1 0 6
540.44451112 1 0 5
540.49511647 1 0 6
540.51006148 1 0 5
540.59907858 1 0 6
540.60903829 1 0 5
540.66361479 1 0 6
540.66839618 1 0 5
540.70536009 1 0 6
540.72296411 1 0 5
540.79481510 1 0 6
540.81937761 1 0 5
540.90033794 1 0 6
540.92478937 1 0 5
540.99490370 1 0 6
541.00839266 1 0 5
541.04605117 1 0 6
541.06353032 1 0 5
541.15111601 1 0 6
541.18013346 1 0 5
541.23301119 1 0 6
541.25347585 1 0 5
541.32110252 1 0 6
541.33988734 1 0 5
541.39511178 1 0 6
541.41745484 1 0 5
541.48299941 1 0 6
541.49764039 1 0 5
541.58768938 1 0 6
541.60565665 1 0 5
541.65077218 1 0 6
541.67153872 1 0 5
541.78740006 1 0 6
541.81076771 1 0 5
541.91260696 1 0 6
541.92841133 1 0 5
542.00136589 1 0 6
542.01217939 1 0 5
542.07001348 1 0 6
542.09299895 1 0 5
542.22069718 1 0 6
542.23783673 1 0 5
542.36966485 1 0 6
542.39102414 1 0 5
542.46840265 1 0 6
542.48665752 1 0 5
542.55804229 1 0 6
542.57770159 1 0 5
542.67358361 1 0 6
542.68768297 1 0 5
542.83817615 1 0 6
542.85188402 1 0 5
542.94228401 1 0 6
542.95583780 1 0 5
543.11220318 1 0 6
543.13147971 1 0 5
543.41264022 1 0 6
543.44411487 1 0 5
543.57929467 1 0 6
543.61378257 1 0 5
543.70356389 1 0 6
543.72548580 1 0 5
543.81639845 1 0 6
543.84394229 1 0 5
543.91825170 1 0 6
543.93743864 1 0 5
544.12635797 1 0 6
544.14956982 1 0 5
544.21293469 1 0 6
544.23567617 1 0 5
544.35275303 1 0 6
544.37721788 1 0 5
544.46516604 1 0 6
544.49970692 1 0 5
544.57843279 1 0 6
544.59628635 1 0 5
544.68542166 1 0 6
544.71577819 1 0 5
544.77971930 1 0 6
544.81376590 1 0 5
544.92500426 1 0 6
544.95743193 1 0 5
545.19680284 1 0 6
545.22670571 1 0 5
545.43954224 1 0 6
545.45160971 1 0 5
545.68407545 1 0 6
545.70389890 1 0 5
545.85890060 1 0 6
545.87977166 1 0 5
545.97534456 1 0 6
546.00337907 1 0 5
546.14817005 1 0 6
546.16870252 1 0 5
546.52280091 1 0 6
546.53668872 1 0 5
546.69365529 1 0 6
546.72207970 1 0 5
546.85421462 1 0 6
546.87893129 1 0 5
546.99452743 1 0 6
547.01547802 1 0 5
547.24063570 1 0 6
547.26807179 1 0 5
547.47964929 1 0 6
547.50839832 1 0 5
547.65067202 1 0 6
547.66498263 1 0 5
547.76062999 1 0 6
547.78207711 1 0 5
548.18927243 1 0 6
548.21722497 1 0 5
548.31755749 1 0 6
548.34516312 1 0 5
548.41351618 1 0 6
548.43586764 1 0 5
548.48607045 1 0 6
548.49592928 1 0 5
548.54236273 1 0 6
548.58535454 1 0 5
548.80001298 1 0 6
548.83430907 1 0 5
549.03762104 1 0 6
549.05516027 1 0 5
549.26741592 1 0 6
549.29589130 1 0 5
549.50577278 1 0 6
549.52490583 1 0 5
549.63993611 1 0 6
549.66301755 1 0 5
549.94351899 1 0 6
549.95823206 1 0 5
550.01382474 1 0 6
550.02200216 1 0 5
550.28398705 1 0 6
550.30828986 1 0 5
550.45455561 1 0 6
550.47592852 1 0 5
550.59196975 1 0 6
550.62022746 1 0 5
550.83977161 1 0 6
550.86787107 1 0 5
551.13999046 1 0 6
551.15390568 1 0 5
551.27310459 1 0 6
551.29289926 1 0 5
551.48229630 1 0 6
551.51490597 1 0 5
551.65555558 1 0 6
551.67038476 1 0 5
551.84431933 1 0 6
551.85460563 1 0 5
551.94304308 1 0 6
551.99923028 1 0 5
552.10370175 1 0 6
552.12434313 1 0 5
552.31149802 1 0 6
552.33109488 1 0 5
552.41012124 1 0 6
552.42850946 1 0 5
552.75854642 1 0 6
552.78537168 1 0 5
552.88031918 1 0 6
552.89688423 1 0 5
552.98723579 1 0 6
552.99644750 1 0 5
553.08985186 1 0 6
553.10186661 1 0 5
553.16746762 1 0 6
553.17730235 1 0 5
553.45853131 1 0 6
553.49972701 1 0 5
553.73912314 1 0 6
553.76923122 1 0 5
553.86322799 1 0 6
553.88821178 1 0 5
554.30834137 1 0 6
554.33897370 1 0 5
554.46195659 1 0 6
554.47361785 1 0 5
554.57413305 1 0 6
554.61155465 1 0 5
554.78363866 1 0 6
554.80989310 1 0 5
554.93338255 1 0 6
554.96136977 1 0 5
555.07136331 1 0 6
555.09941987 1 0 5
555.20495416 1 0 6
555.22804317 1 0 5
555.53056084 1 0 6
555.55962796 1 0 5
555.66832555 1 0 6
555.68879395 1 0 5
555.81113076 1 0 6
555.84279763 1 0 5
555.93956221 1 0 6
555.97025439 1 0 5
556.38438849 1 0 6
556.40521459 1 0 5
556.57495029 1 0 6
556.58549821 1 0 5
556.84571670 1 0 6
556.90448946 1 0 5
557.07817682 1 0 6
557.09598741 1 0 5
557.16217550 1 0 6
557.17958078 1 0 5
557.25554040 1 0 6
557.29096427 1 0 5
557.62638333 1 0 6
557.64028284 1 0 5
557.69219380 1 0 6
557.74077008 1 0 5
557.95327830 1 0 6
557.97697177 1 0 5
558.08395157 1 0 6
558.09461092 1 0 5
558.34805847 1 0 6
558.37580477 1 0 5
558.45203636 1 0 6
558.47348799 1 0 5
558.52347021 1 0 6
558.55001140 1 0 5
558.80276522 1 0 6
558.82785014 1 0 5
559.24271061 1 0 6
559.27377115 1 0 5
559.39432149 1 0 6
559.42237728 1 0 5
559.50467504 1 0 6
559.54024117 1 0 5
559.73938090 1 0 6
559.83205019 1 0 5
559.90059005 1 0 6
559.97481582 1 0 5
560.19593569 1 0 6
560.67055658 1 0 5
560.77661063 1 0 6
560.80360220 1 0 5
560.89804308 1 0 6
562.18176812 1 0 5
562.21776052 1 0 6
562.28980496 1 0 7
562.31317559 1 0 6
562.42258483 1 0 7
562.44725117 1 0 6
562.95830863 1 0 7
562.98353536 1 0 6
563.11835865 1 0 7
563.13270026 1 0 6
563.21587312 1 0 7
563.23155495 1 0 6
563.51069157 1 0 7
563.52569818 1 0 6
563.63320359 1 0 7
563.64711665 1 0 6
563.77405084 1 0 7
563.80560477 1 0 6
563.92980018 1 0 7
563.94539581 1 0 6
564.02930116 1 0 7
564.04400925 1 0 6
564.14822746 1 0 7
564.16038543 1 0 6
564.26179632 1 0 7
564.30390738 1 0 6
564.38567031 1 0 7
564.40098594 1 0 6
564.46374372 1 0 7
564.49604753 1 0 6
564.53671242 1 0 7
564.57698129 1 0 6
564.66179946 1 0 7
564.67400710 1 0 6
564.74509121 1 0 7
564.78207586 1 0 6
564.89921035 1 0 7
564.91832547 1 0 6
564.98409705 1 0 7
565.06568263 1 0 6
565.18590180 1 0 7
565.23080147 1 0 6
565.24504601 1 0 7
565.28082911 1 0 6
565.31364115 1 0 7
565.42739820 1 0 6
565.50087146 1 0 7
565.66902547 1 0 6
565.74337327 1 0 7
565.78147194 1 0 6
565.81309081 1 0 7
566.12576852 1 0 6
566.24623016 1 0 7
566.26787643 1 0 6
566.29788963 1 0 7
566.36202645 1 0 6
566.43459967 1 0 7
566.58283794 1 0 6
566.61314959 1 0 7
